Command line invocation:
    /Applications/Xcode.app/Contents/Developer/usr/bin/xcodebuild test -project VideoCullingApp.xcodeproj -scheme VideoCullingApp -destination platform=macOS "-only-testing:VideoCullingAppUITests/VideoCullingAppUITests" TEST_MODE=true "TEST_INPUT_PATH=/Volumes/X10 Pro/CLIP" "TEST_OUTPUT_PATH=/Volumes/X10 Pro/testoutput"

Build settings from command line:
    TEST_INPUT_PATH = /Volumes/X10 Pro/CLIP
    TEST_MODE = true
    TEST_OUTPUT_PATH = /Volumes/X10 Pro/testoutput

2025-11-17 16:01:04.451 xcodebuild[5988:5349101]  DVTDeviceOperation: Encountered a build number "" that is incompatible with DVTBuildVersion.
2025-11-17 16:01:04.452 xcodebuild[5988:5349020] [MT] DVTDeviceOperation: Encountered a build number "" that is incompatible with DVTBuildVersion.
2025-11-17 16:01:04.812 xcodebuild[5988:5349020] [MT] IDERunDestination: Supported platforms for the buildables in the current scheme is empty.
--- xcodebuild: WARNING: Using the first of multiple matching destinations:
{ platform:macOS, arch:arm64, id:00006031-001229A926E1001C, name:My Mac }
{ platform:macOS, arch:x86_64, id:00006031-001229A926E1001C, name:My Mac }
ComputePackagePrebuildTargetDependencyGraph

Prepare packages

CreateBuildRequest

SendProjectDescription

CreateBuildOperation

ComputeTargetDependencyGraph
note: Building targets in dependency order
note: Target dependency graph (3 targets)
    Target 'VideoCullingAppTests' in project 'VideoCullingApp'
        ➜ Explicit dependency on target 'VideoCullingApp' in project 'VideoCullingApp'
    Target 'VideoCullingAppUITests' in project 'VideoCullingApp'
        ➜ Explicit dependency on target 'VideoCullingApp' in project 'VideoCullingApp'
    Target 'VideoCullingApp' in project 'VideoCullingApp' (no dependencies)

GatherProvisioningInputs

CreateBuildDescription

ExecuteExternalTool /Applications/Xcode.app/Contents/Developer/Toolchains/XcodeDefault.xctoolchain/usr/bin/clang -v -E -dM -isysroot /Applications/Xcode.app/Contents/Developer/Platforms/MacOSX.platform/Developer/SDKs/MacOSX26.1.sdk -x c -c /dev/null

ExecuteExternalTool /Applications/Xcode.app/Contents/Developer/Toolchains/XcodeDefault.xctoolchain/usr/bin/swiftc --version

ExecuteExternalTool /Applications/Xcode.app/Contents/Developer/usr/bin/momc --dry-run --action generate --swift-version 5.0 --sdkroot /Applications/Xcode.app/Contents/Developer/Platforms/MacOSX.platform/Developer/SDKs/MacOSX26.1.sdk --macosx-deployment-target 13.0 --module VideoCullingApp /Users/romanwilson/projects/videocull/VideoCullingApp/VideoCullingApp.xcdatamodeld /Users/romanwilson/Library/Developer/Xcode/DerivedData/VideoCullingApp-gorssjuaelhchegcjoftthvccbjj/Build/Intermediates.noindex/VideoCullingApp.build/Debug/VideoCullingApp.build/DerivedSources/CoreDataGenerated/VideoCullingApp

ExecuteExternalTool /Applications/Xcode.app/Contents/Developer/usr/bin/actool --version --output-format xml1

ExecuteExternalTool /Applications/Xcode.app/Contents/Developer/Toolchains/XcodeDefault.xctoolchain/usr/bin/ld -version_details

Build description signature: c9de82bc2fd252a78a68580f8ec5c8ce
Build description path: /Users/romanwilson/Library/Developer/Xcode/DerivedData/VideoCullingApp-gorssjuaelhchegcjoftthvccbjj/Build/Intermediates.noindex/XCBuildData/c9de82bc2fd252a78a68580f8ec5c8ce.xcbuilddata
ClangStatCache /Applications/Xcode.app/Contents/Developer/Toolchains/XcodeDefault.xctoolchain/usr/bin/clang-stat-cache /Applications/Xcode.app/Contents/Developer/Platforms/MacOSX.platform/Developer/SDKs/MacOSX26.1.sdk /Users/romanwilson/Library/Developer/Xcode/DerivedData/SDKStatCaches.noindex/macosx26.1-25B74-3ae1261907bdadc328169391a47051a6.sdkstatcache
    cd /Users/romanwilson/projects/videocull/VideoCullingApp/VideoCullingApp.xcodeproj
    /Applications/Xcode.app/Contents/Developer/Toolchains/XcodeDefault.xctoolchain/usr/bin/clang-stat-cache /Applications/Xcode.app/Contents/Developer/Platforms/MacOSX.platform/Developer/SDKs/MacOSX26.1.sdk -o /Users/romanwilson/Library/Developer/Xcode/DerivedData/SDKStatCaches.noindex/macosx26.1-25B74-3ae1261907bdadc328169391a47051a6.sdkstatcache

warning: Skipping duplicate build file in Copy Bundle Resources build phase: /Users/romanwilson/projects/videocull/VideoCullingApp/DefaultLuts/SLog3_SGamut3Cine 3/4_SGamut3CineSLog3_To_Cine+709.cube (in target 'VideoCullingApp' from project 'VideoCullingApp')
warning: Skipping duplicate build file in Copy Bundle Resources build phase: /Users/romanwilson/projects/videocull/VideoCullingApp/DefaultLuts/AppleLog/AppleLogToRec709-v1.0.cube (in target 'VideoCullingApp' from project 'VideoCullingApp')
warning: Skipping duplicate build file in Copy Bundle Resources build phase: /Users/romanwilson/projects/videocull/VideoCullingApp/DefaultLuts/S-Gamut_Slog2/Look_profile_for_resolve_S-Gamut_Slog2/From_SLog2SGumut_To_SLog2-709_.cube (in target 'VideoCullingApp' from project 'VideoCullingApp')
warning: Skipping duplicate build file in Copy Bundle Resources build phase: /Users/romanwilson/projects/videocull/VideoCullingApp/DefaultLuts/S-Gamut_Slog2/Look_profile_for_resolve_S-Gamut_Slog2/From_SLog2SGumut_To_Cine+709.cube (in target 'VideoCullingApp' from project 'VideoCullingApp')
warning: Skipping duplicate build file in Copy Bundle Resources build phase: /Users/romanwilson/projects/videocull/VideoCullingApp/DefaultLuts/AppleLog/AppleLogToLin-v1.0.cube (in target 'VideoCullingApp' from project 'VideoCullingApp')
warning: Skipping duplicate build file in Copy Bundle Resources build phase: /Users/romanwilson/projects/videocull/VideoCullingApp/DefaultLuts/S-Gamut_Slog2/Look_profile_for_resolve_S-Gamut_Slog2/From_SLog2SGumut_To_LC-709_.cube (in target 'VideoCullingApp' from project 'VideoCullingApp')
warning: Skipping duplicate build file in Copy Bundle Resources build phase: /Users/romanwilson/projects/videocull/VideoCullingApp/DefaultLuts/SLog3_SGamut3Cine 3/2_SGamut3CineSLog3_To_LC-709TypeA.cube (in target 'VideoCullingApp' from project 'VideoCullingApp')
warning: Skipping duplicate build file in Copy Bundle Resources build phase: /Users/romanwilson/projects/videocull/VideoCullingApp/DefaultLuts/SLog3_SGamut3Cine 3/3_SGamut3CineSLog3_To_SLog2-709.cube (in target 'VideoCullingApp' from project 'VideoCullingApp')
warning: Skipping duplicate build file in Copy Bundle Resources build phase: /Users/romanwilson/projects/videocull/VideoCullingApp/DefaultLuts/SLog3_SGamut3Cine 3/1_SGamut3CineSLog3_To_LC-709.cube (in target 'VideoCullingApp' from project 'VideoCullingApp')
warning: Skipping duplicate build file in Copy Bundle Resources build phase: /Users/romanwilson/projects/videocull/VideoCullingApp/DefaultLuts/S-Gamut_Slog2/Look_profile_for_resolve_S-Gamut_Slog2/From_SLog2SGumut_To_LC-709TypeA_.cube (in target 'VideoCullingApp' from project 'VideoCullingApp')
CopySwiftLibs /Users/romanwilson/Library/Developer/Xcode/DerivedData/VideoCullingApp-gorssjuaelhchegcjoftthvccbjj/Build/Products/Debug/VideoCullingApp.app (in target 'VideoCullingApp' from project 'VideoCullingApp')
    cd /Users/romanwilson/projects/videocull/VideoCullingApp
    builtin-swiftStdLibTool --copy --verbose --sign - --scan-executable /Users/romanwilson/Library/Developer/Xcode/DerivedData/VideoCullingApp-gorssjuaelhchegcjoftthvccbjj/Build/Products/Debug/VideoCullingApp.app/Contents/MacOS/VideoCullingApp.debug.dylib --scan-folder /Users/romanwilson/Library/Developer/Xcode/DerivedData/VideoCullingApp-gorssjuaelhchegcjoftthvccbjj/Build/Products/Debug/VideoCullingApp.app/Contents/Frameworks --scan-folder /Users/romanwilson/Library/Developer/Xcode/DerivedData/VideoCullingApp-gorssjuaelhchegcjoftthvccbjj/Build/Products/Debug/VideoCullingApp.app/Contents/PlugIns --scan-folder /Users/romanwilson/Library/Developer/Xcode/DerivedData/VideoCullingApp-gorssjuaelhchegcjoftthvccbjj/Build/Products/Debug/VideoCullingApp.app/Contents/Library/SystemExtensions --scan-folder /Users/romanwilson/Library/Developer/Xcode/DerivedData/VideoCullingApp-gorssjuaelhchegcjoftthvccbjj/Build/Products/Debug/VideoCullingApp.app/Contents/Extensions --platform macosx --toolchain /Applications/Xcode.app/Contents/Developer/Toolchains/XcodeDefault.xctoolchain --destination /Users/romanwilson/Library/Developer/Xcode/DerivedData/VideoCullingApp-gorssjuaelhchegcjoftthvccbjj/Build/Products/Debug/VideoCullingApp.app/Contents/Frameworks --strip-bitcode --strip-bitcode-tool /Applications/Xcode.app/Contents/Developer/Toolchains/XcodeDefault.xctoolchain/usr/bin/bitcode_strip --emit-dependency-info /Users/romanwilson/Library/Developer/Xcode/DerivedData/VideoCullingApp-gorssjuaelhchegcjoftthvccbjj/Build/Intermediates.noindex/VideoCullingApp.build/Debug/VideoCullingApp.build/SwiftStdLibToolInputDependencies.dep --filter-for-swift-os --back-deploy-swift-span

ProcessInfoPlistFile /Users/romanwilson/Library/Developer/Xcode/DerivedData/VideoCullingApp-gorssjuaelhchegcjoftthvccbjj/Build/Products/Debug/VideoCullingApp.app/Contents/Info.plist /Users/romanwilson/projects/videocull/VideoCullingApp/Info.plist (in target 'VideoCullingApp' from project 'VideoCullingApp')
    cd /Users/romanwilson/projects/videocull/VideoCullingApp
    builtin-infoPlistUtility /Users/romanwilson/projects/videocull/VideoCullingApp/Info.plist -producttype com.apple.product-type.application -genpkginfo /Users/romanwilson/Library/Developer/Xcode/DerivedData/VideoCullingApp-gorssjuaelhchegcjoftthvccbjj/Build/Products/Debug/VideoCullingApp.app/Contents/PkgInfo -expandbuildsettings -platform macosx -additionalcontentfile /Users/romanwilson/Library/Developer/Xcode/DerivedData/VideoCullingApp-gorssjuaelhchegcjoftthvccbjj/Build/Intermediates.noindex/VideoCullingApp.build/Debug/VideoCullingApp.build/assetcatalog_generated_info.plist -o /Users/romanwilson/Library/Developer/Xcode/DerivedData/VideoCullingApp-gorssjuaelhchegcjoftthvccbjj/Build/Products/Debug/VideoCullingApp.app/Contents/Info.plist

ProcessInfoPlistFile /Users/romanwilson/Library/Developer/Xcode/DerivedData/VideoCullingApp-gorssjuaelhchegcjoftthvccbjj/Build/Products/Debug/VideoCullingApp.app/Contents/PlugIns/VideoCullingAppTests.xctest/Contents/Info.plist /Users/romanwilson/Library/Developer/Xcode/DerivedData/VideoCullingApp-gorssjuaelhchegcjoftthvccbjj/Build/Intermediates.noindex/VideoCullingApp.build/Debug/VideoCullingAppTests.build/empty-VideoCullingAppTests.plist (in target 'VideoCullingAppTests' from project 'VideoCullingApp')
    cd /Users/romanwilson/projects/videocull/VideoCullingApp
    builtin-infoPlistUtility /Users/romanwilson/Library/Developer/Xcode/DerivedData/VideoCullingApp-gorssjuaelhchegcjoftthvccbjj/Build/Intermediates.noindex/VideoCullingApp.build/Debug/VideoCullingAppTests.build/empty-VideoCullingAppTests.plist -producttype com.apple.product-type.bundle.unit-test -expandbuildsettings -platform macosx -o /Users/romanwilson/Library/Developer/Xcode/DerivedData/VideoCullingApp-gorssjuaelhchegcjoftthvccbjj/Build/Products/Debug/VideoCullingApp.app/Contents/PlugIns/VideoCullingAppTests.xctest/Contents/Info.plist

CopySwiftLibs /Users/romanwilson/Library/Developer/Xcode/DerivedData/VideoCullingApp-gorssjuaelhchegcjoftthvccbjj/Build/Products/Debug/VideoCullingApp.app/Contents/PlugIns/VideoCullingAppTests.xctest (in target 'VideoCullingAppTests' from project 'VideoCullingApp')
    cd /Users/romanwilson/projects/videocull/VideoCullingApp
    builtin-swiftStdLibTool --copy --verbose --sign 5D50E1DA8DB15D100ECD7DD6AD1CAF0F03C3D96B --scan-executable /Users/romanwilson/Library/Developer/Xcode/DerivedData/VideoCullingApp-gorssjuaelhchegcjoftthvccbjj/Build/Products/Debug/VideoCullingApp.app/Contents/PlugIns/VideoCullingAppTests.xctest/Contents/MacOS/VideoCullingAppTests --scan-folder /Users/romanwilson/Library/Developer/Xcode/DerivedData/VideoCullingApp-gorssjuaelhchegcjoftthvccbjj/Build/Products/Debug/VideoCullingApp.app/Contents/PlugIns/VideoCullingAppTests.xctest/Contents/Frameworks --scan-folder /Users/romanwilson/Library/Developer/Xcode/DerivedData/VideoCullingApp-gorssjuaelhchegcjoftthvccbjj/Build/Products/Debug/VideoCullingApp.app/Contents/PlugIns/VideoCullingAppTests.xctest/Contents/PlugIns --scan-folder /Users/romanwilson/Library/Developer/Xcode/DerivedData/VideoCullingApp-gorssjuaelhchegcjoftthvccbjj/Build/Products/Debug/VideoCullingApp.app/Contents/PlugIns/VideoCullingAppTests.xctest/Contents/Library/SystemExtensions --scan-folder /Users/romanwilson/Library/Developer/Xcode/DerivedData/VideoCullingApp-gorssjuaelhchegcjoftthvccbjj/Build/Products/Debug/VideoCullingApp.app/Contents/PlugIns/VideoCullingAppTests.xctest/Contents/Extensions --platform macosx --toolchain /Applications/Xcode.app/Contents/Developer/Toolchains/XcodeDefault.xctoolchain --destination /Users/romanwilson/Library/Developer/Xcode/DerivedData/VideoCullingApp-gorssjuaelhchegcjoftthvccbjj/Build/Products/Debug/VideoCullingApp.app/Contents/PlugIns/VideoCullingAppTests.xctest/Contents/Frameworks --strip-bitcode --scan-executable /Applications/Xcode.app/Contents/Developer/Platforms/MacOSX.platform/Developer/usr/lib/libXCTestSwiftSupport.dylib --strip-bitcode-tool /Applications/Xcode.app/Contents/Developer/Toolchains/XcodeDefault.xctoolchain/usr/bin/bitcode_strip --emit-dependency-info /Users/romanwilson/Library/Developer/Xcode/DerivedData/VideoCullingApp-gorssjuaelhchegcjoftthvccbjj/Build/Intermediates.noindex/VideoCullingApp.build/Debug/VideoCullingAppTests.build/SwiftStdLibToolInputDependencies.dep --filter-for-swift-os --back-deploy-swift-span

ProcessInfoPlistFile /Users/romanwilson/Library/Developer/Xcode/DerivedData/VideoCullingApp-gorssjuaelhchegcjoftthvccbjj/Build/Products/Debug/VideoCullingAppUITests-Runner.app/Contents/PlugIns/VideoCullingAppUITests.xctest/Contents/Info.plist /Users/romanwilson/Library/Developer/Xcode/DerivedData/VideoCullingApp-gorssjuaelhchegcjoftthvccbjj/Build/Intermediates.noindex/VideoCullingApp.build/Debug/VideoCullingAppUITests.build/empty-VideoCullingAppUITests.plist (in target 'VideoCullingAppUITests' from project 'VideoCullingApp')
    cd /Users/romanwilson/projects/videocull/VideoCullingApp
    builtin-infoPlistUtility /Users/romanwilson/Library/Developer/Xcode/DerivedData/VideoCullingApp-gorssjuaelhchegcjoftthvccbjj/Build/Intermediates.noindex/VideoCullingApp.build/Debug/VideoCullingAppUITests.build/empty-VideoCullingAppUITests.plist -producttype com.apple.product-type.bundle.ui-testing -expandbuildsettings -platform macosx -additionalcontentfile /Users/romanwilson/Library/Developer/Xcode/DerivedData/VideoCullingApp-gorssjuaelhchegcjoftthvccbjj/Build/Intermediates.noindex/VideoCullingApp.build/Debug/VideoCullingAppUITests.build/ProductTypeInfoPlistAdditions.plist -o /Users/romanwilson/Library/Developer/Xcode/DerivedData/VideoCullingApp-gorssjuaelhchegcjoftthvccbjj/Build/Products/Debug/VideoCullingAppUITests-Runner.app/Contents/PlugIns/VideoCullingAppUITests.xctest/Contents/Info.plist

CopySwiftLibs /Users/romanwilson/Library/Developer/Xcode/DerivedData/VideoCullingApp-gorssjuaelhchegcjoftthvccbjj/Build/Products/Debug/VideoCullingAppUITests-Runner.app/Contents/PlugIns/VideoCullingAppUITests.xctest (in target 'VideoCullingAppUITests' from project 'VideoCullingApp')
    cd /Users/romanwilson/projects/videocull/VideoCullingApp
    builtin-swiftStdLibTool --copy --verbose --sign 5D50E1DA8DB15D100ECD7DD6AD1CAF0F03C3D96B --scan-executable /Users/romanwilson/Library/Developer/Xcode/DerivedData/VideoCullingApp-gorssjuaelhchegcjoftthvccbjj/Build/Products/Debug/VideoCullingAppUITests-Runner.app/Contents/PlugIns/VideoCullingAppUITests.xctest/Contents/MacOS/VideoCullingAppUITests --scan-folder /Users/romanwilson/Library/Developer/Xcode/DerivedData/VideoCullingApp-gorssjuaelhchegcjoftthvccbjj/Build/Products/Debug/VideoCullingAppUITests-Runner.app/Contents/PlugIns/VideoCullingAppUITests.xctest/Contents/Frameworks --scan-folder /Users/romanwilson/Library/Developer/Xcode/DerivedData/VideoCullingApp-gorssjuaelhchegcjoftthvccbjj/Build/Products/Debug/VideoCullingAppUITests-Runner.app/Contents/PlugIns/VideoCullingAppUITests.xctest/Contents/PlugIns --scan-folder /Users/romanwilson/Library/Developer/Xcode/DerivedData/VideoCullingApp-gorssjuaelhchegcjoftthvccbjj/Build/Products/Debug/VideoCullingAppUITests-Runner.app/Contents/PlugIns/VideoCullingAppUITests.xctest/Contents/Library/SystemExtensions --scan-folder /Users/romanwilson/Library/Developer/Xcode/DerivedData/VideoCullingApp-gorssjuaelhchegcjoftthvccbjj/Build/Products/Debug/VideoCullingAppUITests-Runner.app/Contents/PlugIns/VideoCullingAppUITests.xctest/Contents/Extensions --platform macosx --toolchain /Applications/Xcode.app/Contents/Developer/Toolchains/XcodeDefault.xctoolchain --destination /Users/romanwilson/Library/Developer/Xcode/DerivedData/VideoCullingApp-gorssjuaelhchegcjoftthvccbjj/Build/Products/Debug/VideoCullingAppUITests-Runner.app/Contents/PlugIns/VideoCullingAppUITests.xctest/Contents/Frameworks --strip-bitcode --scan-executable /Applications/Xcode.app/Contents/Developer/Platforms/MacOSX.platform/Developer/usr/lib/libXCTestSwiftSupport.dylib --strip-bitcode-tool /Applications/Xcode.app/Contents/Developer/Toolchains/XcodeDefault.xctoolchain/usr/bin/bitcode_strip --emit-dependency-info /Users/romanwilson/Library/Developer/Xcode/DerivedData/VideoCullingApp-gorssjuaelhchegcjoftthvccbjj/Build/Intermediates.noindex/VideoCullingApp.build/Debug/VideoCullingAppUITests.build/SwiftStdLibToolInputDependencies.dep --filter-for-swift-os --back-deploy-swift-span

2025-11-17 16:01:09.571910-0500 VideoCullingAppUITests-Runner[6005:5349555] [Default] Running tests...
Test Suite 'Selected tests' started at 2025-11-17 16:01:11.589.
Test Suite 'VideoCullingAppUITests.xctest' started at 2025-11-17 16:01:11.591.
Test Suite 'VideoCullingAppUITests' started at 2025-11-17 16:01:11.591.
Test Case '-[VideoCullingAppUITests.VideoCullingAppUITests testGalleryModeToggle]' started.
    t =     0.01s Start Test at 2025-11-17 16:01:11.603
    t =     0.27s Set Up
    t =     0.27s     Open com.yourcompany.VideoCullingApp
    t =     0.27s         Activate com.yourcompany.VideoCullingApp
    t =     0.30s             Wait for com.yourcompany.VideoCullingApp to idle
    t =    60.35s     Unable to monitor event loop
    t =    68.37s Checking existence of `"galleryModeButton" Button`
    t =    68.37s     Requesting snapshot of accessibility hierarchy for app with pid 93279
    t =   129.45s Checking existence of `"galleryModeButton" Button` (retry 1)
    t =   129.46s     Requesting snapshot of accessibility hierarchy for app with pid 93279
    t =   190.48s Checking existence of `"galleryModeButton" Button` (retry 2)
    t =   190.49s     Requesting snapshot of accessibility hierarchy for app with pid 93279
/Users/romanwilson/projects/videocull/VideoCullingApp/VideoCullingAppUITests.swift:57: error: -[VideoCullingAppUITests.VideoCullingAppUITests testGalleryModeToggle] : Failed to get matching snapshots: Timed out snapshotting 'Unknown process name', app is either unresponsive or taking too long to snapshot.
    t =   286.50s Tear Down
    t =   286.50s     Terminate com.yourcompany.VideoCullingApp:93279
Test Case '-[VideoCullingAppUITests.VideoCullingAppUITests testGalleryModeToggle]' failed (346.558 seconds).
Test Case '-[VideoCullingAppUITests.VideoCullingAppUITests testLaunchPerformance]' started.
    t =     0.00s Start Test at 2025-11-17 16:06:58.161
    t =     0.21s Set Up
    t =     0.21s         Open com.yourcompany.VideoCullingApp
    t =     0.21s             Launch com.yourcompany.VideoCullingApp
    t =     0.68s                 Wait for accessibility to load
    t =     0.94s                 Setting up automation session
    t =     0.94s                 Wait for com.yourcompany.VideoCullingApp to idle
    t =     6.02s     Open com.yourcompany.VideoCullingApp
    t =     6.02s         Launch com.yourcompany.VideoCullingApp
    t =     6.02s             Terminate com.yourcompany.VideoCullingApp:6113
    t =     7.45s             Wait for accessibility to load
    t =     7.67s             Setting up automation session
    t =     7.69s             Wait for com.yourcompany.VideoCullingApp to idle
    t =     9.22s     Open com.yourcompany.VideoCullingApp
    t =     9.22s         Launch com.yourcompany.VideoCullingApp
    t =     9.22s             Terminate com.yourcompany.VideoCullingApp:6123
    t =    10.61s             Wait for accessibility to load
    t =    10.83s             Setting up automation session
    t =    10.83s             Wait for com.yourcompany.VideoCullingApp to idle
    t =    12.31s     Open com.yourcompany.VideoCullingApp
    t =    12.31s         Launch com.yourcompany.VideoCullingApp
    t =    12.31s             Terminate com.yourcompany.VideoCullingApp:6130
    t =    13.73s             Wait for accessibility to load
    t =    14.04s             Setting up automation session
    t =    14.05s             Wait for com.yourcompany.VideoCullingApp to idle
    t =    15.57s     Open com.yourcompany.VideoCullingApp
    t =    15.58s         Launch com.yourcompany.VideoCullingApp
    t =    15.58s             Terminate com.yourcompany.VideoCullingApp:6134
    t =    16.99s             Wait for accessibility to load
    t =    17.21s             Setting up automation session
    t =    17.22s             Wait for com.yourcompany.VideoCullingApp to idle
    t =    18.71s     Open com.yourcompany.VideoCullingApp
    t =    18.71s         Launch com.yourcompany.VideoCullingApp
    t =    18.71s             Terminate com.yourcompany.VideoCullingApp:6138
    t =    20.12s             Wait for accessibility to load
    t =    20.40s             Setting up automation session
    t =    20.40s             Wait for com.yourcompany.VideoCullingApp to idle
    t =    21.82s     Open com.yourcompany.VideoCullingApp
    t =    21.82s         Launch com.yourcompany.VideoCullingApp
    t =    21.82s             Terminate com.yourcompany.VideoCullingApp:6147
    t =    23.18s             Wait for accessibility to load
    t =    23.40s             Setting up automation session
    t =    23.41s             Wait for com.yourcompany.VideoCullingApp to idle
/Users/romanwilson/projects/videocull/VideoCullingApp/VideoCullingAppUITests.swift:80: Test Case '-[VideoCullingAppUITests.VideoCullingAppUITests testLaunchPerformance]' measured [Duration (ApplicationLaunch), s] average: 0.455, relative standard deviation: 5.250%, values: [0.448169, 0.477502, 0.465476, 0.471487, 0.411227], performanceMetricID:com.apple.dt.XCTMetric_ApplicationLaunch-ApplicationLaunch.duration, baselineName: "", baselineAverage: , polarity: prefers smaller, maxPercentRegression: 10.000%, maxPercentRelativeStandardDeviation: 10.000%, maxRegression: 0.000, maxStandardDeviation: 0.000
    t =    24.64s Tear Down
    t =    24.64s         Terminate com.yourcompany.VideoCullingApp:6150
Test Case '-[VideoCullingAppUITests.VideoCullingAppUITests testLaunchPerformance]' passed (25.837 seconds).
Test Suite 'VideoCullingAppUITests' failed at 2025-11-17 16:07:23.998.
	 Executed 2 tests, with 1 failure (0 unexpected) in 372.395 (372.406) seconds
Test Suite 'VideoCullingAppUITests.xctest' failed at 2025-11-17 16:07:23.998.
	 Executed 2 tests, with 1 failure (0 unexpected) in 372.395 (372.408) seconds
Test Suite 'Selected tests' failed at 2025-11-17 16:07:23.999.
	 Executed 2 tests, with 1 failure (0 unexpected) in 372.395 (372.411) seconds
2025-11-17 16:07:34.695 xcodebuild[5988:5349020] [MT] IDETestOperationsObserverDebug: 385.953 elapsed -- Testing started completed.
2025-11-17 16:07:34.695 xcodebuild[5988:5349020] [MT] IDETestOperationsObserverDebug: 0.000 sec, +0.000 sec -- start
2025-11-17 16:07:34.695 xcodebuild[5988:5349020] [MT] IDETestOperationsObserverDebug: 385.953 sec, +385.953 sec -- end

Test session results, code coverage, and logs:
	/Users/romanwilson/Library/Developer/Xcode/DerivedData/VideoCullingApp-gorssjuaelhchegcjoftthvccbjj/Logs/Test/Test-VideoCullingApp-2025.11.17_16-01-04--0500.xcresult

** TEST FAILED **

Testing started
Test suite 'Selected tests' started on 'My Mac - VideoCullingAppUITests-Runner (6005)'
Test suite 'VideoCullingAppUITests.xctest' started on 'My Mac - VideoCullingAppUITests-Runner (6005)'
Test suite 'VideoCullingAppUITests' started on 'My Mac - VideoCullingAppUITests-Runner (6005)'
Test case 'VideoCullingAppUITests.testGalleryModeToggle()' failed on 'My Mac - VideoCullingAppUITests-Runner (6005)' (346.558 seconds)
Test case 'VideoCullingAppUITests.testLaunchPerformance()' passed on 'My Mac - VideoCullingAppUITests-Runner (6005)' (25.837 seconds)
