Command line invocation:
    /Applications/Xcode.app/Contents/Developer/usr/bin/xcodebuild test -project VideoCullingApp.xcodeproj -scheme VideoCullingApp -destination platform=macOS "-only-testing:VideoCullingAppUITests/UILayoutTests" TEST_MODE=true "TEST_INPUT_PATH=/Volumes/X10 Pro/CLIP" "TEST_OUTPUT_PATH=/Volumes/X10 Pro/testoutput"

Build settings from command line:
    TEST_INPUT_PATH = /Volumes/X10 Pro/CLIP
    TEST_MODE = true
    TEST_OUTPUT_PATH = /Volumes/X10 Pro/testoutput

2025-11-17 15:36:19.073 xcodebuild[96976:5225435]  DVTDeviceOperation: Encountered a build number "" that is incompatible with DVTBuildVersion.
2025-11-17 15:36:19.075 xcodebuild[96976:5225316] [MT] DVTDeviceOperation: Encountered a build number "" that is incompatible with DVTBuildVersion.
2025-11-17 15:36:19.219 xcodebuild[96976:5225316] [MT] IDERunDestination: Supported platforms for the buildables in the current scheme is empty.
--- xcodebuild: WARNING: Using the first of multiple matching destinations:
{ platform:macOS, arch:arm64, id:00006031-001229A926E1001C, name:My Mac }
{ platform:macOS, arch:x86_64, id:00006031-001229A926E1001C, name:My Mac }
ComputePackagePrebuildTargetDependencyGraph

Prepare packages

CreateBuildRequest

SendProjectDescription

CreateBuildOperation

ComputeTargetDependencyGraph
note: Building targets in dependency order
note: Target dependency graph (3 targets)
    Target 'VideoCullingAppUITests' in project 'VideoCullingApp'
        ➜ Explicit dependency on target 'VideoCullingApp' in project 'VideoCullingApp'
    Target 'VideoCullingAppTests' in project 'VideoCullingApp'
        ➜ Explicit dependency on target 'VideoCullingApp' in project 'VideoCullingApp'
    Target 'VideoCullingApp' in project 'VideoCullingApp' (no dependencies)

GatherProvisioningInputs

CreateBuildDescription

ExecuteExternalTool /Applications/Xcode.app/Contents/Developer/Toolchains/XcodeDefault.xctoolchain/usr/bin/clang -v -E -dM -isysroot /Applications/Xcode.app/Contents/Developer/Platforms/MacOSX.platform/Developer/SDKs/MacOSX26.1.sdk -x c -c /dev/null

ExecuteExternalTool /Applications/Xcode.app/Contents/Developer/Toolchains/XcodeDefault.xctoolchain/usr/bin/swiftc --version

ExecuteExternalTool /Applications/Xcode.app/Contents/Developer/usr/bin/momc --dry-run --action generate --swift-version 5.0 --sdkroot /Applications/Xcode.app/Contents/Developer/Platforms/MacOSX.platform/Developer/SDKs/MacOSX26.1.sdk --macosx-deployment-target 13.0 --module VideoCullingApp /Users/romanwilson/projects/videocull/VideoCullingApp/VideoCullingApp.xcdatamodeld /Users/romanwilson/Library/Developer/Xcode/DerivedData/VideoCullingApp-gorssjuaelhchegcjoftthvccbjj/Build/Intermediates.noindex/VideoCullingApp.build/Debug/VideoCullingApp.build/DerivedSources/CoreDataGenerated/VideoCullingApp

ExecuteExternalTool /Applications/Xcode.app/Contents/Developer/usr/bin/actool --version --output-format xml1

ExecuteExternalTool /Applications/Xcode.app/Contents/Developer/Toolchains/XcodeDefault.xctoolchain/usr/bin/ld -version_details

Build description signature: d0e1186fc5ad061fd296f1582fc26295
Build description path: /Users/romanwilson/Library/Developer/Xcode/DerivedData/VideoCullingApp-gorssjuaelhchegcjoftthvccbjj/Build/Intermediates.noindex/XCBuildData/d0e1186fc5ad061fd296f1582fc26295.xcbuilddata
ClangStatCache /Applications/Xcode.app/Contents/Developer/Toolchains/XcodeDefault.xctoolchain/usr/bin/clang-stat-cache /Applications/Xcode.app/Contents/Developer/Platforms/MacOSX.platform/Developer/SDKs/MacOSX26.1.sdk /Users/romanwilson/Library/Developer/Xcode/DerivedData/SDKStatCaches.noindex/macosx26.1-25B74-3ae1261907bdadc328169391a47051a6.sdkstatcache
    cd /Users/romanwilson/projects/videocull/VideoCullingApp/VideoCullingApp.xcodeproj
    /Applications/Xcode.app/Contents/Developer/Toolchains/XcodeDefault.xctoolchain/usr/bin/clang-stat-cache /Applications/Xcode.app/Contents/Developer/Platforms/MacOSX.platform/Developer/SDKs/MacOSX26.1.sdk -o /Users/romanwilson/Library/Developer/Xcode/DerivedData/SDKStatCaches.noindex/macosx26.1-25B74-3ae1261907bdadc328169391a47051a6.sdkstatcache

MkDir /Users/romanwilson/Library/Developer/Xcode/DerivedData/VideoCullingApp-gorssjuaelhchegcjoftthvccbjj/Build/Products/Debug/VideoCullingApp.app/Contents/PlugIns (in target 'VideoCullingApp' from project 'VideoCullingApp')
    cd /Users/romanwilson/projects/videocull/VideoCullingApp
    /bin/mkdir -p /Users/romanwilson/Library/Developer/Xcode/DerivedData/VideoCullingApp-gorssjuaelhchegcjoftthvccbjj/Build/Products/Debug/VideoCullingApp.app/Contents/PlugIns

MkDir /Users/romanwilson/Library/Developer/Xcode/DerivedData/VideoCullingApp-gorssjuaelhchegcjoftthvccbjj/Build/Products/Debug/VideoCullingApp.app/Contents/Frameworks (in target 'VideoCullingApp' from project 'VideoCullingApp')
    cd /Users/romanwilson/projects/videocull/VideoCullingApp
    /bin/mkdir -p /Users/romanwilson/Library/Developer/Xcode/DerivedData/VideoCullingApp-gorssjuaelhchegcjoftthvccbjj/Build/Products/Debug/VideoCullingApp.app/Contents/Frameworks

WriteAuxiliaryFile /Users/romanwilson/Library/Developer/Xcode/DerivedData/VideoCullingApp-gorssjuaelhchegcjoftthvccbjj/Build/Intermediates.noindex/VideoCullingApp.build/Debug/VideoCullingAppTests.build/VideoCullingAppTests.hmap (in target 'VideoCullingAppTests' from project 'VideoCullingApp')
    cd /Users/romanwilson/projects/videocull/VideoCullingApp
    write-file /Users/romanwilson/Library/Developer/Xcode/DerivedData/VideoCullingApp-gorssjuaelhchegcjoftthvccbjj/Build/Intermediates.noindex/VideoCullingApp.build/Debug/VideoCullingAppTests.build/VideoCullingAppTests.hmap

WriteAuxiliaryFile /Users/romanwilson/Library/Developer/Xcode/DerivedData/VideoCullingApp-gorssjuaelhchegcjoftthvccbjj/Build/Intermediates.noindex/VideoCullingApp.build/Debug/VideoCullingAppTests.build/VideoCullingAppTests-all-non-framework-target-headers.hmap (in target 'VideoCullingAppTests' from project 'VideoCullingApp')
    cd /Users/romanwilson/projects/videocull/VideoCullingApp
    write-file /Users/romanwilson/Library/Developer/Xcode/DerivedData/VideoCullingApp-gorssjuaelhchegcjoftthvccbjj/Build/Intermediates.noindex/VideoCullingApp.build/Debug/VideoCullingAppTests.build/VideoCullingAppTests-all-non-framework-target-headers.hmap

WriteAuxiliaryFile /Users/romanwilson/Library/Developer/Xcode/DerivedData/VideoCullingApp-gorssjuaelhchegcjoftthvccbjj/Build/Intermediates.noindex/VideoCullingApp.build/Debug/VideoCullingAppTests.build/empty-VideoCullingAppTests.plist (in target 'VideoCullingAppTests' from project 'VideoCullingApp')
    cd /Users/romanwilson/projects/videocull/VideoCullingApp
    write-file /Users/romanwilson/Library/Developer/Xcode/DerivedData/VideoCullingApp-gorssjuaelhchegcjoftthvccbjj/Build/Intermediates.noindex/VideoCullingApp.build/Debug/VideoCullingAppTests.build/empty-VideoCullingAppTests.plist

WriteAuxiliaryFile /Users/romanwilson/Library/Developer/Xcode/DerivedData/VideoCullingApp-gorssjuaelhchegcjoftthvccbjj/Build/Intermediates.noindex/VideoCullingApp.build/Debug/VideoCullingAppTests.build/VideoCullingAppTests-project-headers.hmap (in target 'VideoCullingAppTests' from project 'VideoCullingApp')
    cd /Users/romanwilson/projects/videocull/VideoCullingApp
    write-file /Users/romanwilson/Library/Developer/Xcode/DerivedData/VideoCullingApp-gorssjuaelhchegcjoftthvccbjj/Build/Intermediates.noindex/VideoCullingApp.build/Debug/VideoCullingAppTests.build/VideoCullingAppTests-project-headers.hmap

WriteAuxiliaryFile /Users/romanwilson/Library/Developer/Xcode/DerivedData/VideoCullingApp-gorssjuaelhchegcjoftthvccbjj/Build/Intermediates.noindex/VideoCullingApp.build/Debug/VideoCullingAppTests.build/VideoCullingAppTests-all-target-headers.hmap (in target 'VideoCullingAppTests' from project 'VideoCullingApp')
    cd /Users/romanwilson/projects/videocull/VideoCullingApp
    write-file /Users/romanwilson/Library/Developer/Xcode/DerivedData/VideoCullingApp-gorssjuaelhchegcjoftthvccbjj/Build/Intermediates.noindex/VideoCullingApp.build/Debug/VideoCullingAppTests.build/VideoCullingAppTests-all-target-headers.hmap

WriteAuxiliaryFile /Users/romanwilson/Library/Developer/Xcode/DerivedData/VideoCullingApp-gorssjuaelhchegcjoftthvccbjj/Build/Intermediates.noindex/VideoCullingApp.build/Debug/VideoCullingAppUITests.build/empty-VideoCullingAppUITests.plist (in target 'VideoCullingAppUITests' from project 'VideoCullingApp')
    cd /Users/romanwilson/projects/videocull/VideoCullingApp
    write-file /Users/romanwilson/Library/Developer/Xcode/DerivedData/VideoCullingApp-gorssjuaelhchegcjoftthvccbjj/Build/Intermediates.noindex/VideoCullingApp.build/Debug/VideoCullingAppUITests.build/empty-VideoCullingAppUITests.plist

WriteAuxiliaryFile /Users/romanwilson/Library/Developer/Xcode/DerivedData/VideoCullingApp-gorssjuaelhchegcjoftthvccbjj/Build/Intermediates.noindex/VideoCullingApp.build/Debug/VideoCullingAppTests.build/VideoCullingAppTests-own-target-headers.hmap (in target 'VideoCullingAppTests' from project 'VideoCullingApp')
    cd /Users/romanwilson/projects/videocull/VideoCullingApp
    write-file /Users/romanwilson/Library/Developer/Xcode/DerivedData/VideoCullingApp-gorssjuaelhchegcjoftthvccbjj/Build/Intermediates.noindex/VideoCullingApp.build/Debug/VideoCullingAppTests.build/VideoCullingAppTests-own-target-headers.hmap

WriteAuxiliaryFile /Users/romanwilson/Library/Developer/Xcode/DerivedData/VideoCullingApp-gorssjuaelhchegcjoftthvccbjj/Build/Intermediates.noindex/VideoCullingApp.build/Debug/VideoCullingAppTests.build/VideoCullingAppTests-generated-files.hmap (in target 'VideoCullingAppTests' from project 'VideoCullingApp')
    cd /Users/romanwilson/projects/videocull/VideoCullingApp
    write-file /Users/romanwilson/Library/Developer/Xcode/DerivedData/VideoCullingApp-gorssjuaelhchegcjoftthvccbjj/Build/Intermediates.noindex/VideoCullingApp.build/Debug/VideoCullingAppTests.build/VideoCullingAppTests-generated-files.hmap

WriteAuxiliaryFile /Users/romanwilson/Library/Developer/Xcode/DerivedData/VideoCullingApp-gorssjuaelhchegcjoftthvccbjj/Build/Intermediates.noindex/VideoCullingApp.build/Debug/VideoCullingAppUITests.build/VideoCullingAppUITests.hmap (in target 'VideoCullingAppUITests' from project 'VideoCullingApp')
    cd /Users/romanwilson/projects/videocull/VideoCullingApp
    write-file /Users/romanwilson/Library/Developer/Xcode/DerivedData/VideoCullingApp-gorssjuaelhchegcjoftthvccbjj/Build/Intermediates.noindex/VideoCullingApp.build/Debug/VideoCullingAppUITests.build/VideoCullingAppUITests.hmap

WriteAuxiliaryFile /Users/romanwilson/Library/Developer/Xcode/DerivedData/VideoCullingApp-gorssjuaelhchegcjoftthvccbjj/Build/Intermediates.noindex/VideoCullingApp.build/Debug/VideoCullingAppTests.build/Objects-normal/arm64/VideoCullingAppTests_const_extract_protocols.json (in target 'VideoCullingAppTests' from project 'VideoCullingApp')
    cd /Users/romanwilson/projects/videocull/VideoCullingApp
    write-file /Users/romanwilson/Library/Developer/Xcode/DerivedData/VideoCullingApp-gorssjuaelhchegcjoftthvccbjj/Build/Intermediates.noindex/VideoCullingApp.build/Debug/VideoCullingAppTests.build/Objects-normal/arm64/VideoCullingAppTests_const_extract_protocols.json

WriteAuxiliaryFile /Users/romanwilson/Library/Developer/Xcode/DerivedData/VideoCullingApp-gorssjuaelhchegcjoftthvccbjj/Build/Intermediates.noindex/VideoCullingApp.build/Debug/VideoCullingAppUITests.build/VideoCullingAppUITests.DependencyStaticMetadataFileList (in target 'VideoCullingAppUITests' from project 'VideoCullingApp')
    cd /Users/romanwilson/projects/videocull/VideoCullingApp
    write-file /Users/romanwilson/Library/Developer/Xcode/DerivedData/VideoCullingApp-gorssjuaelhchegcjoftthvccbjj/Build/Intermediates.noindex/VideoCullingApp.build/Debug/VideoCullingAppUITests.build/VideoCullingAppUITests.DependencyStaticMetadataFileList

WriteAuxiliaryFile /Users/romanwilson/Library/Developer/Xcode/DerivedData/VideoCullingApp-gorssjuaelhchegcjoftthvccbjj/Build/Intermediates.noindex/VideoCullingApp.build/Debug/VideoCullingAppTests.build/Objects-normal/arm64/VideoCullingAppTests.LinkFileList (in target 'VideoCullingAppTests' from project 'VideoCullingApp')
    cd /Users/romanwilson/projects/videocull/VideoCullingApp
    write-file /Users/romanwilson/Library/Developer/Xcode/DerivedData/VideoCullingApp-gorssjuaelhchegcjoftthvccbjj/Build/Intermediates.noindex/VideoCullingApp.build/Debug/VideoCullingAppTests.build/Objects-normal/arm64/VideoCullingAppTests.LinkFileList

WriteAuxiliaryFile /Users/romanwilson/Library/Developer/Xcode/DerivedData/VideoCullingApp-gorssjuaelhchegcjoftthvccbjj/Build/Intermediates.noindex/VideoCullingApp.build/Debug/VideoCullingAppUITests.build/VideoCullingAppUITests.DependencyMetadataFileList (in target 'VideoCullingAppUITests' from project 'VideoCullingApp')
    cd /Users/romanwilson/projects/videocull/VideoCullingApp
    write-file /Users/romanwilson/Library/Developer/Xcode/DerivedData/VideoCullingApp-gorssjuaelhchegcjoftthvccbjj/Build/Intermediates.noindex/VideoCullingApp.build/Debug/VideoCullingAppUITests.build/VideoCullingAppUITests.DependencyMetadataFileList

WriteAuxiliaryFile /Users/romanwilson/Library/Developer/Xcode/DerivedData/VideoCullingApp-gorssjuaelhchegcjoftthvccbjj/Build/Intermediates.noindex/VideoCullingApp.build/Debug/VideoCullingAppUITests.build/VideoCullingAppUITests-project-headers.hmap (in target 'VideoCullingAppUITests' from project 'VideoCullingApp')
    cd /Users/romanwilson/projects/videocull/VideoCullingApp
    write-file /Users/romanwilson/Library/Developer/Xcode/DerivedData/VideoCullingApp-gorssjuaelhchegcjoftthvccbjj/Build/Intermediates.noindex/VideoCullingApp.build/Debug/VideoCullingAppUITests.build/VideoCullingAppUITests-project-headers.hmap

WriteAuxiliaryFile /Users/romanwilson/Library/Developer/Xcode/DerivedData/VideoCullingApp-gorssjuaelhchegcjoftthvccbjj/Build/Intermediates.noindex/VideoCullingApp.build/Debug/VideoCullingAppUITests.build/VideoCullingAppUITests-own-target-headers.hmap (in target 'VideoCullingAppUITests' from project 'VideoCullingApp')
    cd /Users/romanwilson/projects/videocull/VideoCullingApp
    write-file /Users/romanwilson/Library/Developer/Xcode/DerivedData/VideoCullingApp-gorssjuaelhchegcjoftthvccbjj/Build/Intermediates.noindex/VideoCullingApp.build/Debug/VideoCullingAppUITests.build/VideoCullingAppUITests-own-target-headers.hmap

WriteAuxiliaryFile /Users/romanwilson/Library/Developer/Xcode/DerivedData/VideoCullingApp-gorssjuaelhchegcjoftthvccbjj/Build/Intermediates.noindex/VideoCullingApp.build/Debug/VideoCullingAppUITests.build/VideoCullingAppUITests-generated-files.hmap (in target 'VideoCullingAppUITests' from project 'VideoCullingApp')
    cd /Users/romanwilson/projects/videocull/VideoCullingApp
    write-file /Users/romanwilson/Library/Developer/Xcode/DerivedData/VideoCullingApp-gorssjuaelhchegcjoftthvccbjj/Build/Intermediates.noindex/VideoCullingApp.build/Debug/VideoCullingAppUITests.build/VideoCullingAppUITests-generated-files.hmap

WriteAuxiliaryFile /Users/romanwilson/Library/Developer/Xcode/DerivedData/VideoCullingApp-gorssjuaelhchegcjoftthvccbjj/Build/Intermediates.noindex/VideoCullingApp.build/Debug/VideoCullingAppUITests.build/VideoCullingAppUITests-all-target-headers.hmap (in target 'VideoCullingAppUITests' from project 'VideoCullingApp')
    cd /Users/romanwilson/projects/videocull/VideoCullingApp
    write-file /Users/romanwilson/Library/Developer/Xcode/DerivedData/VideoCullingApp-gorssjuaelhchegcjoftthvccbjj/Build/Intermediates.noindex/VideoCullingApp.build/Debug/VideoCullingAppUITests.build/VideoCullingAppUITests-all-target-headers.hmap

WriteAuxiliaryFile /Users/romanwilson/Library/Developer/Xcode/DerivedData/VideoCullingApp-gorssjuaelhchegcjoftthvccbjj/Build/Intermediates.noindex/VideoCullingApp.build/Debug/VideoCullingAppUITests.build/VideoCullingAppUITests-all-non-framework-target-headers.hmap (in target 'VideoCullingAppUITests' from project 'VideoCullingApp')
    cd /Users/romanwilson/projects/videocull/VideoCullingApp
    write-file /Users/romanwilson/Library/Developer/Xcode/DerivedData/VideoCullingApp-gorssjuaelhchegcjoftthvccbjj/Build/Intermediates.noindex/VideoCullingApp.build/Debug/VideoCullingAppUITests.build/VideoCullingAppUITests-all-non-framework-target-headers.hmap

WriteAuxiliaryFile /Users/romanwilson/Library/Developer/Xcode/DerivedData/VideoCullingApp-gorssjuaelhchegcjoftthvccbjj/Build/Intermediates.noindex/VideoCullingApp.build/Debug/VideoCullingAppUITests.build/ProductTypeInfoPlistAdditions.plist (in target 'VideoCullingAppUITests' from project 'VideoCullingApp')
    cd /Users/romanwilson/projects/videocull/VideoCullingApp
    write-file /Users/romanwilson/Library/Developer/Xcode/DerivedData/VideoCullingApp-gorssjuaelhchegcjoftthvccbjj/Build/Intermediates.noindex/VideoCullingApp.build/Debug/VideoCullingAppUITests.build/ProductTypeInfoPlistAdditions.plist

WriteAuxiliaryFile /Users/romanwilson/Library/Developer/Xcode/DerivedData/VideoCullingApp-gorssjuaelhchegcjoftthvccbjj/Build/Intermediates.noindex/VideoCullingApp.build/Debug/VideoCullingAppTests.build/VideoCullingAppTests.DependencyStaticMetadataFileList (in target 'VideoCullingAppTests' from project 'VideoCullingApp')
    cd /Users/romanwilson/projects/videocull/VideoCullingApp
    write-file /Users/romanwilson/Library/Developer/Xcode/DerivedData/VideoCullingApp-gorssjuaelhchegcjoftthvccbjj/Build/Intermediates.noindex/VideoCullingApp.build/Debug/VideoCullingAppTests.build/VideoCullingAppTests.DependencyStaticMetadataFileList

WriteAuxiliaryFile /Users/romanwilson/Library/Developer/Xcode/DerivedData/VideoCullingApp-gorssjuaelhchegcjoftthvccbjj/Build/Intermediates.noindex/VideoCullingApp.build/Debug/VideoCullingAppTests.build/VideoCullingAppTests.DependencyMetadataFileList (in target 'VideoCullingAppTests' from project 'VideoCullingApp')
    cd /Users/romanwilson/projects/videocull/VideoCullingApp
    write-file /Users/romanwilson/Library/Developer/Xcode/DerivedData/VideoCullingApp-gorssjuaelhchegcjoftthvccbjj/Build/Intermediates.noindex/VideoCullingApp.build/Debug/VideoCullingAppTests.build/VideoCullingAppTests.DependencyMetadataFileList

WriteAuxiliaryFile /Users/romanwilson/Library/Developer/Xcode/DerivedData/VideoCullingApp-gorssjuaelhchegcjoftthvccbjj/Build/Intermediates.noindex/VideoCullingApp.build/Debug/VideoCullingAppTests.build/Objects-normal/arm64/VideoCullingAppTests.SwiftFileList (in target 'VideoCullingAppTests' from project 'VideoCullingApp')
    cd /Users/romanwilson/projects/videocull/VideoCullingApp
    write-file /Users/romanwilson/Library/Developer/Xcode/DerivedData/VideoCullingApp-gorssjuaelhchegcjoftthvccbjj/Build/Intermediates.noindex/VideoCullingApp.build/Debug/VideoCullingAppTests.build/Objects-normal/arm64/VideoCullingAppTests.SwiftFileList

WriteAuxiliaryFile /Users/romanwilson/Library/Developer/Xcode/DerivedData/VideoCullingApp-gorssjuaelhchegcjoftthvccbjj/Build/Intermediates.noindex/VideoCullingApp.build/Debug/VideoCullingAppTests.build/Objects-normal/arm64/VideoCullingAppTests.SwiftConstValuesFileList (in target 'VideoCullingAppTests' from project 'VideoCullingApp')
    cd /Users/romanwilson/projects/videocull/VideoCullingApp
    write-file /Users/romanwilson/Library/Developer/Xcode/DerivedData/VideoCullingApp-gorssjuaelhchegcjoftthvccbjj/Build/Intermediates.noindex/VideoCullingApp.build/Debug/VideoCullingAppTests.build/Objects-normal/arm64/VideoCullingAppTests.SwiftConstValuesFileList

WriteAuxiliaryFile /Users/romanwilson/Library/Developer/Xcode/DerivedData/VideoCullingApp-gorssjuaelhchegcjoftthvccbjj/Build/Intermediates.noindex/VideoCullingApp.build/Debug/VideoCullingAppUITests.build/DerivedSources/Entitlements.plist (in target 'VideoCullingAppUITests' from project 'VideoCullingApp')
    cd /Users/romanwilson/projects/videocull/VideoCullingApp
    write-file /Users/romanwilson/Library/Developer/Xcode/DerivedData/VideoCullingApp-gorssjuaelhchegcjoftthvccbjj/Build/Intermediates.noindex/VideoCullingApp.build/Debug/VideoCullingAppUITests.build/DerivedSources/Entitlements.plist

WriteAuxiliaryFile /Users/romanwilson/Library/Developer/Xcode/DerivedData/VideoCullingApp-gorssjuaelhchegcjoftthvccbjj/Build/Intermediates.noindex/VideoCullingApp.build/Debug/VideoCullingAppTests.build/Objects-normal/arm64/VideoCullingAppTests-OutputFileMap.json (in target 'VideoCullingAppTests' from project 'VideoCullingApp')
    cd /Users/romanwilson/projects/videocull/VideoCullingApp
    write-file /Users/romanwilson/Library/Developer/Xcode/DerivedData/VideoCullingApp-gorssjuaelhchegcjoftthvccbjj/Build/Intermediates.noindex/VideoCullingApp.build/Debug/VideoCullingAppTests.build/Objects-normal/arm64/VideoCullingAppTests-OutputFileMap.json

WriteAuxiliaryFile /Users/romanwilson/Library/Developer/Xcode/DerivedData/VideoCullingApp-gorssjuaelhchegcjoftthvccbjj/Build/Intermediates.noindex/VideoCullingApp.build/Debug/VideoCullingAppUITests.build/Objects-normal/arm64/VideoCullingAppUITests_const_extract_protocols.json (in target 'VideoCullingAppUITests' from project 'VideoCullingApp')
    cd /Users/romanwilson/projects/videocull/VideoCullingApp
    write-file /Users/romanwilson/Library/Developer/Xcode/DerivedData/VideoCullingApp-gorssjuaelhchegcjoftthvccbjj/Build/Intermediates.noindex/VideoCullingApp.build/Debug/VideoCullingAppUITests.build/Objects-normal/arm64/VideoCullingAppUITests_const_extract_protocols.json

WriteAuxiliaryFile /Users/romanwilson/Library/Developer/Xcode/DerivedData/VideoCullingApp-gorssjuaelhchegcjoftthvccbjj/Build/Intermediates.noindex/VideoCullingApp.build/Debug/VideoCullingAppUITests.build/Objects-normal/arm64/VideoCullingAppUITests.SwiftConstValuesFileList (in target 'VideoCullingAppUITests' from project 'VideoCullingApp')
    cd /Users/romanwilson/projects/videocull/VideoCullingApp
    write-file /Users/romanwilson/Library/Developer/Xcode/DerivedData/VideoCullingApp-gorssjuaelhchegcjoftthvccbjj/Build/Intermediates.noindex/VideoCullingApp.build/Debug/VideoCullingAppUITests.build/Objects-normal/arm64/VideoCullingAppUITests.SwiftConstValuesFileList

WriteAuxiliaryFile /Users/romanwilson/Library/Developer/Xcode/DerivedData/VideoCullingApp-gorssjuaelhchegcjoftthvccbjj/Build/Intermediates.noindex/VideoCullingApp.build/Debug/VideoCullingAppUITests.build/Objects-normal/arm64/VideoCullingAppUITests.SwiftFileList (in target 'VideoCullingAppUITests' from project 'VideoCullingApp')
    cd /Users/romanwilson/projects/videocull/VideoCullingApp
    write-file /Users/romanwilson/Library/Developer/Xcode/DerivedData/VideoCullingApp-gorssjuaelhchegcjoftthvccbjj/Build/Intermediates.noindex/VideoCullingApp.build/Debug/VideoCullingAppUITests.build/Objects-normal/arm64/VideoCullingAppUITests.SwiftFileList

WriteAuxiliaryFile /Users/romanwilson/Library/Developer/Xcode/DerivedData/VideoCullingApp-gorssjuaelhchegcjoftthvccbjj/Build/Intermediates.noindex/VideoCullingApp.build/Debug/VideoCullingAppUITests.build/Objects-normal/arm64/VideoCullingAppUITests.LinkFileList (in target 'VideoCullingAppUITests' from project 'VideoCullingApp')
    cd /Users/romanwilson/projects/videocull/VideoCullingApp
    write-file /Users/romanwilson/Library/Developer/Xcode/DerivedData/VideoCullingApp-gorssjuaelhchegcjoftthvccbjj/Build/Intermediates.noindex/VideoCullingApp.build/Debug/VideoCullingAppUITests.build/Objects-normal/arm64/VideoCullingAppUITests.LinkFileList

WriteAuxiliaryFile /Users/romanwilson/Library/Developer/Xcode/DerivedData/VideoCullingApp-gorssjuaelhchegcjoftthvccbjj/Build/Intermediates.noindex/VideoCullingApp.build/Debug/VideoCullingAppUITests.build/Objects-normal/arm64/VideoCullingAppUITests-OutputFileMap.json (in target 'VideoCullingAppUITests' from project 'VideoCullingApp')
    cd /Users/romanwilson/projects/videocull/VideoCullingApp
    write-file /Users/romanwilson/Library/Developer/Xcode/DerivedData/VideoCullingApp-gorssjuaelhchegcjoftthvccbjj/Build/Intermediates.noindex/VideoCullingApp.build/Debug/VideoCullingAppUITests.build/Objects-normal/arm64/VideoCullingAppUITests-OutputFileMap.json

MkDir /Users/romanwilson/Library/Developer/Xcode/DerivedData/VideoCullingApp-gorssjuaelhchegcjoftthvccbjj/Build/Products/Debug/VideoCullingApp.app/Contents/PlugIns/VideoCullingAppTests.xctest (in target 'VideoCullingAppTests' from project 'VideoCullingApp')
    cd /Users/romanwilson/projects/videocull/VideoCullingApp
    /bin/mkdir -p /Users/romanwilson/Library/Developer/Xcode/DerivedData/VideoCullingApp-gorssjuaelhchegcjoftthvccbjj/Build/Products/Debug/VideoCullingApp.app/Contents/PlugIns/VideoCullingAppTests.xctest

MkDir /Users/romanwilson/Library/Developer/Xcode/DerivedData/VideoCullingApp-gorssjuaelhchegcjoftthvccbjj/Build/Products/Debug/VideoCullingApp.app/Contents/PlugIns/VideoCullingAppTests.xctest/Contents (in target 'VideoCullingAppTests' from project 'VideoCullingApp')
    cd /Users/romanwilson/projects/videocull/VideoCullingApp
    /bin/mkdir -p /Users/romanwilson/Library/Developer/Xcode/DerivedData/VideoCullingApp-gorssjuaelhchegcjoftthvccbjj/Build/Products/Debug/VideoCullingApp.app/Contents/PlugIns/VideoCullingAppTests.xctest/Contents

MkDir /Users/romanwilson/Library/Developer/Xcode/DerivedData/VideoCullingApp-gorssjuaelhchegcjoftthvccbjj/Build/Products/Debug/VideoCullingApp.app/Contents/PlugIns/VideoCullingAppTests.xctest/Contents/MacOS (in target 'VideoCullingAppTests' from project 'VideoCullingApp')
    cd /Users/romanwilson/projects/videocull/VideoCullingApp
    /bin/mkdir -p /Users/romanwilson/Library/Developer/Xcode/DerivedData/VideoCullingApp-gorssjuaelhchegcjoftthvccbjj/Build/Products/Debug/VideoCullingApp.app/Contents/PlugIns/VideoCullingAppTests.xctest/Contents/MacOS

MkDir /Users/romanwilson/Library/Developer/Xcode/DerivedData/VideoCullingApp-gorssjuaelhchegcjoftthvccbjj/Build/Products/Debug/VideoCullingAppUITests-Runner.app/Contents/PlugIns/VideoCullingAppUITests.xctest (in target 'VideoCullingAppUITests' from project 'VideoCullingApp')
    cd /Users/romanwilson/projects/videocull/VideoCullingApp
    /bin/mkdir -p /Users/romanwilson/Library/Developer/Xcode/DerivedData/VideoCullingApp-gorssjuaelhchegcjoftthvccbjj/Build/Products/Debug/VideoCullingAppUITests-Runner.app/Contents/PlugIns/VideoCullingAppUITests.xctest

MkDir /Users/romanwilson/Library/Developer/Xcode/DerivedData/VideoCullingApp-gorssjuaelhchegcjoftthvccbjj/Build/Products/Debug/VideoCullingAppUITests-Runner.app/Contents/PlugIns/VideoCullingAppUITests.xctest/Contents (in target 'VideoCullingAppUITests' from project 'VideoCullingApp')
    cd /Users/romanwilson/projects/videocull/VideoCullingApp
    /bin/mkdir -p /Users/romanwilson/Library/Developer/Xcode/DerivedData/VideoCullingApp-gorssjuaelhchegcjoftthvccbjj/Build/Products/Debug/VideoCullingAppUITests-Runner.app/Contents/PlugIns/VideoCullingAppUITests.xctest/Contents

MkDir /Users/romanwilson/Library/Developer/Xcode/DerivedData/VideoCullingApp-gorssjuaelhchegcjoftthvccbjj/Build/Products/Debug/VideoCullingAppUITests-Runner.app/Contents/PlugIns/VideoCullingAppUITests.xctest/Contents/MacOS (in target 'VideoCullingAppUITests' from project 'VideoCullingApp')
    cd /Users/romanwilson/projects/videocull/VideoCullingApp
    /bin/mkdir -p /Users/romanwilson/Library/Developer/Xcode/DerivedData/VideoCullingApp-gorssjuaelhchegcjoftthvccbjj/Build/Products/Debug/VideoCullingAppUITests-Runner.app/Contents/PlugIns/VideoCullingAppUITests.xctest/Contents/MacOS

ProcessProductPackaging /Users/romanwilson/projects/videocull/VideoCullingApp/VideoCullingApp.entitlements /Users/romanwilson/Library/Developer/Xcode/DerivedData/VideoCullingApp-gorssjuaelhchegcjoftthvccbjj/Build/Intermediates.noindex/VideoCullingApp.build/Debug/VideoCullingApp.build/VideoCullingApp.app.xcent (in target 'VideoCullingApp' from project 'VideoCullingApp')
    cd /Users/romanwilson/projects/videocull/VideoCullingApp
    
    Entitlements:
    
    {
    "com.apple.security.app-sandbox" = 1;
    "com.apple.security.cs.allow-jit" = 1;
    "com.apple.security.cs.allow-unsigned-executable-memory" = 1;
    "com.apple.security.cs.disable-library-validation" = 1;
    "com.apple.security.files.bookmarks.app-scope" = 1;
    "com.apple.security.files.user-selected.read-write" = 1;
    "com.apple.security.get-task-allow" = 1;
    "com.apple.security.temporary-exception.files.absolute-path.read-write" =     (
        "/tmp/"
    );
}
    
    builtin-productPackagingUtility /Users/romanwilson/projects/videocull/VideoCullingApp/VideoCullingApp.entitlements -entitlements -format xml -o /Users/romanwilson/Library/Developer/Xcode/DerivedData/VideoCullingApp-gorssjuaelhchegcjoftthvccbjj/Build/Intermediates.noindex/VideoCullingApp.build/Debug/VideoCullingApp.build/VideoCullingApp.app.xcent

ProcessProductPackagingDER /Users/romanwilson/Library/Developer/Xcode/DerivedData/VideoCullingApp-gorssjuaelhchegcjoftthvccbjj/Build/Intermediates.noindex/VideoCullingApp.build/Debug/VideoCullingApp.build/VideoCullingApp.app.xcent /Users/romanwilson/Library/Developer/Xcode/DerivedData/VideoCullingApp-gorssjuaelhchegcjoftthvccbjj/Build/Intermediates.noindex/VideoCullingApp.build/Debug/VideoCullingApp.build/VideoCullingApp.app.xcent.der (in target 'VideoCullingApp' from project 'VideoCullingApp')
    cd /Users/romanwilson/projects/videocull/VideoCullingApp
    /usr/bin/derq query -f xml -i /Users/romanwilson/Library/Developer/Xcode/DerivedData/VideoCullingApp-gorssjuaelhchegcjoftthvccbjj/Build/Intermediates.noindex/VideoCullingApp.build/Debug/VideoCullingApp.build/VideoCullingApp.app.xcent -o /Users/romanwilson/Library/Developer/Xcode/DerivedData/VideoCullingApp-gorssjuaelhchegcjoftthvccbjj/Build/Intermediates.noindex/VideoCullingApp.build/Debug/VideoCullingApp.build/VideoCullingApp.app.xcent.der --raw

Copy /Users/romanwilson/Library/Developer/Xcode/DerivedData/VideoCullingApp-gorssjuaelhchegcjoftthvccbjj/Build/Products/Debug/VideoCullingApp.app/Contents/Frameworks/libXCTestSwiftSupport.dylib /Applications/Xcode.app/Contents/Developer/Platforms/MacOSX.platform/Developer/usr/lib/libXCTestSwiftSupport.dylib (in target 'VideoCullingApp' from project 'VideoCullingApp')
    cd /Users/romanwilson/projects/videocull/VideoCullingApp
    builtin-copy -exclude .DS_Store -exclude CVS -exclude .svn -exclude .git -exclude .hg -exclude Headers -exclude PrivateHeaders -exclude Modules -exclude \*.tbd -resolve-src-symlinks /Applications/Xcode.app/Contents/Developer/Platforms/MacOSX.platform/Developer/usr/lib/libXCTestSwiftSupport.dylib /Users/romanwilson/Library/Developer/Xcode/DerivedData/VideoCullingApp-gorssjuaelhchegcjoftthvccbjj/Build/Products/Debug/VideoCullingApp.app/Contents/Frameworks

Copy /Users/romanwilson/Library/Developer/Xcode/DerivedData/VideoCullingApp-gorssjuaelhchegcjoftthvccbjj/Build/Products/Debug/VideoCullingApp.app/Contents/Frameworks/libXCTestBundleInject.dylib /Applications/Xcode.app/Contents/Developer/Platforms/MacOSX.platform/Developer/usr/lib/libXCTestBundleInject.dylib (in target 'VideoCullingApp' from project 'VideoCullingApp')
    cd /Users/romanwilson/projects/videocull/VideoCullingApp
    builtin-copy -exclude .DS_Store -exclude CVS -exclude .svn -exclude .git -exclude .hg -exclude Headers -exclude PrivateHeaders -exclude Modules -exclude \*.tbd -resolve-src-symlinks /Applications/Xcode.app/Contents/Developer/Platforms/MacOSX.platform/Developer/usr/lib/libXCTestBundleInject.dylib /Users/romanwilson/Library/Developer/Xcode/DerivedData/VideoCullingApp-gorssjuaelhchegcjoftthvccbjj/Build/Products/Debug/VideoCullingApp.app/Contents/Frameworks

Copy /Users/romanwilson/Library/Developer/Xcode/DerivedData/VideoCullingApp-gorssjuaelhchegcjoftthvccbjj/Build/Products/Debug/VideoCullingApp.app/Contents/Frameworks/XCUnit.framework /Applications/Xcode.app/Contents/Developer/Platforms/MacOSX.platform/Developer/Library/PrivateFrameworks/XCUnit.framework (in target 'VideoCullingApp' from project 'VideoCullingApp')
    cd /Users/romanwilson/projects/videocull/VideoCullingApp
    builtin-copy -exclude .DS_Store -exclude CVS -exclude .svn -exclude .git -exclude .hg -exclude Headers -exclude PrivateHeaders -exclude Modules -exclude \*.tbd -resolve-src-symlinks /Applications/Xcode.app/Contents/Developer/Platforms/MacOSX.platform/Developer/Library/PrivateFrameworks/XCUnit.framework /Users/romanwilson/Library/Developer/Xcode/DerivedData/VideoCullingApp-gorssjuaelhchegcjoftthvccbjj/Build/Products/Debug/VideoCullingApp.app/Contents/Frameworks

Copy /Users/romanwilson/Library/Developer/Xcode/DerivedData/VideoCullingApp-gorssjuaelhchegcjoftthvccbjj/Build/Products/Debug/VideoCullingApp.app/Contents/Frameworks/XCTestSupport.framework /Applications/Xcode.app/Contents/Developer/Platforms/MacOSX.platform/Developer/Library/PrivateFrameworks/XCTestSupport.framework (in target 'VideoCullingApp' from project 'VideoCullingApp')
    cd /Users/romanwilson/projects/videocull/VideoCullingApp
    builtin-copy -exclude .DS_Store -exclude CVS -exclude .svn -exclude .git -exclude .hg -exclude Headers -exclude PrivateHeaders -exclude Modules -exclude \*.tbd -resolve-src-symlinks /Applications/Xcode.app/Contents/Developer/Platforms/MacOSX.platform/Developer/Library/PrivateFrameworks/XCTestSupport.framework /Users/romanwilson/Library/Developer/Xcode/DerivedData/VideoCullingApp-gorssjuaelhchegcjoftthvccbjj/Build/Products/Debug/VideoCullingApp.app/Contents/Frameworks

Copy /Users/romanwilson/Library/Developer/Xcode/DerivedData/VideoCullingApp-gorssjuaelhchegcjoftthvccbjj/Build/Products/Debug/VideoCullingApp.app/Contents/Frameworks/XCTAutomationSupport.framework /Applications/Xcode.app/Contents/Developer/Platforms/MacOSX.platform/Developer/Library/PrivateFrameworks/XCTAutomationSupport.framework (in target 'VideoCullingApp' from project 'VideoCullingApp')
    cd /Users/romanwilson/projects/videocull/VideoCullingApp
    builtin-copy -exclude .DS_Store -exclude CVS -exclude .svn -exclude .git -exclude .hg -exclude Headers -exclude PrivateHeaders -exclude Modules -exclude \*.tbd -resolve-src-symlinks /Applications/Xcode.app/Contents/Developer/Platforms/MacOSX.platform/Developer/Library/PrivateFrameworks/XCTAutomationSupport.framework /Users/romanwilson/Library/Developer/Xcode/DerivedData/VideoCullingApp-gorssjuaelhchegcjoftthvccbjj/Build/Products/Debug/VideoCullingApp.app/Contents/Frameworks

Copy /Users/romanwilson/Library/Developer/Xcode/DerivedData/VideoCullingApp-gorssjuaelhchegcjoftthvccbjj/Build/Products/Debug/VideoCullingApp.app/Contents/Frameworks/XCTest.framework /Applications/Xcode.app/Contents/Developer/Platforms/MacOSX.platform/Developer/Library/Frameworks/XCTest.framework (in target 'VideoCullingApp' from project 'VideoCullingApp')
    cd /Users/romanwilson/projects/videocull/VideoCullingApp
    builtin-copy -exclude .DS_Store -exclude CVS -exclude .svn -exclude .git -exclude .hg -exclude Headers -exclude PrivateHeaders -exclude Modules -exclude \*.tbd -resolve-src-symlinks /Applications/Xcode.app/Contents/Developer/Platforms/MacOSX.platform/Developer/Library/Frameworks/XCTest.framework /Users/romanwilson/Library/Developer/Xcode/DerivedData/VideoCullingApp-gorssjuaelhchegcjoftthvccbjj/Build/Products/Debug/VideoCullingApp.app/Contents/Frameworks

Copy /Users/romanwilson/Library/Developer/Xcode/DerivedData/VideoCullingApp-gorssjuaelhchegcjoftthvccbjj/Build/Products/Debug/VideoCullingApp.app/Contents/Frameworks/XCTestCore.framework /Applications/Xcode.app/Contents/Developer/Platforms/MacOSX.platform/Developer/Library/PrivateFrameworks/XCTestCore.framework (in target 'VideoCullingApp' from project 'VideoCullingApp')
    cd /Users/romanwilson/projects/videocull/VideoCullingApp
    builtin-copy -exclude .DS_Store -exclude CVS -exclude .svn -exclude .git -exclude .hg -exclude Headers -exclude PrivateHeaders -exclude Modules -exclude \*.tbd -resolve-src-symlinks /Applications/Xcode.app/Contents/Developer/Platforms/MacOSX.platform/Developer/Library/PrivateFrameworks/XCTestCore.framework /Users/romanwilson/Library/Developer/Xcode/DerivedData/VideoCullingApp-gorssjuaelhchegcjoftthvccbjj/Build/Products/Debug/VideoCullingApp.app/Contents/Frameworks

Copy /Users/romanwilson/Library/Developer/Xcode/DerivedData/VideoCullingApp-gorssjuaelhchegcjoftthvccbjj/Build/Products/Debug/VideoCullingApp.app/Contents/Frameworks/XCUIAutomation.framework /Applications/Xcode.app/Contents/Developer/Platforms/MacOSX.platform/Developer/Library/Frameworks/XCUIAutomation.framework (in target 'VideoCullingApp' from project 'VideoCullingApp')
    cd /Users/romanwilson/projects/videocull/VideoCullingApp
    builtin-copy -exclude .DS_Store -exclude CVS -exclude .svn -exclude .git -exclude .hg -exclude Headers -exclude PrivateHeaders -exclude Modules -exclude \*.tbd -resolve-src-symlinks /Applications/Xcode.app/Contents/Developer/Platforms/MacOSX.platform/Developer/Library/Frameworks/XCUIAutomation.framework /Users/romanwilson/Library/Developer/Xcode/DerivedData/VideoCullingApp-gorssjuaelhchegcjoftthvccbjj/Build/Products/Debug/VideoCullingApp.app/Contents/Frameworks

Copy /Users/romanwilson/Library/Developer/Xcode/DerivedData/VideoCullingApp-gorssjuaelhchegcjoftthvccbjj/Build/Products/Debug/VideoCullingApp.app/Contents/Frameworks/Testing.framework /Applications/Xcode.app/Contents/Developer/Platforms/MacOSX.platform/Developer/Library/Frameworks/Testing.framework (in target 'VideoCullingApp' from project 'VideoCullingApp')
    cd /Users/romanwilson/projects/videocull/VideoCullingApp
    builtin-copy -exclude .DS_Store -exclude CVS -exclude .svn -exclude .git -exclude .hg -exclude Headers -exclude PrivateHeaders -exclude Modules -exclude \*.tbd -resolve-src-symlinks /Applications/Xcode.app/Contents/Developer/Platforms/MacOSX.platform/Developer/Library/Frameworks/Testing.framework /Users/romanwilson/Library/Developer/Xcode/DerivedData/VideoCullingApp-gorssjuaelhchegcjoftthvccbjj/Build/Products/Debug/VideoCullingApp.app/Contents/Frameworks

ProcessInfoPlistFile /Users/romanwilson/Library/Developer/Xcode/DerivedData/VideoCullingApp-gorssjuaelhchegcjoftthvccbjj/Build/Products/Debug/VideoCullingApp.app/Contents/Info.plist /Users/romanwilson/projects/videocull/VideoCullingApp/Info.plist (in target 'VideoCullingApp' from project 'VideoCullingApp')
    cd /Users/romanwilson/projects/videocull/VideoCullingApp
    builtin-infoPlistUtility /Users/romanwilson/projects/videocull/VideoCullingApp/Info.plist -producttype com.apple.product-type.application -genpkginfo /Users/romanwilson/Library/Developer/Xcode/DerivedData/VideoCullingApp-gorssjuaelhchegcjoftthvccbjj/Build/Products/Debug/VideoCullingApp.app/Contents/PkgInfo -expandbuildsettings -platform macosx -additionalcontentfile /Users/romanwilson/Library/Developer/Xcode/DerivedData/VideoCullingApp-gorssjuaelhchegcjoftthvccbjj/Build/Intermediates.noindex/VideoCullingApp.build/Debug/VideoCullingApp.build/assetcatalog_generated_info.plist -o /Users/romanwilson/Library/Developer/Xcode/DerivedData/VideoCullingApp-gorssjuaelhchegcjoftthvccbjj/Build/Products/Debug/VideoCullingApp.app/Contents/Info.plist

CodeSign /Users/romanwilson/Library/Developer/Xcode/DerivedData/VideoCullingApp-gorssjuaelhchegcjoftthvccbjj/Build/Products/Debug/VideoCullingApp.app/Contents/Frameworks/libXCTestBundleInject.dylib (in target 'VideoCullingApp' from project 'VideoCullingApp')
    cd /Users/romanwilson/projects/videocull/VideoCullingApp
    
    Signing Identity:     "Sign to Run Locally"
    
    /usr/bin/codesign --force --sign - --timestamp\=none --preserve-metadata\=identifier,entitlements,flags --generate-entitlement-der /Users/romanwilson/Library/Developer/Xcode/DerivedData/VideoCullingApp-gorssjuaelhchegcjoftthvccbjj/Build/Products/Debug/VideoCullingApp.app/Contents/Frameworks/libXCTestBundleInject.dylib
/Users/romanwilson/Library/Developer/Xcode/DerivedData/VideoCullingApp-gorssjuaelhchegcjoftthvccbjj/Build/Products/Debug/VideoCullingApp.app/Contents/Frameworks/libXCTestBundleInject.dylib: replacing existing signature

CodeSign /Users/romanwilson/Library/Developer/Xcode/DerivedData/VideoCullingApp-gorssjuaelhchegcjoftthvccbjj/Build/Products/Debug/VideoCullingApp.app/Contents/Frameworks/libXCTestSwiftSupport.dylib (in target 'VideoCullingApp' from project 'VideoCullingApp')
    cd /Users/romanwilson/projects/videocull/VideoCullingApp
    
    Signing Identity:     "Sign to Run Locally"
    
    /usr/bin/codesign --force --sign - --timestamp\=none --preserve-metadata\=identifier,entitlements,flags --generate-entitlement-der /Users/romanwilson/Library/Developer/Xcode/DerivedData/VideoCullingApp-gorssjuaelhchegcjoftthvccbjj/Build/Products/Debug/VideoCullingApp.app/Contents/Frameworks/libXCTestSwiftSupport.dylib
/Users/romanwilson/Library/Developer/Xcode/DerivedData/VideoCullingApp-gorssjuaelhchegcjoftthvccbjj/Build/Products/Debug/VideoCullingApp.app/Contents/Frameworks/libXCTestSwiftSupport.dylib: replacing existing signature

CodeSign /Users/romanwilson/Library/Developer/Xcode/DerivedData/VideoCullingApp-gorssjuaelhchegcjoftthvccbjj/Build/Products/Debug/VideoCullingApp.app/Contents/Frameworks/XCUnit.framework (in target 'VideoCullingApp' from project 'VideoCullingApp')
    cd /Users/romanwilson/projects/videocull/VideoCullingApp
    
    Signing Identity:     "Sign to Run Locally"
    
    /usr/bin/codesign --force --sign - --timestamp\=none --preserve-metadata\=identifier,entitlements,flags --generate-entitlement-der /Users/romanwilson/Library/Developer/Xcode/DerivedData/VideoCullingApp-gorssjuaelhchegcjoftthvccbjj/Build/Products/Debug/VideoCullingApp.app/Contents/Frameworks/XCUnit.framework
/Users/romanwilson/Library/Developer/Xcode/DerivedData/VideoCullingApp-gorssjuaelhchegcjoftthvccbjj/Build/Products/Debug/VideoCullingApp.app/Contents/Frameworks/XCUnit.framework: replacing existing signature

CodeSign /Users/romanwilson/Library/Developer/Xcode/DerivedData/VideoCullingApp-gorssjuaelhchegcjoftthvccbjj/Build/Products/Debug/VideoCullingApp.app/Contents/Frameworks/XCTest.framework (in target 'VideoCullingApp' from project 'VideoCullingApp')
    cd /Users/romanwilson/projects/videocull/VideoCullingApp
    
    Signing Identity:     "Sign to Run Locally"
    
    /usr/bin/codesign --force --sign - --timestamp\=none --preserve-metadata\=identifier,entitlements,flags --generate-entitlement-der /Users/romanwilson/Library/Developer/Xcode/DerivedData/VideoCullingApp-gorssjuaelhchegcjoftthvccbjj/Build/Products/Debug/VideoCullingApp.app/Contents/Frameworks/XCTest.framework
/Users/romanwilson/Library/Developer/Xcode/DerivedData/VideoCullingApp-gorssjuaelhchegcjoftthvccbjj/Build/Products/Debug/VideoCullingApp.app/Contents/Frameworks/XCTest.framework: replacing existing signature

CodeSign /Users/romanwilson/Library/Developer/Xcode/DerivedData/VideoCullingApp-gorssjuaelhchegcjoftthvccbjj/Build/Products/Debug/VideoCullingApp.app/Contents/Frameworks/XCTestSupport.framework (in target 'VideoCullingApp' from project 'VideoCullingApp')
    cd /Users/romanwilson/projects/videocull/VideoCullingApp
    
    Signing Identity:     "Sign to Run Locally"
    
    /usr/bin/codesign --force --sign - --timestamp\=none --preserve-metadata\=identifier,entitlements,flags --generate-entitlement-der /Users/romanwilson/Library/Developer/Xcode/DerivedData/VideoCullingApp-gorssjuaelhchegcjoftthvccbjj/Build/Products/Debug/VideoCullingApp.app/Contents/Frameworks/XCTestSupport.framework
/Users/romanwilson/Library/Developer/Xcode/DerivedData/VideoCullingApp-gorssjuaelhchegcjoftthvccbjj/Build/Products/Debug/VideoCullingApp.app/Contents/Frameworks/XCTestSupport.framework: replacing existing signature

CodeSign /Users/romanwilson/Library/Developer/Xcode/DerivedData/VideoCullingApp-gorssjuaelhchegcjoftthvccbjj/Build/Products/Debug/VideoCullingApp.app/Contents/Frameworks/XCTAutomationSupport.framework (in target 'VideoCullingApp' from project 'VideoCullingApp')
    cd /Users/romanwilson/projects/videocull/VideoCullingApp
    
    Signing Identity:     "Sign to Run Locally"
    
    /usr/bin/codesign --force --sign - --timestamp\=none --preserve-metadata\=identifier,entitlements,flags --generate-entitlement-der /Users/romanwilson/Library/Developer/Xcode/DerivedData/VideoCullingApp-gorssjuaelhchegcjoftthvccbjj/Build/Products/Debug/VideoCullingApp.app/Contents/Frameworks/XCTAutomationSupport.framework
/Users/romanwilson/Library/Developer/Xcode/DerivedData/VideoCullingApp-gorssjuaelhchegcjoftthvccbjj/Build/Products/Debug/VideoCullingApp.app/Contents/Frameworks/XCTAutomationSupport.framework: replacing existing signature

CodeSign /Users/romanwilson/Library/Developer/Xcode/DerivedData/VideoCullingApp-gorssjuaelhchegcjoftthvccbjj/Build/Products/Debug/VideoCullingApp.app/Contents/Frameworks/XCTestCore.framework (in target 'VideoCullingApp' from project 'VideoCullingApp')
    cd /Users/romanwilson/projects/videocull/VideoCullingApp
    
    Signing Identity:     "Sign to Run Locally"
    
    /usr/bin/codesign --force --sign - --timestamp\=none --preserve-metadata\=identifier,entitlements,flags --generate-entitlement-der /Users/romanwilson/Library/Developer/Xcode/DerivedData/VideoCullingApp-gorssjuaelhchegcjoftthvccbjj/Build/Products/Debug/VideoCullingApp.app/Contents/Frameworks/XCTestCore.framework
/Users/romanwilson/Library/Developer/Xcode/DerivedData/VideoCullingApp-gorssjuaelhchegcjoftthvccbjj/Build/Products/Debug/VideoCullingApp.app/Contents/Frameworks/XCTestCore.framework: replacing existing signature

CopySwiftLibs /Users/romanwilson/Library/Developer/Xcode/DerivedData/VideoCullingApp-gorssjuaelhchegcjoftthvccbjj/Build/Products/Debug/VideoCullingApp.app (in target 'VideoCullingApp' from project 'VideoCullingApp')
    cd /Users/romanwilson/projects/videocull/VideoCullingApp
    builtin-swiftStdLibTool --copy --verbose --sign - --scan-executable /Users/romanwilson/Library/Developer/Xcode/DerivedData/VideoCullingApp-gorssjuaelhchegcjoftthvccbjj/Build/Products/Debug/VideoCullingApp.app/Contents/MacOS/VideoCullingApp.debug.dylib --scan-folder /Users/romanwilson/Library/Developer/Xcode/DerivedData/VideoCullingApp-gorssjuaelhchegcjoftthvccbjj/Build/Products/Debug/VideoCullingApp.app/Contents/Frameworks --scan-folder /Users/romanwilson/Library/Developer/Xcode/DerivedData/VideoCullingApp-gorssjuaelhchegcjoftthvccbjj/Build/Products/Debug/VideoCullingApp.app/Contents/PlugIns --scan-folder /Users/romanwilson/Library/Developer/Xcode/DerivedData/VideoCullingApp-gorssjuaelhchegcjoftthvccbjj/Build/Products/Debug/VideoCullingApp.app/Contents/Library/SystemExtensions --scan-folder /Users/romanwilson/Library/Developer/Xcode/DerivedData/VideoCullingApp-gorssjuaelhchegcjoftthvccbjj/Build/Products/Debug/VideoCullingApp.app/Contents/Extensions --platform macosx --toolchain /Applications/Xcode.app/Contents/Developer/Toolchains/XcodeDefault.xctoolchain --destination /Users/romanwilson/Library/Developer/Xcode/DerivedData/VideoCullingApp-gorssjuaelhchegcjoftthvccbjj/Build/Products/Debug/VideoCullingApp.app/Contents/Frameworks --strip-bitcode --strip-bitcode-tool /Applications/Xcode.app/Contents/Developer/Toolchains/XcodeDefault.xctoolchain/usr/bin/bitcode_strip --emit-dependency-info /Users/romanwilson/Library/Developer/Xcode/DerivedData/VideoCullingApp-gorssjuaelhchegcjoftthvccbjj/Build/Intermediates.noindex/VideoCullingApp.build/Debug/VideoCullingApp.build/SwiftStdLibToolInputDependencies.dep --filter-for-swift-os --back-deploy-swift-span

ProcessProductPackaging "" /Users/romanwilson/Library/Developer/Xcode/DerivedData/VideoCullingApp-gorssjuaelhchegcjoftthvccbjj/Build/Intermediates.noindex/VideoCullingApp.build/Debug/VideoCullingAppUITests.build/VideoCullingAppUITests.xctest.xcent (in target 'VideoCullingAppUITests' from project 'VideoCullingApp')
    cd /Users/romanwilson/projects/videocull/VideoCullingApp
    
    Entitlements:
    
    {
    "com.apple.application-identifier" = "TF3755U948.ai.careernudge.VideoCullingAppUITests.xctrunner";
    "com.apple.security.app-sandbox" = 1;
    "com.apple.security.get-task-allow" = 1;
    "com.apple.security.network.client" = 1;
    "com.apple.security.temporary-exception.files.absolute-path.read-only" =     (
        "/"
    );
    "com.apple.security.temporary-exception.mach-lookup.global-name" =     (
        "com.apple.testmanagerd",
        "com.apple.dt.testmanagerd.runner",
        "com.apple.coresymbolicationd",
        "com.apple.coredevice.version",
        "com.apple.coredevice.service",
        "com.apple.remoted"
    );
    "com.apple.security.temporary-exception.mach-lookup.local-name" =     (
        "com.apple.axserver"
    );
    "com.apple.security.temporary-exception.sbpl" =     (
        "(allow hid-control)",
        "(allow signal)"
    );
}
    
    builtin-productPackagingUtility -entitlements -format xml -o /Users/romanwilson/Library/Developer/Xcode/DerivedData/VideoCullingApp-gorssjuaelhchegcjoftthvccbjj/Build/Intermediates.noindex/VideoCullingApp.build/Debug/VideoCullingAppUITests.build/VideoCullingAppUITests.xctest.xcent

SwiftDriver VideoCullingAppTests normal arm64 com.apple.xcode.tools.swift.compiler (in target 'VideoCullingAppTests' from project 'VideoCullingApp')
    cd /Users/romanwilson/projects/videocull/VideoCullingApp
    builtin-SwiftDriver -- /Applications/Xcode.app/Contents/Developer/Toolchains/XcodeDefault.xctoolchain/usr/bin/swiftc -module-name VideoCullingAppTests -Onone -enforce-exclusivity\=checked @/Users/romanwilson/Library/Developer/Xcode/DerivedData/VideoCullingApp-gorssjuaelhchegcjoftthvccbjj/Build/Intermediates.noindex/VideoCullingApp.build/Debug/VideoCullingAppTests.build/Objects-normal/arm64/VideoCullingAppTests.SwiftFileList -DDEBUG -plugin-path /Applications/Xcode.app/Contents/Developer/Toolchains/XcodeDefault.xctoolchain/usr/lib/swift/host/plugins/testing -enable-bare-slash-regex -enable-upcoming-feature DisableOutwardActorInference -enable-upcoming-feature InferSendableFromCaptures -enable-upcoming-feature GlobalActorIsolatedTypesUsability -enable-upcoming-feature MemberImportVisibility -enable-upcoming-feature InferIsolatedConformances -enable-upcoming-feature NonisolatedNonsendingByDefault -enable-experimental-feature DebugDescriptionMacro -sdk /Applications/Xcode.app/Contents/Developer/Platforms/MacOSX.platform/Developer/SDKs/MacOSX26.1.sdk -target arm64-apple-macos15.7 -g -module-cache-path /Users/romanwilson/Library/Developer/Xcode/DerivedData/ModuleCache.noindex -Xfrontend -serialize-debugging-options -profile-coverage-mapping -profile-generate -enable-testing -index-store-path /Users/romanwilson/Library/Developer/Xcode/DerivedData/VideoCullingApp-gorssjuaelhchegcjoftthvccbjj/Index.noindex/DataStore -Xcc -D_LIBCPP_HARDENING_MODE\=_LIBCPP_HARDENING_MODE_DEBUG -swift-version 5 -I /Users/romanwilson/Library/Developer/Xcode/DerivedData/VideoCullingApp-gorssjuaelhchegcjoftthvccbjj/Build/Products/Debug -Isystem /Applications/Xcode.app/Contents/Developer/Platforms/MacOSX.platform/Developer/usr/lib -F /Users/romanwilson/Library/Developer/Xcode/DerivedData/VideoCullingApp-gorssjuaelhchegcjoftthvccbjj/Build/Products/Debug -F /Applications/Xcode.app/Contents/Developer/Platforms/MacOSX.platform/Developer/Library/Frameworks -c -j16 -enable-batch-mode -incremental -Xcc -ivfsstatcache -Xcc /Users/romanwilson/Library/Developer/Xcode/DerivedData/SDKStatCaches.noindex/macosx26.1-25B74-3ae1261907bdadc328169391a47051a6.sdkstatcache -output-file-map /Users/romanwilson/Library/Developer/Xcode/DerivedData/VideoCullingApp-gorssjuaelhchegcjoftthvccbjj/Build/Intermediates.noindex/VideoCullingApp.build/Debug/VideoCullingAppTests.build/Objects-normal/arm64/VideoCullingAppTests-OutputFileMap.json -use-frontend-parseable-output -save-temps -no-color-diagnostics -explicit-module-build -module-cache-path /Users/romanwilson/Library/Developer/Xcode/DerivedData/VideoCullingApp-gorssjuaelhchegcjoftthvccbjj/Build/Intermediates.noindex/SwiftExplicitPrecompiledModules -clang-scanner-module-cache-path /Users/romanwilson/Library/Developer/Xcode/DerivedData/ModuleCache.noindex -sdk-module-cache-path /Users/romanwilson/Library/Developer/Xcode/DerivedData/ModuleCache.noindex -serialize-diagnostics -emit-dependencies -emit-module -emit-module-path /Users/romanwilson/Library/Developer/Xcode/DerivedData/VideoCullingApp-gorssjuaelhchegcjoftthvccbjj/Build/Intermediates.noindex/VideoCullingApp.build/Debug/VideoCullingAppTests.build/Objects-normal/arm64/VideoCullingAppTests.swiftmodule -validate-clang-modules-once -clang-build-session-file /Users/romanwilson/Library/Developer/Xcode/DerivedData/ModuleCache.noindex/Session.modulevalidation -Xcc -I/Users/romanwilson/Library/Developer/Xcode/DerivedData/VideoCullingApp-gorssjuaelhchegcjoftthvccbjj/Build/Intermediates.noindex/VideoCullingApp.build/Debug/VideoCullingAppTests.build/swift-overrides.hmap -emit-const-values -Xfrontend -const-gather-protocols-file -Xfrontend /Users/romanwilson/Library/Developer/Xcode/DerivedData/VideoCullingApp-gorssjuaelhchegcjoftthvccbjj/Build/Intermediates.noindex/VideoCullingApp.build/Debug/VideoCullingAppTests.build/Objects-normal/arm64/VideoCullingAppTests_const_extract_protocols.json -Xcc -iquote -Xcc /Users/romanwilson/Library/Developer/Xcode/DerivedData/VideoCullingApp-gorssjuaelhchegcjoftthvccbjj/Build/Intermediates.noindex/VideoCullingApp.build/Debug/VideoCullingAppTests.build/VideoCullingAppTests-generated-files.hmap -Xcc -I/Users/romanwilson/Library/Developer/Xcode/DerivedData/VideoCullingApp-gorssjuaelhchegcjoftthvccbjj/Build/Intermediates.noindex/VideoCullingApp.build/Debug/VideoCullingAppTests.build/VideoCullingAppTests-own-target-headers.hmap -Xcc -I/Users/romanwilson/Library/Developer/Xcode/DerivedData/VideoCullingApp-gorssjuaelhchegcjoftthvccbjj/Build/Intermediates.noindex/VideoCullingApp.build/Debug/VideoCullingAppTests.build/VideoCullingAppTests-all-target-headers.hmap -Xcc -iquote -Xcc /Users/romanwilson/Library/Developer/Xcode/DerivedData/VideoCullingApp-gorssjuaelhchegcjoftthvccbjj/Build/Intermediates.noindex/VideoCullingApp.build/Debug/VideoCullingAppTests.build/VideoCullingAppTests-project-headers.hmap -Xcc -I/Users/romanwilson/Library/Developer/Xcode/DerivedData/VideoCullingApp-gorssjuaelhchegcjoftthvccbjj/Build/Products/Debug/include -Xcc -I/Users/romanwilson/Library/Developer/Xcode/DerivedData/VideoCullingApp-gorssjuaelhchegcjoftthvccbjj/Build/Intermediates.noindex/VideoCullingApp.build/Debug/VideoCullingAppTests.build/DerivedSources-normal/arm64 -Xcc -I/Users/romanwilson/Library/Developer/Xcode/DerivedData/VideoCullingApp-gorssjuaelhchegcjoftthvccbjj/Build/Intermediates.noindex/VideoCullingApp.build/Debug/VideoCullingAppTests.build/DerivedSources/arm64 -Xcc -I/Users/romanwilson/Library/Developer/Xcode/DerivedData/VideoCullingApp-gorssjuaelhchegcjoftthvccbjj/Build/Intermediates.noindex/VideoCullingApp.build/Debug/VideoCullingAppTests.build/DerivedSources -Xcc -DDEBUG\=1 -emit-objc-header -emit-objc-header-path /Users/romanwilson/Library/Developer/Xcode/DerivedData/VideoCullingApp-gorssjuaelhchegcjoftthvccbjj/Build/Intermediates.noindex/VideoCullingApp.build/Debug/VideoCullingAppTests.build/Objects-normal/arm64/VideoCullingAppTests-Swift.h -working-directory /Users/romanwilson/projects/videocull/VideoCullingApp -experimental-emit-module-separately -disable-cmo

ProcessProductPackagingDER /Users/romanwilson/Library/Developer/Xcode/DerivedData/VideoCullingApp-gorssjuaelhchegcjoftthvccbjj/Build/Intermediates.noindex/VideoCullingApp.build/Debug/VideoCullingAppUITests.build/VideoCullingAppUITests.xctest.xcent /Users/romanwilson/Library/Developer/Xcode/DerivedData/VideoCullingApp-gorssjuaelhchegcjoftthvccbjj/Build/Intermediates.noindex/VideoCullingApp.build/Debug/VideoCullingAppUITests.build/VideoCullingAppUITests.xctest.xcent.der (in target 'VideoCullingAppUITests' from project 'VideoCullingApp')
    cd /Users/romanwilson/projects/videocull/VideoCullingApp
    /usr/bin/derq query -f xml -i /Users/romanwilson/Library/Developer/Xcode/DerivedData/VideoCullingApp-gorssjuaelhchegcjoftthvccbjj/Build/Intermediates.noindex/VideoCullingApp.build/Debug/VideoCullingAppUITests.build/VideoCullingAppUITests.xctest.xcent -o /Users/romanwilson/Library/Developer/Xcode/DerivedData/VideoCullingApp-gorssjuaelhchegcjoftthvccbjj/Build/Intermediates.noindex/VideoCullingApp.build/Debug/VideoCullingAppUITests.build/VideoCullingAppUITests.xctest.xcent.der --raw

SwiftDriver VideoCullingAppUITests normal arm64 com.apple.xcode.tools.swift.compiler (in target 'VideoCullingAppUITests' from project 'VideoCullingApp')
    cd /Users/romanwilson/projects/videocull/VideoCullingApp
    builtin-SwiftDriver -- /Applications/Xcode.app/Contents/Developer/Toolchains/XcodeDefault.xctoolchain/usr/bin/swiftc -module-name VideoCullingAppUITests -Onone -enforce-exclusivity\=checked @/Users/romanwilson/Library/Developer/Xcode/DerivedData/VideoCullingApp-gorssjuaelhchegcjoftthvccbjj/Build/Intermediates.noindex/VideoCullingApp.build/Debug/VideoCullingAppUITests.build/Objects-normal/arm64/VideoCullingAppUITests.SwiftFileList -DDEBUG -module-alias Testing\=_Testing_Unavailable -plugin-path /Applications/Xcode.app/Contents/Developer/Toolchains/XcodeDefault.xctoolchain/usr/lib/swift/host/plugins/testing -enable-bare-slash-regex -enable-upcoming-feature DisableOutwardActorInference -enable-upcoming-feature InferSendableFromCaptures -enable-upcoming-feature GlobalActorIsolatedTypesUsability -enable-upcoming-feature MemberImportVisibility -enable-upcoming-feature InferIsolatedConformances -enable-upcoming-feature NonisolatedNonsendingByDefault -enable-experimental-feature DebugDescriptionMacro -sdk /Applications/Xcode.app/Contents/Developer/Platforms/MacOSX.platform/Developer/SDKs/MacOSX26.1.sdk -target arm64-apple-macos15.7 -g -module-cache-path /Users/romanwilson/Library/Developer/Xcode/DerivedData/ModuleCache.noindex -Xfrontend -serialize-debugging-options -profile-coverage-mapping -profile-generate -enable-testing -index-store-path /Users/romanwilson/Library/Developer/Xcode/DerivedData/VideoCullingApp-gorssjuaelhchegcjoftthvccbjj/Index.noindex/DataStore -Xcc -D_LIBCPP_HARDENING_MODE\=_LIBCPP_HARDENING_MODE_DEBUG -swift-version 5 -I /Users/romanwilson/Library/Developer/Xcode/DerivedData/VideoCullingApp-gorssjuaelhchegcjoftthvccbjj/Build/Products/Debug -Isystem /Applications/Xcode.app/Contents/Developer/Platforms/MacOSX.platform/Developer/usr/lib -F /Users/romanwilson/Library/Developer/Xcode/DerivedData/VideoCullingApp-gorssjuaelhchegcjoftthvccbjj/Build/Products/Debug -F /Applications/Xcode.app/Contents/Developer/Platforms/MacOSX.platform/Developer/Library/Frameworks -c -j16 -enable-batch-mode -incremental -Xcc -ivfsstatcache -Xcc /Users/romanwilson/Library/Developer/Xcode/DerivedData/SDKStatCaches.noindex/macosx26.1-25B74-3ae1261907bdadc328169391a47051a6.sdkstatcache -output-file-map /Users/romanwilson/Library/Developer/Xcode/DerivedData/VideoCullingApp-gorssjuaelhchegcjoftthvccbjj/Build/Intermediates.noindex/VideoCullingApp.build/Debug/VideoCullingAppUITests.build/Objects-normal/arm64/VideoCullingAppUITests-OutputFileMap.json -use-frontend-parseable-output -save-temps -no-color-diagnostics -explicit-module-build -module-cache-path /Users/romanwilson/Library/Developer/Xcode/DerivedData/VideoCullingApp-gorssjuaelhchegcjoftthvccbjj/Build/Intermediates.noindex/SwiftExplicitPrecompiledModules -clang-scanner-module-cache-path /Users/romanwilson/Library/Developer/Xcode/DerivedData/ModuleCache.noindex -sdk-module-cache-path /Users/romanwilson/Library/Developer/Xcode/DerivedData/ModuleCache.noindex -serialize-diagnostics -emit-dependencies -emit-module -emit-module-path /Users/romanwilson/Library/Developer/Xcode/DerivedData/VideoCullingApp-gorssjuaelhchegcjoftthvccbjj/Build/Intermediates.noindex/VideoCullingApp.build/Debug/VideoCullingAppUITests.build/Objects-normal/arm64/VideoCullingAppUITests.swiftmodule -validate-clang-modules-once -clang-build-session-file /Users/romanwilson/Library/Developer/Xcode/DerivedData/ModuleCache.noindex/Session.modulevalidation -Xcc -I/Users/romanwilson/Library/Developer/Xcode/DerivedData/VideoCullingApp-gorssjuaelhchegcjoftthvccbjj/Build/Intermediates.noindex/VideoCullingApp.build/Debug/VideoCullingAppUITests.build/swift-overrides.hmap -emit-const-values -Xfrontend -const-gather-protocols-file -Xfrontend /Users/romanwilson/Library/Developer/Xcode/DerivedData/VideoCullingApp-gorssjuaelhchegcjoftthvccbjj/Build/Intermediates.noindex/VideoCullingApp.build/Debug/VideoCullingAppUITests.build/Objects-normal/arm64/VideoCullingAppUITests_const_extract_protocols.json -Xcc -iquote -Xcc /Users/romanwilson/Library/Developer/Xcode/DerivedData/VideoCullingApp-gorssjuaelhchegcjoftthvccbjj/Build/Intermediates.noindex/VideoCullingApp.build/Debug/VideoCullingAppUITests.build/VideoCullingAppUITests-generated-files.hmap -Xcc -I/Users/romanwilson/Library/Developer/Xcode/DerivedData/VideoCullingApp-gorssjuaelhchegcjoftthvccbjj/Build/Intermediates.noindex/VideoCullingApp.build/Debug/VideoCullingAppUITests.build/VideoCullingAppUITests-own-target-headers.hmap -Xcc -I/Users/romanwilson/Library/Developer/Xcode/DerivedData/VideoCullingApp-gorssjuaelhchegcjoftthvccbjj/Build/Intermediates.noindex/VideoCullingApp.build/Debug/VideoCullingAppUITests.build/VideoCullingAppUITests-all-target-headers.hmap -Xcc -iquote -Xcc /Users/romanwilson/Library/Developer/Xcode/DerivedData/VideoCullingApp-gorssjuaelhchegcjoftthvccbjj/Build/Intermediates.noindex/VideoCullingApp.build/Debug/VideoCullingAppUITests.build/VideoCullingAppUITests-project-headers.hmap -Xcc -I/Users/romanwilson/Library/Developer/Xcode/DerivedData/VideoCullingApp-gorssjuaelhchegcjoftthvccbjj/Build/Products/Debug/include -Xcc -I/Users/romanwilson/Library/Developer/Xcode/DerivedData/VideoCullingApp-gorssjuaelhchegcjoftthvccbjj/Build/Intermediates.noindex/VideoCullingApp.build/Debug/VideoCullingAppUITests.build/DerivedSources-normal/arm64 -Xcc -I/Users/romanwilson/Library/Developer/Xcode/DerivedData/VideoCullingApp-gorssjuaelhchegcjoftthvccbjj/Build/Intermediates.noindex/VideoCullingApp.build/Debug/VideoCullingAppUITests.build/DerivedSources/arm64 -Xcc -I/Users/romanwilson/Library/Developer/Xcode/DerivedData/VideoCullingApp-gorssjuaelhchegcjoftthvccbjj/Build/Intermediates.noindex/VideoCullingApp.build/Debug/VideoCullingAppUITests.build/DerivedSources -Xcc -DDEBUG\=1 -emit-objc-header -emit-objc-header-path /Users/romanwilson/Library/Developer/Xcode/DerivedData/VideoCullingApp-gorssjuaelhchegcjoftthvccbjj/Build/Intermediates.noindex/VideoCullingApp.build/Debug/VideoCullingAppUITests.build/Objects-normal/arm64/VideoCullingAppUITests-Swift.h -working-directory /Users/romanwilson/projects/videocull/VideoCullingApp -experimental-emit-module-separately -disable-cmo

CodeSign /Users/romanwilson/Library/Developer/Xcode/DerivedData/VideoCullingApp-gorssjuaelhchegcjoftthvccbjj/Build/Products/Debug/VideoCullingApp.app/Contents/Frameworks/XCUIAutomation.framework (in target 'VideoCullingApp' from project 'VideoCullingApp')
    cd /Users/romanwilson/projects/videocull/VideoCullingApp
    
    Signing Identity:     "Sign to Run Locally"
    
    /usr/bin/codesign --force --sign - --timestamp\=none --preserve-metadata\=identifier,entitlements,flags --generate-entitlement-der /Users/romanwilson/Library/Developer/Xcode/DerivedData/VideoCullingApp-gorssjuaelhchegcjoftthvccbjj/Build/Products/Debug/VideoCullingApp.app/Contents/Frameworks/XCUIAutomation.framework
/Users/romanwilson/Library/Developer/Xcode/DerivedData/VideoCullingApp-gorssjuaelhchegcjoftthvccbjj/Build/Products/Debug/VideoCullingApp.app/Contents/Frameworks/XCUIAutomation.framework: replacing existing signature

CodeSign /Users/romanwilson/Library/Developer/Xcode/DerivedData/VideoCullingApp-gorssjuaelhchegcjoftthvccbjj/Build/Products/Debug/VideoCullingApp.app/Contents/Frameworks/Testing.framework (in target 'VideoCullingApp' from project 'VideoCullingApp')
    cd /Users/romanwilson/projects/videocull/VideoCullingApp
    
    Signing Identity:     "Sign to Run Locally"
    
    /usr/bin/codesign --force --sign - --timestamp\=none --preserve-metadata\=identifier,entitlements,flags --generate-entitlement-der /Users/romanwilson/Library/Developer/Xcode/DerivedData/VideoCullingApp-gorssjuaelhchegcjoftthvccbjj/Build/Products/Debug/VideoCullingApp.app/Contents/Frameworks/Testing.framework
/Users/romanwilson/Library/Developer/Xcode/DerivedData/VideoCullingApp-gorssjuaelhchegcjoftthvccbjj/Build/Products/Debug/VideoCullingApp.app/Contents/Frameworks/Testing.framework: replacing existing signature

ProcessInfoPlistFile /Users/romanwilson/Library/Developer/Xcode/DerivedData/VideoCullingApp-gorssjuaelhchegcjoftthvccbjj/Build/Products/Debug/VideoCullingApp.app/Contents/PlugIns/VideoCullingAppTests.xctest/Contents/Info.plist /Users/romanwilson/Library/Developer/Xcode/DerivedData/VideoCullingApp-gorssjuaelhchegcjoftthvccbjj/Build/Intermediates.noindex/VideoCullingApp.build/Debug/VideoCullingAppTests.build/empty-VideoCullingAppTests.plist (in target 'VideoCullingAppTests' from project 'VideoCullingApp')
    cd /Users/romanwilson/projects/videocull/VideoCullingApp
    builtin-infoPlistUtility /Users/romanwilson/Library/Developer/Xcode/DerivedData/VideoCullingApp-gorssjuaelhchegcjoftthvccbjj/Build/Intermediates.noindex/VideoCullingApp.build/Debug/VideoCullingAppTests.build/empty-VideoCullingAppTests.plist -producttype com.apple.product-type.bundle.unit-test -expandbuildsettings -platform macosx -o /Users/romanwilson/Library/Developer/Xcode/DerivedData/VideoCullingApp-gorssjuaelhchegcjoftthvccbjj/Build/Products/Debug/VideoCullingApp.app/Contents/PlugIns/VideoCullingAppTests.xctest/Contents/Info.plist

SwiftExplicitDependencyGeneratePcm arm64 /Users/romanwilson/Library/Developer/Xcode/DerivedData/VideoCullingApp-gorssjuaelhchegcjoftthvccbjj/Build/Intermediates.noindex/SwiftExplicitPrecompiledModules/XCUIAutomation-D9BKT7ZY9Q103V3UE8EC7PBOF.pcm

SwiftExplicitDependencyCompileModuleFromInterface arm64 /Users/romanwilson/Library/Developer/Xcode/DerivedData/VideoCullingApp-gorssjuaelhchegcjoftthvccbjj/Build/Intermediates.noindex/SwiftExplicitPrecompiledModules/Testing-5TOPQDK61Y29.swiftmodule

SwiftExplicitDependencyCompileModuleFromInterface arm64 /Users/romanwilson/Library/Developer/Xcode/DerivedData/VideoCullingApp-gorssjuaelhchegcjoftthvccbjj/Build/Intermediates.noindex/SwiftExplicitPrecompiledModules/XCUIAutomation-1CNAO250JYGBG.swiftmodule

SwiftExplicitDependencyGeneratePcm arm64 /Users/romanwilson/Library/Developer/Xcode/DerivedData/VideoCullingApp-gorssjuaelhchegcjoftthvccbjj/Build/Intermediates.noindex/SwiftExplicitPrecompiledModules/XCTest-573KJAWKD8YZIQVW26UG87YKZ.pcm

SwiftExplicitDependencyCompileModuleFromInterface arm64 /Users/romanwilson/Library/Developer/Xcode/DerivedData/VideoCullingApp-gorssjuaelhchegcjoftthvccbjj/Build/Intermediates.noindex/SwiftExplicitPrecompiledModules/XCTest-1M9F4Q8CCOZFC.swiftmodule

SwiftCompile normal arm64 Compiling\ VideoCullingAppTests.swift /Users/romanwilson/projects/videocull/VideoCullingApp/VideoCullingAppTests/VideoCullingAppTests.swift (in target 'VideoCullingAppTests' from project 'VideoCullingApp')

SwiftCompile normal arm64 /Users/romanwilson/projects/videocull/VideoCullingApp/VideoCullingAppTests/VideoCullingAppTests.swift (in target 'VideoCullingAppTests' from project 'VideoCullingApp')
    cd /Users/romanwilson/projects/videocull/VideoCullingApp
    

SwiftEmitModule normal arm64 Emitting\ module\ for\ VideoCullingAppTests (in target 'VideoCullingAppTests' from project 'VideoCullingApp')

EmitSwiftModule normal arm64 (in target 'VideoCullingAppTests' from project 'VideoCullingApp')
    cd /Users/romanwilson/projects/videocull/VideoCullingApp
    

SwiftCompile normal arm64 Compiling\ LUTAutoMapperTests.swift /Users/romanwilson/projects/videocull/VideoCullingApp/LUTAutoMapperTests.swift (in target 'VideoCullingAppTests' from project 'VideoCullingApp')
SwiftCompile normal arm64 /Users/romanwilson/projects/videocull/VideoCullingApp/LUTAutoMapperTests.swift (in target 'VideoCullingAppTests' from project 'VideoCullingApp')
    cd /Users/romanwilson/projects/videocull/VideoCullingApp
    

SwiftEmitModule normal arm64 Emitting\ module\ for\ VideoCullingAppUITests (in target 'VideoCullingAppUITests' from project 'VideoCullingApp')

EmitSwiftModule normal arm64 (in target 'VideoCullingAppUITests' from project 'VideoCullingApp')
    cd /Users/romanwilson/projects/videocull/VideoCullingApp
    

SwiftCompile normal arm64 Compiling\ VideoCullingAppUITests.swift /Users/romanwilson/projects/videocull/VideoCullingApp/VideoCullingAppUITests.swift (in target 'VideoCullingAppUITests' from project 'VideoCullingApp')

SwiftCompile normal arm64 /Users/romanwilson/projects/videocull/VideoCullingApp/VideoCullingAppUITests.swift (in target 'VideoCullingAppUITests' from project 'VideoCullingApp')
    cd /Users/romanwilson/projects/videocull/VideoCullingApp
    

SwiftCompile normal arm64 Compiling\ UILayoutTests.swift /Users/romanwilson/projects/videocull/VideoCullingApp/UILayoutTests.swift (in target 'VideoCullingAppUITests' from project 'VideoCullingApp')
SwiftCompile normal arm64 /Users/romanwilson/projects/videocull/VideoCullingApp/UILayoutTests.swift (in target 'VideoCullingAppUITests' from project 'VideoCullingApp')
    cd /Users/romanwilson/projects/videocull/VideoCullingApp
    

SwiftDriverJobDiscovery normal arm64 Emitting module for VideoCullingAppUITests (in target 'VideoCullingAppUITests' from project 'VideoCullingApp')

SwiftDriver\ Compilation\ Requirements VideoCullingAppUITests normal arm64 com.apple.xcode.tools.swift.compiler (in target 'VideoCullingAppUITests' from project 'VideoCullingApp')
    cd /Users/romanwilson/projects/videocull/VideoCullingApp
    builtin-Swift-Compilation-Requirements -- /Applications/Xcode.app/Contents/Developer/Toolchains/XcodeDefault.xctoolchain/usr/bin/swiftc -module-name VideoCullingAppUITests -Onone -enforce-exclusivity\=checked @/Users/romanwilson/Library/Developer/Xcode/DerivedData/VideoCullingApp-gorssjuaelhchegcjoftthvccbjj/Build/Intermediates.noindex/VideoCullingApp.build/Debug/VideoCullingAppUITests.build/Objects-normal/arm64/VideoCullingAppUITests.SwiftFileList -DDEBUG -module-alias Testing\=_Testing_Unavailable -plugin-path /Applications/Xcode.app/Contents/Developer/Toolchains/XcodeDefault.xctoolchain/usr/lib/swift/host/plugins/testing -enable-bare-slash-regex -enable-upcoming-feature DisableOutwardActorInference -enable-upcoming-feature InferSendableFromCaptures -enable-upcoming-feature GlobalActorIsolatedTypesUsability -enable-upcoming-feature MemberImportVisibility -enable-upcoming-feature InferIsolatedConformances -enable-upcoming-feature NonisolatedNonsendingByDefault -enable-experimental-feature DebugDescriptionMacro -sdk /Applications/Xcode.app/Contents/Developer/Platforms/MacOSX.platform/Developer/SDKs/MacOSX26.1.sdk -target arm64-apple-macos15.7 -g -module-cache-path /Users/romanwilson/Library/Developer/Xcode/DerivedData/ModuleCache.noindex -Xfrontend -serialize-debugging-options -profile-coverage-mapping -profile-generate -enable-testing -index-store-path /Users/romanwilson/Library/Developer/Xcode/DerivedData/VideoCullingApp-gorssjuaelhchegcjoftthvccbjj/Index.noindex/DataStore -Xcc -D_LIBCPP_HARDENING_MODE\=_LIBCPP_HARDENING_MODE_DEBUG -swift-version 5 -I /Users/romanwilson/Library/Developer/Xcode/DerivedData/VideoCullingApp-gorssjuaelhchegcjoftthvccbjj/Build/Products/Debug -Isystem /Applications/Xcode.app/Contents/Developer/Platforms/MacOSX.platform/Developer/usr/lib -F /Users/romanwilson/Library/Developer/Xcode/DerivedData/VideoCullingApp-gorssjuaelhchegcjoftthvccbjj/Build/Products/Debug -F /Applications/Xcode.app/Contents/Developer/Platforms/MacOSX.platform/Developer/Library/Frameworks -c -j16 -enable-batch-mode -incremental -Xcc -ivfsstatcache -Xcc /Users/romanwilson/Library/Developer/Xcode/DerivedData/SDKStatCaches.noindex/macosx26.1-25B74-3ae1261907bdadc328169391a47051a6.sdkstatcache -output-file-map /Users/romanwilson/Library/Developer/Xcode/DerivedData/VideoCullingApp-gorssjuaelhchegcjoftthvccbjj/Build/Intermediates.noindex/VideoCullingApp.build/Debug/VideoCullingAppUITests.build/Objects-normal/arm64/VideoCullingAppUITests-OutputFileMap.json -use-frontend-parseable-output -save-temps -no-color-diagnostics -explicit-module-build -module-cache-path /Users/romanwilson/Library/Developer/Xcode/DerivedData/VideoCullingApp-gorssjuaelhchegcjoftthvccbjj/Build/Intermediates.noindex/SwiftExplicitPrecompiledModules -clang-scanner-module-cache-path /Users/romanwilson/Library/Developer/Xcode/DerivedData/ModuleCache.noindex -sdk-module-cache-path /Users/romanwilson/Library/Developer/Xcode/DerivedData/ModuleCache.noindex -serialize-diagnostics -emit-dependencies -emit-module -emit-module-path /Users/romanwilson/Library/Developer/Xcode/DerivedData/VideoCullingApp-gorssjuaelhchegcjoftthvccbjj/Build/Intermediates.noindex/VideoCullingApp.build/Debug/VideoCullingAppUITests.build/Objects-normal/arm64/VideoCullingAppUITests.swiftmodule -validate-clang-modules-once -clang-build-session-file /Users/romanwilson/Library/Developer/Xcode/DerivedData/ModuleCache.noindex/Session.modulevalidation -Xcc -I/Users/romanwilson/Library/Developer/Xcode/DerivedData/VideoCullingApp-gorssjuaelhchegcjoftthvccbjj/Build/Intermediates.noindex/VideoCullingApp.build/Debug/VideoCullingAppUITests.build/swift-overrides.hmap -emit-const-values -Xfrontend -const-gather-protocols-file -Xfrontend /Users/romanwilson/Library/Developer/Xcode/DerivedData/VideoCullingApp-gorssjuaelhchegcjoftthvccbjj/Build/Intermediates.noindex/VideoCullingApp.build/Debug/VideoCullingAppUITests.build/Objects-normal/arm64/VideoCullingAppUITests_const_extract_protocols.json -Xcc -iquote -Xcc /Users/romanwilson/Library/Developer/Xcode/DerivedData/VideoCullingApp-gorssjuaelhchegcjoftthvccbjj/Build/Intermediates.noindex/VideoCullingApp.build/Debug/VideoCullingAppUITests.build/VideoCullingAppUITests-generated-files.hmap -Xcc -I/Users/romanwilson/Library/Developer/Xcode/DerivedData/VideoCullingApp-gorssjuaelhchegcjoftthvccbjj/Build/Intermediates.noindex/VideoCullingApp.build/Debug/VideoCullingAppUITests.build/VideoCullingAppUITests-own-target-headers.hmap -Xcc -I/Users/romanwilson/Library/Developer/Xcode/DerivedData/VideoCullingApp-gorssjuaelhchegcjoftthvccbjj/Build/Intermediates.noindex/VideoCullingApp.build/Debug/VideoCullingAppUITests.build/VideoCullingAppUITests-all-target-headers.hmap -Xcc -iquote -Xcc /Users/romanwilson/Library/Developer/Xcode/DerivedData/VideoCullingApp-gorssjuaelhchegcjoftthvccbjj/Build/Intermediates.noindex/VideoCullingApp.build/Debug/VideoCullingAppUITests.build/VideoCullingAppUITests-project-headers.hmap -Xcc -I/Users/romanwilson/Library/Developer/Xcode/DerivedData/VideoCullingApp-gorssjuaelhchegcjoftthvccbjj/Build/Products/Debug/include -Xcc -I/Users/romanwilson/Library/Developer/Xcode/DerivedData/VideoCullingApp-gorssjuaelhchegcjoftthvccbjj/Build/Intermediates.noindex/VideoCullingApp.build/Debug/VideoCullingAppUITests.build/DerivedSources-normal/arm64 -Xcc -I/Users/romanwilson/Library/Developer/Xcode/DerivedData/VideoCullingApp-gorssjuaelhchegcjoftthvccbjj/Build/Intermediates.noindex/VideoCullingApp.build/Debug/VideoCullingAppUITests.build/DerivedSources/arm64 -Xcc -I/Users/romanwilson/Library/Developer/Xcode/DerivedData/VideoCullingApp-gorssjuaelhchegcjoftthvccbjj/Build/Intermediates.noindex/VideoCullingApp.build/Debug/VideoCullingAppUITests.build/DerivedSources -Xcc -DDEBUG\=1 -emit-objc-header -emit-objc-header-path /Users/romanwilson/Library/Developer/Xcode/DerivedData/VideoCullingApp-gorssjuaelhchegcjoftthvccbjj/Build/Intermediates.noindex/VideoCullingApp.build/Debug/VideoCullingAppUITests.build/Objects-normal/arm64/VideoCullingAppUITests-Swift.h -working-directory /Users/romanwilson/projects/videocull/VideoCullingApp -experimental-emit-module-separately -disable-cmo

SwiftMergeGeneratedHeaders /Users/romanwilson/Library/Developer/Xcode/DerivedData/VideoCullingApp-gorssjuaelhchegcjoftthvccbjj/Build/Intermediates.noindex/VideoCullingApp.build/Debug/VideoCullingAppUITests.build/DerivedSources/VideoCullingAppUITests-Swift.h /Users/romanwilson/Library/Developer/Xcode/DerivedData/VideoCullingApp-gorssjuaelhchegcjoftthvccbjj/Build/Intermediates.noindex/VideoCullingApp.build/Debug/VideoCullingAppUITests.build/Objects-normal/arm64/VideoCullingAppUITests-Swift.h (in target 'VideoCullingAppUITests' from project 'VideoCullingApp')
    cd /Users/romanwilson/projects/videocull/VideoCullingApp
    builtin-swiftHeaderTool -arch arm64 /Users/romanwilson/Library/Developer/Xcode/DerivedData/VideoCullingApp-gorssjuaelhchegcjoftthvccbjj/Build/Intermediates.noindex/VideoCullingApp.build/Debug/VideoCullingAppUITests.build/Objects-normal/arm64/VideoCullingAppUITests-Swift.h -o /Users/romanwilson/Library/Developer/Xcode/DerivedData/VideoCullingApp-gorssjuaelhchegcjoftthvccbjj/Build/Intermediates.noindex/VideoCullingApp.build/Debug/VideoCullingAppUITests.build/DerivedSources/VideoCullingAppUITests-Swift.h

Copy /Users/romanwilson/Library/Developer/Xcode/DerivedData/VideoCullingApp-gorssjuaelhchegcjoftthvccbjj/Build/Products/Debug/VideoCullingAppUITests.swiftmodule/arm64-apple-macos.swiftmodule /Users/romanwilson/Library/Developer/Xcode/DerivedData/VideoCullingApp-gorssjuaelhchegcjoftthvccbjj/Build/Intermediates.noindex/VideoCullingApp.build/Debug/VideoCullingAppUITests.build/Objects-normal/arm64/VideoCullingAppUITests.swiftmodule (in target 'VideoCullingAppUITests' from project 'VideoCullingApp')
    cd /Users/romanwilson/projects/videocull/VideoCullingApp
    builtin-copy -exclude .DS_Store -exclude CVS -exclude .svn -exclude .git -exclude .hg -resolve-src-symlinks -rename /Users/romanwilson/Library/Developer/Xcode/DerivedData/VideoCullingApp-gorssjuaelhchegcjoftthvccbjj/Build/Intermediates.noindex/VideoCullingApp.build/Debug/VideoCullingAppUITests.build/Objects-normal/arm64/VideoCullingAppUITests.swiftmodule /Users/romanwilson/Library/Developer/Xcode/DerivedData/VideoCullingApp-gorssjuaelhchegcjoftthvccbjj/Build/Products/Debug/VideoCullingAppUITests.swiftmodule/arm64-apple-macos.swiftmodule

Copy /Users/romanwilson/Library/Developer/Xcode/DerivedData/VideoCullingApp-gorssjuaelhchegcjoftthvccbjj/Build/Products/Debug/VideoCullingAppUITests.swiftmodule/arm64-apple-macos.abi.json /Users/romanwilson/Library/Developer/Xcode/DerivedData/VideoCullingApp-gorssjuaelhchegcjoftthvccbjj/Build/Intermediates.noindex/VideoCullingApp.build/Debug/VideoCullingAppUITests.build/Objects-normal/arm64/VideoCullingAppUITests.abi.json (in target 'VideoCullingAppUITests' from project 'VideoCullingApp')
    cd /Users/romanwilson/projects/videocull/VideoCullingApp
    builtin-copy -exclude .DS_Store -exclude CVS -exclude .svn -exclude .git -exclude .hg -resolve-src-symlinks -rename /Users/romanwilson/Library/Developer/Xcode/DerivedData/VideoCullingApp-gorssjuaelhchegcjoftthvccbjj/Build/Intermediates.noindex/VideoCullingApp.build/Debug/VideoCullingAppUITests.build/Objects-normal/arm64/VideoCullingAppUITests.abi.json /Users/romanwilson/Library/Developer/Xcode/DerivedData/VideoCullingApp-gorssjuaelhchegcjoftthvccbjj/Build/Products/Debug/VideoCullingAppUITests.swiftmodule/arm64-apple-macos.abi.json

Copy /Users/romanwilson/Library/Developer/Xcode/DerivedData/VideoCullingApp-gorssjuaelhchegcjoftthvccbjj/Build/Products/Debug/VideoCullingAppUITests.swiftmodule/arm64-apple-macos.swiftdoc /Users/romanwilson/Library/Developer/Xcode/DerivedData/VideoCullingApp-gorssjuaelhchegcjoftthvccbjj/Build/Intermediates.noindex/VideoCullingApp.build/Debug/VideoCullingAppUITests.build/Objects-normal/arm64/VideoCullingAppUITests.swiftdoc (in target 'VideoCullingAppUITests' from project 'VideoCullingApp')
    cd /Users/romanwilson/projects/videocull/VideoCullingApp
    builtin-copy -exclude .DS_Store -exclude CVS -exclude .svn -exclude .git -exclude .hg -resolve-src-symlinks -rename /Users/romanwilson/Library/Developer/Xcode/DerivedData/VideoCullingApp-gorssjuaelhchegcjoftthvccbjj/Build/Intermediates.noindex/VideoCullingApp.build/Debug/VideoCullingAppUITests.build/Objects-normal/arm64/VideoCullingAppUITests.swiftdoc /Users/romanwilson/Library/Developer/Xcode/DerivedData/VideoCullingApp-gorssjuaelhchegcjoftthvccbjj/Build/Products/Debug/VideoCullingAppUITests.swiftmodule/arm64-apple-macos.swiftdoc

Copy /Users/romanwilson/Library/Developer/Xcode/DerivedData/VideoCullingApp-gorssjuaelhchegcjoftthvccbjj/Build/Products/Debug/VideoCullingAppUITests.swiftmodule/Project/arm64-apple-macos.swiftsourceinfo /Users/romanwilson/Library/Developer/Xcode/DerivedData/VideoCullingApp-gorssjuaelhchegcjoftthvccbjj/Build/Intermediates.noindex/VideoCullingApp.build/Debug/VideoCullingAppUITests.build/Objects-normal/arm64/VideoCullingAppUITests.swiftsourceinfo (in target 'VideoCullingAppUITests' from project 'VideoCullingApp')
    cd /Users/romanwilson/projects/videocull/VideoCullingApp
    builtin-copy -exclude .DS_Store -exclude CVS -exclude .svn -exclude .git -exclude .hg -resolve-src-symlinks -rename /Users/romanwilson/Library/Developer/Xcode/DerivedData/VideoCullingApp-gorssjuaelhchegcjoftthvccbjj/Build/Intermediates.noindex/VideoCullingApp.build/Debug/VideoCullingAppUITests.build/Objects-normal/arm64/VideoCullingAppUITests.swiftsourceinfo /Users/romanwilson/Library/Developer/Xcode/DerivedData/VideoCullingApp-gorssjuaelhchegcjoftthvccbjj/Build/Products/Debug/VideoCullingAppUITests.swiftmodule/Project/arm64-apple-macos.swiftsourceinfo

SwiftDriverJobDiscovery normal arm64 Emitting module for VideoCullingAppTests (in target 'VideoCullingAppTests' from project 'VideoCullingApp')

SwiftDriver\ Compilation\ Requirements VideoCullingAppTests normal arm64 com.apple.xcode.tools.swift.compiler (in target 'VideoCullingAppTests' from project 'VideoCullingApp')
    cd /Users/romanwilson/projects/videocull/VideoCullingApp
    builtin-Swift-Compilation-Requirements -- /Applications/Xcode.app/Contents/Developer/Toolchains/XcodeDefault.xctoolchain/usr/bin/swiftc -module-name VideoCullingAppTests -Onone -enforce-exclusivity\=checked @/Users/romanwilson/Library/Developer/Xcode/DerivedData/VideoCullingApp-gorssjuaelhchegcjoftthvccbjj/Build/Intermediates.noindex/VideoCullingApp.build/Debug/VideoCullingAppTests.build/Objects-normal/arm64/VideoCullingAppTests.SwiftFileList -DDEBUG -plugin-path /Applications/Xcode.app/Contents/Developer/Toolchains/XcodeDefault.xctoolchain/usr/lib/swift/host/plugins/testing -enable-bare-slash-regex -enable-upcoming-feature DisableOutwardActorInference -enable-upcoming-feature InferSendableFromCaptures -enable-upcoming-feature GlobalActorIsolatedTypesUsability -enable-upcoming-feature MemberImportVisibility -enable-upcoming-feature InferIsolatedConformances -enable-upcoming-feature NonisolatedNonsendingByDefault -enable-experimental-feature DebugDescriptionMacro -sdk /Applications/Xcode.app/Contents/Developer/Platforms/MacOSX.platform/Developer/SDKs/MacOSX26.1.sdk -target arm64-apple-macos15.7 -g -module-cache-path /Users/romanwilson/Library/Developer/Xcode/DerivedData/ModuleCache.noindex -Xfrontend -serialize-debugging-options -profile-coverage-mapping -profile-generate -enable-testing -index-store-path /Users/romanwilson/Library/Developer/Xcode/DerivedData/VideoCullingApp-gorssjuaelhchegcjoftthvccbjj/Index.noindex/DataStore -Xcc -D_LIBCPP_HARDENING_MODE\=_LIBCPP_HARDENING_MODE_DEBUG -swift-version 5 -I /Users/romanwilson/Library/Developer/Xcode/DerivedData/VideoCullingApp-gorssjuaelhchegcjoftthvccbjj/Build/Products/Debug -Isystem /Applications/Xcode.app/Contents/Developer/Platforms/MacOSX.platform/Developer/usr/lib -F /Users/romanwilson/Library/Developer/Xcode/DerivedData/VideoCullingApp-gorssjuaelhchegcjoftthvccbjj/Build/Products/Debug -F /Applications/Xcode.app/Contents/Developer/Platforms/MacOSX.platform/Developer/Library/Frameworks -c -j16 -enable-batch-mode -incremental -Xcc -ivfsstatcache -Xcc /Users/romanwilson/Library/Developer/Xcode/DerivedData/SDKStatCaches.noindex/macosx26.1-25B74-3ae1261907bdadc328169391a47051a6.sdkstatcache -output-file-map /Users/romanwilson/Library/Developer/Xcode/DerivedData/VideoCullingApp-gorssjuaelhchegcjoftthvccbjj/Build/Intermediates.noindex/VideoCullingApp.build/Debug/VideoCullingAppTests.build/Objects-normal/arm64/VideoCullingAppTests-OutputFileMap.json -use-frontend-parseable-output -save-temps -no-color-diagnostics -explicit-module-build -module-cache-path /Users/romanwilson/Library/Developer/Xcode/DerivedData/VideoCullingApp-gorssjuaelhchegcjoftthvccbjj/Build/Intermediates.noindex/SwiftExplicitPrecompiledModules -clang-scanner-module-cache-path /Users/romanwilson/Library/Developer/Xcode/DerivedData/ModuleCache.noindex -sdk-module-cache-path /Users/romanwilson/Library/Developer/Xcode/DerivedData/ModuleCache.noindex -serialize-diagnostics -emit-dependencies -emit-module -emit-module-path /Users/romanwilson/Library/Developer/Xcode/DerivedData/VideoCullingApp-gorssjuaelhchegcjoftthvccbjj/Build/Intermediates.noindex/VideoCullingApp.build/Debug/VideoCullingAppTests.build/Objects-normal/arm64/VideoCullingAppTests.swiftmodule -validate-clang-modules-once -clang-build-session-file /Users/romanwilson/Library/Developer/Xcode/DerivedData/ModuleCache.noindex/Session.modulevalidation -Xcc -I/Users/romanwilson/Library/Developer/Xcode/DerivedData/VideoCullingApp-gorssjuaelhchegcjoftthvccbjj/Build/Intermediates.noindex/VideoCullingApp.build/Debug/VideoCullingAppTests.build/swift-overrides.hmap -emit-const-values -Xfrontend -const-gather-protocols-file -Xfrontend /Users/romanwilson/Library/Developer/Xcode/DerivedData/VideoCullingApp-gorssjuaelhchegcjoftthvccbjj/Build/Intermediates.noindex/VideoCullingApp.build/Debug/VideoCullingAppTests.build/Objects-normal/arm64/VideoCullingAppTests_const_extract_protocols.json -Xcc -iquote -Xcc /Users/romanwilson/Library/Developer/Xcode/DerivedData/VideoCullingApp-gorssjuaelhchegcjoftthvccbjj/Build/Intermediates.noindex/VideoCullingApp.build/Debug/VideoCullingAppTests.build/VideoCullingAppTests-generated-files.hmap -Xcc -I/Users/romanwilson/Library/Developer/Xcode/DerivedData/VideoCullingApp-gorssjuaelhchegcjoftthvccbjj/Build/Intermediates.noindex/VideoCullingApp.build/Debug/VideoCullingAppTests.build/VideoCullingAppTests-own-target-headers.hmap -Xcc -I/Users/romanwilson/Library/Developer/Xcode/DerivedData/VideoCullingApp-gorssjuaelhchegcjoftthvccbjj/Build/Intermediates.noindex/VideoCullingApp.build/Debug/VideoCullingAppTests.build/VideoCullingAppTests-all-target-headers.hmap -Xcc -iquote -Xcc /Users/romanwilson/Library/Developer/Xcode/DerivedData/VideoCullingApp-gorssjuaelhchegcjoftthvccbjj/Build/Intermediates.noindex/VideoCullingApp.build/Debug/VideoCullingAppTests.build/VideoCullingAppTests-project-headers.hmap -Xcc -I/Users/romanwilson/Library/Developer/Xcode/DerivedData/VideoCullingApp-gorssjuaelhchegcjoftthvccbjj/Build/Products/Debug/include -Xcc -I/Users/romanwilson/Library/Developer/Xcode/DerivedData/VideoCullingApp-gorssjuaelhchegcjoftthvccbjj/Build/Intermediates.noindex/VideoCullingApp.build/Debug/VideoCullingAppTests.build/DerivedSources-normal/arm64 -Xcc -I/Users/romanwilson/Library/Developer/Xcode/DerivedData/VideoCullingApp-gorssjuaelhchegcjoftthvccbjj/Build/Intermediates.noindex/VideoCullingApp.build/Debug/VideoCullingAppTests.build/DerivedSources/arm64 -Xcc -I/Users/romanwilson/Library/Developer/Xcode/DerivedData/VideoCullingApp-gorssjuaelhchegcjoftthvccbjj/Build/Intermediates.noindex/VideoCullingApp.build/Debug/VideoCullingAppTests.build/DerivedSources -Xcc -DDEBUG\=1 -emit-objc-header -emit-objc-header-path /Users/romanwilson/Library/Developer/Xcode/DerivedData/VideoCullingApp-gorssjuaelhchegcjoftthvccbjj/Build/Intermediates.noindex/VideoCullingApp.build/Debug/VideoCullingAppTests.build/Objects-normal/arm64/VideoCullingAppTests-Swift.h -working-directory /Users/romanwilson/projects/videocull/VideoCullingApp -experimental-emit-module-separately -disable-cmo

SwiftMergeGeneratedHeaders /Users/romanwilson/Library/Developer/Xcode/DerivedData/VideoCullingApp-gorssjuaelhchegcjoftthvccbjj/Build/Intermediates.noindex/VideoCullingApp.build/Debug/VideoCullingAppTests.build/DerivedSources/VideoCullingAppTests-Swift.h /Users/romanwilson/Library/Developer/Xcode/DerivedData/VideoCullingApp-gorssjuaelhchegcjoftthvccbjj/Build/Intermediates.noindex/VideoCullingApp.build/Debug/VideoCullingAppTests.build/Objects-normal/arm64/VideoCullingAppTests-Swift.h (in target 'VideoCullingAppTests' from project 'VideoCullingApp')
    cd /Users/romanwilson/projects/videocull/VideoCullingApp
    builtin-swiftHeaderTool -arch arm64 /Users/romanwilson/Library/Developer/Xcode/DerivedData/VideoCullingApp-gorssjuaelhchegcjoftthvccbjj/Build/Intermediates.noindex/VideoCullingApp.build/Debug/VideoCullingAppTests.build/Objects-normal/arm64/VideoCullingAppTests-Swift.h -o /Users/romanwilson/Library/Developer/Xcode/DerivedData/VideoCullingApp-gorssjuaelhchegcjoftthvccbjj/Build/Intermediates.noindex/VideoCullingApp.build/Debug/VideoCullingAppTests.build/DerivedSources/VideoCullingAppTests-Swift.h

Copy /Users/romanwilson/Library/Developer/Xcode/DerivedData/VideoCullingApp-gorssjuaelhchegcjoftthvccbjj/Build/Products/Debug/VideoCullingAppTests.swiftmodule/arm64-apple-macos.swiftdoc /Users/romanwilson/Library/Developer/Xcode/DerivedData/VideoCullingApp-gorssjuaelhchegcjoftthvccbjj/Build/Intermediates.noindex/VideoCullingApp.build/Debug/VideoCullingAppTests.build/Objects-normal/arm64/VideoCullingAppTests.swiftdoc (in target 'VideoCullingAppTests' from project 'VideoCullingApp')
    cd /Users/romanwilson/projects/videocull/VideoCullingApp
    builtin-copy -exclude .DS_Store -exclude CVS -exclude .svn -exclude .git -exclude .hg -resolve-src-symlinks -rename /Users/romanwilson/Library/Developer/Xcode/DerivedData/VideoCullingApp-gorssjuaelhchegcjoftthvccbjj/Build/Intermediates.noindex/VideoCullingApp.build/Debug/VideoCullingAppTests.build/Objects-normal/arm64/VideoCullingAppTests.swiftdoc /Users/romanwilson/Library/Developer/Xcode/DerivedData/VideoCullingApp-gorssjuaelhchegcjoftthvccbjj/Build/Products/Debug/VideoCullingAppTests.swiftmodule/arm64-apple-macos.swiftdoc

Copy /Users/romanwilson/Library/Developer/Xcode/DerivedData/VideoCullingApp-gorssjuaelhchegcjoftthvccbjj/Build/Products/Debug/VideoCullingAppTests.swiftmodule/arm64-apple-macos.abi.json /Users/romanwilson/Library/Developer/Xcode/DerivedData/VideoCullingApp-gorssjuaelhchegcjoftthvccbjj/Build/Intermediates.noindex/VideoCullingApp.build/Debug/VideoCullingAppTests.build/Objects-normal/arm64/VideoCullingAppTests.abi.json (in target 'VideoCullingAppTests' from project 'VideoCullingApp')
    cd /Users/romanwilson/projects/videocull/VideoCullingApp
    builtin-copy -exclude .DS_Store -exclude CVS -exclude .svn -exclude .git -exclude .hg -resolve-src-symlinks -rename /Users/romanwilson/Library/Developer/Xcode/DerivedData/VideoCullingApp-gorssjuaelhchegcjoftthvccbjj/Build/Intermediates.noindex/VideoCullingApp.build/Debug/VideoCullingAppTests.build/Objects-normal/arm64/VideoCullingAppTests.abi.json /Users/romanwilson/Library/Developer/Xcode/DerivedData/VideoCullingApp-gorssjuaelhchegcjoftthvccbjj/Build/Products/Debug/VideoCullingAppTests.swiftmodule/arm64-apple-macos.abi.json

Copy /Users/romanwilson/Library/Developer/Xcode/DerivedData/VideoCullingApp-gorssjuaelhchegcjoftthvccbjj/Build/Products/Debug/VideoCullingAppTests.swiftmodule/arm64-apple-macos.swiftmodule /Users/romanwilson/Library/Developer/Xcode/DerivedData/VideoCullingApp-gorssjuaelhchegcjoftthvccbjj/Build/Intermediates.noindex/VideoCullingApp.build/Debug/VideoCullingAppTests.build/Objects-normal/arm64/VideoCullingAppTests.swiftmodule (in target 'VideoCullingAppTests' from project 'VideoCullingApp')
    cd /Users/romanwilson/projects/videocull/VideoCullingApp
    builtin-copy -exclude .DS_Store -exclude CVS -exclude .svn -exclude .git -exclude .hg -resolve-src-symlinks -rename /Users/romanwilson/Library/Developer/Xcode/DerivedData/VideoCullingApp-gorssjuaelhchegcjoftthvccbjj/Build/Intermediates.noindex/VideoCullingApp.build/Debug/VideoCullingAppTests.build/Objects-normal/arm64/VideoCullingAppTests.swiftmodule /Users/romanwilson/Library/Developer/Xcode/DerivedData/VideoCullingApp-gorssjuaelhchegcjoftthvccbjj/Build/Products/Debug/VideoCullingAppTests.swiftmodule/arm64-apple-macos.swiftmodule

Copy /Users/romanwilson/Library/Developer/Xcode/DerivedData/VideoCullingApp-gorssjuaelhchegcjoftthvccbjj/Build/Products/Debug/VideoCullingAppTests.swiftmodule/Project/arm64-apple-macos.swiftsourceinfo /Users/romanwilson/Library/Developer/Xcode/DerivedData/VideoCullingApp-gorssjuaelhchegcjoftthvccbjj/Build/Intermediates.noindex/VideoCullingApp.build/Debug/VideoCullingAppTests.build/Objects-normal/arm64/VideoCullingAppTests.swiftsourceinfo (in target 'VideoCullingAppTests' from project 'VideoCullingApp')
    cd /Users/romanwilson/projects/videocull/VideoCullingApp
    builtin-copy -exclude .DS_Store -exclude CVS -exclude .svn -exclude .git -exclude .hg -resolve-src-symlinks -rename /Users/romanwilson/Library/Developer/Xcode/DerivedData/VideoCullingApp-gorssjuaelhchegcjoftthvccbjj/Build/Intermediates.noindex/VideoCullingApp.build/Debug/VideoCullingAppTests.build/Objects-normal/arm64/VideoCullingAppTests.swiftsourceinfo /Users/romanwilson/Library/Developer/Xcode/DerivedData/VideoCullingApp-gorssjuaelhchegcjoftthvccbjj/Build/Products/Debug/VideoCullingAppTests.swiftmodule/Project/arm64-apple-macos.swiftsourceinfo

SwiftDriverJobDiscovery normal arm64 Compiling VideoCullingAppTests.swift (in target 'VideoCullingAppTests' from project 'VideoCullingApp')

SwiftDriverJobDiscovery normal arm64 Compiling VideoCullingAppUITests.swift (in target 'VideoCullingAppUITests' from project 'VideoCullingApp')

SwiftDriverJobDiscovery normal arm64 Compiling LUTAutoMapperTests.swift (in target 'VideoCullingAppTests' from project 'VideoCullingApp')

SwiftDriver\ Compilation VideoCullingAppTests normal arm64 com.apple.xcode.tools.swift.compiler (in target 'VideoCullingAppTests' from project 'VideoCullingApp')
    cd /Users/romanwilson/projects/videocull/VideoCullingApp
    builtin-Swift-Compilation -- /Applications/Xcode.app/Contents/Developer/Toolchains/XcodeDefault.xctoolchain/usr/bin/swiftc -module-name VideoCullingAppTests -Onone -enforce-exclusivity\=checked @/Users/romanwilson/Library/Developer/Xcode/DerivedData/VideoCullingApp-gorssjuaelhchegcjoftthvccbjj/Build/Intermediates.noindex/VideoCullingApp.build/Debug/VideoCullingAppTests.build/Objects-normal/arm64/VideoCullingAppTests.SwiftFileList -DDEBUG -plugin-path /Applications/Xcode.app/Contents/Developer/Toolchains/XcodeDefault.xctoolchain/usr/lib/swift/host/plugins/testing -enable-bare-slash-regex -enable-upcoming-feature DisableOutwardActorInference -enable-upcoming-feature InferSendableFromCaptures -enable-upcoming-feature GlobalActorIsolatedTypesUsability -enable-upcoming-feature MemberImportVisibility -enable-upcoming-feature InferIsolatedConformances -enable-upcoming-feature NonisolatedNonsendingByDefault -enable-experimental-feature DebugDescriptionMacro -sdk /Applications/Xcode.app/Contents/Developer/Platforms/MacOSX.platform/Developer/SDKs/MacOSX26.1.sdk -target arm64-apple-macos15.7 -g -module-cache-path /Users/romanwilson/Library/Developer/Xcode/DerivedData/ModuleCache.noindex -Xfrontend -serialize-debugging-options -profile-coverage-mapping -profile-generate -enable-testing -index-store-path /Users/romanwilson/Library/Developer/Xcode/DerivedData/VideoCullingApp-gorssjuaelhchegcjoftthvccbjj/Index.noindex/DataStore -Xcc -D_LIBCPP_HARDENING_MODE\=_LIBCPP_HARDENING_MODE_DEBUG -swift-version 5 -I /Users/romanwilson/Library/Developer/Xcode/DerivedData/VideoCullingApp-gorssjuaelhchegcjoftthvccbjj/Build/Products/Debug -Isystem /Applications/Xcode.app/Contents/Developer/Platforms/MacOSX.platform/Developer/usr/lib -F /Users/romanwilson/Library/Developer/Xcode/DerivedData/VideoCullingApp-gorssjuaelhchegcjoftthvccbjj/Build/Products/Debug -F /Applications/Xcode.app/Contents/Developer/Platforms/MacOSX.platform/Developer/Library/Frameworks -c -j16 -enable-batch-mode -incremental -Xcc -ivfsstatcache -Xcc /Users/romanwilson/Library/Developer/Xcode/DerivedData/SDKStatCaches.noindex/macosx26.1-25B74-3ae1261907bdadc328169391a47051a6.sdkstatcache -output-file-map /Users/romanwilson/Library/Developer/Xcode/DerivedData/VideoCullingApp-gorssjuaelhchegcjoftthvccbjj/Build/Intermediates.noindex/VideoCullingApp.build/Debug/VideoCullingAppTests.build/Objects-normal/arm64/VideoCullingAppTests-OutputFileMap.json -use-frontend-parseable-output -save-temps -no-color-diagnostics -explicit-module-build -module-cache-path /Users/romanwilson/Library/Developer/Xcode/DerivedData/VideoCullingApp-gorssjuaelhchegcjoftthvccbjj/Build/Intermediates.noindex/SwiftExplicitPrecompiledModules -clang-scanner-module-cache-path /Users/romanwilson/Library/Developer/Xcode/DerivedData/ModuleCache.noindex -sdk-module-cache-path /Users/romanwilson/Library/Developer/Xcode/DerivedData/ModuleCache.noindex -serialize-diagnostics -emit-dependencies -emit-module -emit-module-path /Users/romanwilson/Library/Developer/Xcode/DerivedData/VideoCullingApp-gorssjuaelhchegcjoftthvccbjj/Build/Intermediates.noindex/VideoCullingApp.build/Debug/VideoCullingAppTests.build/Objects-normal/arm64/VideoCullingAppTests.swiftmodule -validate-clang-modules-once -clang-build-session-file /Users/romanwilson/Library/Developer/Xcode/DerivedData/ModuleCache.noindex/Session.modulevalidation -Xcc -I/Users/romanwilson/Library/Developer/Xcode/DerivedData/VideoCullingApp-gorssjuaelhchegcjoftthvccbjj/Build/Intermediates.noindex/VideoCullingApp.build/Debug/VideoCullingAppTests.build/swift-overrides.hmap -emit-const-values -Xfrontend -const-gather-protocols-file -Xfrontend /Users/romanwilson/Library/Developer/Xcode/DerivedData/VideoCullingApp-gorssjuaelhchegcjoftthvccbjj/Build/Intermediates.noindex/VideoCullingApp.build/Debug/VideoCullingAppTests.build/Objects-normal/arm64/VideoCullingAppTests_const_extract_protocols.json -Xcc -iquote -Xcc /Users/romanwilson/Library/Developer/Xcode/DerivedData/VideoCullingApp-gorssjuaelhchegcjoftthvccbjj/Build/Intermediates.noindex/VideoCullingApp.build/Debug/VideoCullingAppTests.build/VideoCullingAppTests-generated-files.hmap -Xcc -I/Users/romanwilson/Library/Developer/Xcode/DerivedData/VideoCullingApp-gorssjuaelhchegcjoftthvccbjj/Build/Intermediates.noindex/VideoCullingApp.build/Debug/VideoCullingAppTests.build/VideoCullingAppTests-own-target-headers.hmap -Xcc -I/Users/romanwilson/Library/Developer/Xcode/DerivedData/VideoCullingApp-gorssjuaelhchegcjoftthvccbjj/Build/Intermediates.noindex/VideoCullingApp.build/Debug/VideoCullingAppTests.build/VideoCullingAppTests-all-target-headers.hmap -Xcc -iquote -Xcc /Users/romanwilson/Library/Developer/Xcode/DerivedData/VideoCullingApp-gorssjuaelhchegcjoftthvccbjj/Build/Intermediates.noindex/VideoCullingApp.build/Debug/VideoCullingAppTests.build/VideoCullingAppTests-project-headers.hmap -Xcc -I/Users/romanwilson/Library/Developer/Xcode/DerivedData/VideoCullingApp-gorssjuaelhchegcjoftthvccbjj/Build/Products/Debug/include -Xcc -I/Users/romanwilson/Library/Developer/Xcode/DerivedData/VideoCullingApp-gorssjuaelhchegcjoftthvccbjj/Build/Intermediates.noindex/VideoCullingApp.build/Debug/VideoCullingAppTests.build/DerivedSources-normal/arm64 -Xcc -I/Users/romanwilson/Library/Developer/Xcode/DerivedData/VideoCullingApp-gorssjuaelhchegcjoftthvccbjj/Build/Intermediates.noindex/VideoCullingApp.build/Debug/VideoCullingAppTests.build/DerivedSources/arm64 -Xcc -I/Users/romanwilson/Library/Developer/Xcode/DerivedData/VideoCullingApp-gorssjuaelhchegcjoftthvccbjj/Build/Intermediates.noindex/VideoCullingApp.build/Debug/VideoCullingAppTests.build/DerivedSources -Xcc -DDEBUG\=1 -emit-objc-header -emit-objc-header-path /Users/romanwilson/Library/Developer/Xcode/DerivedData/VideoCullingApp-gorssjuaelhchegcjoftthvccbjj/Build/Intermediates.noindex/VideoCullingApp.build/Debug/VideoCullingAppTests.build/Objects-normal/arm64/VideoCullingAppTests-Swift.h -working-directory /Users/romanwilson/projects/videocull/VideoCullingApp -experimental-emit-module-separately -disable-cmo

Ld /Users/romanwilson/Library/Developer/Xcode/DerivedData/VideoCullingApp-gorssjuaelhchegcjoftthvccbjj/Build/Products/Debug/VideoCullingApp.app/Contents/PlugIns/VideoCullingAppTests.xctest/Contents/MacOS/VideoCullingAppTests normal (in target 'VideoCullingAppTests' from project 'VideoCullingApp')
    cd /Users/romanwilson/projects/videocull/VideoCullingApp
    /Applications/Xcode.app/Contents/Developer/Toolchains/XcodeDefault.xctoolchain/usr/bin/clang -Xlinker -reproducible -target arm64-apple-macos15.7 -bundle -isysroot /Applications/Xcode.app/Contents/Developer/Platforms/MacOSX.platform/Developer/SDKs/MacOSX26.1.sdk -O0 -L/Users/romanwilson/Library/Developer/Xcode/DerivedData/VideoCullingApp-gorssjuaelhchegcjoftthvccbjj/Build/Intermediates.noindex/EagerLinkingTBDs/Debug -L/Users/romanwilson/Library/Developer/Xcode/DerivedData/VideoCullingApp-gorssjuaelhchegcjoftthvccbjj/Build/Products/Debug -L/Applications/Xcode.app/Contents/Developer/Platforms/MacOSX.platform/Developer/usr/lib -F/Users/romanwilson/Library/Developer/Xcode/DerivedData/VideoCullingApp-gorssjuaelhchegcjoftthvccbjj/Build/Intermediates.noindex/EagerLinkingTBDs/Debug -F/Users/romanwilson/Library/Developer/Xcode/DerivedData/VideoCullingApp-gorssjuaelhchegcjoftthvccbjj/Build/Products/Debug -iframework /Applications/Xcode.app/Contents/Developer/Platforms/MacOSX.platform/Developer/Library/Frameworks -filelist /Users/romanwilson/Library/Developer/Xcode/DerivedData/VideoCullingApp-gorssjuaelhchegcjoftthvccbjj/Build/Intermediates.noindex/VideoCullingApp.build/Debug/VideoCullingAppTests.build/Objects-normal/arm64/VideoCullingAppTests.LinkFileList -Xlinker -rpath -Xlinker /usr/lib/swift -Xlinker -rpath -Xlinker @loader_path/../Frameworks -Xlinker -rpath -Xlinker @executable_path/../Frameworks -bundle_loader /Users/romanwilson/Library/Developer/Xcode/DerivedData/VideoCullingApp-gorssjuaelhchegcjoftthvccbjj/Build/Products/Debug/VideoCullingApp.app/Contents/MacOS/VideoCullingApp -Xlinker -object_path_lto -Xlinker /Users/romanwilson/Library/Developer/Xcode/DerivedData/VideoCullingApp-gorssjuaelhchegcjoftthvccbjj/Build/Intermediates.noindex/VideoCullingApp.build/Debug/VideoCullingAppTests.build/Objects-normal/arm64/VideoCullingAppTests_lto.o -rdynamic -Xlinker -no_deduplicate -Xlinker -debug_variant -Xlinker -dependency_info -Xlinker /Users/romanwilson/Library/Developer/Xcode/DerivedData/VideoCullingApp-gorssjuaelhchegcjoftthvccbjj/Build/Intermediates.noindex/VideoCullingApp.build/Debug/VideoCullingAppTests.build/Objects-normal/arm64/VideoCullingAppTests_dependency_info.dat -fobjc-link-runtime -fprofile-instr-generate -L/Applications/Xcode.app/Contents/Developer/Toolchains/XcodeDefault.xctoolchain/usr/lib/swift/macosx -L/usr/lib/swift -Xlinker -add_ast_path -Xlinker /Users/romanwilson/Library/Developer/Xcode/DerivedData/VideoCullingApp-gorssjuaelhchegcjoftthvccbjj/Build/Intermediates.noindex/VideoCullingApp.build/Debug/VideoCullingAppTests.build/Objects-normal/arm64/VideoCullingAppTests.swiftmodule @/Users/romanwilson/Library/Developer/Xcode/DerivedData/VideoCullingApp-gorssjuaelhchegcjoftthvccbjj/Build/Intermediates.noindex/VideoCullingApp.build/Debug/VideoCullingAppTests.build/Objects-normal/arm64/VideoCullingAppTests-linker-args.resp -Xlinker -needed_framework -Xlinker XCTest -framework XCTest -Xlinker -needed-lXCTestSwiftSupport -lXCTestSwiftSupport /Users/romanwilson/Library/Developer/Xcode/DerivedData/VideoCullingApp-gorssjuaelhchegcjoftthvccbjj/Build/Products/Debug/VideoCullingApp.app/Contents/MacOS/VideoCullingApp.debug.dylib -Xlinker -no_adhoc_codesign -o /Users/romanwilson/Library/Developer/Xcode/DerivedData/VideoCullingApp-gorssjuaelhchegcjoftthvccbjj/Build/Products/Debug/VideoCullingApp.app/Contents/PlugIns/VideoCullingAppTests.xctest/Contents/MacOS/VideoCullingAppTests

SwiftDriverJobDiscovery normal arm64 Compiling UILayoutTests.swift (in target 'VideoCullingAppUITests' from project 'VideoCullingApp')

SwiftDriver\ Compilation VideoCullingAppUITests normal arm64 com.apple.xcode.tools.swift.compiler (in target 'VideoCullingAppUITests' from project 'VideoCullingApp')
    cd /Users/romanwilson/projects/videocull/VideoCullingApp
    builtin-Swift-Compilation -- /Applications/Xcode.app/Contents/Developer/Toolchains/XcodeDefault.xctoolchain/usr/bin/swiftc -module-name VideoCullingAppUITests -Onone -enforce-exclusivity\=checked @/Users/romanwilson/Library/Developer/Xcode/DerivedData/VideoCullingApp-gorssjuaelhchegcjoftthvccbjj/Build/Intermediates.noindex/VideoCullingApp.build/Debug/VideoCullingAppUITests.build/Objects-normal/arm64/VideoCullingAppUITests.SwiftFileList -DDEBUG -module-alias Testing\=_Testing_Unavailable -plugin-path /Applications/Xcode.app/Contents/Developer/Toolchains/XcodeDefault.xctoolchain/usr/lib/swift/host/plugins/testing -enable-bare-slash-regex -enable-upcoming-feature DisableOutwardActorInference -enable-upcoming-feature InferSendableFromCaptures -enable-upcoming-feature GlobalActorIsolatedTypesUsability -enable-upcoming-feature MemberImportVisibility -enable-upcoming-feature InferIsolatedConformances -enable-upcoming-feature NonisolatedNonsendingByDefault -enable-experimental-feature DebugDescriptionMacro -sdk /Applications/Xcode.app/Contents/Developer/Platforms/MacOSX.platform/Developer/SDKs/MacOSX26.1.sdk -target arm64-apple-macos15.7 -g -module-cache-path /Users/romanwilson/Library/Developer/Xcode/DerivedData/ModuleCache.noindex -Xfrontend -serialize-debugging-options -profile-coverage-mapping -profile-generate -enable-testing -index-store-path /Users/romanwilson/Library/Developer/Xcode/DerivedData/VideoCullingApp-gorssjuaelhchegcjoftthvccbjj/Index.noindex/DataStore -Xcc -D_LIBCPP_HARDENING_MODE\=_LIBCPP_HARDENING_MODE_DEBUG -swift-version 5 -I /Users/romanwilson/Library/Developer/Xcode/DerivedData/VideoCullingApp-gorssjuaelhchegcjoftthvccbjj/Build/Products/Debug -Isystem /Applications/Xcode.app/Contents/Developer/Platforms/MacOSX.platform/Developer/usr/lib -F /Users/romanwilson/Library/Developer/Xcode/DerivedData/VideoCullingApp-gorssjuaelhchegcjoftthvccbjj/Build/Products/Debug -F /Applications/Xcode.app/Contents/Developer/Platforms/MacOSX.platform/Developer/Library/Frameworks -c -j16 -enable-batch-mode -incremental -Xcc -ivfsstatcache -Xcc /Users/romanwilson/Library/Developer/Xcode/DerivedData/SDKStatCaches.noindex/macosx26.1-25B74-3ae1261907bdadc328169391a47051a6.sdkstatcache -output-file-map /Users/romanwilson/Library/Developer/Xcode/DerivedData/VideoCullingApp-gorssjuaelhchegcjoftthvccbjj/Build/Intermediates.noindex/VideoCullingApp.build/Debug/VideoCullingAppUITests.build/Objects-normal/arm64/VideoCullingAppUITests-OutputFileMap.json -use-frontend-parseable-output -save-temps -no-color-diagnostics -explicit-module-build -module-cache-path /Users/romanwilson/Library/Developer/Xcode/DerivedData/VideoCullingApp-gorssjuaelhchegcjoftthvccbjj/Build/Intermediates.noindex/SwiftExplicitPrecompiledModules -clang-scanner-module-cache-path /Users/romanwilson/Library/Developer/Xcode/DerivedData/ModuleCache.noindex -sdk-module-cache-path /Users/romanwilson/Library/Developer/Xcode/DerivedData/ModuleCache.noindex -serialize-diagnostics -emit-dependencies -emit-module -emit-module-path /Users/romanwilson/Library/Developer/Xcode/DerivedData/VideoCullingApp-gorssjuaelhchegcjoftthvccbjj/Build/Intermediates.noindex/VideoCullingApp.build/Debug/VideoCullingAppUITests.build/Objects-normal/arm64/VideoCullingAppUITests.swiftmodule -validate-clang-modules-once -clang-build-session-file /Users/romanwilson/Library/Developer/Xcode/DerivedData/ModuleCache.noindex/Session.modulevalidation -Xcc -I/Users/romanwilson/Library/Developer/Xcode/DerivedData/VideoCullingApp-gorssjuaelhchegcjoftthvccbjj/Build/Intermediates.noindex/VideoCullingApp.build/Debug/VideoCullingAppUITests.build/swift-overrides.hmap -emit-const-values -Xfrontend -const-gather-protocols-file -Xfrontend /Users/romanwilson/Library/Developer/Xcode/DerivedData/VideoCullingApp-gorssjuaelhchegcjoftthvccbjj/Build/Intermediates.noindex/VideoCullingApp.build/Debug/VideoCullingAppUITests.build/Objects-normal/arm64/VideoCullingAppUITests_const_extract_protocols.json -Xcc -iquote -Xcc /Users/romanwilson/Library/Developer/Xcode/DerivedData/VideoCullingApp-gorssjuaelhchegcjoftthvccbjj/Build/Intermediates.noindex/VideoCullingApp.build/Debug/VideoCullingAppUITests.build/VideoCullingAppUITests-generated-files.hmap -Xcc -I/Users/romanwilson/Library/Developer/Xcode/DerivedData/VideoCullingApp-gorssjuaelhchegcjoftthvccbjj/Build/Intermediates.noindex/VideoCullingApp.build/Debug/VideoCullingAppUITests.build/VideoCullingAppUITests-own-target-headers.hmap -Xcc -I/Users/romanwilson/Library/Developer/Xcode/DerivedData/VideoCullingApp-gorssjuaelhchegcjoftthvccbjj/Build/Intermediates.noindex/VideoCullingApp.build/Debug/VideoCullingAppUITests.build/VideoCullingAppUITests-all-target-headers.hmap -Xcc -iquote -Xcc /Users/romanwilson/Library/Developer/Xcode/DerivedData/VideoCullingApp-gorssjuaelhchegcjoftthvccbjj/Build/Intermediates.noindex/VideoCullingApp.build/Debug/VideoCullingAppUITests.build/VideoCullingAppUITests-project-headers.hmap -Xcc -I/Users/romanwilson/Library/Developer/Xcode/DerivedData/VideoCullingApp-gorssjuaelhchegcjoftthvccbjj/Build/Products/Debug/include -Xcc -I/Users/romanwilson/Library/Developer/Xcode/DerivedData/VideoCullingApp-gorssjuaelhchegcjoftthvccbjj/Build/Intermediates.noindex/VideoCullingApp.build/Debug/VideoCullingAppUITests.build/DerivedSources-normal/arm64 -Xcc -I/Users/romanwilson/Library/Developer/Xcode/DerivedData/VideoCullingApp-gorssjuaelhchegcjoftthvccbjj/Build/Intermediates.noindex/VideoCullingApp.build/Debug/VideoCullingAppUITests.build/DerivedSources/arm64 -Xcc -I/Users/romanwilson/Library/Developer/Xcode/DerivedData/VideoCullingApp-gorssjuaelhchegcjoftthvccbjj/Build/Intermediates.noindex/VideoCullingApp.build/Debug/VideoCullingAppUITests.build/DerivedSources -Xcc -DDEBUG\=1 -emit-objc-header -emit-objc-header-path /Users/romanwilson/Library/Developer/Xcode/DerivedData/VideoCullingApp-gorssjuaelhchegcjoftthvccbjj/Build/Intermediates.noindex/VideoCullingApp.build/Debug/VideoCullingAppUITests.build/Objects-normal/arm64/VideoCullingAppUITests-Swift.h -working-directory /Users/romanwilson/projects/videocull/VideoCullingApp -experimental-emit-module-separately -disable-cmo

CopySwiftLibs /Users/romanwilson/Library/Developer/Xcode/DerivedData/VideoCullingApp-gorssjuaelhchegcjoftthvccbjj/Build/Products/Debug/VideoCullingApp.app/Contents/PlugIns/VideoCullingAppTests.xctest (in target 'VideoCullingAppTests' from project 'VideoCullingApp')
    cd /Users/romanwilson/projects/videocull/VideoCullingApp
    builtin-swiftStdLibTool --copy --verbose --sign 5D50E1DA8DB15D100ECD7DD6AD1CAF0F03C3D96B --scan-executable /Users/romanwilson/Library/Developer/Xcode/DerivedData/VideoCullingApp-gorssjuaelhchegcjoftthvccbjj/Build/Products/Debug/VideoCullingApp.app/Contents/PlugIns/VideoCullingAppTests.xctest/Contents/MacOS/VideoCullingAppTests --scan-folder /Users/romanwilson/Library/Developer/Xcode/DerivedData/VideoCullingApp-gorssjuaelhchegcjoftthvccbjj/Build/Products/Debug/VideoCullingApp.app/Contents/PlugIns/VideoCullingAppTests.xctest/Contents/Frameworks --scan-folder /Users/romanwilson/Library/Developer/Xcode/DerivedData/VideoCullingApp-gorssjuaelhchegcjoftthvccbjj/Build/Products/Debug/VideoCullingApp.app/Contents/PlugIns/VideoCullingAppTests.xctest/Contents/PlugIns --scan-folder /Users/romanwilson/Library/Developer/Xcode/DerivedData/VideoCullingApp-gorssjuaelhchegcjoftthvccbjj/Build/Products/Debug/VideoCullingApp.app/Contents/PlugIns/VideoCullingAppTests.xctest/Contents/Library/SystemExtensions --scan-folder /Users/romanwilson/Library/Developer/Xcode/DerivedData/VideoCullingApp-gorssjuaelhchegcjoftthvccbjj/Build/Products/Debug/VideoCullingApp.app/Contents/PlugIns/VideoCullingAppTests.xctest/Contents/Extensions --platform macosx --toolchain /Applications/Xcode.app/Contents/Developer/Toolchains/XcodeDefault.xctoolchain --destination /Users/romanwilson/Library/Developer/Xcode/DerivedData/VideoCullingApp-gorssjuaelhchegcjoftthvccbjj/Build/Products/Debug/VideoCullingApp.app/Contents/PlugIns/VideoCullingAppTests.xctest/Contents/Frameworks --strip-bitcode --scan-executable /Applications/Xcode.app/Contents/Developer/Platforms/MacOSX.platform/Developer/usr/lib/libXCTestSwiftSupport.dylib --strip-bitcode-tool /Applications/Xcode.app/Contents/Developer/Toolchains/XcodeDefault.xctoolchain/usr/bin/bitcode_strip --emit-dependency-info /Users/romanwilson/Library/Developer/Xcode/DerivedData/VideoCullingApp-gorssjuaelhchegcjoftthvccbjj/Build/Intermediates.noindex/VideoCullingApp.build/Debug/VideoCullingAppTests.build/SwiftStdLibToolInputDependencies.dep --filter-for-swift-os --back-deploy-swift-span

ExtractAppIntentsMetadata (in target 'VideoCullingAppTests' from project 'VideoCullingApp')
    cd /Users/romanwilson/projects/videocull/VideoCullingApp
    /Applications/Xcode.app/Contents/Developer/Toolchains/XcodeDefault.xctoolchain/usr/bin/appintentsmetadataprocessor --toolchain-dir /Applications/Xcode.app/Contents/Developer/Toolchains/XcodeDefault.xctoolchain --module-name VideoCullingAppTests --sdk-root /Applications/Xcode.app/Contents/Developer/Platforms/MacOSX.platform/Developer/SDKs/MacOSX26.1.sdk --xcode-version 17B100 --platform-family macOS --deployment-target 15.7 --bundle-identifier ai.careernudge.VideoCullingAppTests --output /Users/romanwilson/Library/Developer/Xcode/DerivedData/VideoCullingApp-gorssjuaelhchegcjoftthvccbjj/Build/Products/Debug/VideoCullingApp.app/Contents/PlugIns/VideoCullingAppTests.xctest/Contents/Resources --target-triple arm64-apple-macos15.7 --binary-file /Users/romanwilson/Library/Developer/Xcode/DerivedData/VideoCullingApp-gorssjuaelhchegcjoftthvccbjj/Build/Products/Debug/VideoCullingApp.app/Contents/PlugIns/VideoCullingAppTests.xctest/Contents/MacOS/VideoCullingAppTests --dependency-file /Users/romanwilson/Library/Developer/Xcode/DerivedData/VideoCullingApp-gorssjuaelhchegcjoftthvccbjj/Build/Intermediates.noindex/VideoCullingApp.build/Debug/VideoCullingAppTests.build/Objects-normal/arm64/VideoCullingAppTests_dependency_info.dat --stringsdata-file /Users/romanwilson/Library/Developer/Xcode/DerivedData/VideoCullingApp-gorssjuaelhchegcjoftthvccbjj/Build/Intermediates.noindex/VideoCullingApp.build/Debug/VideoCullingAppTests.build/Objects-normal/arm64/ExtractedAppShortcutsMetadata.stringsdata --source-file-list /Users/romanwilson/Library/Developer/Xcode/DerivedData/VideoCullingApp-gorssjuaelhchegcjoftthvccbjj/Build/Intermediates.noindex/VideoCullingApp.build/Debug/VideoCullingAppTests.build/Objects-normal/arm64/VideoCullingAppTests.SwiftFileList --metadata-file-list /Users/romanwilson/Library/Developer/Xcode/DerivedData/VideoCullingApp-gorssjuaelhchegcjoftthvccbjj/Build/Intermediates.noindex/VideoCullingApp.build/Debug/VideoCullingAppTests.build/VideoCullingAppTests.DependencyMetadataFileList --static-metadata-file-list /Users/romanwilson/Library/Developer/Xcode/DerivedData/VideoCullingApp-gorssjuaelhchegcjoftthvccbjj/Build/Intermediates.noindex/VideoCullingApp.build/Debug/VideoCullingAppTests.build/VideoCullingAppTests.DependencyStaticMetadataFileList --swift-const-vals-list /Users/romanwilson/Library/Developer/Xcode/DerivedData/VideoCullingApp-gorssjuaelhchegcjoftthvccbjj/Build/Intermediates.noindex/VideoCullingApp.build/Debug/VideoCullingAppTests.build/Objects-normal/arm64/VideoCullingAppTests.SwiftConstValuesFileList --compile-time-extraction --deployment-aware-processing --validate-assistant-intents --no-app-shortcuts-localization
2025-11-17 15:36:21.947 appintentsmetadataprocessor[97053:5225786] Starting appintentsmetadataprocessor export
2025-11-17 15:36:21.949 appintentsmetadataprocessor[97053:5225786] warning: Metadata extraction skipped. No AppIntents.framework dependency found.

CodeSign /Users/romanwilson/Library/Developer/Xcode/DerivedData/VideoCullingApp-gorssjuaelhchegcjoftthvccbjj/Build/Products/Debug/VideoCullingApp.app/Contents/PlugIns/VideoCullingAppTests.xctest (in target 'VideoCullingAppTests' from project 'VideoCullingApp')
    cd /Users/romanwilson/projects/videocull/VideoCullingApp
    
    Signing Identity:     "Apple Development: Roman Wilson (PTVTR5ZBZF)"
    
    /usr/bin/codesign --force --sign 5D50E1DA8DB15D100ECD7DD6AD1CAF0F03C3D96B --timestamp\=none --generate-entitlement-der /Users/romanwilson/Library/Developer/Xcode/DerivedData/VideoCullingApp-gorssjuaelhchegcjoftthvccbjj/Build/Products/Debug/VideoCullingApp.app/Contents/PlugIns/VideoCullingAppTests.xctest

RegisterExecutionPolicyException /Users/romanwilson/Library/Developer/Xcode/DerivedData/VideoCullingApp-gorssjuaelhchegcjoftthvccbjj/Build/Products/Debug/VideoCullingApp.app/Contents/PlugIns/VideoCullingAppTests.xctest (in target 'VideoCullingAppTests' from project 'VideoCullingApp')
    cd /Users/romanwilson/projects/videocull/VideoCullingApp
    builtin-RegisterExecutionPolicyException /Users/romanwilson/Library/Developer/Xcode/DerivedData/VideoCullingApp-gorssjuaelhchegcjoftthvccbjj/Build/Products/Debug/VideoCullingApp.app/Contents/PlugIns/VideoCullingAppTests.xctest

Touch /Users/romanwilson/Library/Developer/Xcode/DerivedData/VideoCullingApp-gorssjuaelhchegcjoftthvccbjj/Build/Products/Debug/VideoCullingApp.app/Contents/PlugIns/VideoCullingAppTests.xctest (in target 'VideoCullingAppTests' from project 'VideoCullingApp')
    cd /Users/romanwilson/projects/videocull/VideoCullingApp
    /usr/bin/touch -c /Users/romanwilson/Library/Developer/Xcode/DerivedData/VideoCullingApp-gorssjuaelhchegcjoftthvccbjj/Build/Products/Debug/VideoCullingApp.app/Contents/PlugIns/VideoCullingAppTests.xctest

CodeSign /Users/romanwilson/Library/Developer/Xcode/DerivedData/VideoCullingApp-gorssjuaelhchegcjoftthvccbjj/Build/Products/Debug/VideoCullingApp.app/Contents/MacOS/VideoCullingApp.debug.dylib (in target 'VideoCullingApp' from project 'VideoCullingApp')
    cd /Users/romanwilson/projects/videocull/VideoCullingApp
    
    Signing Identity:     "Sign to Run Locally"
    
    /usr/bin/codesign --force --sign - --timestamp\=none --generate-entitlement-der /Users/romanwilson/Library/Developer/Xcode/DerivedData/VideoCullingApp-gorssjuaelhchegcjoftthvccbjj/Build/Products/Debug/VideoCullingApp.app/Contents/MacOS/VideoCullingApp.debug.dylib
/Users/romanwilson/Library/Developer/Xcode/DerivedData/VideoCullingApp-gorssjuaelhchegcjoftthvccbjj/Build/Products/Debug/VideoCullingApp.app/Contents/MacOS/VideoCullingApp.debug.dylib: replacing existing signature

CodeSign /Users/romanwilson/Library/Developer/Xcode/DerivedData/VideoCullingApp-gorssjuaelhchegcjoftthvccbjj/Build/Products/Debug/VideoCullingApp.app/Contents/MacOS/__preview.dylib (in target 'VideoCullingApp' from project 'VideoCullingApp')
    cd /Users/romanwilson/projects/videocull/VideoCullingApp
    
    Signing Identity:     "Sign to Run Locally"
    
    /usr/bin/codesign --force --sign - --timestamp\=none --generate-entitlement-der /Users/romanwilson/Library/Developer/Xcode/DerivedData/VideoCullingApp-gorssjuaelhchegcjoftthvccbjj/Build/Products/Debug/VideoCullingApp.app/Contents/MacOS/__preview.dylib
/Users/romanwilson/Library/Developer/Xcode/DerivedData/VideoCullingApp-gorssjuaelhchegcjoftthvccbjj/Build/Products/Debug/VideoCullingApp.app/Contents/MacOS/__preview.dylib: replacing existing signature

CodeSign /Users/romanwilson/Library/Developer/Xcode/DerivedData/VideoCullingApp-gorssjuaelhchegcjoftthvccbjj/Build/Products/Debug/VideoCullingApp.app (in target 'VideoCullingApp' from project 'VideoCullingApp')
    cd /Users/romanwilson/projects/videocull/VideoCullingApp
    
    Signing Identity:     "Sign to Run Locally"
    
    /usr/bin/codesign --force --sign - --entitlements /Users/romanwilson/Library/Developer/Xcode/DerivedData/VideoCullingApp-gorssjuaelhchegcjoftthvccbjj/Build/Intermediates.noindex/VideoCullingApp.build/Debug/VideoCullingApp.build/VideoCullingApp.app.xcent --timestamp\=none --generate-entitlement-der /Users/romanwilson/Library/Developer/Xcode/DerivedData/VideoCullingApp-gorssjuaelhchegcjoftthvccbjj/Build/Products/Debug/VideoCullingApp.app
/Users/romanwilson/Library/Developer/Xcode/DerivedData/VideoCullingApp-gorssjuaelhchegcjoftthvccbjj/Build/Products/Debug/VideoCullingApp.app: replacing existing signature

Validate /Users/romanwilson/Library/Developer/Xcode/DerivedData/VideoCullingApp-gorssjuaelhchegcjoftthvccbjj/Build/Products/Debug/VideoCullingApp.app (in target 'VideoCullingApp' from project 'VideoCullingApp')
    cd /Users/romanwilson/projects/videocull/VideoCullingApp
    builtin-validationUtility /Users/romanwilson/Library/Developer/Xcode/DerivedData/VideoCullingApp-gorssjuaelhchegcjoftthvccbjj/Build/Products/Debug/VideoCullingApp.app -no-validate-extension -infoplist-subpath Contents/Info.plist

RegisterWithLaunchServices /Users/romanwilson/Library/Developer/Xcode/DerivedData/VideoCullingApp-gorssjuaelhchegcjoftthvccbjj/Build/Products/Debug/VideoCullingApp.app (in target 'VideoCullingApp' from project 'VideoCullingApp')
    cd /Users/romanwilson/projects/videocull/VideoCullingApp
    /System/Library/Frameworks/CoreServices.framework/Versions/Current/Frameworks/LaunchServices.framework/Versions/Current/Support/lsregister -f -R -trusted /Users/romanwilson/Library/Developer/Xcode/DerivedData/VideoCullingApp-gorssjuaelhchegcjoftthvccbjj/Build/Products/Debug/VideoCullingApp.app

ProcessInfoPlistFile /Users/romanwilson/Library/Developer/Xcode/DerivedData/VideoCullingApp-gorssjuaelhchegcjoftthvccbjj/Build/Products/Debug/VideoCullingAppUITests-Runner.app/Contents/PlugIns/VideoCullingAppUITests.xctest/Contents/Info.plist /Users/romanwilson/Library/Developer/Xcode/DerivedData/VideoCullingApp-gorssjuaelhchegcjoftthvccbjj/Build/Intermediates.noindex/VideoCullingApp.build/Debug/VideoCullingAppUITests.build/empty-VideoCullingAppUITests.plist (in target 'VideoCullingAppUITests' from project 'VideoCullingApp')
    cd /Users/romanwilson/projects/videocull/VideoCullingApp
    builtin-infoPlistUtility /Users/romanwilson/Library/Developer/Xcode/DerivedData/VideoCullingApp-gorssjuaelhchegcjoftthvccbjj/Build/Intermediates.noindex/VideoCullingApp.build/Debug/VideoCullingAppUITests.build/empty-VideoCullingAppUITests.plist -producttype com.apple.product-type.bundle.ui-testing -expandbuildsettings -platform macosx -additionalcontentfile /Users/romanwilson/Library/Developer/Xcode/DerivedData/VideoCullingApp-gorssjuaelhchegcjoftthvccbjj/Build/Intermediates.noindex/VideoCullingApp.build/Debug/VideoCullingAppUITests.build/ProductTypeInfoPlistAdditions.plist -o /Users/romanwilson/Library/Developer/Xcode/DerivedData/VideoCullingApp-gorssjuaelhchegcjoftthvccbjj/Build/Products/Debug/VideoCullingAppUITests-Runner.app/Contents/PlugIns/VideoCullingAppUITests.xctest/Contents/Info.plist

Ld /Users/romanwilson/Library/Developer/Xcode/DerivedData/VideoCullingApp-gorssjuaelhchegcjoftthvccbjj/Build/Products/Debug/VideoCullingAppUITests-Runner.app/Contents/PlugIns/VideoCullingAppUITests.xctest/Contents/MacOS/VideoCullingAppUITests normal (in target 'VideoCullingAppUITests' from project 'VideoCullingApp')
    cd /Users/romanwilson/projects/videocull/VideoCullingApp
    /Applications/Xcode.app/Contents/Developer/Toolchains/XcodeDefault.xctoolchain/usr/bin/clang -Xlinker -reproducible -target arm64-apple-macos15.7 -bundle -isysroot /Applications/Xcode.app/Contents/Developer/Platforms/MacOSX.platform/Developer/SDKs/MacOSX26.1.sdk -O0 -L/Users/romanwilson/Library/Developer/Xcode/DerivedData/VideoCullingApp-gorssjuaelhchegcjoftthvccbjj/Build/Intermediates.noindex/EagerLinkingTBDs/Debug -L/Users/romanwilson/Library/Developer/Xcode/DerivedData/VideoCullingApp-gorssjuaelhchegcjoftthvccbjj/Build/Products/Debug -L/Applications/Xcode.app/Contents/Developer/Platforms/MacOSX.platform/Developer/usr/lib -F/Users/romanwilson/Library/Developer/Xcode/DerivedData/VideoCullingApp-gorssjuaelhchegcjoftthvccbjj/Build/Intermediates.noindex/EagerLinkingTBDs/Debug -F/Users/romanwilson/Library/Developer/Xcode/DerivedData/VideoCullingApp-gorssjuaelhchegcjoftthvccbjj/Build/Products/Debug -iframework /Applications/Xcode.app/Contents/Developer/Platforms/MacOSX.platform/Developer/Library/Frameworks -filelist /Users/romanwilson/Library/Developer/Xcode/DerivedData/VideoCullingApp-gorssjuaelhchegcjoftthvccbjj/Build/Intermediates.noindex/VideoCullingApp.build/Debug/VideoCullingAppUITests.build/Objects-normal/arm64/VideoCullingAppUITests.LinkFileList -Xlinker -rpath -Xlinker /usr/lib/swift -Xlinker -rpath -Xlinker @loader_path/../Frameworks -Xlinker -object_path_lto -Xlinker /Users/romanwilson/Library/Developer/Xcode/DerivedData/VideoCullingApp-gorssjuaelhchegcjoftthvccbjj/Build/Intermediates.noindex/VideoCullingApp.build/Debug/VideoCullingAppUITests.build/Objects-normal/arm64/VideoCullingAppUITests_lto.o -rdynamic -Xlinker -no_deduplicate -Xlinker -debug_variant -Xlinker -dependency_info -Xlinker /Users/romanwilson/Library/Developer/Xcode/DerivedData/VideoCullingApp-gorssjuaelhchegcjoftthvccbjj/Build/Intermediates.noindex/VideoCullingApp.build/Debug/VideoCullingAppUITests.build/Objects-normal/arm64/VideoCullingAppUITests_dependency_info.dat -fobjc-link-runtime -fprofile-instr-generate -L/Applications/Xcode.app/Contents/Developer/Toolchains/XcodeDefault.xctoolchain/usr/lib/swift/macosx -L/usr/lib/swift -Xlinker -add_ast_path -Xlinker /Users/romanwilson/Library/Developer/Xcode/DerivedData/VideoCullingApp-gorssjuaelhchegcjoftthvccbjj/Build/Intermediates.noindex/VideoCullingApp.build/Debug/VideoCullingAppUITests.build/Objects-normal/arm64/VideoCullingAppUITests.swiftmodule @/Users/romanwilson/Library/Developer/Xcode/DerivedData/VideoCullingApp-gorssjuaelhchegcjoftthvccbjj/Build/Intermediates.noindex/VideoCullingApp.build/Debug/VideoCullingAppUITests.build/Objects-normal/arm64/VideoCullingAppUITests-linker-args.resp -Xlinker -needed_framework -Xlinker XCTest -framework XCTest -Xlinker -needed-lXCTestSwiftSupport -lXCTestSwiftSupport -Xlinker -no_adhoc_codesign -o /Users/romanwilson/Library/Developer/Xcode/DerivedData/VideoCullingApp-gorssjuaelhchegcjoftthvccbjj/Build/Products/Debug/VideoCullingAppUITests-Runner.app/Contents/PlugIns/VideoCullingAppUITests.xctest/Contents/MacOS/VideoCullingAppUITests

CopySwiftLibs /Users/romanwilson/Library/Developer/Xcode/DerivedData/VideoCullingApp-gorssjuaelhchegcjoftthvccbjj/Build/Products/Debug/VideoCullingAppUITests-Runner.app/Contents/PlugIns/VideoCullingAppUITests.xctest (in target 'VideoCullingAppUITests' from project 'VideoCullingApp')
    cd /Users/romanwilson/projects/videocull/VideoCullingApp
    builtin-swiftStdLibTool --copy --verbose --sign 5D50E1DA8DB15D100ECD7DD6AD1CAF0F03C3D96B --scan-executable /Users/romanwilson/Library/Developer/Xcode/DerivedData/VideoCullingApp-gorssjuaelhchegcjoftthvccbjj/Build/Products/Debug/VideoCullingAppUITests-Runner.app/Contents/PlugIns/VideoCullingAppUITests.xctest/Contents/MacOS/VideoCullingAppUITests --scan-folder /Users/romanwilson/Library/Developer/Xcode/DerivedData/VideoCullingApp-gorssjuaelhchegcjoftthvccbjj/Build/Products/Debug/VideoCullingAppUITests-Runner.app/Contents/PlugIns/VideoCullingAppUITests.xctest/Contents/Frameworks --scan-folder /Users/romanwilson/Library/Developer/Xcode/DerivedData/VideoCullingApp-gorssjuaelhchegcjoftthvccbjj/Build/Products/Debug/VideoCullingAppUITests-Runner.app/Contents/PlugIns/VideoCullingAppUITests.xctest/Contents/PlugIns --scan-folder /Users/romanwilson/Library/Developer/Xcode/DerivedData/VideoCullingApp-gorssjuaelhchegcjoftthvccbjj/Build/Products/Debug/VideoCullingAppUITests-Runner.app/Contents/PlugIns/VideoCullingAppUITests.xctest/Contents/Library/SystemExtensions --scan-folder /Users/romanwilson/Library/Developer/Xcode/DerivedData/VideoCullingApp-gorssjuaelhchegcjoftthvccbjj/Build/Products/Debug/VideoCullingAppUITests-Runner.app/Contents/PlugIns/VideoCullingAppUITests.xctest/Contents/Extensions --platform macosx --toolchain /Applications/Xcode.app/Contents/Developer/Toolchains/XcodeDefault.xctoolchain --destination /Users/romanwilson/Library/Developer/Xcode/DerivedData/VideoCullingApp-gorssjuaelhchegcjoftthvccbjj/Build/Products/Debug/VideoCullingAppUITests-Runner.app/Contents/PlugIns/VideoCullingAppUITests.xctest/Contents/Frameworks --strip-bitcode --scan-executable /Applications/Xcode.app/Contents/Developer/Platforms/MacOSX.platform/Developer/usr/lib/libXCTestSwiftSupport.dylib --strip-bitcode-tool /Applications/Xcode.app/Contents/Developer/Toolchains/XcodeDefault.xctoolchain/usr/bin/bitcode_strip --emit-dependency-info /Users/romanwilson/Library/Developer/Xcode/DerivedData/VideoCullingApp-gorssjuaelhchegcjoftthvccbjj/Build/Intermediates.noindex/VideoCullingApp.build/Debug/VideoCullingAppUITests.build/SwiftStdLibToolInputDependencies.dep --filter-for-swift-os --back-deploy-swift-span

ExtractAppIntentsMetadata (in target 'VideoCullingAppUITests' from project 'VideoCullingApp')
    cd /Users/romanwilson/projects/videocull/VideoCullingApp
    /Applications/Xcode.app/Contents/Developer/Toolchains/XcodeDefault.xctoolchain/usr/bin/appintentsmetadataprocessor --toolchain-dir /Applications/Xcode.app/Contents/Developer/Toolchains/XcodeDefault.xctoolchain --module-name VideoCullingAppUITests --sdk-root /Applications/Xcode.app/Contents/Developer/Platforms/MacOSX.platform/Developer/SDKs/MacOSX26.1.sdk --xcode-version 17B100 --platform-family macOS --deployment-target 15.7 --bundle-identifier ai.careernudge.VideoCullingAppUITests --output /Users/romanwilson/Library/Developer/Xcode/DerivedData/VideoCullingApp-gorssjuaelhchegcjoftthvccbjj/Build/Products/Debug/VideoCullingAppUITests-Runner.app/Contents/PlugIns/VideoCullingAppUITests.xctest/Contents/Resources --target-triple arm64-apple-macos15.7 --binary-file /Users/romanwilson/Library/Developer/Xcode/DerivedData/VideoCullingApp-gorssjuaelhchegcjoftthvccbjj/Build/Products/Debug/VideoCullingAppUITests-Runner.app/Contents/PlugIns/VideoCullingAppUITests.xctest/Contents/MacOS/VideoCullingAppUITests --dependency-file /Users/romanwilson/Library/Developer/Xcode/DerivedData/VideoCullingApp-gorssjuaelhchegcjoftthvccbjj/Build/Intermediates.noindex/VideoCullingApp.build/Debug/VideoCullingAppUITests.build/Objects-normal/arm64/VideoCullingAppUITests_dependency_info.dat --stringsdata-file /Users/romanwilson/Library/Developer/Xcode/DerivedData/VideoCullingApp-gorssjuaelhchegcjoftthvccbjj/Build/Intermediates.noindex/VideoCullingApp.build/Debug/VideoCullingAppUITests.build/Objects-normal/arm64/ExtractedAppShortcutsMetadata.stringsdata --source-file-list /Users/romanwilson/Library/Developer/Xcode/DerivedData/VideoCullingApp-gorssjuaelhchegcjoftthvccbjj/Build/Intermediates.noindex/VideoCullingApp.build/Debug/VideoCullingAppUITests.build/Objects-normal/arm64/VideoCullingAppUITests.SwiftFileList --metadata-file-list /Users/romanwilson/Library/Developer/Xcode/DerivedData/VideoCullingApp-gorssjuaelhchegcjoftthvccbjj/Build/Intermediates.noindex/VideoCullingApp.build/Debug/VideoCullingAppUITests.build/VideoCullingAppUITests.DependencyMetadataFileList --static-metadata-file-list /Users/romanwilson/Library/Developer/Xcode/DerivedData/VideoCullingApp-gorssjuaelhchegcjoftthvccbjj/Build/Intermediates.noindex/VideoCullingApp.build/Debug/VideoCullingAppUITests.build/VideoCullingAppUITests.DependencyStaticMetadataFileList --swift-const-vals-list /Users/romanwilson/Library/Developer/Xcode/DerivedData/VideoCullingApp-gorssjuaelhchegcjoftthvccbjj/Build/Intermediates.noindex/VideoCullingApp.build/Debug/VideoCullingAppUITests.build/Objects-normal/arm64/VideoCullingAppUITests.SwiftConstValuesFileList --compile-time-extraction --deployment-aware-processing --validate-assistant-intents --no-app-shortcuts-localization
2025-11-17 15:36:22.335 appintentsmetadataprocessor[97062:5225887] Starting appintentsmetadataprocessor export
2025-11-17 15:36:22.337 appintentsmetadataprocessor[97062:5225887] warning: Metadata extraction skipped. No AppIntents.framework dependency found.

Copy /Users/romanwilson/Library/Developer/Xcode/DerivedData/VideoCullingApp-gorssjuaelhchegcjoftthvccbjj/Build/Products/Debug/VideoCullingAppUITests-Runner.app/Contents/PkgInfo /Applications/Xcode.app/Contents/Developer/Platforms/MacOSX.platform/Developer/Library/Xcode/Agents/XCTRunner.app/Contents/PkgInfo (in target 'VideoCullingAppUITests' from project 'VideoCullingApp')
    cd /Users/romanwilson/projects/videocull/VideoCullingApp
    builtin-copy -exclude .DS_Store -exclude CVS -exclude .svn -exclude .git -exclude .hg -resolve-src-symlinks /Applications/Xcode.app/Contents/Developer/Platforms/MacOSX.platform/Developer/Library/Xcode/Agents/XCTRunner.app/Contents/PkgInfo /Users/romanwilson/Library/Developer/Xcode/DerivedData/VideoCullingApp-gorssjuaelhchegcjoftthvccbjj/Build/Products/Debug/VideoCullingAppUITests-Runner.app/Contents

CopyPlistFile /Users/romanwilson/Library/Developer/Xcode/DerivedData/VideoCullingApp-gorssjuaelhchegcjoftthvccbjj/Build/Products/Debug/VideoCullingAppUITests-Runner.app/Contents/Info.plist /Applications/Xcode.app/Contents/Developer/Platforms/MacOSX.platform/Developer/Library/Xcode/Agents/XCTRunner.app/Contents/Info.plist (in target 'VideoCullingAppUITests' from project 'VideoCullingApp')
    cd /Users/romanwilson/projects/videocull/VideoCullingApp
    builtin-copyPlist --validate --convert xml1 --macro-expansion WRAPPEDPRODUCTNAME VideoCullingAppUITests-Runner --macro-expansion WRAPPEDPRODUCTBUNDLEIDENTIFIER ai.careernudge.VideoCullingAppUITests.xctrunner --macro-expansion TESTPRODUCTNAME VideoCullingAppUITests --macro-expansion TESTPRODUCTBUNDLEIDENTIFIER ai.careernudge.VideoCullingAppUITests --copy-value UIDeviceFamily /Users/romanwilson/Library/Developer/Xcode/DerivedData/VideoCullingApp-gorssjuaelhchegcjoftthvccbjj/Build/Products/Debug/VideoCullingAppUITests-Runner.app/Contents/PlugIns/VideoCullingAppUITests.xctest/Contents/Info.plist --outdir /Users/romanwilson/Library/Developer/Xcode/DerivedData/VideoCullingApp-gorssjuaelhchegcjoftthvccbjj/Build/Products/Debug/VideoCullingAppUITests-Runner.app/Contents -- /Applications/Xcode.app/Contents/Developer/Platforms/MacOSX.platform/Developer/Library/Xcode/Agents/XCTRunner.app/Contents/Info.plist

MkDir /Users/romanwilson/Library/Developer/Xcode/DerivedData/VideoCullingApp-gorssjuaelhchegcjoftthvccbjj/Build/Products/Debug/VideoCullingAppUITests-Runner.app (in target 'VideoCullingAppUITests' from project 'VideoCullingApp')
    cd /Users/romanwilson/projects/videocull/VideoCullingApp
    /bin/mkdir -p /Users/romanwilson/Library/Developer/Xcode/DerivedData/VideoCullingApp-gorssjuaelhchegcjoftthvccbjj/Build/Products/Debug/VideoCullingAppUITests-Runner.app

CopyAndPreserveArchs /Users/romanwilson/Library/Developer/Xcode/DerivedData/VideoCullingApp-gorssjuaelhchegcjoftthvccbjj/Build/Products/Debug/VideoCullingAppUITests-Runner.app/Contents/MacOS/VideoCullingAppUITests-Runner (in target 'VideoCullingAppUITests' from project 'VideoCullingApp')
    cd /Users/romanwilson/projects/videocull/VideoCullingApp
    /Applications/Xcode.app/Contents/Developer/Toolchains/XcodeDefault.xctoolchain/usr/bin/lipo /Applications/Xcode.app/Contents/Developer/Platforms/MacOSX.platform/Developer/Library/Xcode/Agents/XCTRunner.app/Contents/MacOS/XCTRunner -output /Users/romanwilson/Library/Developer/Xcode/DerivedData/VideoCullingApp-gorssjuaelhchegcjoftthvccbjj/Build/Products/Debug/VideoCullingAppUITests-Runner.app/Contents/MacOS/VideoCullingAppUITests-Runner -extract arm64

Copy /Users/romanwilson/Library/Developer/Xcode/DerivedData/VideoCullingApp-gorssjuaelhchegcjoftthvccbjj/Build/Products/Debug/VideoCullingAppUITests-Runner.app/Contents/Frameworks/XCTestSupport.framework /Applications/Xcode.app/Contents/Developer/Platforms/MacOSX.platform/Developer/Library/PrivateFrameworks/XCTestSupport.framework (in target 'VideoCullingAppUITests' from project 'VideoCullingApp')
    cd /Users/romanwilson/projects/videocull/VideoCullingApp
    builtin-copy -exclude .DS_Store -exclude CVS -exclude .svn -exclude .git -exclude .hg -exclude Headers -exclude PrivateHeaders -exclude Modules -exclude \*.tbd -resolve-src-symlinks /Applications/Xcode.app/Contents/Developer/Platforms/MacOSX.platform/Developer/Library/PrivateFrameworks/XCTestSupport.framework /Users/romanwilson/Library/Developer/Xcode/DerivedData/VideoCullingApp-gorssjuaelhchegcjoftthvccbjj/Build/Products/Debug/VideoCullingAppUITests-Runner.app/Contents/Frameworks

Copy /Users/romanwilson/Library/Developer/Xcode/DerivedData/VideoCullingApp-gorssjuaelhchegcjoftthvccbjj/Build/Products/Debug/VideoCullingAppUITests-Runner.app/Contents/Frameworks/libXCTestSwiftSupport.dylib /Applications/Xcode.app/Contents/Developer/Platforms/MacOSX.platform/Developer/usr/lib/libXCTestSwiftSupport.dylib (in target 'VideoCullingAppUITests' from project 'VideoCullingApp')
    cd /Users/romanwilson/projects/videocull/VideoCullingApp
    builtin-copy -exclude .DS_Store -exclude CVS -exclude .svn -exclude .git -exclude .hg -exclude Headers -exclude PrivateHeaders -exclude Modules -exclude \*.tbd -resolve-src-symlinks /Applications/Xcode.app/Contents/Developer/Platforms/MacOSX.platform/Developer/usr/lib/libXCTestSwiftSupport.dylib /Users/romanwilson/Library/Developer/Xcode/DerivedData/VideoCullingApp-gorssjuaelhchegcjoftthvccbjj/Build/Products/Debug/VideoCullingAppUITests-Runner.app/Contents/Frameworks

Copy /Users/romanwilson/Library/Developer/Xcode/DerivedData/VideoCullingApp-gorssjuaelhchegcjoftthvccbjj/Build/Products/Debug/VideoCullingAppUITests-Runner.app/Contents/Frameworks/XCUnit.framework /Applications/Xcode.app/Contents/Developer/Platforms/MacOSX.platform/Developer/Library/PrivateFrameworks/XCUnit.framework (in target 'VideoCullingAppUITests' from project 'VideoCullingApp')
    cd /Users/romanwilson/projects/videocull/VideoCullingApp
    builtin-copy -exclude .DS_Store -exclude CVS -exclude .svn -exclude .git -exclude .hg -exclude Headers -exclude PrivateHeaders -exclude Modules -exclude \*.tbd -resolve-src-symlinks /Applications/Xcode.app/Contents/Developer/Platforms/MacOSX.platform/Developer/Library/PrivateFrameworks/XCUnit.framework /Users/romanwilson/Library/Developer/Xcode/DerivedData/VideoCullingApp-gorssjuaelhchegcjoftthvccbjj/Build/Products/Debug/VideoCullingAppUITests-Runner.app/Contents/Frameworks

Copy /Users/romanwilson/Library/Developer/Xcode/DerivedData/VideoCullingApp-gorssjuaelhchegcjoftthvccbjj/Build/Products/Debug/VideoCullingAppUITests-Runner.app/Contents/Frameworks/XCTest.framework /Applications/Xcode.app/Contents/Developer/Platforms/MacOSX.platform/Developer/Library/Frameworks/XCTest.framework (in target 'VideoCullingAppUITests' from project 'VideoCullingApp')
    cd /Users/romanwilson/projects/videocull/VideoCullingApp
    builtin-copy -exclude .DS_Store -exclude CVS -exclude .svn -exclude .git -exclude .hg -exclude Headers -exclude PrivateHeaders -exclude Modules -exclude \*.tbd -resolve-src-symlinks /Applications/Xcode.app/Contents/Developer/Platforms/MacOSX.platform/Developer/Library/Frameworks/XCTest.framework /Users/romanwilson/Library/Developer/Xcode/DerivedData/VideoCullingApp-gorssjuaelhchegcjoftthvccbjj/Build/Products/Debug/VideoCullingAppUITests-Runner.app/Contents/Frameworks

Copy /Users/romanwilson/Library/Developer/Xcode/DerivedData/VideoCullingApp-gorssjuaelhchegcjoftthvccbjj/Build/Products/Debug/VideoCullingAppUITests-Runner.app/Contents/Frameworks/XCTAutomationSupport.framework /Applications/Xcode.app/Contents/Developer/Platforms/MacOSX.platform/Developer/Library/PrivateFrameworks/XCTAutomationSupport.framework (in target 'VideoCullingAppUITests' from project 'VideoCullingApp')
    cd /Users/romanwilson/projects/videocull/VideoCullingApp
    builtin-copy -exclude .DS_Store -exclude CVS -exclude .svn -exclude .git -exclude .hg -exclude Headers -exclude PrivateHeaders -exclude Modules -exclude \*.tbd -resolve-src-symlinks /Applications/Xcode.app/Contents/Developer/Platforms/MacOSX.platform/Developer/Library/PrivateFrameworks/XCTAutomationSupport.framework /Users/romanwilson/Library/Developer/Xcode/DerivedData/VideoCullingApp-gorssjuaelhchegcjoftthvccbjj/Build/Products/Debug/VideoCullingAppUITests-Runner.app/Contents/Frameworks

Copy /Users/romanwilson/Library/Developer/Xcode/DerivedData/VideoCullingApp-gorssjuaelhchegcjoftthvccbjj/Build/Products/Debug/VideoCullingAppUITests-Runner.app/Contents/Frameworks/Testing.framework /Applications/Xcode.app/Contents/Developer/Platforms/MacOSX.platform/Developer/Library/Frameworks/Testing.framework (in target 'VideoCullingAppUITests' from project 'VideoCullingApp')
    cd /Users/romanwilson/projects/videocull/VideoCullingApp
    builtin-copy -exclude .DS_Store -exclude CVS -exclude .svn -exclude .git -exclude .hg -exclude Headers -exclude PrivateHeaders -exclude Modules -exclude \*.tbd -resolve-src-symlinks /Applications/Xcode.app/Contents/Developer/Platforms/MacOSX.platform/Developer/Library/Frameworks/Testing.framework /Users/romanwilson/Library/Developer/Xcode/DerivedData/VideoCullingApp-gorssjuaelhchegcjoftthvccbjj/Build/Products/Debug/VideoCullingAppUITests-Runner.app/Contents/Frameworks

Copy /Users/romanwilson/Library/Developer/Xcode/DerivedData/VideoCullingApp-gorssjuaelhchegcjoftthvccbjj/Build/Products/Debug/VideoCullingAppUITests-Runner.app/Contents/Frameworks/XCUIAutomation.framework /Applications/Xcode.app/Contents/Developer/Platforms/MacOSX.platform/Developer/Library/Frameworks/XCUIAutomation.framework (in target 'VideoCullingAppUITests' from project 'VideoCullingApp')
    cd /Users/romanwilson/projects/videocull/VideoCullingApp
    builtin-copy -exclude .DS_Store -exclude CVS -exclude .svn -exclude .git -exclude .hg -exclude Headers -exclude PrivateHeaders -exclude Modules -exclude \*.tbd -resolve-src-symlinks /Applications/Xcode.app/Contents/Developer/Platforms/MacOSX.platform/Developer/Library/Frameworks/XCUIAutomation.framework /Users/romanwilson/Library/Developer/Xcode/DerivedData/VideoCullingApp-gorssjuaelhchegcjoftthvccbjj/Build/Products/Debug/VideoCullingAppUITests-Runner.app/Contents/Frameworks

Copy /Users/romanwilson/Library/Developer/Xcode/DerivedData/VideoCullingApp-gorssjuaelhchegcjoftthvccbjj/Build/Products/Debug/VideoCullingAppUITests-Runner.app/Contents/Frameworks/XCTestCore.framework /Applications/Xcode.app/Contents/Developer/Platforms/MacOSX.platform/Developer/Library/PrivateFrameworks/XCTestCore.framework (in target 'VideoCullingAppUITests' from project 'VideoCullingApp')
    cd /Users/romanwilson/projects/videocull/VideoCullingApp
    builtin-copy -exclude .DS_Store -exclude CVS -exclude .svn -exclude .git -exclude .hg -exclude Headers -exclude PrivateHeaders -exclude Modules -exclude \*.tbd -resolve-src-symlinks /Applications/Xcode.app/Contents/Developer/Platforms/MacOSX.platform/Developer/Library/PrivateFrameworks/XCTestCore.framework /Users/romanwilson/Library/Developer/Xcode/DerivedData/VideoCullingApp-gorssjuaelhchegcjoftthvccbjj/Build/Products/Debug/VideoCullingAppUITests-Runner.app/Contents/Frameworks

CodeSign /Users/romanwilson/Library/Developer/Xcode/DerivedData/VideoCullingApp-gorssjuaelhchegcjoftthvccbjj/Build/Products/Debug/VideoCullingAppUITests-Runner.app/Contents/PlugIns/VideoCullingAppUITests.xctest (in target 'VideoCullingAppUITests' from project 'VideoCullingApp')
    cd /Users/romanwilson/projects/videocull/VideoCullingApp
    
    Signing Identity:     "Apple Development: Roman Wilson (PTVTR5ZBZF)"
    
    /usr/bin/codesign --force --sign 5D50E1DA8DB15D100ECD7DD6AD1CAF0F03C3D96B --entitlements /Users/romanwilson/Library/Developer/Xcode/DerivedData/VideoCullingApp-gorssjuaelhchegcjoftthvccbjj/Build/Intermediates.noindex/VideoCullingApp.build/Debug/VideoCullingAppUITests.build/VideoCullingAppUITests.xctest.xcent --timestamp\=none --generate-entitlement-der /Users/romanwilson/Library/Developer/Xcode/DerivedData/VideoCullingApp-gorssjuaelhchegcjoftthvccbjj/Build/Products/Debug/VideoCullingAppUITests-Runner.app/Contents/PlugIns/VideoCullingAppUITests.xctest

CodeSign /Users/romanwilson/Library/Developer/Xcode/DerivedData/VideoCullingApp-gorssjuaelhchegcjoftthvccbjj/Build/Products/Debug/VideoCullingAppUITests-Runner.app/Contents/Frameworks/libXCTestSwiftSupport.dylib (in target 'VideoCullingAppUITests' from project 'VideoCullingApp')
    cd /Users/romanwilson/projects/videocull/VideoCullingApp
    
    Signing Identity:     "Apple Development: Roman Wilson (PTVTR5ZBZF)"
    
    /usr/bin/codesign --force --sign 5D50E1DA8DB15D100ECD7DD6AD1CAF0F03C3D96B --timestamp\=none --preserve-metadata\=identifier,entitlements,flags --generate-entitlement-der /Users/romanwilson/Library/Developer/Xcode/DerivedData/VideoCullingApp-gorssjuaelhchegcjoftthvccbjj/Build/Products/Debug/VideoCullingAppUITests-Runner.app/Contents/Frameworks/libXCTestSwiftSupport.dylib
/Users/romanwilson/Library/Developer/Xcode/DerivedData/VideoCullingApp-gorssjuaelhchegcjoftthvccbjj/Build/Products/Debug/VideoCullingAppUITests-Runner.app/Contents/Frameworks/libXCTestSwiftSupport.dylib: replacing existing signature

CodeSign /Users/romanwilson/Library/Developer/Xcode/DerivedData/VideoCullingApp-gorssjuaelhchegcjoftthvccbjj/Build/Products/Debug/VideoCullingAppUITests-Runner.app/Contents/Frameworks/XCTestSupport.framework (in target 'VideoCullingAppUITests' from project 'VideoCullingApp')
    cd /Users/romanwilson/projects/videocull/VideoCullingApp
    
    Signing Identity:     "Apple Development: Roman Wilson (PTVTR5ZBZF)"
    
    /usr/bin/codesign --force --sign 5D50E1DA8DB15D100ECD7DD6AD1CAF0F03C3D96B --timestamp\=none --preserve-metadata\=identifier,entitlements,flags --generate-entitlement-der /Users/romanwilson/Library/Developer/Xcode/DerivedData/VideoCullingApp-gorssjuaelhchegcjoftthvccbjj/Build/Products/Debug/VideoCullingAppUITests-Runner.app/Contents/Frameworks/XCTestSupport.framework
/Users/romanwilson/Library/Developer/Xcode/DerivedData/VideoCullingApp-gorssjuaelhchegcjoftthvccbjj/Build/Products/Debug/VideoCullingAppUITests-Runner.app/Contents/Frameworks/XCTestSupport.framework: replacing existing signature

CodeSign /Users/romanwilson/Library/Developer/Xcode/DerivedData/VideoCullingApp-gorssjuaelhchegcjoftthvccbjj/Build/Products/Debug/VideoCullingAppUITests-Runner.app/Contents/Frameworks/XCTest.framework (in target 'VideoCullingAppUITests' from project 'VideoCullingApp')
    cd /Users/romanwilson/projects/videocull/VideoCullingApp
    
    Signing Identity:     "Apple Development: Roman Wilson (PTVTR5ZBZF)"
    
    /usr/bin/codesign --force --sign 5D50E1DA8DB15D100ECD7DD6AD1CAF0F03C3D96B --timestamp\=none --preserve-metadata\=identifier,entitlements,flags --generate-entitlement-der /Users/romanwilson/Library/Developer/Xcode/DerivedData/VideoCullingApp-gorssjuaelhchegcjoftthvccbjj/Build/Products/Debug/VideoCullingAppUITests-Runner.app/Contents/Frameworks/XCTest.framework
/Users/romanwilson/Library/Developer/Xcode/DerivedData/VideoCullingApp-gorssjuaelhchegcjoftthvccbjj/Build/Products/Debug/VideoCullingAppUITests-Runner.app/Contents/Frameworks/XCTest.framework: replacing existing signature

CodeSign /Users/romanwilson/Library/Developer/Xcode/DerivedData/VideoCullingApp-gorssjuaelhchegcjoftthvccbjj/Build/Products/Debug/VideoCullingAppUITests-Runner.app/Contents/Frameworks/XCUnit.framework (in target 'VideoCullingAppUITests' from project 'VideoCullingApp')
    cd /Users/romanwilson/projects/videocull/VideoCullingApp
    
    Signing Identity:     "Apple Development: Roman Wilson (PTVTR5ZBZF)"
    
    /usr/bin/codesign --force --sign 5D50E1DA8DB15D100ECD7DD6AD1CAF0F03C3D96B --timestamp\=none --preserve-metadata\=identifier,entitlements,flags --generate-entitlement-der /Users/romanwilson/Library/Developer/Xcode/DerivedData/VideoCullingApp-gorssjuaelhchegcjoftthvccbjj/Build/Products/Debug/VideoCullingAppUITests-Runner.app/Contents/Frameworks/XCUnit.framework
/Users/romanwilson/Library/Developer/Xcode/DerivedData/VideoCullingApp-gorssjuaelhchegcjoftthvccbjj/Build/Products/Debug/VideoCullingAppUITests-Runner.app/Contents/Frameworks/XCUnit.framework: replacing existing signature

CodeSign /Users/romanwilson/Library/Developer/Xcode/DerivedData/VideoCullingApp-gorssjuaelhchegcjoftthvccbjj/Build/Products/Debug/VideoCullingAppUITests-Runner.app/Contents/Frameworks/XCTAutomationSupport.framework (in target 'VideoCullingAppUITests' from project 'VideoCullingApp')
    cd /Users/romanwilson/projects/videocull/VideoCullingApp
    
    Signing Identity:     "Apple Development: Roman Wilson (PTVTR5ZBZF)"
    
    /usr/bin/codesign --force --sign 5D50E1DA8DB15D100ECD7DD6AD1CAF0F03C3D96B --timestamp\=none --preserve-metadata\=identifier,entitlements,flags --generate-entitlement-der /Users/romanwilson/Library/Developer/Xcode/DerivedData/VideoCullingApp-gorssjuaelhchegcjoftthvccbjj/Build/Products/Debug/VideoCullingAppUITests-Runner.app/Contents/Frameworks/XCTAutomationSupport.framework
/Users/romanwilson/Library/Developer/Xcode/DerivedData/VideoCullingApp-gorssjuaelhchegcjoftthvccbjj/Build/Products/Debug/VideoCullingAppUITests-Runner.app/Contents/Frameworks/XCTAutomationSupport.framework: replacing existing signature

RegisterExecutionPolicyException /Users/romanwilson/Library/Developer/Xcode/DerivedData/VideoCullingApp-gorssjuaelhchegcjoftthvccbjj/Build/Products/Debug/VideoCullingAppUITests-Runner.app/Contents/PlugIns/VideoCullingAppUITests.xctest (in target 'VideoCullingAppUITests' from project 'VideoCullingApp')
    cd /Users/romanwilson/projects/videocull/VideoCullingApp
    builtin-RegisterExecutionPolicyException /Users/romanwilson/Library/Developer/Xcode/DerivedData/VideoCullingApp-gorssjuaelhchegcjoftthvccbjj/Build/Products/Debug/VideoCullingAppUITests-Runner.app/Contents/PlugIns/VideoCullingAppUITests.xctest

Touch /Users/romanwilson/Library/Developer/Xcode/DerivedData/VideoCullingApp-gorssjuaelhchegcjoftthvccbjj/Build/Products/Debug/VideoCullingAppUITests-Runner.app/Contents/PlugIns/VideoCullingAppUITests.xctest (in target 'VideoCullingAppUITests' from project 'VideoCullingApp')
    cd /Users/romanwilson/projects/videocull/VideoCullingApp
    /usr/bin/touch -c /Users/romanwilson/Library/Developer/Xcode/DerivedData/VideoCullingApp-gorssjuaelhchegcjoftthvccbjj/Build/Products/Debug/VideoCullingAppUITests-Runner.app/Contents/PlugIns/VideoCullingAppUITests.xctest

CodeSign /Users/romanwilson/Library/Developer/Xcode/DerivedData/VideoCullingApp-gorssjuaelhchegcjoftthvccbjj/Build/Products/Debug/VideoCullingAppUITests-Runner.app/Contents/Frameworks/XCTestCore.framework (in target 'VideoCullingAppUITests' from project 'VideoCullingApp')
    cd /Users/romanwilson/projects/videocull/VideoCullingApp
    
    Signing Identity:     "Apple Development: Roman Wilson (PTVTR5ZBZF)"
    
    /usr/bin/codesign --force --sign 5D50E1DA8DB15D100ECD7DD6AD1CAF0F03C3D96B --timestamp\=none --preserve-metadata\=identifier,entitlements,flags --generate-entitlement-der /Users/romanwilson/Library/Developer/Xcode/DerivedData/VideoCullingApp-gorssjuaelhchegcjoftthvccbjj/Build/Products/Debug/VideoCullingAppUITests-Runner.app/Contents/Frameworks/XCTestCore.framework
/Users/romanwilson/Library/Developer/Xcode/DerivedData/VideoCullingApp-gorssjuaelhchegcjoftthvccbjj/Build/Products/Debug/VideoCullingAppUITests-Runner.app/Contents/Frameworks/XCTestCore.framework: replacing existing signature

CodeSign /Users/romanwilson/Library/Developer/Xcode/DerivedData/VideoCullingApp-gorssjuaelhchegcjoftthvccbjj/Build/Products/Debug/VideoCullingAppUITests-Runner.app/Contents/Frameworks/XCUIAutomation.framework (in target 'VideoCullingAppUITests' from project 'VideoCullingApp')
    cd /Users/romanwilson/projects/videocull/VideoCullingApp
    
    Signing Identity:     "Apple Development: Roman Wilson (PTVTR5ZBZF)"
    
    /usr/bin/codesign --force --sign 5D50E1DA8DB15D100ECD7DD6AD1CAF0F03C3D96B --timestamp\=none --preserve-metadata\=identifier,entitlements,flags --generate-entitlement-der /Users/romanwilson/Library/Developer/Xcode/DerivedData/VideoCullingApp-gorssjuaelhchegcjoftthvccbjj/Build/Products/Debug/VideoCullingAppUITests-Runner.app/Contents/Frameworks/XCUIAutomation.framework
/Users/romanwilson/Library/Developer/Xcode/DerivedData/VideoCullingApp-gorssjuaelhchegcjoftthvccbjj/Build/Products/Debug/VideoCullingAppUITests-Runner.app/Contents/Frameworks/XCUIAutomation.framework: replacing existing signature

CodeSign /Users/romanwilson/Library/Developer/Xcode/DerivedData/VideoCullingApp-gorssjuaelhchegcjoftthvccbjj/Build/Products/Debug/VideoCullingAppUITests-Runner.app/Contents/Frameworks/Testing.framework (in target 'VideoCullingAppUITests' from project 'VideoCullingApp')
    cd /Users/romanwilson/projects/videocull/VideoCullingApp
    
    Signing Identity:     "Apple Development: Roman Wilson (PTVTR5ZBZF)"
    
    /usr/bin/codesign --force --sign 5D50E1DA8DB15D100ECD7DD6AD1CAF0F03C3D96B --timestamp\=none --preserve-metadata\=identifier,entitlements,flags --generate-entitlement-der /Users/romanwilson/Library/Developer/Xcode/DerivedData/VideoCullingApp-gorssjuaelhchegcjoftthvccbjj/Build/Products/Debug/VideoCullingAppUITests-Runner.app/Contents/Frameworks/Testing.framework
/Users/romanwilson/Library/Developer/Xcode/DerivedData/VideoCullingApp-gorssjuaelhchegcjoftthvccbjj/Build/Products/Debug/VideoCullingAppUITests-Runner.app/Contents/Frameworks/Testing.framework: replacing existing signature

CodeSign /Users/romanwilson/Library/Developer/Xcode/DerivedData/VideoCullingApp-gorssjuaelhchegcjoftthvccbjj/Build/Products/Debug/VideoCullingAppUITests-Runner.app (in target 'VideoCullingAppUITests' from project 'VideoCullingApp')
    cd /Users/romanwilson/projects/videocull/VideoCullingApp
    
    Signing Identity:     "Apple Development: Roman Wilson (PTVTR5ZBZF)"
    
    /usr/bin/codesign --force --sign 5D50E1DA8DB15D100ECD7DD6AD1CAF0F03C3D96B --entitlements /Users/romanwilson/Library/Developer/Xcode/DerivedData/VideoCullingApp-gorssjuaelhchegcjoftthvccbjj/Build/Intermediates.noindex/VideoCullingApp.build/Debug/VideoCullingAppUITests.build/VideoCullingAppUITests.xctest.xcent --timestamp\=none --generate-entitlement-der /Users/romanwilson/Library/Developer/Xcode/DerivedData/VideoCullingApp-gorssjuaelhchegcjoftthvccbjj/Build/Products/Debug/VideoCullingAppUITests-Runner.app
/Users/romanwilson/Library/Developer/Xcode/DerivedData/VideoCullingApp-gorssjuaelhchegcjoftthvccbjj/Build/Products/Debug/VideoCullingAppUITests-Runner.app: replacing existing signature

warning: Skipping duplicate build file in Copy Bundle Resources build phase: /Users/romanwilson/projects/videocull/VideoCullingApp/DefaultLuts/SLog3_SGamut3Cine 3/4_SGamut3CineSLog3_To_Cine+709.cube (in target 'VideoCullingApp' from project 'VideoCullingApp')
warning: Skipping duplicate build file in Copy Bundle Resources build phase: /Users/romanwilson/projects/videocull/VideoCullingApp/DefaultLuts/AppleLog/AppleLogToRec709-v1.0.cube (in target 'VideoCullingApp' from project 'VideoCullingApp')
warning: Skipping duplicate build file in Copy Bundle Resources build phase: /Users/romanwilson/projects/videocull/VideoCullingApp/DefaultLuts/S-Gamut_Slog2/Look_profile_for_resolve_S-Gamut_Slog2/From_SLog2SGumut_To_SLog2-709_.cube (in target 'VideoCullingApp' from project 'VideoCullingApp')
warning: Skipping duplicate build file in Copy Bundle Resources build phase: /Users/romanwilson/projects/videocull/VideoCullingApp/DefaultLuts/S-Gamut_Slog2/Look_profile_for_resolve_S-Gamut_Slog2/From_SLog2SGumut_To_Cine+709.cube (in target 'VideoCullingApp' from project 'VideoCullingApp')
warning: Skipping duplicate build file in Copy Bundle Resources build phase: /Users/romanwilson/projects/videocull/VideoCullingApp/DefaultLuts/AppleLog/AppleLogToLin-v1.0.cube (in target 'VideoCullingApp' from project 'VideoCullingApp')
warning: Skipping duplicate build file in Copy Bundle Resources build phase: /Users/romanwilson/projects/videocull/VideoCullingApp/DefaultLuts/S-Gamut_Slog2/Look_profile_for_resolve_S-Gamut_Slog2/From_SLog2SGumut_To_LC-709_.cube (in target 'VideoCullingApp' from project 'VideoCullingApp')
warning: Skipping duplicate build file in Copy Bundle Resources build phase: /Users/romanwilson/projects/videocull/VideoCullingApp/DefaultLuts/SLog3_SGamut3Cine 3/2_SGamut3CineSLog3_To_LC-709TypeA.cube (in target 'VideoCullingApp' from project 'VideoCullingApp')
warning: Skipping duplicate build file in Copy Bundle Resources build phase: /Users/romanwilson/projects/videocull/VideoCullingApp/DefaultLuts/SLog3_SGamut3Cine 3/3_SGamut3CineSLog3_To_SLog2-709.cube (in target 'VideoCullingApp' from project 'VideoCullingApp')
warning: Skipping duplicate build file in Copy Bundle Resources build phase: /Users/romanwilson/projects/videocull/VideoCullingApp/DefaultLuts/SLog3_SGamut3Cine 3/1_SGamut3CineSLog3_To_LC-709.cube (in target 'VideoCullingApp' from project 'VideoCullingApp')
warning: Skipping duplicate build file in Copy Bundle Resources build phase: /Users/romanwilson/projects/videocull/VideoCullingApp/DefaultLuts/S-Gamut_Slog2/Look_profile_for_resolve_S-Gamut_Slog2/From_SLog2SGumut_To_LC-709TypeA_.cube (in target 'VideoCullingApp' from project 'VideoCullingApp')
2025-11-17 15:36:23.932231-0500 VideoCullingAppUITests-Runner[97079:5226030] [Default] Running tests...
Test Suite 'Selected tests' started at 2025-11-17 15:36:24.213.
Test Suite 'VideoCullingAppUITests.xctest' started at 2025-11-17 15:36:24.214.
Test Suite 'UILayoutTests' started at 2025-11-17 15:36:24.214.
Test Case '-[VideoCullingAppUITests.UILayoutTests testComprehensiveLayoutCheck]' started.
    t =     0.00s Start Test at 2025-11-17 15:36:24.214
    t =     0.19s Set Up
    t =     0.19s     Open com.yourcompany.VideoCullingApp
    t =     0.19s         Activate com.yourcompany.VideoCullingApp
    t =     0.22s             Wait for com.yourcompany.VideoCullingApp to idle
Running comprehensive layout check...
    t =     5.32s Checking existence of `Window (First Match)`
    t =     5.33s Get number of matches for: Descendants matching type StaticText
  Found 210 Static Texts
    t =     5.62s Checking existence of `StaticText (Element at index 0)`
    t =     5.66s Find the StaticText (Element at index 0)
    t =     5.70s Checking existence of `StaticText (Element at index 1)`
    t =     5.73s Find the StaticText (Element at index 1)
    t =     5.77s Checking existence of `StaticText (Element at index 2)`
    t =     5.80s Find the StaticText (Element at index 2)
    t =     5.83s Checking existence of `StaticText (Element at index 3)`
    t =     5.87s Find the StaticText (Element at index 3)
    t =     5.90s Checking existence of `StaticText (Element at index 4)`
    t =     5.94s Find the StaticText (Element at index 4)
    t =     5.97s Get number of matches for: Descendants matching type Button
  Found 16 Buttons
    t =     6.01s Checking existence of `Button (Element at index 0)`
    t =     6.04s Find the Button (Element at index 0)
    t =     6.08s Checking existence of `Button (Element at index 1)`
    t =     6.11s Find the Button (Element at index 1)
    t =     6.15s Checking existence of `Button (Element at index 2)`
    t =     6.18s Find the Button (Element at index 2)
    t =     6.22s Checking existence of `Button (Element at index 3)`
    t =     6.26s Find the Button (Element at index 3)
    t =     6.29s Checking existence of `Button (Element at index 4)`
    t =     6.33s Find the Button (Element at index 4)
    t =     6.37s Get number of matches for: Descendants matching type TextField
  Found 2 Text Fields
    t =     6.40s Checking existence of `TextField (Element at index 0)`
    t =     6.44s Find the TextField (Element at index 0)
    t =     6.47s Checking existence of `TextField (Element at index 1)`
    t =     6.51s Find the TextField (Element at index 1)
    t =     6.54s Get number of matches for: Descendants matching type Image
  Found 57 Images
    t =     6.59s Checking existence of `Image (Element at index 0)`
    t =     6.63s Find the Image (Element at index 0)
    t =     6.67s Checking existence of `Image (Element at index 1)`
    t =     6.70s Find the Image (Element at index 1)
    t =     6.74s Checking existence of `Image (Element at index 2)`
    t =     6.77s Find the Image (Element at index 2)
    t =     6.81s Checking existence of `Image (Element at index 3)`
    t =     6.84s Find the Image (Element at index 3)
    t =     6.87s Checking existence of `Image (Element at index 4)`
    t =     6.91s Find the Image (Element at index 4)
    t =     6.95s Get number of matches for: Descendants matching type Slider
  Found 1 Sliders
    t =     6.98s Checking existence of `Slider (Element at index 0)`
    t =     7.02s Find the Slider (Element at index 0)
    t =     7.05s Tear Down
    t =     7.06s     Terminate com.yourcompany.VideoCullingApp:93279
/Users/romanwilson/projects/videocull/VideoCullingApp/UILayoutTests.swift:38: error: -[VideoCullingAppUITests.UILayoutTests testComprehensiveLayoutCheck] : Failed to terminate com.yourcompany.VideoCullingApp:93279: Failed to terminate com.yourcompany.VideoCullingApp:0
Test Case '-[VideoCullingAppUITests.UILayoutTests testComprehensiveLayoutCheck]' failed (67.409 seconds).
Test Case '-[VideoCullingAppUITests.UILayoutTests testGalleryModeLayout]' started.
    t =     0.00s Start Test at 2025-11-17 15:37:31.625
    t =     0.21s Set Up
    t =     0.21s         Open com.yourcompany.VideoCullingApp
    t =     0.21s             Launch com.yourcompany.VideoCullingApp
    t =     0.96s                 Wait for accessibility to load
    t =     1.24s                 Setting up automation session
    t =     1.24s                 Wait for com.yourcompany.VideoCullingApp to idle
Testing Gallery Mode layout...
    t =    13.70s     Checking existence of `"galleryModeButton" Button`
    t =    44.72s     Checking existence of `"galleryModeButton" Button` (retry 1)
    t =    75.74s     Checking existence of `"galleryModeButton" Button` (retry 2)
/Users/romanwilson/projects/videocull/VideoCullingApp/UILayoutTests.swift:131: error: -[VideoCullingAppUITests.UILayoutTests testGalleryModeLayout] : Failed to get matching snapshots: Timed out while evaluating UI query.
    t =   110.78s Tear Down
    t =   110.78s         Terminate com.yourcompany.VideoCullingApp:97874
Test Case '-[VideoCullingAppUITests.UILayoutTests testGalleryModeLayout]' failed (112.096 seconds).
Test Case '-[VideoCullingAppUITests.UILayoutTests testMainContentViewLayout]' started.
    t =     0.00s Start Test at 2025-11-17 15:39:23.722
    t =     0.20s Set Up
    t =     0.20s         Open com.yourcompany.VideoCullingApp
    t =     0.20s             Launch com.yourcompany.VideoCullingApp
    t =     1.00s                 Wait for accessibility to load
    t =     1.23s                 Setting up automation session
    t =     1.23s                 Wait for com.yourcompany.VideoCullingApp to idle
Testing Main Content View layout...
    t =     6.27s     Checking existence of `Window (First Match)`
    t =     6.94s     Get all elements bound by index for: Descendants matching type StaticText
    t =     7.09s     Checking existence of `StaticText (Element at index 0)`
    t =     7.35s     Find the StaticText (Element at index 0)
    t =     9.15s     Checking existence of `"Nudge Video Cull" StaticText`
    t =     9.45s     Find the "Nudge Video Cull" StaticText
    t =    10.53s     Find the "Nudge Video Cull" StaticText
    t =    12.69s     Find the "Nudge Video Cull" StaticText
    t =    12.89s     Checking existence of `StaticText (Element at index 1)`
    t =    13.02s     Find the StaticText (Element at index 1)
    t =    13.59s     Checking existence of `"Files: 0" StaticText`
    t =    13.64s     Find the "Files: 0" StaticText
    t =    14.24s     Find the "Files: 0" StaticText
    t =    15.32s     Find the "Files: 0" StaticText
    t =    15.59s     Checking existence of `StaticText (Element at index 2)`
    t =    15.68s     Find the StaticText (Element at index 2)
    t =    16.26s     Checking existence of `"Files: 0" StaticText`
    t =    16.39s     Find the "Files: 0" StaticText
    t =    16.99s     Find the "Files: 0" StaticText
    t =    18.08s     Find the "Files: 0" StaticText
    t =    18.36s     Checking existence of `StaticText (Element at index 3)`
    t =    18.47s     Find the StaticText (Element at index 3)
    t =    19.05s     Checking existence of `"Files: 0" StaticText`
    t =    19.20s     Find the "Files: 0" StaticText
    t =    19.82s     Find the "Files: 0" StaticText
    t =    20.96s     Find the "Files: 0" StaticText
    t =    21.40s     Checking existence of `StaticText (Element at index 4)`
    t =    21.51s     Find the StaticText (Element at index 4)
    t =    23.62s     Checking existence of `"Space: 0.00 GB" StaticText`
    t =    23.95s     Find the "Space: 0.00 GB" StaticText
    t =    26.12s     Find the "Space: 0.00 GB" StaticText
    t =    30.71s     Find the "Space: 0.00 GB" StaticText
    t =    30.80s     Checking existence of `StaticText (Element at index 5)`
    t =    30.89s     Find the StaticText (Element at index 5)
    t =    31.00s     Checking existence of `"Space: 0.00 GB" StaticText`
    t =    31.04s     Find the "Space: 0.00 GB" StaticText
    t =    31.11s     Find the "Space: 0.00 GB" StaticText
    t =    31.45s     Find the "Space: 0.00 GB" StaticText
    t =    31.52s     Checking existence of `StaticText (Element at index 6)`
    t =    31.57s     Find the StaticText (Element at index 6)
    t =    31.62s     Checking existence of `"Space: 0.00 GB" StaticText`
    t =    31.67s     Find the "Space: 0.00 GB" StaticText
    t =    31.72s     Find the "Space: 0.00 GB" StaticText
    t =    31.82s     Find the "Space: 0.00 GB" StaticText
    t =    31.87s     Checking existence of `StaticText (Element at index 7)`
    t =    31.91s     Find the StaticText (Element at index 7)
    t =    31.96s     Checking existence of `"Sort Order:" StaticText`
    t =    32.01s     Find the "Sort Order:" StaticText
    t =    32.06s     Find the "Sort Order:" StaticText
    t =    32.16s     Find the "Sort Order:" StaticText
    t =    32.20s     Checking existence of `StaticText (Element at index 8)`
    t =    32.26s     Find the StaticText (Element at index 8)
    t =    32.41s     Checking existence of `"Preview all videos with LUT:" StaticText`
    t =    32.46s     Find the "Preview all videos with LUT:" StaticText
    t =    32.52s     Find the "Preview all videos with LUT:" StaticText
    t =    32.63s     Find the "Preview all videos with LUT:" StaticText
    t =    32.68s     Checking existence of `StaticText (Element at index 9)`
    t =    32.72s     Find the StaticText (Element at index 9)
    t =    32.77s     Checking existence of `"Nudge Video Cull" StaticText`
    t =    32.82s     Find the "Nudge Video Cull" StaticText
    t =    32.87s     Find the "Nudge Video Cull" StaticText
    t =    33.12s     Find the "Nudge Video Cull" StaticText
    t =    33.19s     Checking existence of `StaticText (Element at index 10)`
    t =    33.23s     Find the StaticText (Element at index 10)
    t =    33.39s     Checking existence of `"Configure your workflow" StaticText`
    t =    33.45s     Find the "Configure your workflow" StaticText
    t =    33.50s     Find the "Configure your workflow" StaticText
    t =    33.66s     Find the "Configure your workflow" StaticText
    t =    33.71s     Checking existence of `StaticText (Element at index 11)`
    t =    33.75s     Find the StaticText (Element at index 11)
    t =    33.80s     Checking existence of `"Click each step to configure" StaticText`
    t =    33.86s     Find the "Click each step to configure" StaticText
    t =    33.91s     Find the "Click each step to configure" StaticText
    t =    34.05s     Find the "Click each step to configure" StaticText
    t =    34.10s     Checking existence of `StaticText (Element at index 12)`
    t =    34.15s     Find the StaticText (Element at index 12)
    t =    34.21s     Checking existence of `"Ready to start?" StaticText`
    t =    34.26s     Find the "Ready to start?" StaticText
    t =    34.41s     Find the "Ready to start?" StaticText
    t =    34.70s     Find the "Ready to start?" StaticText
    t =    34.75s     Checking existence of `StaticText (Element at index 13)`
    t =    34.79s     Find the StaticText (Element at index 13)
    t =    34.84s     Checking existence of `"✓ Ready to begin" StaticText`
    t =    34.89s     Find the "✓ Ready to begin" StaticText
    t =    34.94s     Find the "✓ Ready to begin" StaticText
    t =    35.09s     Find the "✓ Ready to begin" StaticText
    t =    35.14s     Checking existence of `StaticText (Element at index 14)`
    t =    35.19s     Find the StaticText (Element at index 14)
    t =    35.24s     Checking existence of `"0:00" StaticText`
    t =    35.29s     Find the "0:00" StaticText
    t =    35.34s     Find the "0:00" StaticText
    t =    35.45s     Find the "0:00" StaticText
    t =    35.49s     Checking existence of `StaticText (Element at index 15)`
    t =    35.54s     Find the StaticText (Element at index 15)
    t =    35.70s     Checking existence of `"0:04" StaticText`
    t =    35.76s     Find the "0:04" StaticText
    t =    35.82s     Find the "0:04" StaticText
    t =    35.94s     Find the "0:04" StaticText
    t =    35.99s     Checking existence of `StaticText (Element at index 16)`
    t =    36.04s     Find the StaticText (Element at index 16)
    t =    36.10s     Checking existence of `"0:00" StaticText`
    t =    36.14s     Find the "0:00" StaticText
    t =    36.20s     Find the "0:00" StaticText
    t =    36.30s     Find the "0:00" StaticText
    t =    36.35s     Checking existence of `StaticText (Element at index 17)`
    t =    36.39s     Find the StaticText (Element at index 17)
    t =    36.45s     Checking existence of `"0:04" StaticText`
    t =    36.49s     Find the "0:04" StaticText
    t =    36.55s     Find the "0:04" StaticText
    t =    36.64s     Find the "0:04" StaticText
    t =    36.69s     Checking existence of `StaticText (Element at index 18)`
    t =    36.74s     Find the StaticText (Element at index 18)
    t =    36.80s     Checking existence of `"Total Clips:" StaticText`
    t =    36.84s     Find the "Total Clips:" StaticText
    t =    36.90s     Find the "Total Clips:" StaticText
    t =    37.02s     Find the "Total Clips:" StaticText
    t =    37.08s     Checking existence of `StaticText (Element at index 19)`
    t =    37.13s     Find the StaticText (Element at index 19)
    t =    37.18s     Checking existence of `"47" StaticText`
    t =    37.23s     Find the "47" StaticText
    t =    37.38s     Find the "47" StaticText
    t =    37.52s     Find the "47" StaticText
    t =    37.57s     Checking existence of `StaticText (Element at index 20)`
    t =    37.62s     Find the StaticText (Element at index 20)
    t =    37.67s     Checking existence of `"Total Duration:" StaticText`
    t =    37.72s     Find the "Total Duration:" StaticText
    t =    37.78s     Find the "Total Duration:" StaticText
    t =    37.97s     Find the "Total Duration:" StaticText
    t =    38.02s     Checking existence of `StaticText (Element at index 21)`
    t =    38.07s     Find the StaticText (Element at index 21)
    t =    38.12s     Checking existence of `"15:33 → 15:33" StaticText`
    t =    38.17s     Find the "15:33 → 15:33" StaticText
    t =    38.23s     Find the "15:33 → 15:33" StaticText
    t =    38.34s     Find the "15:33 → 15:33" StaticText
    t =    38.39s     Checking existence of `StaticText (Element at index 22)`
    t =    38.44s     Find the StaticText (Element at index 22)
    t =    38.50s     Checking existence of `"Total File Size:" StaticText`
    t =    38.55s     Find the "Total File Size:" StaticText
    t =    38.60s     Find the "Total File Size:" StaticText
    t =    38.71s     Find the "Total File Size:" StaticText
    t =    38.76s     Checking existence of `StaticText (Element at index 23)`
    t =    38.81s     Find the StaticText (Element at index 23)
    t =    38.86s     Checking existence of `"27.07 GB → 27.07 GB" StaticText`
    t =    38.91s     Find the "27.07 GB → 27.07 GB" StaticText
    t =    38.97s     Find the "27.07 GB → 27.07 GB" StaticText
    t =    39.08s     Find the "27.07 GB → 27.07 GB" StaticText
    t =    39.13s     Checking existence of `StaticText (Element at index 24)`
    t =    39.19s     Find the StaticText (Element at index 24)
    t =    39.24s     Checking existence of `"Total Space Savings:" StaticText`
    t =    39.29s     Find the "Total Space Savings:" StaticText
    t =    39.35s     Find the "Total Space Savings:" StaticText
    t =    39.51s     Find the "Total Space Savings:" StaticText
    t =    39.56s     Checking existence of `StaticText (Element at index 25)`
    t =    39.61s     Find the StaticText (Element at index 25)
    t =    39.67s     Checking existence of `"Zero KB" StaticText`
    t =    39.72s     Find the "Zero KB" StaticText
    t =    39.88s     Find the "Zero KB" StaticText
    t =    39.99s     Find the "Zero KB" StaticText
    t =    40.04s     Checking existence of `StaticText (Element at index 26)`
    t =    40.09s     Find the StaticText (Element at index 26)
    t =    40.15s     Checking existence of `"Trim" StaticText`
    t =    40.20s     Find the "Trim" StaticText
    t =    40.26s     Find the "Trim" StaticText
    t =    40.38s     Find the "Trim" StaticText
    t =    40.44s     Checking existence of `StaticText (Element at index 27)`
    t =    40.49s     Find the StaticText (Element at index 27)
    t =    40.54s     Checking existence of `"0:00" StaticText`
    t =    40.60s     Find the "0:00" StaticText
    t =    40.67s     Find the "0:00" StaticText
    t =    40.89s     Find the "0:00" StaticText
    t =    40.96s     Checking existence of `StaticText (Element at index 28)`
    t =    41.01s     Find the StaticText (Element at index 28)
    t =    41.07s     Checking existence of `"0:04" StaticText`
    t =    41.13s     Find the "0:04" StaticText
    t =    41.29s     Find the "0:04" StaticText
    t =    41.42s     Find the "0:04" StaticText
    t =    41.47s     Checking existence of `StaticText (Element at index 29)`
    t =    41.53s     Find the StaticText (Element at index 29)
    t =    41.69s     Checking existence of `"Re-Naming" StaticText`
    t =    41.75s     Find the "Re-Naming" StaticText
    t =    41.92s     Find the "Re-Naming" StaticText
    t =    42.05s     Find the "Re-Naming" StaticText
    t =    42.10s     Checking existence of `StaticText (Element at index 30)`
    t =    42.15s     Find the StaticText (Element at index 30)
    t =    42.21s     Checking existence of `"Color" StaticText`
    t =    42.26s     Find the "Color" StaticText
    t =    42.32s     Find the "Color" StaticText
    t =    42.43s     Find the "Color" StaticText
    t =    42.48s     Checking existence of `StaticText (Element at index 31)`
    t =    42.54s     Find the StaticText (Element at index 31)
    t =    42.61s     Checking existence of `"Rating" StaticText`
    t =    42.67s     Find the "Rating" StaticText
    t =    42.72s     Find the "Rating" StaticText
    t =    42.84s     Find the "Rating" StaticText
    t =    42.89s     Checking existence of `StaticText (Element at index 32)`
    t =    42.95s     Find the StaticText (Element at index 32)
    t =    43.01s     Checking existence of `"Keywords" StaticText`
    t =    43.06s     Find the "Keywords" StaticText
    t =    43.12s     Find the "Keywords" StaticText
    t =    43.23s     Find the "Keywords" StaticText
    t =    43.28s     Checking existence of `StaticText (Element at index 33)`
    t =    43.34s     Find the StaticText (Element at index 33)
    t =    43.50s     Checking existence of `"File Metadata" StaticText`
    t =    43.57s     Find the "File Metadata" StaticText
    t =    43.64s     Find the "File Metadata" StaticText
    t =    43.76s     Find the "File Metadata" StaticText
    t =    43.82s     Checking existence of `StaticText (Element at index 34)`
    t =    43.87s     Find the StaticText (Element at index 34)
    t =    44.04s     Checking existence of `"20251116_a18659.MP4" StaticText`
    t =    44.11s     Find the "20251116_a18659.MP4" StaticText
    t =    44.17s     Find the "20251116_a18659.MP4" StaticText
    t =    44.40s     Find the "20251116_a18659.MP4" StaticText
    t =    44.46s     Checking existence of `StaticText (Element at index 35)`
    t =    44.52s     Find the StaticText (Element at index 35)
    t =    44.59s     Checking existence of `"/Volumes/X10 Pro/CLIP/20251116_a18659.MP4" StaticText`
    t =    44.64s     Find the "/Volumes/X10 Pro/CLIP/20251116_a18659.MP4" StaticText
    t =    44.70s     Find the "/Volumes/X10 Pro/CLIP/20251116_a18659.MP4" StaticText
    t =    44.98s     Find the "/Volumes/X10 Pro/CLIP/20251116_a18659.MP4" StaticText
    t =    45.03s     Checking existence of `StaticText (Element at index 36)`
    t =    45.09s     Find the StaticText (Element at index 36)
    t =    45.15s     Checking existence of `"Duration:" StaticText`
    t =    45.20s     Find the "Duration:" StaticText
    t =    45.27s     Find the "Duration:" StaticText
    t =    45.39s     Find the "Duration:" StaticText
    t =    45.45s     Checking existence of `StaticText (Element at index 37)`
    t =    45.51s     Find the StaticText (Element at index 37)
    t =    45.57s     Checking existence of `"00:00:04" StaticText`
    t =    45.63s     Find the "00:00:04" StaticText
    t =    45.69s     Find the "00:00:04" StaticText
    t =    45.82s     Find the "00:00:04" StaticText
    t =    45.88s     Checking existence of `StaticText (Element at index 38)`
    t =    45.94s     Find the StaticText (Element at index 38)
    t =    46.00s     Checking existence of `"Size:" StaticText`
    t =    46.05s     Find the "Size:" StaticText
    t =    46.12s     Find the "Size:" StaticText
    t =    46.23s     Find the "Size:" StaticText
    t =    46.30s     Checking existence of `StaticText (Element at index 39)`
    t =    46.36s     Find the StaticText (Element at index 39)
    t =    46.42s     Checking existence of `"336.1 MB" StaticText`
    t =    46.48s     Find the "336.1 MB" StaticText
    t =    46.55s     Find the "336.1 MB" StaticText
    t =    46.67s     Find the "336.1 MB" StaticText
    t =    46.73s     Checking existence of `StaticText (Element at index 40)`
    t =    46.80s     Find the StaticText (Element at index 40)
    t =    46.86s     Checking existence of `"Bitrate:" StaticText`
    t =    46.92s     Find the "Bitrate:" StaticText
    t =    46.99s     Find the "Bitrate:" StaticText
    t =    47.21s     Find the "Bitrate:" StaticText
    t =    47.28s     Checking existence of `StaticText (Element at index 41)`
    t =    47.34s     Find the StaticText (Element at index 41)
    t =    47.41s     Checking existence of `"62.8 MB/s" StaticText`
    t =    47.47s     Find the "62.8 MB/s" StaticText
    t =    47.53s     Find the "62.8 MB/s" StaticText
    t =    47.65s     Find the "62.8 MB/s" StaticText
    t =    47.71s     Checking existence of `StaticText (Element at index 42)`
    t =    47.77s     Find the StaticText (Element at index 42)
    t =    47.84s     Checking existence of `"Framerate:" StaticText`
    t =    47.90s     Find the "Framerate:" StaticText
    t =    47.96s     Find the "Framerate:" StaticText
    t =    48.20s     Find the "Framerate:" StaticText
    t =    48.27s     Checking existence of `StaticText (Element at index 43)`
    t =    48.33s     Find the StaticText (Element at index 43)
    t =    48.50s     Checking existence of `"23.98 FPS" StaticText`
    t =    48.58s     Find the "23.98 FPS" StaticText
    t =    48.64s     Find the "23.98 FPS" StaticText
    t =    48.75s     Find the "23.98 FPS" StaticText
    t =    48.82s     Checking existence of `StaticText (Element at index 44)`
    t =    48.89s     Find the StaticText (Element at index 44)
    t =    48.95s     Checking existence of `"Resolution:" StaticText`
    t =    49.01s     Find the "Resolution:" StaticText
    t =    49.08s     Find the "Resolution:" StaticText
    t =    49.20s     Find the "Resolution:" StaticText
    t =    49.26s     Checking existence of `StaticText (Element at index 45)`
    t =    49.32s     Find the StaticText (Element at index 45)
    t =    49.39s     Checking existence of `"7680x4320 (8K)" StaticText`
    t =    49.45s     Find the "7680x4320 (8K)" StaticText
    t =    49.52s     Find the "7680x4320 (8K)" StaticText
    t =    49.64s     Find the "7680x4320 (8K)" StaticText
    t =    49.71s     Checking existence of `StaticText (Element at index 46)`
    t =    49.77s     Find the StaticText (Element at index 46)
    t =    49.84s     Checking existence of `"Video Codec:" StaticText`
    t =    49.90s     Find the "Video Codec:" StaticText
    t =    49.96s     Find the "Video Codec:" StaticText
    t =    50.19s     Find the "Video Codec:" StaticText
    t =    50.26s     Checking existence of `StaticText (Element at index 47)`
    t =    50.32s     Find the StaticText (Element at index 47)
    t =    50.38s     Checking existence of `"H.265/HEVC" StaticText`
    t =    50.44s     Find the "H.265/HEVC" StaticText
    t =    50.51s     Find the "H.265/HEVC" StaticText
    t =    50.63s     Find the "H.265/HEVC" StaticText
    t =    50.70s     Checking existence of `StaticText (Element at index 48)`
    t =    50.76s     Find the StaticText (Element at index 48)
    t =    50.83s     Checking existence of `"Bit Depth:" StaticText`
    t =    50.92s     Find the "Bit Depth:" StaticText
    t =    51.08s     Find the "Bit Depth:" StaticText
    t =    51.22s     Find the "Bit Depth:" StaticText
    t =    51.29s     Checking existence of `StaticText (Element at index 49)`
    t =    51.35s     Find the StaticText (Element at index 49)
    t =    51.43s     Checking existence of `"10-bit" StaticText`
    t =    51.48s     Find the "10-bit" StaticText
    t =    51.55s     Find the "10-bit" StaticText
    t =    51.78s     Find the "10-bit" StaticText
    t =    51.86s     Checking existence of `StaticText (Element at index 50)`
    t =    51.93s     Find the StaticText (Element at index 50)
    t =    52.00s     Checking existence of `"Audio Codec:" StaticText`
    t =    52.06s     Find the "Audio Codec:" StaticText
    t =    52.13s     Find the "Audio Codec:" StaticText
    t =    52.47s     Find the "Audio Codec:" StaticText
    t =    52.57s     Checking existence of `StaticText (Element at index 51)`
    t =    52.63s     Find the StaticText (Element at index 51)
    t =    52.80s     Checking existence of `"PCM" StaticText`
    t =    52.89s     Find the "PCM" StaticText
    t =    52.98s     Find the "PCM" StaticText
    t =    53.11s     Find the "PCM" StaticText
    t =    53.18s     Checking existence of `StaticText (Element at index 52)`
    t =    53.24s     Find the StaticText (Element at index 52)
    t =    53.31s     Checking existence of `"Channels:" StaticText`
    t =    53.37s     Find the "Channels:" StaticText
    t =    53.45s     Find the "Channels:" StaticText
    t =    53.57s     Find the "Channels:" StaticText
    t =    53.63s     Checking existence of `StaticText (Element at index 53)`
    t =    53.69s     Find the StaticText (Element at index 53)
    t =    53.77s     Checking existence of `"Stereo" StaticText`
    t =    53.84s     Find the "Stereo" StaticText
    t =    53.91s     Find the "Stereo" StaticText
    t =    54.04s     Find the "Stereo" StaticText
    t =    54.11s     Checking existence of `StaticText (Element at index 54)`
    t =    54.17s     Find the StaticText (Element at index 54)
    t =    54.24s     Checking existence of `"Sample Rate:" StaticText`
    t =    54.31s     Find the "Sample Rate:" StaticText
    t =    54.38s     Find the "Sample Rate:" StaticText
    t =    54.50s     Find the "Sample Rate:" StaticText
    t =    54.56s     Checking existence of `StaticText (Element at index 55)`
    t =    54.63s     Find the StaticText (Element at index 55)
    t =    54.69s     Checking existence of `"48.0 kHz" StaticText`
    t =    54.76s     Find the "48.0 kHz" StaticText
    t =    54.83s     Find the "48.0 kHz" StaticText
    t =    55.06s     Find the "48.0 kHz" StaticText
    t =    55.14s     Checking existence of `StaticText (Element at index 56)`
    t =    55.21s     Find the StaticText (Element at index 56)
    t =    55.29s     Checking existence of `"Created:" StaticText`
    t =    55.35s     Find the "Created:" StaticText
    t =    55.42s     Find the "Created:" StaticText
    t =    55.66s     Find the "Created:" StaticText
    t =    55.74s     Checking existence of `StaticText (Element at index 57)`
    t =    55.81s     Find the StaticText (Element at index 57)
    t =    55.88s     Checking existence of `"11/16/25, 4:36 PM" StaticText`
    t =    55.95s     Find the "11/16/25, 4:36 PM" StaticText
    t =    56.02s     Find the "11/16/25, 4:36 PM" StaticText
    t =    56.15s     Find the "11/16/25, 4:36 PM" StaticText
    t =    56.23s     Checking existence of `StaticText (Element at index 58)`
    t =    56.29s     Find the StaticText (Element at index 58)
    t =    56.37s     Checking existence of `"Edited:" StaticText`
    t =    56.44s     Find the "Edited:" StaticText
    t =    56.51s     Find the "Edited:" StaticText
    t =    56.64s     Find the "Edited:" StaticText
    t =    56.70s     Checking existence of `StaticText (Element at index 59)`
    t =    56.77s     Find the StaticText (Element at index 59)
    t =    56.84s     Checking existence of `"11/16/25, 4:36 PM" StaticText`
    t =    56.90s     Find the "11/16/25, 4:36 PM" StaticText
    t =    56.97s     Find the "11/16/25, 4:36 PM" StaticText
    t =    57.09s     Find the "11/16/25, 4:36 PM" StaticText
    t =    57.16s     Checking existence of `StaticText (Element at index 60)`
    t =    57.23s     Find the StaticText (Element at index 60)
    t =    57.31s     Checking existence of `"Camera Metadata" StaticText`
    t =    57.38s     Find the "Camera Metadata" StaticText
    t =    57.45s     Find the "Camera Metadata" StaticText
    t =    57.68s     Find the "Camera Metadata" StaticText
    t =    57.76s     Checking existence of `StaticText (Element at index 61)`
    t =    57.83s     Find the StaticText (Element at index 61)
    t =    57.90s     Checking existence of `"XML Sidecar Available" StaticText`
    t =    57.96s     Find the "XML Sidecar Available" StaticText
    t =    58.14s     Find the "XML Sidecar Available" StaticText
    t =    58.39s     Find the "XML Sidecar Available" StaticText
    t =    58.48s     Checking existence of `StaticText (Element at index 62)`
    t =    58.54s     Find the StaticText (Element at index 62)
    t =    58.61s     Checking existence of `"Camera:" StaticText`
    t =    58.69s     Find the "Camera:" StaticText
    t =    58.76s     Find the "Camera:" StaticText
    t =    58.89s     Find the "Camera:" StaticText
    t =    58.96s     Checking existence of `StaticText (Element at index 63)`
    t =    59.03s     Find the StaticText (Element at index 63)
    t =    59.10s     Checking existence of `"Sony ILCE-1M2" StaticText`
    t =    59.17s     Find the "Sony ILCE-1M2" StaticText
    t =    59.25s     Find the "Sony ILCE-1M2" StaticText
    t =    59.38s     Find the "Sony ILCE-1M2" StaticText
    t =    59.45s     Checking existence of `StaticText (Element at index 64)`
    t =    59.53s     Find the StaticText (Element at index 64)
    t =    59.61s     Checking existence of `"Lens:" StaticText`
    t =    59.68s     Find the "Lens:" StaticText
    t =    59.75s     Find the "Lens:" StaticText
    t =    59.87s     Find the "Lens:" StaticText
    t =    59.95s     Checking existence of `StaticText (Element at index 65)`
    t =    60.03s     Find the StaticText (Element at index 65)
    t =    60.11s     Checking existence of `"85mm F1.4 DG DN | Art 020" StaticText`
    t =    60.18s     Find the "85mm F1.4 DG DN | Art 020" StaticText
    t =    60.26s     Find the "85mm F1.4 DG DN | Art 020" StaticText
    t =    60.40s     Find the "85mm F1.4 DG DN | Art 020" StaticText
    t =    60.47s     Checking existence of `StaticText (Element at index 66)`
    t =    60.54s     Find the StaticText (Element at index 66)
    t =    60.62s     Checking existence of `"Gamma:" StaticText`
    t =    60.70s     Find the "Gamma:" StaticText
    t =    60.77s     Find the "Gamma:" StaticText
    t =    60.91s     Find the "Gamma:" StaticText
    t =    60.99s     Checking existence of `StaticText (Element at index 67)`
    t =    61.06s     Find the StaticText (Element at index 67)
    t =    61.14s     Checking existence of `"s-log3-cine" StaticText`
    t =    61.21s     Find the "s-log3-cine" StaticText
    t =    61.40s     Find the "s-log3-cine" StaticText
    t =    61.55s     Find the "s-log3-cine" StaticText
    t =    61.62s     Checking existence of `StaticText (Element at index 68)`
    t =    61.70s     Find the StaticText (Element at index 68)
    t =    61.77s     Checking existence of `"Color Space:" StaticText`
    t =    61.85s     Find the "Color Space:" StaticText
    t =    61.93s     Find the "Color Space:" StaticText
    t =    62.16s     Find the "Color Space:" StaticText
    t =    62.23s     Checking existence of `StaticText (Element at index 69)`
    t =    62.31s     Find the StaticText (Element at index 69)
    t =    62.39s     Checking existence of `"s-gamut3-cine" StaticText`
    t =    62.46s     Find the "s-gamut3-cine" StaticText
    t =    62.54s     Find the "s-gamut3-cine" StaticText
    t =    62.77s     Find the "s-gamut3-cine" StaticText
    t =    62.86s     Checking existence of `StaticText (Element at index 70)`
    t =    62.93s     Find the StaticText (Element at index 70)
    t =    63.01s     Checking existence of `"Capture FPS:" StaticText`
    t =    63.09s     Find the "Capture FPS:" StaticText
    t =    63.17s     Find the "Capture FPS:" StaticText
    t =    63.31s     Find the "Capture FPS:" StaticText
    t =    63.38s     Checking existence of `StaticText (Element at index 71)`
    t =    63.46s     Find the StaticText (Element at index 71)
    t =    63.54s     Checking existence of `"23.98p" StaticText`
    t =    63.62s     Find the "23.98p" StaticText
    t =    63.70s     Find the "23.98p" StaticText
    t =    63.84s     Find the "23.98p" StaticText
    t =    63.92s     Checking existence of `StaticText (Element at index 72)`
    t =    63.99s     Find the StaticText (Element at index 72)
    t =    64.07s     Checking existence of `"Timecode:" StaticText`
    t =    64.15s     Find the "Timecode:" StaticText
    t =    64.34s     Find the "Timecode:" StaticText
    t =    64.50s     Find the "Timecode:" StaticText
    t =    64.57s     Checking existence of `StaticText (Element at index 73)`
    t =    64.65s     Find the StaticText (Element at index 73)
    t =    64.72s     Checking existence of `"23:46:57:00" StaticText`
    t =    64.80s     Find the "23:46:57:00" StaticText
    t =    64.99s     Find the "23:46:57:00" StaticText
    t =    65.24s     Find the "23:46:57:00" StaticText
    t =    65.32s     Checking existence of `StaticText (Element at index 74)`
    t =    65.40s     Find the StaticText (Element at index 74)
    t =    65.48s     Checking existence of `"0:04" StaticText`
    t =    65.55s     Find the "0:04" StaticText
    t =    65.73s     Find the "0:04" StaticText
    t =    65.88s     Find the "0:04" StaticText
    t =    65.96s     Checking existence of `StaticText (Element at index 75)`
    t =    66.03s     Find the StaticText (Element at index 75)
    t =    66.12s     Checking existence of `"0:03" StaticText`
    t =    66.19s     Find the "0:03" StaticText
    t =    66.27s     Find the "0:03" StaticText
    t =    66.42s     Find the "0:03" StaticText
    t =    66.50s     Checking existence of `StaticText (Element at index 76)`
    t =    66.58s     Find the StaticText (Element at index 76)
    t =    66.66s     Checking existence of `"0:04" StaticText`
    t =    66.74s     Find the "0:04" StaticText
    t =    66.82s     Find the "0:04" StaticText
    t =    66.95s     Find the "0:04" StaticText
    t =    67.04s     Checking existence of `StaticText (Element at index 77)`
    t =    67.11s     Find the StaticText (Element at index 77)
    t =    67.19s     Checking existence of `"0:04" StaticText`
    t =    67.26s     Find the "0:04" StaticText
    t =    67.34s     Find the "0:04" StaticText
    t =    67.48s     Find the "0:04" StaticText
    t =    67.56s     Checking existence of `StaticText (Element at index 78)`
    t =    67.64s     Find the StaticText (Element at index 78)
    t =    67.72s     Checking existence of `"0:03" StaticText`
    t =    67.79s     Find the "0:03" StaticText
    t =    67.87s     Find the "0:03" StaticText
    t =    68.01s     Find the "0:03" StaticText
    t =    68.09s     Checking existence of `StaticText (Element at index 79)`
    t =    68.17s     Find the StaticText (Element at index 79)
    t =    68.25s     Checking existence of `"0:17" StaticText`
    t =    68.33s     Find the "0:17" StaticText
    t =    68.51s     Find the "0:17" StaticText
    t =    68.67s     Find the "0:17" StaticText
    t =    68.75s     Checking existence of `StaticText (Element at index 80)`
    t =    68.82s     Find the StaticText (Element at index 80)
    t =    68.90s     Checking existence of `"0:05" StaticText`
    t =    68.99s     Find the "0:05" StaticText
    t =    69.08s     Find the "0:05" StaticText
    t =    69.21s     Find the "0:05" StaticText
    t =    69.29s     Checking existence of `StaticText (Element at index 81)`
    t =    69.37s     Find the StaticText (Element at index 81)
    t =    69.46s     Checking existence of `"0:09" StaticText`
    t =    69.54s     Find the "0:09" StaticText
    t =    69.73s     Find the "0:09" StaticText
    t =    69.88s     Find the "0:09" StaticText
    t =    69.96s     Checking existence of `StaticText (Element at index 82)`
    t =    70.04s     Find the StaticText (Element at index 82)
    t =    70.13s     Checking existence of `"0:03" StaticText`
    t =    70.21s     Find the "0:03" StaticText
    t =    70.40s     Find the "0:03" StaticText
    t =    70.54s     Find the "0:03" StaticText
    t =    70.62s     Checking existence of `StaticText (Element at index 83)`
    t =    70.72s     Find the StaticText (Element at index 83)
    t =    70.80s     Checking existence of `"0:52" StaticText`
    t =    70.88s     Find the "0:52" StaticText
    t =    70.96s     Find the "0:52" StaticText
    t =    71.12s     Find the "0:52" StaticText
    t =    71.19s     Checking existence of `StaticText (Element at index 84)`
    t =    71.27s     Find the StaticText (Element at index 84)
    t =    71.36s     Checking existence of `"0:09" StaticText`
    t =    71.45s     Find the "0:09" StaticText
    t =    71.54s     Find the "0:09" StaticText
    t =    71.68s     Find the "0:09" StaticText
    t =    71.77s     Checking existence of `StaticText (Element at index 85)`
    t =    71.86s     Find the StaticText (Element at index 85)
    t =    71.94s     Checking existence of `"0:33" StaticText`
    t =    72.03s     Find the "0:33" StaticText
    t =    72.11s     Find the "0:33" StaticText
    t =    72.26s     Find the "0:33" StaticText
    t =    72.34s     Checking existence of `StaticText (Element at index 86)`
    t =    72.43s     Find the StaticText (Element at index 86)
    t =    72.51s     Checking existence of `"0:33" StaticText`
    t =    72.59s     Find the "0:33" StaticText
    t =    72.69s     Find the "0:33" StaticText
    t =    72.85s     Find the "0:33" StaticText
    t =    72.93s     Checking existence of `StaticText (Element at index 87)`
    t =    73.01s     Find the StaticText (Element at index 87)
    t =    73.10s     Checking existence of `"0:32" StaticText`
    t =    73.18s     Find the "0:32" StaticText
    t =    73.27s     Find the "0:32" StaticText
    t =    73.51s     Find the "0:32" StaticText
    t =    73.61s     Checking existence of `StaticText (Element at index 88)`
    t =    73.69s     Find the StaticText (Element at index 88)
    t =    73.78s     Checking existence of `"0:15" StaticText`
    t =    73.86s     Find the "0:15" StaticText
    t =    74.07s     Find the "0:15" StaticText
    t =    74.43s     Find the "0:15" StaticText
    t =    74.54s     Checking existence of `StaticText (Element at index 89)`
    t =    74.63s     Find the StaticText (Element at index 89)
    t =    74.72s     Checking existence of `"0:20" StaticText`
    t =    74.80s     Find the "0:20" StaticText
    t =    74.89s     Find the "0:20" StaticText
    t =    75.25s     Find the "0:20" StaticText
    t =    75.37s     Checking existence of `StaticText (Element at index 90)`
    t =    75.46s     Find the StaticText (Element at index 90)
    t =    75.55s     Checking existence of `"0:39" StaticText`
    t =    75.63s     Find the "0:39" StaticText
    t =    75.83s     Find the "0:39" StaticText
    t =    76.24s     Find the "0:39" StaticText
    t =    76.37s     Checking existence of `StaticText (Element at index 91)`
    t =    76.45s     Find the StaticText (Element at index 91)
    t =    76.55s     Checking existence of `"0:23" StaticText`
    t =    76.63s     Find the "0:23" StaticText
    t =    76.73s     Find the "0:23" StaticText
    t =    77.02s     Find the "0:23" StaticText
    t =    77.13s     Checking existence of `StaticText (Element at index 92)`
    t =    77.21s     Find the StaticText (Element at index 92)
    t =    77.50s     Checking existence of `"0:16" StaticText`
    t =    77.63s     Find the "0:16" StaticText
    t =    77.82s     Find the "0:16" StaticText
    t =    78.09s     Find the "0:16" StaticText
    t =    78.20s     Checking existence of `StaticText (Element at index 93)`
    t =    78.29s     Find the StaticText (Element at index 93)
    t =    78.37s     Checking existence of `"0:26" StaticText`
    t =    78.45s     Find the "0:26" StaticText
    t =    78.54s     Find the "0:26" StaticText
    t =    78.79s     Find the "0:26" StaticText
    t =    78.87s     Checking existence of `StaticText (Element at index 94)`
    t =    78.96s     Find the StaticText (Element at index 94)
    t =    79.04s     Checking existence of `"0:25" StaticText`
    t =    79.13s     Find the "0:25" StaticText
    t =    79.21s     Find the "0:25" StaticText
    t =    79.51s     Find the "0:25" StaticText
    t =    79.62s     Checking existence of `StaticText (Element at index 95)`
    t =    79.71s     Find the StaticText (Element at index 95)
    t =    79.90s     Checking existence of `"0:17" StaticText`
    t =    79.99s     Find the "0:17" StaticText
    t =    80.08s     Find the "0:17" StaticText
    t =    80.34s     Find the "0:17" StaticText
    t =    80.45s     Checking existence of `StaticText (Element at index 96)`
    t =    80.53s     Find the StaticText (Element at index 96)
    t =    80.62s     Checking existence of `"0:19" StaticText`
    t =    80.70s     Find the "0:19" StaticText
    t =    80.80s     Find the "0:19" StaticText
    t =    81.07s     Find the "0:19" StaticText
    t =    81.18s     Checking existence of `StaticText (Element at index 97)`
    t =    81.26s     Find the StaticText (Element at index 97)
    t =    81.35s     Checking existence of `"0:48" StaticText`
    t =    81.43s     Find the "0:48" StaticText
    t =    81.52s     Find the "0:48" StaticText
    t =    81.81s     Find the "0:48" StaticText
    t =    81.93s     Checking existence of `StaticText (Element at index 98)`
    t =    82.02s     Find the StaticText (Element at index 98)
    t =    82.11s     Checking existence of `"0:30" StaticText`
    t =    82.20s     Find the "0:30" StaticText
    t =    82.29s     Find the "0:30" StaticText
    t =    82.59s     Find the "0:30" StaticText
    t =    82.71s     Checking existence of `StaticText (Element at index 99)`
    t =    82.79s     Find the StaticText (Element at index 99)
    t =    82.88s     Checking existence of `"0:50" StaticText`
    t =    82.97s     Find the "0:50" StaticText
    t =    83.07s     Find the "0:50" StaticText
    t =    83.32s     Find the "0:50" StaticText
    t =    83.41s     Checking existence of `StaticText (Element at index 100)`
    t =    83.50s     Find the StaticText (Element at index 100)
    t =    83.69s     Checking existence of `"0:04" StaticText`
    t =    83.79s     Find the "0:04" StaticText
    t =    83.88s     Find the "0:04" StaticText
    t =    84.54s     Find the "0:04" StaticText
    t =    84.67s     Checking existence of `StaticText (Element at index 101)`
    t =    84.76s     Find the StaticText (Element at index 101)
    t =    84.95s     Checking existence of `"0:29" StaticText`
    t =    85.05s     Find the "0:29" StaticText
    t =    85.14s     Find the "0:29" StaticText
    t =    85.78s     Find the "0:29" StaticText
    t =    85.91s     Checking existence of `StaticText (Element at index 102)`
    t =    85.99s     Find the StaticText (Element at index 102)
    t =    86.08s     Checking existence of `"0:28" StaticText`
    t =    86.17s     Find the "0:28" StaticText
    t =    86.26s     Find the "0:28" StaticText
    t =    86.54s     Find the "0:28" StaticText
    t =    86.66s     Checking existence of `StaticText (Element at index 103)`
    t =    86.75s     Find the StaticText (Element at index 103)
    t =    86.84s     Checking existence of `"0:15" StaticText`
    t =    86.93s     Find the "0:15" StaticText
    t =    87.12s     Find the "0:15" StaticText
    t =    87.39s     Find the "0:15" StaticText
    t =    87.50s     Checking existence of `StaticText (Element at index 104)`
    t =    87.59s     Find the StaticText (Element at index 104)
    t =    87.69s     Checking existence of `"0:21" StaticText`
    t =    87.78s     Find the "0:21" StaticText
    t =    87.87s     Find the "0:21" StaticText
    t =    88.36s     Find the "0:21" StaticText
    t =    88.48s     Checking existence of `StaticText (Element at index 105)`
    t =    88.57s     Find the StaticText (Element at index 105)
    t =    88.66s     Checking existence of `"0:08" StaticText`
    t =    88.76s     Find the "0:08" StaticText
    t =    88.85s     Find the "0:08" StaticText
    t =    89.27s     Find the "0:08" StaticText
    t =    89.38s     Checking existence of `StaticText (Element at index 106)`
    t =    89.47s     Find the StaticText (Element at index 106)
    t =    89.56s     Checking existence of `"0:05" StaticText`
    t =    89.65s     Find the "0:05" StaticText
    t =    89.74s     Find the "0:05" StaticText
    t =    90.03s     Find the "0:05" StaticText
    t =    90.15s     Checking existence of `StaticText (Element at index 107)`
    t =    90.24s     Find the StaticText (Element at index 107)
    t =    90.35s     Checking existence of `"0:16" StaticText`
    t =    90.44s     Find the "0:16" StaticText
    t =    90.54s     Find the "0:16" StaticText
    t =    90.93s     Find the "0:16" StaticText
    t =    91.06s     Checking existence of `StaticText (Element at index 108)`
    t =    91.16s     Find the StaticText (Element at index 108)
    t =    91.26s     Checking existence of `"0:12" StaticText`
    t =    91.35s     Find the "0:12" StaticText
    t =    91.45s     Find the "0:12" StaticText
    t =    91.70s     Find the "0:12" StaticText
    t =    91.82s     Get all elements bound by index for: Descendants matching type Button
    t =    91.87s     Checking existence of `Button (Element at index 0)`
    t =    91.91s     Find the Button (Element at index 0)
    t =    91.96s     Checking existence of `"_XCUI:CloseWindow" Button`
    t =    91.99s     Find the "_XCUI:CloseWindow" Button
    t =    92.04s     Find the "_XCUI:CloseWindow" Button
    t =    92.14s     Find the "_XCUI:CloseWindow" Button
    t =    92.24s     Checking existence of `Button (Element at index 1)`
    t =    92.28s     Find the Button (Element at index 1)
    t =    92.34s     Checking existence of `"_XCUI:FullScreenWindow" Button`
    t =    92.38s     Find the "_XCUI:FullScreenWindow" Button
    t =    92.53s     Find the "_XCUI:FullScreenWindow" Button
    t =    92.63s     Find the "_XCUI:FullScreenWindow" Button
    t =    92.82s     Checking existence of `Button (Element at index 2)`
    t =    92.87s     Find the Button (Element at index 2)
    t =    92.92s     Checking existence of `"_XCUI:MinimizeWindow" Button`
    t =    92.97s     Find the "_XCUI:MinimizeWindow" Button
    t =    93.12s     Find the "_XCUI:MinimizeWindow" Button
    t =    93.23s     Find the "_XCUI:MinimizeWindow" Button
    t =    93.32s     Checking existence of `Button (Element at index 3)`
    t =    93.37s     Find the Button (Element at index 3)
    t =    93.42s     Checking existence of `"Source, CLIP" Button`
    t =    93.46s     Find the "Source, CLIP" Button
    t =    93.51s     Find the "Source, CLIP" Button
    t =    93.76s     Find the "Source, CLIP" Button
    t =    93.82s     Find the "Source, CLIP" Button
/Users/romanwilson/projects/videocull/VideoCullingApp/UILayoutTests.swift:77: error: -[VideoCullingAppUITests.UILayoutTests testMainContentViewLayout] : XCTAssertTrue failed - Main Content View - Button[3] should be clickable
    t =    93.97s Tear Down
    t =    93.97s         Terminate com.yourcompany.VideoCullingApp:99178
Test Case '-[VideoCullingAppUITests.UILayoutTests testMainContentViewLayout]' failed (95.332 seconds).
Test Case '-[VideoCullingAppUITests.UILayoutTests testMetadataDisplayLayout]' started.
    t =     0.00s Start Test at 2025-11-17 15:40:59.054
    t =     0.17s Set Up
    t =     0.17s         Open com.yourcompany.VideoCullingApp
    t =     0.17s             Launch com.yourcompany.VideoCullingApp
    t =     1.06s                 Wait for accessibility to load
    t =     1.31s                 Setting up automation session
    t =     1.32s                 Wait for com.yourcompany.VideoCullingApp to idle
Testing Metadata Display layout...
    t =     6.37s     Get number of matches for: Elements matching predicate 'label CONTAINS[c] "Camera" OR label CONTAINS[c] "Lens" OR label CONTAINS[c] "ISO" OR label CONTAINS[c] "Gamma"'
    t =     6.49s Tear Down
    t =     6.49s         Terminate com.yourcompany.VideoCullingApp:264
Test Case '-[VideoCullingAppUITests.UILayoutTests testMetadataDisplayLayout]' passed (7.818 seconds).
Test Case '-[VideoCullingAppUITests.UILayoutTests testPlayerViewLayout]' started.
    t =     0.00s Start Test at 2025-11-17 15:41:06.873
    t =     0.22s Set Up
    t =     0.22s         Open com.yourcompany.VideoCullingApp
    t =     0.22s             Launch com.yourcompany.VideoCullingApp
    t =     0.61s                 Wait for accessibility to load
    t =     0.84s                 Setting up automation session
    t =     0.85s                 Wait for com.yourcompany.VideoCullingApp to idle
Testing Player View layout...
    t =     5.88s     Get number of matches for: Elements matching predicate 'label CONTAINS[c] "play" OR identifier == "playPauseButton"'
    t =     6.20s     Checking existence of `Button (First Match)`
    t =     7.04s     Find the Button (First Match)
    t =     8.83s     Find the "playPauseButton" Button
    t =    13.21s     Get number of matches for: Descendants matching type Slider
    t =    14.15s     Checking existence of `Slider (Element at index 0)`
    t =    15.08s     Checking existence of `Slider (Element at index 0)`
    t =    16.20s     Find the Slider (Element at index 0)
    t =    19.84s     Find the Slider at {{133.0, 1112.0}, {1949.0, 22.0}}
    t =    21.44s     Find the Slider at {{133.0, 1112.0}, {1949.0, 22.0}}
    t =    21.87s Tear Down
    t =    21.87s         Terminate com.yourcompany.VideoCullingApp:328
Test Case '-[VideoCullingAppUITests.UILayoutTests testPlayerViewLayout]' passed (23.165 seconds).
Test Case '-[VideoCullingAppUITests.UILayoutTests testPreferencesViewLayout]' started.
    t =     0.00s Start Test at 2025-11-17 15:41:30.038
    t =     0.20s Set Up
    t =     0.21s         Open com.yourcompany.VideoCullingApp
    t =     0.21s             Launch com.yourcompany.VideoCullingApp
    t =     0.55s                 Wait for accessibility to load
    t =     0.82s                 Setting up automation session
    t =     0.83s                 Wait for com.yourcompany.VideoCullingApp to idle
Testing Preferences View layout...
    t =     5.84s     Type ',' key with modifiers '⌘' (0x10)
    t =     5.84s         Wait for com.yourcompany.VideoCullingApp to idle
    t =     5.85s         Find the Target Application 'com.yourcompany.VideoCullingApp'
    t =     7.06s         Check for interrupting elements affecting "Nudge Video Cull" Application
    t =     8.87s         Open com.yourcompany.VideoCullingApp
    t =     8.87s             Activate com.yourcompany.VideoCullingApp
    t =     8.90s                 Wait for com.yourcompany.VideoCullingApp to idle
    t =     9.18s         Synthesize event
    t =    12.35s         Wait for com.yourcompany.VideoCullingApp to idle
    t =    13.46s     Checking existence of `Window (First Match)`
    t =    13.55s Tear Down
    t =    13.55s         Terminate com.yourcompany.VideoCullingApp:518
Test Case '-[VideoCullingAppUITests.UILayoutTests testPreferencesViewLayout]' passed (14.878 seconds).
Test Case '-[VideoCullingAppUITests.UILayoutTests testProgressViewsLayout]' started.
    t =     0.00s Start Test at 2025-11-17 15:41:44.917
    t =     0.21s Set Up
    t =     0.21s         Open com.yourcompany.VideoCullingApp
    t =     0.21s             Launch com.yourcompany.VideoCullingApp
    t =     0.54s                 Wait for accessibility to load
    t =     0.75s                 Setting up automation session
    t =     0.76s                 Wait for com.yourcompany.VideoCullingApp to idle
Testing Progress Views layout...
    t =     5.80s     Get number of matches for: Descendants matching type ProgressIndicator
    t =     6.08s     Checking existence of `ProgressIndicator (Element at index 0)`
    t =     6.98s     Checking existence of `ProgressIndicator (Element at index 0)`
    t =     7.88s     Find the ProgressIndicator (Element at index 0)
    t =    11.38s     Find the ProgressIndicator at {{1151.5, 1033.0}, {200.0, 18.0}}
    t =    16.69s Tear Down
    t =    16.69s         Terminate com.yourcompany.VideoCullingApp:800
Test Case '-[VideoCullingAppUITests.UILayoutTests testProgressViewsLayout]' passed (17.994 seconds).
Test Case '-[VideoCullingAppUITests.UILayoutTests testStarRatingLayout]' started.
    t =     0.00s Start Test at 2025-11-17 15:42:02.911
    t =     0.22s Set Up
    t =     0.23s         Open com.yourcompany.VideoCullingApp
    t =     0.23s             Launch com.yourcompany.VideoCullingApp
    t =     0.53s                 Wait for accessibility to load
    t =     0.76s                 Setting up automation session
    t =     0.77s                 Wait for com.yourcompany.VideoCullingApp to idle
Testing Star Rating layout...
    t =     5.82s     Get number of matches for: Elements matching predicate 'label CONTAINS[c] "star" OR identifier CONTAINS "star"'
    t =     6.70s Tear Down
    t =     6.71s         Terminate com.yourcompany.VideoCullingApp:961
Test Case '-[VideoCullingAppUITests.UILayoutTests testStarRatingLayout]' passed (8.045 seconds).
Test Case '-[VideoCullingAppUITests.UILayoutTests testTextFieldsLayout]' started.
    t =     0.00s Start Test at 2025-11-17 15:42:10.957
    t =     0.19s Set Up
    t =     0.19s         Open com.yourcompany.VideoCullingApp
    t =     0.19s             Launch com.yourcompany.VideoCullingApp
    t =     0.50s                 Wait for accessibility to load
    t =     0.72s                 Setting up automation session
    t =     0.73s                 Wait for com.yourcompany.VideoCullingApp to idle
Testing Text Fields layout...
    t =     5.76s     Get number of matches for: Descendants matching type TextField
    t =     6.03s     Checking existence of `TextField (Element at index 0)`
    t =     6.92s     Checking existence of `TextField (Element at index 0)`
    t =     7.83s     Find the TextField (Element at index 0)
    t =    11.30s     Find the "20251116_a18610" TextField
    t =    18.52s     Find the "20251116_a18610" TextField
    t =    18.97s     Checking existence of `TextField (Element at index 1)`
    t =    19.26s     Checking existence of `TextField (Element at index 1)`
    t =    19.50s     Find the TextField (Element at index 1)
    t =    20.47s     Find the TextField at {{2284.0, 658.0}, {249.0, 24.0}}
    t =    22.52s     Find the TextField at {{2284.0, 658.0}, {249.0, 24.0}}
    t =    22.99s Tear Down
    t =    22.99s         Terminate com.yourcompany.VideoCullingApp:1124
Test Case '-[VideoCullingAppUITests.UILayoutTests testTextFieldsLayout]' passed (24.223 seconds).
Test Case '-[VideoCullingAppUITests.UILayoutTests testVideoRowLayout]' started.
    t =     0.00s Start Test at 2025-11-17 15:42:35.181
    t =     0.20s Set Up
    t =     0.20s         Open com.yourcompany.VideoCullingApp
    t =     0.20s             Launch com.yourcompany.VideoCullingApp
    t =     0.52s                 Wait for accessibility to load
    t =     0.83s                 Setting up automation session
    t =     0.84s                 Wait for com.yourcompany.VideoCullingApp to idle
Testing Video Row layout...
    t =     5.87s     Get number of matches for: Descendants matching type ScrollView
    t =     6.17s     Get all elements bound by index for: Descendants matching type StaticText
    t =     7.08s     Checking existence of `StaticText (Element at index 0)`
    t =     7.13s     Find the StaticText (Element at index 0)
    t =    10.12s     Checking existence of `"Trim" StaticText`
    t =    11.07s     Find the "Trim" StaticText
    t =    13.92s     Find the "Trim" StaticText
    t =    19.02s     Checking existence of `StaticText (Element at index 1)`
    t =    19.21s     Find the StaticText (Element at index 1)
    t =    20.08s     Checking existence of `"0:00" StaticText`
    t =    20.44s     Find the "0:00" StaticText
    t =    21.96s     Find the "0:00" StaticText
    t =    24.37s     Checking existence of `StaticText (Element at index 2)`
    t =    24.72s     Find the StaticText (Element at index 2)
    t =    25.54s     Checking existence of `"0:28" StaticText`
    t =    25.56s     Find the "0:28" StaticText
    t =    26.47s     Find the "0:04" StaticText
    t =    27.91s     Checking existence of `StaticText (Element at index 3)`
    t =    28.12s     Find the StaticText (Element at index 3)
    t =    28.86s     Checking existence of `"Re-Naming" StaticText`
    t =    29.05s     Find the "Re-Naming" StaticText
    t =    29.97s     Find the "Re-Naming" StaticText
    t =    31.70s     Find the "Re-Naming" StaticText
    t =    31.95s     Checking existence of `StaticText (Element at index 4)`
    t =    32.14s     Find the StaticText (Element at index 4)
    t =    32.90s     Checking existence of `"Color" StaticText`
    t =    33.10s     Find the "Color" StaticText
    t =    34.05s     Find the "Color" StaticText
    t =    38.57s     Find the "Color" StaticText
    t =    39.49s     Checking existence of `StaticText (Element at index 5)`
    t =    39.57s     Find the StaticText (Element at index 5)
    t =    43.23s     Checking existence of `"Rating" StaticText`
    t =    43.31s     Find the "Rating" StaticText
    t =    47.04s     Find the "Rating" StaticText
    t =    52.04s     Find the "Rating" StaticText
    t =    52.06s     Checking existence of `StaticText (Element at index 6)`
    t =    52.08s     Find the StaticText (Element at index 6)
    t =    52.10s     Checking existence of `"Keywords" StaticText`
    t =    52.12s     Find the "Keywords" StaticText
    t =    52.14s     Find the "Keywords" StaticText
    t =    52.33s     Find the "Keywords" StaticText
    t =    52.35s     Checking existence of `StaticText (Element at index 7)`
    t =    52.37s     Find the StaticText (Element at index 7)
    t =    52.39s     Checking existence of `"File Metadata" StaticText`
    t =    52.41s     Find the "File Metadata" StaticText
    t =    52.53s     Find the "File Metadata" StaticText
    t =    52.72s     Find the "File Metadata" StaticText
    t =    52.76s     Checking existence of `StaticText (Element at index 8)`
    t =    52.78s     Find the StaticText (Element at index 8)
    t =    52.81s     Checking existence of `"20251116_a18659.MP4" StaticText`
    t =    52.83s     Find the "20251116_a18659.MP4" StaticText
    t =    52.86s     Find the "20251116_a18659.MP4" StaticText
    t =    52.94s     Find the "20251116_a18659.MP4" StaticText
    t =    52.95s     Checking existence of `StaticText (Element at index 9)`
    t =    52.97s     Find the StaticText (Element at index 9)
    t =    53.09s     Checking existence of `"/Volumes/X10 Pro/CLIP/20251116_a18659.MP4" StaticText`
    t =    53.11s     Find the "/Volumes/X10 Pro/CLIP/20251116_a18659.MP4" StaticText
    t =    53.14s     Find the "/Volumes/X10 Pro/CLIP/20251116_a18659.MP4" StaticText
    t =    53.57s     Find the "/Volumes/X10 Pro/CLIP/20251116_a18659.MP4" StaticText
    t =    53.60s     Checking existence of `StaticText (Element at index 10)`
    t =    53.62s     Find the StaticText (Element at index 10)
    t =    53.75s     Checking existence of `"Duration:" StaticText`
    t =    53.77s     Find the "Duration:" StaticText
    t =    53.90s     Find the "Duration:" StaticText
    t =    54.13s     Find the "Duration:" StaticText
    t =    54.18s     Checking existence of `StaticText (Element at index 11)`
    t =    54.20s     Find the StaticText (Element at index 11)
    t =    54.34s     Checking existence of `"00:00:04" StaticText`
    t =    54.37s     Find the "00:00:04" StaticText
    t =    54.40s     Find the "00:00:04" StaticText
    t =    54.59s     Find the "00:00:04" StaticText
    t =    54.61s     Checking existence of `StaticText (Element at index 12)`
    t =    54.63s     Find the StaticText (Element at index 12)
    t =    54.77s     Checking existence of `"Size:" StaticText`
    t =    54.80s     Find the "Size:" StaticText
    t =    54.82s     Find the "Size:" StaticText
    t =    54.91s     Find the "Size:" StaticText
    t =    54.93s     Checking existence of `StaticText (Element at index 13)`
    t =    54.95s     Find the StaticText (Element at index 13)
    t =    54.97s     Checking existence of `"336.1 MB" StaticText`
    t =    54.99s     Find the "336.1 MB" StaticText
    t =    55.21s     Find the "336.1 MB" StaticText
    t =    55.33s     Find the "336.1 MB" StaticText
    t =    55.35s     Checking existence of `StaticText (Element at index 14)`
    t =    55.38s     Find the StaticText (Element at index 14)
    t =    55.41s     Checking existence of `"Bitrate:" StaticText`
    t =    55.42s     Find the "Bitrate:" StaticText
    t =    55.45s     Find the "Bitrate:" StaticText
    t =    55.53s     Find the "Bitrate:" StaticText
    t =    55.55s     Checking existence of `StaticText (Element at index 15)`
    t =    55.57s     Find the StaticText (Element at index 15)
    t =    55.59s     Checking existence of `"62.8 MB/s" StaticText`
    t =    55.61s     Find the "62.8 MB/s" StaticText
    t =    55.74s     Find the "62.8 MB/s" StaticText
    t =    55.93s     Find the "62.8 MB/s" StaticText
    t =    55.96s     Checking existence of `StaticText (Element at index 16)`
    t =    55.99s     Find the StaticText (Element at index 16)
    t =    56.02s     Checking existence of `"Framerate:" StaticText`
    t =    56.04s     Find the "Framerate:" StaticText
    t =    56.06s     Find the "Framerate:" StaticText
    t =    56.24s     Find the "Framerate:" StaticText
    t =    56.26s     Checking existence of `StaticText (Element at index 17)`
    t =    56.29s     Find the StaticText (Element at index 17)
    t =    56.32s     Checking existence of `"23.98 FPS" StaticText`
    t =    56.34s     Find the "23.98 FPS" StaticText
    t =    56.36s     Find the "23.98 FPS" StaticText
    t =    56.55s     Find the "23.98 FPS" StaticText
    t =    56.58s     Checking existence of `StaticText (Element at index 18)`
    t =    56.60s     Find the StaticText (Element at index 18)
    t =    56.73s     Checking existence of `"Resolution:" StaticText`
    t =    56.76s     Find the "Resolution:" StaticText
    t =    56.90s     Find the "Resolution:" StaticText
    t =    57.02s     Find the "Resolution:" StaticText
    t =    57.05s     Checking existence of `StaticText (Element at index 19)`
    t =    57.07s     Find the StaticText (Element at index 19)
    t =    57.09s     Checking existence of `"7680x4320 (8K)" StaticText`
    t =    57.11s     Find the "7680x4320 (8K)" StaticText
    t =    57.23s     Find the "7680x4320 (8K)" StaticText
    t =    57.43s     Find the "7680x4320 (8K)" StaticText
    t =    57.47s     Checking existence of `StaticText (Element at index 20)`
    t =    57.49s     Find the StaticText (Element at index 20)
    t =    57.53s     Checking existence of `"Video Codec:" StaticText`
    t =    57.56s     Find the "Video Codec:" StaticText
    t =    57.58s     Find the "Video Codec:" StaticText
    t =    57.66s     Find the "Video Codec:" StaticText
    t =    57.68s     Checking existence of `StaticText (Element at index 21)`
    t =    57.70s     Find the StaticText (Element at index 21)
    t =    57.73s     Checking existence of `"H.265/HEVC" StaticText`
    t =    57.75s     Find the "H.265/HEVC" StaticText
    t =    57.88s     Find the "H.265/HEVC" StaticText
    t =    57.97s     Find the "H.265/HEVC" StaticText
    t =    57.99s     Checking existence of `StaticText (Element at index 22)`
    t =    58.02s     Find the StaticText (Element at index 22)
    t =    58.04s     Checking existence of `"Bit Depth:" StaticText`
    t =    58.06s     Find the "Bit Depth:" StaticText
    t =    58.09s     Find the "Bit Depth:" StaticText
    t =    58.18s     Find the "Bit Depth:" StaticText
    t =    58.20s     Checking existence of `StaticText (Element at index 23)`
    t =    58.22s     Find the StaticText (Element at index 23)
    t =    58.25s     Checking existence of `"10-bit" StaticText`
    t =    58.27s     Find the "10-bit" StaticText
    t =    58.30s     Find the "10-bit" StaticText
    t =    58.48s     Find the "10-bit" StaticText
    t =    58.51s     Checking existence of `StaticText (Element at index 24)`
    t =    58.53s     Find the StaticText (Element at index 24)
    t =    58.57s     Checking existence of `"Audio Codec:" StaticText`
    t =    58.59s     Find the "Audio Codec:" StaticText
    t =    58.62s     Find the "Audio Codec:" StaticText
    t =    58.80s     Find the "Audio Codec:" StaticText
    t =    58.83s     Checking existence of `StaticText (Element at index 25)`
    t =    58.85s     Find the StaticText (Element at index 25)
    t =    58.98s     Checking existence of `"PCM" StaticText`
    t =    59.01s     Find the "PCM" StaticText
    t =    59.04s     Find the "PCM" StaticText
    t =    59.13s     Find the "PCM" StaticText
    t =    59.16s     Checking existence of `StaticText (Element at index 26)`
    t =    59.18s     Find the StaticText (Element at index 26)
    t =    59.20s     Checking existence of `"Channels:" StaticText`
    t =    59.22s     Find the "Channels:" StaticText
    t =    59.25s     Find the "Channels:" StaticText
    t =    59.54s     Find the "Channels:" StaticText
    t =    59.58s     Checking existence of `StaticText (Element at index 27)`
    t =    59.61s     Find the StaticText (Element at index 27)
    t =    59.65s     Checking existence of `"Stereo" StaticText`
    t =    59.68s     Find the "Stereo" StaticText
    t =    59.71s     Find the "Stereo" StaticText
    t =    59.79s     Find the "Stereo" StaticText
    t =    59.81s     Checking existence of `StaticText (Element at index 28)`
    t =    59.83s     Find the StaticText (Element at index 28)
    t =    59.96s     Checking existence of `"Sample Rate:" StaticText`
    t =    59.99s     Find the "Sample Rate:" StaticText
    t =    60.02s     Find the "Sample Rate:" StaticText
    t =    60.20s     Find the "Sample Rate:" StaticText
    t =    60.23s     Checking existence of `StaticText (Element at index 29)`
    t =    60.26s     Find the StaticText (Element at index 29)
    t =    60.28s     Checking existence of `"48.0 kHz" StaticText`
    t =    60.31s     Find the "48.0 kHz" StaticText
    t =    60.33s     Find the "48.0 kHz" StaticText
    t =    60.42s     Find the "48.0 kHz" StaticText
    t =    60.44s     Checking existence of `StaticText (Element at index 30)`
    t =    60.46s     Find the StaticText (Element at index 30)
    t =    60.48s     Checking existence of `"Created:" StaticText`
    t =    60.50s     Find the "Created:" StaticText
    t =    60.64s     Find the "Created:" StaticText
    t =    60.82s     Find the "Created:" StaticText
    t =    60.85s     Checking existence of `StaticText (Element at index 31)`
    t =    60.88s     Find the StaticText (Element at index 31)
    t =    60.91s     Checking existence of `"11/16/25, 4:36 PM" StaticText`
    t =    60.93s     Find the "11/16/25, 4:36 PM" StaticText
    t =    60.96s     Find the "11/16/25, 4:36 PM" StaticText
    t =    61.25s     Find the "11/16/25, 4:36 PM" StaticText
    t =    61.30s     Checking existence of `StaticText (Element at index 32)`
    t =    61.33s     Find the StaticText (Element at index 32)
    t =    61.37s     Checking existence of `"Edited:" StaticText`
    t =    61.40s     Find the "Edited:" StaticText
    t =    61.43s     Find the "Edited:" StaticText
    t =    61.52s     Find the "Edited:" StaticText
    t =    61.55s     Checking existence of `StaticText (Element at index 33)`
    t =    61.57s     Find the StaticText (Element at index 33)
    t =    61.70s     Checking existence of `"11/16/25, 4:36 PM" StaticText`
    t =    61.73s     Find the "11/16/25, 4:36 PM" StaticText
    t =    61.87s     Find the "11/16/25, 4:36 PM" StaticText
    t =    61.97s     Find the "11/16/25, 4:36 PM" StaticText
    t =    62.00s     Checking existence of `StaticText (Element at index 34)`
    t =    62.03s     Find the StaticText (Element at index 34)
    t =    62.06s     Checking existence of `"Camera Metadata" StaticText`
    t =    62.08s     Find the "Camera Metadata" StaticText
    t =    62.32s     Find the "Camera Metadata" StaticText
    t =    62.44s     Find the "Camera Metadata" StaticText
    t =    62.47s     Checking existence of `StaticText (Element at index 35)`
    t =    62.50s     Find the StaticText (Element at index 35)
    t =    62.53s     Checking existence of `"XML Sidecar Available" StaticText`
    t =    62.55s     Find the "XML Sidecar Available" StaticText
    t =    62.58s     Find the "XML Sidecar Available" StaticText
    t =    62.67s     Find the "XML Sidecar Available" StaticText
    t =    62.70s     Checking existence of `StaticText (Element at index 36)`
    t =    62.72s     Find the StaticText (Element at index 36)
    t =    62.75s     Checking existence of `"Camera:" StaticText`
    t =    62.77s     Find the "Camera:" StaticText
    t =    62.80s     Find the "Camera:" StaticText
    t =    62.98s     Find the "Camera:" StaticText
    t =    63.02s     Checking existence of `StaticText (Element at index 37)`
    t =    63.05s     Find the StaticText (Element at index 37)
    t =    63.08s     Checking existence of `"Sony ILCE-1M2" StaticText`
    t =    63.11s     Find the "Sony ILCE-1M2" StaticText
    t =    63.15s     Find the "Sony ILCE-1M2" StaticText
    t =    63.23s     Find the "Sony ILCE-1M2" StaticText
    t =    63.26s     Checking existence of `StaticText (Element at index 38)`
    t =    63.28s     Find the StaticText (Element at index 38)
    t =    63.31s     Checking existence of `"Lens:" StaticText`
    t =    63.34s     Find the "Lens:" StaticText
    t =    63.37s     Find the "Lens:" StaticText
    t =    63.46s     Find the "Lens:" StaticText
    t =    63.48s     Checking existence of `StaticText (Element at index 39)`
    t =    63.51s     Find the StaticText (Element at index 39)
    t =    63.54s     Checking existence of `"85mm F1.4 DG DN | Art 020" StaticText`
    t =    63.57s     Find the "85mm F1.4 DG DN | Art 020" StaticText
    t =    63.60s     Find the "85mm F1.4 DG DN | Art 020" StaticText
    t =    63.69s     Find the "85mm F1.4 DG DN | Art 020" StaticText
    t =    63.71s     Checking existence of `StaticText (Element at index 40)`
    t =    63.74s     Find the StaticText (Element at index 40)
    t =    63.77s     Checking existence of `"Gamma:" StaticText`
    t =    63.80s     Find the "Gamma:" StaticText
    t =    63.83s     Find the "Gamma:" StaticText
    t =    63.92s     Find the "Gamma:" StaticText
    t =    63.95s     Checking existence of `StaticText (Element at index 41)`
    t =    63.97s     Find the StaticText (Element at index 41)
    t =    64.01s     Checking existence of `"s-log3-cine" StaticText`
    t =    64.03s     Find the "s-log3-cine" StaticText
    t =    64.06s     Find the "s-log3-cine" StaticText
    t =    64.15s     Find the "s-log3-cine" StaticText
    t =    64.18s     Checking existence of `StaticText (Element at index 42)`
    t =    64.20s     Find the StaticText (Element at index 42)
    t =    64.34s     Checking existence of `"Color Space:" StaticText`
    t =    64.38s     Find the "Color Space:" StaticText
    t =    64.41s     Find the "Color Space:" StaticText
    t =    64.49s     Find the "Color Space:" StaticText
    t =    64.53s     Checking existence of `StaticText (Element at index 43)`
    t =    64.56s     Find the StaticText (Element at index 43)
    t =    64.69s     Checking existence of `"s-gamut3-cine" StaticText`
    t =    64.72s     Find the "s-gamut3-cine" StaticText
    t =    64.76s     Find the "s-gamut3-cine" StaticText
    t =    65.06s     Find the "s-gamut3-cine" StaticText
    t =    65.12s     Checking existence of `StaticText (Element at index 44)`
    t =    65.15s     Find the StaticText (Element at index 44)
    t =    65.19s     Checking existence of `"Capture FPS:" StaticText`
    t =    65.21s     Find the "Capture FPS:" StaticText
    t =    65.25s     Find the "Capture FPS:" StaticText
    t =    65.33s     Find the "Capture FPS:" StaticText
    t =    65.36s     Checking existence of `StaticText (Element at index 45)`
    t =    65.39s     Find the StaticText (Element at index 45)
    t =    65.42s     Checking existence of `"23.98p" StaticText`
    t =    65.45s     Find the "23.98p" StaticText
    t =    65.48s     Find the "23.98p" StaticText
    t =    65.56s     Find the "23.98p" StaticText
    t =    65.59s     Checking existence of `StaticText (Element at index 46)`
    t =    65.63s     Find the StaticText (Element at index 46)
    t =    65.67s     Checking existence of `"Timecode:" StaticText`
    t =    65.69s     Find the "Timecode:" StaticText
    t =    65.73s     Find the "Timecode:" StaticText
    t =    65.82s     Find the "Timecode:" StaticText
    t =    65.84s     Checking existence of `StaticText (Element at index 47)`
    t =    65.88s     Find the StaticText (Element at index 47)
    t =    65.92s     Checking existence of `"23:46:57:00" StaticText`
    t =    65.94s     Find the "23:46:57:00" StaticText
    t =    65.98s     Find the "23:46:57:00" StaticText
    t =    66.07s     Find the "23:46:57:00" StaticText
    t =    66.10s     Get all elements bound by index for: Descendants matching type Button
    t =    66.12s     Checking existence of `Button (Element at index 0)`
    t =    66.13s     Find the Button (Element at index 0)
    t =    66.15s     Checking existence of `Button`
    t =    66.16s     Find the Button
    t =    66.18s     Find the Button at {{2548.0, 1053.5}, {12.0, 146.5}}
    t =    66.59s     Find the Button at {{2548.0, 1053.5}, {12.0, 146.5}}
    t =    66.63s     Find the Button
/Users/romanwilson/projects/videocull/VideoCullingApp/UILayoutTests.swift:77: error: -[VideoCullingAppUITests.UILayoutTests testVideoRowLayout] : XCTAssertTrue failed - Video Rows - Button[0] should be clickable
    t =    66.98s Tear Down
    t =    66.98s         Terminate com.yourcompany.VideoCullingApp:1382
Test Case '-[VideoCullingAppUITests.UILayoutTests testVideoRowLayout]' failed (68.326 seconds).
Test Case '-[VideoCullingAppUITests.UILayoutTests testWelcomeScreenLayout]' started.
    t =     0.00s Start Test at 2025-11-17 15:43:43.507
    t =     0.15s Set Up
    t =     0.15s         Open com.yourcompany.VideoCullingApp
    t =     0.15s             Launch com.yourcompany.VideoCullingApp
    t =     0.65s                 Wait for accessibility to load
    t =     0.93s                 Setting up automation session
    t =     0.94s                 Wait for com.yourcompany.VideoCullingApp to idle
    t =     5.96s     Checking existence of `StaticText (First Match)`
    t =     6.74s Tear Down
    t =     6.74s         Terminate com.yourcompany.VideoCullingApp:2440
Test Case '-[VideoCullingAppUITests.UILayoutTests testWelcomeScreenLayout]' passed (8.081 seconds).
Test Suite 'UILayoutTests' failed at 2025-11-17 15:43:51.588.
	 Executed 11 tests, with 4 failures (0 unexpected) in 447.367 (447.374) seconds
Test Suite 'VideoCullingAppUITests.xctest' failed at 2025-11-17 15:43:51.589.
	 Executed 11 tests, with 4 failures (0 unexpected) in 447.367 (447.376) seconds
Test Suite 'Selected tests' failed at 2025-11-17 15:43:51.590.
	 Executed 11 tests, with 4 failures (0 unexpected) in 447.367 (447.377) seconds
2025-11-17 15:44:09.519 xcodebuild[96976:5225316] [MT] IDETestOperationsObserverDebug: 466.709 elapsed -- Testing started completed.
2025-11-17 15:44:09.519 xcodebuild[96976:5225316] [MT] IDETestOperationsObserverDebug: 0.000 sec, +0.000 sec -- start
2025-11-17 15:44:09.519 xcodebuild[96976:5225316] [MT] IDETestOperationsObserverDebug: 466.709 sec, +466.709 sec -- end

Test session results, code coverage, and logs:
	/Users/romanwilson/Library/Developer/Xcode/DerivedData/VideoCullingApp-gorssjuaelhchegcjoftthvccbjj/Logs/Test/Test-VideoCullingApp-2025.11.17_15-36-19--0500.xcresult

** TEST FAILED **

Testing started
Test suite 'Selected tests' started on 'My Mac - VideoCullingAppUITests-Runner (97079)'
Test suite 'VideoCullingAppUITests.xctest' started on 'My Mac - VideoCullingAppUITests-Runner (97079)'
Test suite 'UILayoutTests' started on 'My Mac - VideoCullingAppUITests-Runner (97079)'
Test case 'UILayoutTests.testComprehensiveLayoutCheck()' failed on 'My Mac - VideoCullingAppUITests-Runner (97079)' (67.409 seconds)
Test case 'UILayoutTests.testGalleryModeLayout()' failed on 'My Mac - VideoCullingAppUITests-Runner (97079)' (112.096 seconds)
Test case 'UILayoutTests.testMainContentViewLayout()' failed on 'My Mac - VideoCullingAppUITests-Runner (97079)' (95.332 seconds)
Test case 'UILayoutTests.testMetadataDisplayLayout()' passed on 'My Mac - VideoCullingAppUITests-Runner (97079)' (7.818 seconds)
Test case 'UILayoutTests.testPlayerViewLayout()' passed on 'My Mac - VideoCullingAppUITests-Runner (97079)' (23.165 seconds)
Test case 'UILayoutTests.testPreferencesViewLayout()' passed on 'My Mac - VideoCullingAppUITests-Runner (97079)' (14.878 seconds)
Test case 'UILayoutTests.testProgressViewsLayout()' passed on 'My Mac - VideoCullingAppUITests-Runner (97079)' (17.994 seconds)
Test case 'UILayoutTests.testStarRatingLayout()' passed on 'My Mac - VideoCullingAppUITests-Runner (97079)' (8.045 seconds)
Test case 'UILayoutTests.testTextFieldsLayout()' passed on 'My Mac - VideoCullingAppUITests-Runner (97079)' (24.223 seconds)
Test case 'UILayoutTests.testVideoRowLayout()' failed on 'My Mac - VideoCullingAppUITests-Runner (97079)' (68.326 seconds)
Test case 'UILayoutTests.testWelcomeScreenLayout()' passed on 'My Mac - VideoCullingAppUITests-Runner (97079)' (8.081 seconds)
