Command line invocation:
    /Applications/Xcode.app/Contents/Developer/usr/bin/xcodebuild test -project VideoCullingApp.xcodeproj -scheme VideoCullingApp -destination platform=macOS "-only-testing:VideoCullingAppUITests/UILayoutTests" TEST_MODE=true "TEST_INPUT_PATH=/Volumes/X10 Pro/CLIP" "TEST_OUTPUT_PATH=/Volumes/X10 Pro/testoutput"

Build settings from command line:
    TEST_INPUT_PATH = /Volumes/X10 Pro/CLIP
    TEST_MODE = true
    TEST_OUTPUT_PATH = /Volumes/X10 Pro/testoutput

2025-11-17 15:50:19.000 xcodebuild[5721:5303487]  DVTDeviceOperation: Encountered a build number "" that is incompatible with DVTBuildVersion.
2025-11-17 15:50:19.001 xcodebuild[5721:5303416] [MT] DVTDeviceOperation: Encountered a build number "" that is incompatible with DVTBuildVersion.
2025-11-17 15:50:19.153 xcodebuild[5721:5303416] [MT] IDERunDestination: Supported platforms for the buildables in the current scheme is empty.
--- xcodebuild: WARNING: Using the first of multiple matching destinations:
{ platform:macOS, arch:arm64, id:00006031-001229A926E1001C, name:My Mac }
{ platform:macOS, arch:x86_64, id:00006031-001229A926E1001C, name:My Mac }
ComputePackagePrebuildTargetDependencyGraph

Prepare packages

CreateBuildRequest

SendProjectDescription

CreateBuildOperation

ComputeTargetDependencyGraph
note: Building targets in dependency order
note: Target dependency graph (3 targets)
    Target 'VideoCullingAppUITests' in project 'VideoCullingApp'
        ➜ Explicit dependency on target 'VideoCullingApp' in project 'VideoCullingApp'
    Target 'VideoCullingAppTests' in project 'VideoCullingApp'
        ➜ Explicit dependency on target 'VideoCullingApp' in project 'VideoCullingApp'
    Target 'VideoCullingApp' in project 'VideoCullingApp' (no dependencies)

GatherProvisioningInputs

CreateBuildDescription

ExecuteExternalTool /Applications/Xcode.app/Contents/Developer/Toolchains/XcodeDefault.xctoolchain/usr/bin/clang -v -E -dM -isysroot /Applications/Xcode.app/Contents/Developer/Platforms/MacOSX.platform/Developer/SDKs/MacOSX26.1.sdk -x c -c /dev/null

ExecuteExternalTool /Applications/Xcode.app/Contents/Developer/Toolchains/XcodeDefault.xctoolchain/usr/bin/swiftc --version

ExecuteExternalTool /Applications/Xcode.app/Contents/Developer/usr/bin/momc --dry-run --action generate --swift-version 5.0 --sdkroot /Applications/Xcode.app/Contents/Developer/Platforms/MacOSX.platform/Developer/SDKs/MacOSX26.1.sdk --macosx-deployment-target 13.0 --module VideoCullingApp /Users/romanwilson/projects/videocull/VideoCullingApp/VideoCullingApp.xcdatamodeld /Users/romanwilson/Library/Developer/Xcode/DerivedData/VideoCullingApp-gorssjuaelhchegcjoftthvccbjj/Build/Intermediates.noindex/VideoCullingApp.build/Debug/VideoCullingApp.build/DerivedSources/CoreDataGenerated/VideoCullingApp

ExecuteExternalTool /Applications/Xcode.app/Contents/Developer/usr/bin/actool --version --output-format xml1

ExecuteExternalTool /Applications/Xcode.app/Contents/Developer/Toolchains/XcodeDefault.xctoolchain/usr/bin/ld -version_details

Build description signature: febbc96d4eb5e47996400d830d6fcbe6
Build description path: /Users/romanwilson/Library/Developer/Xcode/DerivedData/VideoCullingApp-gorssjuaelhchegcjoftthvccbjj/Build/Intermediates.noindex/XCBuildData/febbc96d4eb5e47996400d830d6fcbe6.xcbuilddata
ClangStatCache /Applications/Xcode.app/Contents/Developer/Toolchains/XcodeDefault.xctoolchain/usr/bin/clang-stat-cache /Applications/Xcode.app/Contents/Developer/Platforms/MacOSX.platform/Developer/SDKs/MacOSX26.1.sdk /Users/romanwilson/Library/Developer/Xcode/DerivedData/SDKStatCaches.noindex/macosx26.1-25B74-3ae1261907bdadc328169391a47051a6.sdkstatcache
    cd /Users/romanwilson/projects/videocull/VideoCullingApp/VideoCullingApp.xcodeproj
    /Applications/Xcode.app/Contents/Developer/Toolchains/XcodeDefault.xctoolchain/usr/bin/clang-stat-cache /Applications/Xcode.app/Contents/Developer/Platforms/MacOSX.platform/Developer/SDKs/MacOSX26.1.sdk -o /Users/romanwilson/Library/Developer/Xcode/DerivedData/SDKStatCaches.noindex/macosx26.1-25B74-3ae1261907bdadc328169391a47051a6.sdkstatcache

warning: Skipping duplicate build file in Copy Bundle Resources build phase: /Users/romanwilson/projects/videocull/VideoCullingApp/DefaultLuts/SLog3_SGamut3Cine 3/4_SGamut3CineSLog3_To_Cine+709.cube (in target 'VideoCullingApp' from project 'VideoCullingApp')
warning: Skipping duplicate build file in Copy Bundle Resources build phase: /Users/romanwilson/projects/videocull/VideoCullingApp/DefaultLuts/AppleLog/AppleLogToRec709-v1.0.cube (in target 'VideoCullingApp' from project 'VideoCullingApp')
warning: Skipping duplicate build file in Copy Bundle Resources build phase: /Users/romanwilson/projects/videocull/VideoCullingApp/DefaultLuts/S-Gamut_Slog2/Look_profile_for_resolve_S-Gamut_Slog2/From_SLog2SGumut_To_SLog2-709_.cube (in target 'VideoCullingApp' from project 'VideoCullingApp')
warning: Skipping duplicate build file in Copy Bundle Resources build phase: /Users/romanwilson/projects/videocull/VideoCullingApp/DefaultLuts/S-Gamut_Slog2/Look_profile_for_resolve_S-Gamut_Slog2/From_SLog2SGumut_To_Cine+709.cube (in target 'VideoCullingApp' from project 'VideoCullingApp')
warning: Skipping duplicate build file in Copy Bundle Resources build phase: /Users/romanwilson/projects/videocull/VideoCullingApp/DefaultLuts/AppleLog/AppleLogToLin-v1.0.cube (in target 'VideoCullingApp' from project 'VideoCullingApp')
warning: Skipping duplicate build file in Copy Bundle Resources build phase: /Users/romanwilson/projects/videocull/VideoCullingApp/DefaultLuts/S-Gamut_Slog2/Look_profile_for_resolve_S-Gamut_Slog2/From_SLog2SGumut_To_LC-709_.cube (in target 'VideoCullingApp' from project 'VideoCullingApp')
warning: Skipping duplicate build file in Copy Bundle Resources build phase: /Users/romanwilson/projects/videocull/VideoCullingApp/DefaultLuts/SLog3_SGamut3Cine 3/2_SGamut3CineSLog3_To_LC-709TypeA.cube (in target 'VideoCullingApp' from project 'VideoCullingApp')
warning: Skipping duplicate build file in Copy Bundle Resources build phase: /Users/romanwilson/projects/videocull/VideoCullingApp/DefaultLuts/SLog3_SGamut3Cine 3/3_SGamut3CineSLog3_To_SLog2-709.cube (in target 'VideoCullingApp' from project 'VideoCullingApp')
warning: Skipping duplicate build file in Copy Bundle Resources build phase: /Users/romanwilson/projects/videocull/VideoCullingApp/DefaultLuts/SLog3_SGamut3Cine 3/1_SGamut3CineSLog3_To_LC-709.cube (in target 'VideoCullingApp' from project 'VideoCullingApp')
warning: Skipping duplicate build file in Copy Bundle Resources build phase: /Users/romanwilson/projects/videocull/VideoCullingApp/DefaultLuts/S-Gamut_Slog2/Look_profile_for_resolve_S-Gamut_Slog2/From_SLog2SGumut_To_LC-709TypeA_.cube (in target 'VideoCullingApp' from project 'VideoCullingApp')
CopySwiftLibs /Users/romanwilson/Library/Developer/Xcode/DerivedData/VideoCullingApp-gorssjuaelhchegcjoftthvccbjj/Build/Products/Debug/VideoCullingApp.app (in target 'VideoCullingApp' from project 'VideoCullingApp')
    cd /Users/romanwilson/projects/videocull/VideoCullingApp
    builtin-swiftStdLibTool --copy --verbose --sign - --scan-executable /Users/romanwilson/Library/Developer/Xcode/DerivedData/VideoCullingApp-gorssjuaelhchegcjoftthvccbjj/Build/Products/Debug/VideoCullingApp.app/Contents/MacOS/VideoCullingApp.debug.dylib --scan-folder /Users/romanwilson/Library/Developer/Xcode/DerivedData/VideoCullingApp-gorssjuaelhchegcjoftthvccbjj/Build/Products/Debug/VideoCullingApp.app/Contents/Frameworks --scan-folder /Users/romanwilson/Library/Developer/Xcode/DerivedData/VideoCullingApp-gorssjuaelhchegcjoftthvccbjj/Build/Products/Debug/VideoCullingApp.app/Contents/PlugIns --scan-folder /Users/romanwilson/Library/Developer/Xcode/DerivedData/VideoCullingApp-gorssjuaelhchegcjoftthvccbjj/Build/Products/Debug/VideoCullingApp.app/Contents/Library/SystemExtensions --scan-folder /Users/romanwilson/Library/Developer/Xcode/DerivedData/VideoCullingApp-gorssjuaelhchegcjoftthvccbjj/Build/Products/Debug/VideoCullingApp.app/Contents/Extensions --platform macosx --toolchain /Applications/Xcode.app/Contents/Developer/Toolchains/XcodeDefault.xctoolchain --destination /Users/romanwilson/Library/Developer/Xcode/DerivedData/VideoCullingApp-gorssjuaelhchegcjoftthvccbjj/Build/Products/Debug/VideoCullingApp.app/Contents/Frameworks --strip-bitcode --strip-bitcode-tool /Applications/Xcode.app/Contents/Developer/Toolchains/XcodeDefault.xctoolchain/usr/bin/bitcode_strip --emit-dependency-info /Users/romanwilson/Library/Developer/Xcode/DerivedData/VideoCullingApp-gorssjuaelhchegcjoftthvccbjj/Build/Intermediates.noindex/VideoCullingApp.build/Debug/VideoCullingApp.build/SwiftStdLibToolInputDependencies.dep --filter-for-swift-os --back-deploy-swift-span

ProcessInfoPlistFile /Users/romanwilson/Library/Developer/Xcode/DerivedData/VideoCullingApp-gorssjuaelhchegcjoftthvccbjj/Build/Products/Debug/VideoCullingApp.app/Contents/Info.plist /Users/romanwilson/projects/videocull/VideoCullingApp/Info.plist (in target 'VideoCullingApp' from project 'VideoCullingApp')
    cd /Users/romanwilson/projects/videocull/VideoCullingApp
    builtin-infoPlistUtility /Users/romanwilson/projects/videocull/VideoCullingApp/Info.plist -producttype com.apple.product-type.application -genpkginfo /Users/romanwilson/Library/Developer/Xcode/DerivedData/VideoCullingApp-gorssjuaelhchegcjoftthvccbjj/Build/Products/Debug/VideoCullingApp.app/Contents/PkgInfo -expandbuildsettings -platform macosx -additionalcontentfile /Users/romanwilson/Library/Developer/Xcode/DerivedData/VideoCullingApp-gorssjuaelhchegcjoftthvccbjj/Build/Intermediates.noindex/VideoCullingApp.build/Debug/VideoCullingApp.build/assetcatalog_generated_info.plist -o /Users/romanwilson/Library/Developer/Xcode/DerivedData/VideoCullingApp-gorssjuaelhchegcjoftthvccbjj/Build/Products/Debug/VideoCullingApp.app/Contents/Info.plist

ProcessInfoPlistFile /Users/romanwilson/Library/Developer/Xcode/DerivedData/VideoCullingApp-gorssjuaelhchegcjoftthvccbjj/Build/Products/Debug/VideoCullingApp.app/Contents/PlugIns/VideoCullingAppTests.xctest/Contents/Info.plist /Users/romanwilson/Library/Developer/Xcode/DerivedData/VideoCullingApp-gorssjuaelhchegcjoftthvccbjj/Build/Intermediates.noindex/VideoCullingApp.build/Debug/VideoCullingAppTests.build/empty-VideoCullingAppTests.plist (in target 'VideoCullingAppTests' from project 'VideoCullingApp')
    cd /Users/romanwilson/projects/videocull/VideoCullingApp
    builtin-infoPlistUtility /Users/romanwilson/Library/Developer/Xcode/DerivedData/VideoCullingApp-gorssjuaelhchegcjoftthvccbjj/Build/Intermediates.noindex/VideoCullingApp.build/Debug/VideoCullingAppTests.build/empty-VideoCullingAppTests.plist -producttype com.apple.product-type.bundle.unit-test -expandbuildsettings -platform macosx -o /Users/romanwilson/Library/Developer/Xcode/DerivedData/VideoCullingApp-gorssjuaelhchegcjoftthvccbjj/Build/Products/Debug/VideoCullingApp.app/Contents/PlugIns/VideoCullingAppTests.xctest/Contents/Info.plist

CopySwiftLibs /Users/romanwilson/Library/Developer/Xcode/DerivedData/VideoCullingApp-gorssjuaelhchegcjoftthvccbjj/Build/Products/Debug/VideoCullingApp.app/Contents/PlugIns/VideoCullingAppTests.xctest (in target 'VideoCullingAppTests' from project 'VideoCullingApp')
    cd /Users/romanwilson/projects/videocull/VideoCullingApp
    builtin-swiftStdLibTool --copy --verbose --sign 5D50E1DA8DB15D100ECD7DD6AD1CAF0F03C3D96B --scan-executable /Users/romanwilson/Library/Developer/Xcode/DerivedData/VideoCullingApp-gorssjuaelhchegcjoftthvccbjj/Build/Products/Debug/VideoCullingApp.app/Contents/PlugIns/VideoCullingAppTests.xctest/Contents/MacOS/VideoCullingAppTests --scan-folder /Users/romanwilson/Library/Developer/Xcode/DerivedData/VideoCullingApp-gorssjuaelhchegcjoftthvccbjj/Build/Products/Debug/VideoCullingApp.app/Contents/PlugIns/VideoCullingAppTests.xctest/Contents/Frameworks --scan-folder /Users/romanwilson/Library/Developer/Xcode/DerivedData/VideoCullingApp-gorssjuaelhchegcjoftthvccbjj/Build/Products/Debug/VideoCullingApp.app/Contents/PlugIns/VideoCullingAppTests.xctest/Contents/PlugIns --scan-folder /Users/romanwilson/Library/Developer/Xcode/DerivedData/VideoCullingApp-gorssjuaelhchegcjoftthvccbjj/Build/Products/Debug/VideoCullingApp.app/Contents/PlugIns/VideoCullingAppTests.xctest/Contents/Library/SystemExtensions --scan-folder /Users/romanwilson/Library/Developer/Xcode/DerivedData/VideoCullingApp-gorssjuaelhchegcjoftthvccbjj/Build/Products/Debug/VideoCullingApp.app/Contents/PlugIns/VideoCullingAppTests.xctest/Contents/Extensions --platform macosx --toolchain /Applications/Xcode.app/Contents/Developer/Toolchains/XcodeDefault.xctoolchain --destination /Users/romanwilson/Library/Developer/Xcode/DerivedData/VideoCullingApp-gorssjuaelhchegcjoftthvccbjj/Build/Products/Debug/VideoCullingApp.app/Contents/PlugIns/VideoCullingAppTests.xctest/Contents/Frameworks --strip-bitcode --scan-executable /Applications/Xcode.app/Contents/Developer/Platforms/MacOSX.platform/Developer/usr/lib/libXCTestSwiftSupport.dylib --strip-bitcode-tool /Applications/Xcode.app/Contents/Developer/Toolchains/XcodeDefault.xctoolchain/usr/bin/bitcode_strip --emit-dependency-info /Users/romanwilson/Library/Developer/Xcode/DerivedData/VideoCullingApp-gorssjuaelhchegcjoftthvccbjj/Build/Intermediates.noindex/VideoCullingApp.build/Debug/VideoCullingAppTests.build/SwiftStdLibToolInputDependencies.dep --filter-for-swift-os --back-deploy-swift-span

ProcessInfoPlistFile /Users/romanwilson/Library/Developer/Xcode/DerivedData/VideoCullingApp-gorssjuaelhchegcjoftthvccbjj/Build/Products/Debug/VideoCullingAppUITests-Runner.app/Contents/PlugIns/VideoCullingAppUITests.xctest/Contents/Info.plist /Users/romanwilson/Library/Developer/Xcode/DerivedData/VideoCullingApp-gorssjuaelhchegcjoftthvccbjj/Build/Intermediates.noindex/VideoCullingApp.build/Debug/VideoCullingAppUITests.build/empty-VideoCullingAppUITests.plist (in target 'VideoCullingAppUITests' from project 'VideoCullingApp')
    cd /Users/romanwilson/projects/videocull/VideoCullingApp
    builtin-infoPlistUtility /Users/romanwilson/Library/Developer/Xcode/DerivedData/VideoCullingApp-gorssjuaelhchegcjoftthvccbjj/Build/Intermediates.noindex/VideoCullingApp.build/Debug/VideoCullingAppUITests.build/empty-VideoCullingAppUITests.plist -producttype com.apple.product-type.bundle.ui-testing -expandbuildsettings -platform macosx -additionalcontentfile /Users/romanwilson/Library/Developer/Xcode/DerivedData/VideoCullingApp-gorssjuaelhchegcjoftthvccbjj/Build/Intermediates.noindex/VideoCullingApp.build/Debug/VideoCullingAppUITests.build/ProductTypeInfoPlistAdditions.plist -o /Users/romanwilson/Library/Developer/Xcode/DerivedData/VideoCullingApp-gorssjuaelhchegcjoftthvccbjj/Build/Products/Debug/VideoCullingAppUITests-Runner.app/Contents/PlugIns/VideoCullingAppUITests.xctest/Contents/Info.plist

CopySwiftLibs /Users/romanwilson/Library/Developer/Xcode/DerivedData/VideoCullingApp-gorssjuaelhchegcjoftthvccbjj/Build/Products/Debug/VideoCullingAppUITests-Runner.app/Contents/PlugIns/VideoCullingAppUITests.xctest (in target 'VideoCullingAppUITests' from project 'VideoCullingApp')
    cd /Users/romanwilson/projects/videocull/VideoCullingApp
    builtin-swiftStdLibTool --copy --verbose --sign 5D50E1DA8DB15D100ECD7DD6AD1CAF0F03C3D96B --scan-executable /Users/romanwilson/Library/Developer/Xcode/DerivedData/VideoCullingApp-gorssjuaelhchegcjoftthvccbjj/Build/Products/Debug/VideoCullingAppUITests-Runner.app/Contents/PlugIns/VideoCullingAppUITests.xctest/Contents/MacOS/VideoCullingAppUITests --scan-folder /Users/romanwilson/Library/Developer/Xcode/DerivedData/VideoCullingApp-gorssjuaelhchegcjoftthvccbjj/Build/Products/Debug/VideoCullingAppUITests-Runner.app/Contents/PlugIns/VideoCullingAppUITests.xctest/Contents/Frameworks --scan-folder /Users/romanwilson/Library/Developer/Xcode/DerivedData/VideoCullingApp-gorssjuaelhchegcjoftthvccbjj/Build/Products/Debug/VideoCullingAppUITests-Runner.app/Contents/PlugIns/VideoCullingAppUITests.xctest/Contents/PlugIns --scan-folder /Users/romanwilson/Library/Developer/Xcode/DerivedData/VideoCullingApp-gorssjuaelhchegcjoftthvccbjj/Build/Products/Debug/VideoCullingAppUITests-Runner.app/Contents/PlugIns/VideoCullingAppUITests.xctest/Contents/Library/SystemExtensions --scan-folder /Users/romanwilson/Library/Developer/Xcode/DerivedData/VideoCullingApp-gorssjuaelhchegcjoftthvccbjj/Build/Products/Debug/VideoCullingAppUITests-Runner.app/Contents/PlugIns/VideoCullingAppUITests.xctest/Contents/Extensions --platform macosx --toolchain /Applications/Xcode.app/Contents/Developer/Toolchains/XcodeDefault.xctoolchain --destination /Users/romanwilson/Library/Developer/Xcode/DerivedData/VideoCullingApp-gorssjuaelhchegcjoftthvccbjj/Build/Products/Debug/VideoCullingAppUITests-Runner.app/Contents/PlugIns/VideoCullingAppUITests.xctest/Contents/Frameworks --strip-bitcode --scan-executable /Applications/Xcode.app/Contents/Developer/Platforms/MacOSX.platform/Developer/usr/lib/libXCTestSwiftSupport.dylib --strip-bitcode-tool /Applications/Xcode.app/Contents/Developer/Toolchains/XcodeDefault.xctoolchain/usr/bin/bitcode_strip --emit-dependency-info /Users/romanwilson/Library/Developer/Xcode/DerivedData/VideoCullingApp-gorssjuaelhchegcjoftthvccbjj/Build/Intermediates.noindex/VideoCullingApp.build/Debug/VideoCullingAppUITests.build/SwiftStdLibToolInputDependencies.dep --filter-for-swift-os --back-deploy-swift-span

2025-11-17 15:50:22.166074-0500 VideoCullingAppUITests-Runner[5738:5303806] [Default] Running tests...
Test Suite 'Selected tests' started at 2025-11-17 15:50:22.451.
Test Suite 'VideoCullingAppUITests.xctest' started at 2025-11-17 15:50:22.451.
Test Suite 'UILayoutTests' started at 2025-11-17 15:50:22.451.
Test Case '-[VideoCullingAppUITests.UILayoutTests testComprehensiveLayoutCheck]' started.
    t =     0.00s Start Test at 2025-11-17 15:50:22.452
    t =     0.20s Set Up
    t =     0.20s     Open com.yourcompany.VideoCullingApp
    t =     0.20s         Activate com.yourcompany.VideoCullingApp
    t =     0.22s             Wait for com.yourcompany.VideoCullingApp to idle
Running comprehensive layout check...
    t =    65.25s Checking existence of `Window (First Match)`
    t =    65.25s     Requesting snapshot of accessibility hierarchy for app with pid 93279
    t =   126.34s Checking existence of `Window (First Match)` (retry 1)
    t =   126.34s     Requesting snapshot of accessibility hierarchy for app with pid 93279
    t =   187.42s Checking existence of `Window (First Match)` (retry 2)
    t =   187.43s     Requesting snapshot of accessibility hierarchy for app with pid 93279
/Users/romanwilson/projects/videocull/VideoCullingApp/UILayoutTests.swift:291: error: -[VideoCullingAppUITests.UILayoutTests testComprehensiveLayoutCheck] : Failed to get matching snapshots: Timed out snapshotting 'Unknown process name', app is either unresponsive or taking too long to snapshot.
    t =   252.62s Tear Down
    t =   252.62s     Terminate com.yourcompany.VideoCullingApp:93279
Test Case '-[VideoCullingAppUITests.UILayoutTests testComprehensiveLayoutCheck]' failed (312.901 seconds).
Test Case '-[VideoCullingAppUITests.UILayoutTests testGalleryModeLayout]' started.
    t =     0.00s Start Test at 2025-11-17 15:55:35.355
    t =     0.23s Set Up
    t =     0.23s         Open com.yourcompany.VideoCullingApp
    t =     0.23s             Launch com.yourcompany.VideoCullingApp
    t =     0.95s                 Wait for accessibility to load
    t =     1.25s                 Setting up automation session
    t =     1.25s                 Wait for com.yourcompany.VideoCullingApp to idle
Testing Gallery Mode layout...
    t =     6.31s     Checking existence of `"galleryModeButton" Button`
    t =     6.31s         Requesting snapshot of accessibility hierarchy for app with pid 5832
    t =     7.61s         Find: Descendants matching type Button
    t =     7.62s         Find: Elements matching predicate '"galleryModeButton" IN identifiers'
    t =     7.62s     Find the "galleryModeButton" Button
    t =     7.62s         Requesting snapshot of accessibility hierarchy for app with pid 5832
    t =     8.71s         Find: Descendants matching type Button
    t =     8.71s         Find: Elements matching predicate '"galleryModeButton" IN identifiers'
    t =    12.52s     Requesting snapshot of accessibility hierarchy for app with pid 5832
    t =    13.12s Tear Down
    t =    13.12s         Terminate com.yourcompany.VideoCullingApp:5832
Test Case '-[VideoCullingAppUITests.UILayoutTests testGalleryModeLayout]' passed (14.422 seconds).
Test Case '-[VideoCullingAppUITests.UILayoutTests testMainContentViewLayout]' started.
    t =     0.00s Start Test at 2025-11-17 15:55:49.778
    t =     0.22s Set Up
    t =     0.22s         Open com.yourcompany.VideoCullingApp
    t =     0.22s             Launch com.yourcompany.VideoCullingApp
    t =     0.53s                 Wait for accessibility to load
    t =     0.75s                 Setting up automation session
    t =     0.76s                 Wait for com.yourcompany.VideoCullingApp to idle
Testing Main Content View layout...
    t =     5.91s     Checking existence of `Window (First Match)`
    t =     6.28s     Get all elements bound by index for: Descendants matching type StaticText
    t =     6.40s     Checking existence of `StaticText (Element at index 0)`
    t =     7.16s     Find the StaticText (Element at index 0)
    t =     8.90s     Checking existence of `"Nudge Video Cull" StaticText`
    t =     8.97s     Find the "Nudge Video Cull" StaticText
    t =    11.45s     Find the "Nudge Video Cull" StaticText
    t =    13.98s     Checking existence of `StaticText (Element at index 1)`
    t =    14.16s     Find the StaticText (Element at index 1)
    t =    14.62s     Checking existence of `"Files: 0" StaticText`
    t =    14.79s     Find the "Files: 0" StaticText
    t =    15.41s     Find the "Files: 0" StaticText
    t =    16.20s     Checking existence of `StaticText (Element at index 2)`
    t =    16.37s     Find the StaticText (Element at index 2)
    t =    16.83s     Checking existence of `"Files: 0" StaticText`
    t =    17.00s     Find the "Files: 0" StaticText
    t =    17.60s     Find the "Files: 0" StaticText
    t =    18.38s     Checking existence of `StaticText (Element at index 3)`
    t =    18.56s     Find the StaticText (Element at index 3)
    t =    19.01s     Checking existence of `"Files: 0" StaticText`
    t =    19.19s     Find the "Files: 0" StaticText
    t =    19.78s     Find the "Files: 0" StaticText
    t =    20.58s     Checking existence of `StaticText (Element at index 4)`
    t =    20.76s     Find the StaticText (Element at index 4)
    t =    21.24s     Checking existence of `"Space: 0.00 GB" StaticText`
    t =    21.43s     Find the "Space: 0.00 GB" StaticText
    t =    22.04s     Find the "Space: 0.00 GB" StaticText
    t =    24.21s     Checking existence of `StaticText (Element at index 5)`
    t =    24.95s     Find the StaticText (Element at index 5)
    t =    26.34s     Checking existence of `"Space: 0.00 GB" StaticText`
    t =    27.14s     Find the "Space: 0.00 GB" StaticText
    t =    28.60s     Find the "Space: 0.00 GB" StaticText
    t =    32.24s     Find the "Space: 0.00 GB" StaticText
    t =    32.34s     Checking existence of `StaticText (Element at index 6)`
    t =    32.44s     Find the StaticText (Element at index 6)
    t =    32.53s     Checking existence of `"Space: 0.00 GB" StaticText`
    t =    32.58s     Find the "Space: 0.00 GB" StaticText
    t =    32.65s     Find the "Space: 0.00 GB" StaticText
    t =    32.77s     Find the "Space: 0.00 GB" StaticText
    t =    32.83s     Checking existence of `StaticText (Element at index 7)`
    t =    32.87s     Find the StaticText (Element at index 7)
    t =    32.93s     Checking existence of `"Sort Order:" StaticText`
    t =    32.97s     Find the "Sort Order:" StaticText
    t =    33.03s     Find the "Sort Order:" StaticText
    t =    33.36s     Find the "Sort Order:" StaticText
    t =    33.45s     Checking existence of `StaticText (Element at index 8)`
    t =    33.50s     Find the StaticText (Element at index 8)
    t =    33.55s     Checking existence of `"Preview all videos with LUT:" StaticText`
    t =    33.60s     Find the "Preview all videos with LUT:" StaticText
    t =    33.76s     Find the "Preview all videos with LUT:" StaticText
    t =    34.10s     Find the "Preview all videos with LUT:" StaticText
    t =    34.18s     Checking existence of `StaticText (Element at index 9)`
    t =    34.23s     Find the StaticText (Element at index 9)
    t =    34.29s     Checking existence of `"Nudge Video Cull" StaticText`
    t =    34.34s     Find the "Nudge Video Cull" StaticText
    t =    34.39s     Find the "Nudge Video Cull" StaticText
    t =    34.50s     Find the "Nudge Video Cull" StaticText
    t =    34.55s     Checking existence of `StaticText (Element at index 10)`
    t =    34.59s     Find the StaticText (Element at index 10)
    t =    34.75s     Checking existence of `"Configure your workflow" StaticText`
    t =    34.81s     Find the "Configure your workflow" StaticText
    t =    34.87s     Find the "Configure your workflow" StaticText
    t =    34.99s     Find the "Configure your workflow" StaticText
    t =    35.03s     Checking existence of `StaticText (Element at index 11)`
    t =    35.08s     Find the StaticText (Element at index 11)
    t =    35.14s     Checking existence of `"Click each step to configure" StaticText`
    t =    35.19s     Find the "Click each step to configure" StaticText
    t =    35.24s     Find the "Click each step to configure" StaticText
    t =    35.36s     Find the "Click each step to configure" StaticText
    t =    35.41s     Checking existence of `StaticText (Element at index 12)`
    t =    35.46s     Find the StaticText (Element at index 12)
    t =    35.52s     Checking existence of `"Ready to start?" StaticText`
    t =    35.58s     Find the "Ready to start?" StaticText
    t =    35.74s     Find the "Ready to start?" StaticText
    t =    35.99s     Find the "Ready to start?" StaticText
    t =    36.05s     Checking existence of `StaticText (Element at index 13)`
    t =    36.10s     Find the StaticText (Element at index 13)
    t =    36.26s     Checking existence of `"✓ Ready to begin" StaticText`
    t =    36.32s     Find the "✓ Ready to begin" StaticText
    t =    36.48s     Find the "✓ Ready to begin" StaticText
    t =    36.61s     Find the "✓ Ready to begin" StaticText
    t =    36.66s     Checking existence of `StaticText (Element at index 14)`
    t =    36.71s     Find the StaticText (Element at index 14)
    t =    36.76s     Checking existence of `"0:00" StaticText`
    t =    36.81s     Find the "0:00" StaticText
    t =    36.87s     Find the "0:00" StaticText
    t =    36.97s     Find the "0:00" StaticText
    t =    37.02s     Checking existence of `StaticText (Element at index 15)`
    t =    37.07s     Find the StaticText (Element at index 15)
    t =    37.13s     Checking existence of `"0:04" StaticText`
    t =    37.18s     Find the "0:04" StaticText
    t =    37.23s     Find the "0:04" StaticText
    t =    37.45s     Find the "0:04" StaticText
    t =    37.52s     Checking existence of `StaticText (Element at index 16)`
    t =    37.57s     Find the StaticText (Element at index 16)
    t =    37.63s     Checking existence of `"0:00" StaticText`
    t =    37.68s     Find the "0:00" StaticText
    t =    37.73s     Find the "0:00" StaticText
    t =    37.86s     Find the "0:00" StaticText
    t =    37.91s     Checking existence of `StaticText (Element at index 17)`
    t =    37.96s     Find the StaticText (Element at index 17)
    t =    38.01s     Checking existence of `"0:04" StaticText`
    t =    38.06s     Find the "0:04" StaticText
    t =    38.33s     Find the "0:04" StaticText
    t =    38.49s     Find the "0:04" StaticText
    t =    38.54s     Checking existence of `StaticText (Element at index 18)`
    t =    38.60s     Find the StaticText (Element at index 18)
    t =    38.65s     Checking existence of `"Total Clips:" StaticText`
    t =    38.70s     Find the "Total Clips:" StaticText
    t =    38.76s     Find the "Total Clips:" StaticText
    t =    39.19s     Find the "Total Clips:" StaticText
    t =    39.32s     Checking existence of `StaticText (Element at index 19)`
    t =    39.42s     Find the StaticText (Element at index 19)
    t =    39.61s     Checking existence of `"47" StaticText`
    t =    39.69s     Find the "47" StaticText
    t =    39.95s     Find the "47" StaticText
    t =    41.06s     Find the "47" StaticText
    t =    41.16s     Checking existence of `StaticText (Element at index 20)`
    t =    41.36s     Find the StaticText (Element at index 20)
    t =    41.63s     Checking existence of `"Total Duration:" StaticText`
    t =    41.80s     Find the "Total Duration:" StaticText
    t =    42.01s     Find the "Total Duration:" StaticText
    t =    42.91s     Find the "Total Duration:" StaticText
    t =    43.06s     Checking existence of `StaticText (Element at index 21)`
    t =    43.13s     Find the StaticText (Element at index 21)
    t =    43.35s     Checking existence of `"15:33 → 15:33" StaticText`
    t =    43.43s     Find the "15:33 → 15:33" StaticText
    t =    43.61s     Find the "15:33 → 15:33" StaticText
    t =    44.05s     Find the "15:33 → 15:33" StaticText
    t =    44.12s     Checking existence of `StaticText (Element at index 22)`
    t =    44.18s     Find the StaticText (Element at index 22)
    t =    44.26s     Checking existence of `"Total File Size:" StaticText`
    t =    44.31s     Find the "Total File Size:" StaticText
    t =    44.48s     Find the "Total File Size:" StaticText
    t =    44.60s     Find the "Total File Size:" StaticText
    t =    44.66s     Checking existence of `StaticText (Element at index 23)`
    t =    44.72s     Find the StaticText (Element at index 23)
    t =    44.79s     Checking existence of `"27.07 GB → 27.07 GB" StaticText`
    t =    44.84s     Find the "27.07 GB → 27.07 GB" StaticText
    t =    44.90s     Find the "27.07 GB → 27.07 GB" StaticText
    t =    45.03s     Find the "27.07 GB → 27.07 GB" StaticText
    t =    45.09s     Checking existence of `StaticText (Element at index 24)`
    t =    45.15s     Find the StaticText (Element at index 24)
    t =    45.21s     Checking existence of `"Total Space Savings:" StaticText`
    t =    45.26s     Find the "Total Space Savings:" StaticText
    t =    45.32s     Find the "Total Space Savings:" StaticText
    t =    45.44s     Find the "Total Space Savings:" StaticText
    t =    45.50s     Checking existence of `StaticText (Element at index 25)`
    t =    45.56s     Find the StaticText (Element at index 25)
    t =    45.63s     Checking existence of `"Zero KB" StaticText`
    t =    45.68s     Find the "Zero KB" StaticText
    t =    45.74s     Find the "Zero KB" StaticText
    t =    45.86s     Find the "Zero KB" StaticText
    t =    45.92s     Checking existence of `StaticText (Element at index 26)`
    t =    45.97s     Find the StaticText (Element at index 26)
    t =    46.13s     Checking existence of `"Trim" StaticText`
    t =    46.19s     Find the "Trim" StaticText
    t =    46.36s     Find the "Trim" StaticText
    t =    46.50s     Find the "Trim" StaticText
    t =    46.57s     Checking existence of `StaticText (Element at index 27)`
    t =    46.63s     Find the StaticText (Element at index 27)
    t =    46.71s     Checking existence of `"0:00" StaticText`
    t =    46.77s     Find the "0:00" StaticText
    t =    46.84s     Find the "0:00" StaticText
    t =    46.95s     Find the "0:00" StaticText
    t =    47.01s     Checking existence of `StaticText (Element at index 28)`
    t =    47.07s     Find the StaticText (Element at index 28)
    t =    47.24s     Checking existence of `"0:04" StaticText`
    t =    47.31s     Find the "0:04" StaticText
    t =    47.38s     Find the "0:04" StaticText
    t =    47.60s     Find the "0:04" StaticText
    t =    47.67s     Checking existence of `StaticText (Element at index 29)`
    t =    47.73s     Find the StaticText (Element at index 29)
    t =    47.78s     Checking existence of `"Re-Naming" StaticText`
    t =    47.85s     Find the "Re-Naming" StaticText
    t =    48.01s     Find the "Re-Naming" StaticText
    t =    48.19s     Find the "Re-Naming" StaticText
    t =    48.24s     Checking existence of `StaticText (Element at index 30)`
    t =    48.30s     Find the StaticText (Element at index 30)
    t =    48.36s     Checking existence of `"Color" StaticText`
    t =    48.41s     Find the "Color" StaticText
    t =    48.47s     Find the "Color" StaticText
    t =    48.70s     Find the "Color" StaticText
    t =    48.78s     Checking existence of `StaticText (Element at index 31)`
    t =    48.85s     Find the StaticText (Element at index 31)
    t =    48.91s     Checking existence of `"Rating" StaticText`
    t =    48.97s     Find the "Rating" StaticText
    t =    49.03s     Find the "Rating" StaticText
    t =    49.19s     Find the "Rating" StaticText
    t =    49.25s     Checking existence of `StaticText (Element at index 32)`
    t =    49.30s     Find the StaticText (Element at index 32)
    t =    49.37s     Checking existence of `"Keywords" StaticText`
    t =    49.43s     Find the "Keywords" StaticText
    t =    49.49s     Find the "Keywords" StaticText
    t =    49.67s     Find the "Keywords" StaticText
    t =    49.73s     Checking existence of `StaticText (Element at index 33)`
    t =    49.79s     Find the StaticText (Element at index 33)
    t =    49.85s     Checking existence of `"File Metadata" StaticText`
    t =    49.91s     Find the "File Metadata" StaticText
    t =    49.97s     Find the "File Metadata" StaticText
    t =    50.14s     Find the "File Metadata" StaticText
    t =    50.20s     Checking existence of `StaticText (Element at index 34)`
    t =    50.25s     Find the StaticText (Element at index 34)
    t =    50.42s     Checking existence of `"20251116_a18659.MP4" StaticText`
    t =    50.49s     Find the "20251116_a18659.MP4" StaticText
    t =    50.55s     Find the "20251116_a18659.MP4" StaticText
    t =    51.13s     Find the "20251116_a18659.MP4" StaticText
    t =    51.22s     Checking existence of `StaticText (Element at index 35)`
    t =    51.28s     Find the StaticText (Element at index 35)
    t =    51.35s     Checking existence of `"/Volumes/X10 Pro/CLIP/20251116_a18659.MP4" StaticText`
    t =    51.41s     Find the "/Volumes/X10 Pro/CLIP/20251116_a18659.MP4" StaticText
    t =    51.48s     Find the "/Volumes/X10 Pro/CLIP/20251116_a18659.MP4" StaticText
    t =    51.71s     Find the "/Volumes/X10 Pro/CLIP/20251116_a18659.MP4" StaticText
    t =    51.77s     Checking existence of `StaticText (Element at index 36)`
    t =    51.83s     Find the StaticText (Element at index 36)
    t =    52.00s     Checking existence of `"Duration:" StaticText`
    t =    52.07s     Find the "Duration:" StaticText
    t =    52.14s     Find the "Duration:" StaticText
    t =    52.43s     Find the "Duration:" StaticText
    t =    52.49s     Checking existence of `StaticText (Element at index 37)`
    t =    52.55s     Find the StaticText (Element at index 37)
    t =    52.62s     Checking existence of `"00:00:04" StaticText`
    t =    52.69s     Find the "00:00:04" StaticText
    t =    52.85s     Find the "00:00:04" StaticText
    t =    53.10s     Find the "00:00:04" StaticText
    t =    53.17s     Checking existence of `StaticText (Element at index 38)`
    t =    53.23s     Find the StaticText (Element at index 38)
    t =    53.30s     Checking existence of `"Size:" StaticText`
    t =    53.37s     Find the "Size:" StaticText
    t =    53.54s     Find the "Size:" StaticText
    t =    53.78s     Find the "Size:" StaticText
    t =    53.87s     Checking existence of `StaticText (Element at index 39)`
    t =    53.93s     Find the StaticText (Element at index 39)
    t =    54.00s     Checking existence of `"336.1 MB" StaticText`
    t =    54.07s     Find the "336.1 MB" StaticText
    t =    54.14s     Find the "336.1 MB" StaticText
    t =    54.26s     Find the "336.1 MB" StaticText
    t =    54.32s     Checking existence of `StaticText (Element at index 40)`
    t =    54.39s     Find the StaticText (Element at index 40)
    t =    54.45s     Checking existence of `"Bitrate:" StaticText`
    t =    54.51s     Find the "Bitrate:" StaticText
    t =    54.58s     Find the "Bitrate:" StaticText
    t =    54.92s     Find the "Bitrate:" StaticText
    t =    55.02s     Checking existence of `StaticText (Element at index 41)`
    t =    55.09s     Find the StaticText (Element at index 41)
    t =    55.15s     Checking existence of `"62.8 MB/s" StaticText`
    t =    55.21s     Find the "62.8 MB/s" StaticText
    t =    55.28s     Find the "62.8 MB/s" StaticText
    t =    55.41s     Find the "62.8 MB/s" StaticText
    t =    55.49s     Checking existence of `StaticText (Element at index 42)`
    t =    55.55s     Find the StaticText (Element at index 42)
    t =    55.62s     Checking existence of `"Framerate:" StaticText`
    t =    55.68s     Find the "Framerate:" StaticText
    t =    55.75s     Find the "Framerate:" StaticText
    t =    55.93s     Find the "Framerate:" StaticText
    t =    55.99s     Checking existence of `StaticText (Element at index 43)`
    t =    56.05s     Find the StaticText (Element at index 43)
    t =    56.12s     Checking existence of `"23.98 FPS" StaticText`
    t =    56.19s     Find the "23.98 FPS" StaticText
    t =    56.26s     Find the "23.98 FPS" StaticText
    t =    56.38s     Find the "23.98 FPS" StaticText
    t =    56.45s     Checking existence of `StaticText (Element at index 44)`
    t =    56.52s     Find the StaticText (Element at index 44)
    t =    56.69s     Checking existence of `"Resolution:" StaticText`
    t =    56.75s     Find the "Resolution:" StaticText
    t =    56.82s     Find the "Resolution:" StaticText
    t =    57.12s     Find the "Resolution:" StaticText
    t =    57.20s     Checking existence of `StaticText (Element at index 45)`
    t =    57.26s     Find the StaticText (Element at index 45)
    t =    57.33s     Checking existence of `"7680x4320 (8K)" StaticText`
    t =    57.39s     Find the "7680x4320 (8K)" StaticText
    t =    57.46s     Find the "7680x4320 (8K)" StaticText
    t =    57.59s     Find the "7680x4320 (8K)" StaticText
    t =    57.65s     Checking existence of `StaticText (Element at index 46)`
    t =    57.72s     Find the StaticText (Element at index 46)
    t =    57.78s     Checking existence of `"Video Codec:" StaticText`
    t =    57.84s     Find the "Video Codec:" StaticText
    t =    58.02s     Find the "Video Codec:" StaticText
    t =    58.22s     Find the "Video Codec:" StaticText
    t =    58.29s     Checking existence of `StaticText (Element at index 47)`
    t =    58.36s     Find the StaticText (Element at index 47)
    t =    58.43s     Checking existence of `"H.265/HEVC" StaticText`
    t =    58.49s     Find the "H.265/HEVC" StaticText
    t =    58.56s     Find the "H.265/HEVC" StaticText
    t =    58.68s     Find the "H.265/HEVC" StaticText
    t =    58.75s     Checking existence of `StaticText (Element at index 48)`
    t =    58.82s     Find the StaticText (Element at index 48)
    t =    58.89s     Checking existence of `"Bit Depth:" StaticText`
    t =    58.95s     Find the "Bit Depth:" StaticText
    t =    59.02s     Find the "Bit Depth:" StaticText
    t =    59.21s     Find the "Bit Depth:" StaticText
    t =    59.27s     Checking existence of `StaticText (Element at index 49)`
    t =    59.34s     Find the StaticText (Element at index 49)
    t =    59.41s     Checking existence of `"10-bit" StaticText`
    t =    59.48s     Find the "10-bit" StaticText
    t =    59.55s     Find the "10-bit" StaticText
    t =    59.69s     Find the "10-bit" StaticText
    t =    59.75s     Checking existence of `StaticText (Element at index 50)`
    t =    59.82s     Find the StaticText (Element at index 50)
    t =    60.10s     Checking existence of `"Audio Codec:" StaticText`
    t =    60.21s     Find the "Audio Codec:" StaticText
    t =    60.28s     Find the "Audio Codec:" StaticText
    t =    60.46s     Find the "Audio Codec:" StaticText
    t =    60.52s     Checking existence of `StaticText (Element at index 51)`
    t =    60.59s     Find the StaticText (Element at index 51)
    t =    60.77s     Checking existence of `"PCM" StaticText`
    t =    60.85s     Find the "PCM" StaticText
    t =    60.93s     Find the "PCM" StaticText
    t =    61.27s     Find the "PCM" StaticText
    t =    61.37s     Checking existence of `StaticText (Element at index 52)`
    t =    61.44s     Find the StaticText (Element at index 52)
    t =    61.51s     Checking existence of `"Channels:" StaticText`
    t =    61.57s     Find the "Channels:" StaticText
    t =    61.75s     Find the "Channels:" StaticText
    t =    62.20s     Find the "Channels:" StaticText
    t =    62.30s     Checking existence of `StaticText (Element at index 53)`
    t =    62.37s     Find the StaticText (Element at index 53)
    t =    62.44s     Checking existence of `"Stereo" StaticText`
    t =    62.51s     Find the "Stereo" StaticText
    t =    62.58s     Find the "Stereo" StaticText
    t =    62.91s     Find the "Stereo" StaticText
    t =    63.02s     Checking existence of `StaticText (Element at index 54)`
    t =    63.09s     Find the StaticText (Element at index 54)
    t =    63.17s     Checking existence of `"Sample Rate:" StaticText`
    t =    63.23s     Find the "Sample Rate:" StaticText
    t =    63.31s     Find the "Sample Rate:" StaticText
    t =    63.70s     Find the "Sample Rate:" StaticText
    t =    63.80s     Checking existence of `StaticText (Element at index 55)`
    t =    63.87s     Find the StaticText (Element at index 55)
    t =    63.95s     Checking existence of `"48.0 kHz" StaticText`
    t =    64.03s     Find the "48.0 kHz" StaticText
    t =    64.31s     Find the "48.0 kHz" StaticText
    t =    64.73s     Find the "48.0 kHz" StaticText
    t =    64.84s     Checking existence of `StaticText (Element at index 56)`
    t =    64.94s     Find the StaticText (Element at index 56)
    t =    65.31s     Checking existence of `"Created:" StaticText`
    t =    65.44s     Find the "Created:" StaticText
    t =    65.78s     Find the "Created:" StaticText
    t =    66.63s     Find the "Created:" StaticText
    t =    66.74s     Checking existence of `StaticText (Element at index 57)`
    t =    66.86s     Find the StaticText (Element at index 57)
    t =    67.05s     Checking existence of `"11/16/25, 4:36 PM" StaticText`
    t =    67.13s     Find the "11/16/25, 4:36 PM" StaticText
    t =    67.38s     Find the "11/16/25, 4:36 PM" StaticText
    t =    67.75s     Find the "11/16/25, 4:36 PM" StaticText
    t =    67.86s     Checking existence of `StaticText (Element at index 58)`
    t =    67.96s     Find the StaticText (Element at index 58)
    t =    68.21s     Checking existence of `"Edited:" StaticText`
    t =    68.30s     Find the "Edited:" StaticText
    t =    68.46s     Find the "Edited:" StaticText
    t =    68.82s     Find the "Edited:" StaticText
    t =    68.95s     Checking existence of `StaticText (Element at index 59)`
    t =    69.07s     Find the StaticText (Element at index 59)
    t =    69.32s     Checking existence of `"11/16/25, 4:36 PM" StaticText`
    t =    69.45s     Find the "11/16/25, 4:36 PM" StaticText
    t =    69.54s     Find the "11/16/25, 4:36 PM" StaticText
    t =    69.72s     Find the "11/16/25, 4:36 PM" StaticText
    t =    69.80s     Checking existence of `StaticText (Element at index 60)`
    t =    69.88s     Find the StaticText (Element at index 60)
    t =    70.07s     Checking existence of `"Camera Metadata" StaticText`
    t =    70.15s     Find the "Camera Metadata" StaticText
    t =    70.34s     Find the "Camera Metadata" StaticText
    t =    70.54s     Find the "Camera Metadata" StaticText
    t =    70.62s     Checking existence of `StaticText (Element at index 61)`
    t =    70.70s     Find the StaticText (Element at index 61)
    t =    70.78s     Checking existence of `"XML Sidecar Available" StaticText`
    t =    70.85s     Find the "XML Sidecar Available" StaticText
    t =    70.92s     Find the "XML Sidecar Available" StaticText
    t =    71.12s     Find the "XML Sidecar Available" StaticText
    t =    71.20s     Checking existence of `StaticText (Element at index 62)`
    t =    71.27s     Find the StaticText (Element at index 62)
    t =    71.45s     Checking existence of `"Camera:" StaticText`
    t =    71.54s     Find the "Camera:" StaticText
    t =    71.73s     Find the "Camera:" StaticText
    t =    71.89s     Find the "Camera:" StaticText
    t =    71.97s     Checking existence of `StaticText (Element at index 63)`
    t =    72.07s     Find the StaticText (Element at index 63)
    t =    72.26s     Checking existence of `"Sony ILCE-1M2" StaticText`
    t =    72.35s     Find the "Sony ILCE-1M2" StaticText
    t =    72.53s     Find the "Sony ILCE-1M2" StaticText
    t =    72.79s     Find the "Sony ILCE-1M2" StaticText
    t =    72.87s     Checking existence of `StaticText (Element at index 64)`
    t =    72.94s     Find the StaticText (Element at index 64)
    t =    73.02s     Checking existence of `"Lens:" StaticText`
    t =    73.10s     Find the "Lens:" StaticText
    t =    73.19s     Find the "Lens:" StaticText
    t =    73.33s     Find the "Lens:" StaticText
    t =    73.40s     Checking existence of `StaticText (Element at index 65)`
    t =    73.48s     Find the StaticText (Element at index 65)
    t =    73.55s     Checking existence of `"85mm F1.4 DG DN | Art 020" StaticText`
    t =    73.63s     Find the "85mm F1.4 DG DN | Art 020" StaticText
    t =    73.71s     Find the "85mm F1.4 DG DN | Art 020" StaticText
    t =    74.08s     Find the "85mm F1.4 DG DN | Art 020" StaticText
    t =    74.20s     Checking existence of `StaticText (Element at index 66)`
    t =    74.28s     Find the StaticText (Element at index 66)
    t =    74.36s     Checking existence of `"Gamma:" StaticText`
    t =    74.43s     Find the "Gamma:" StaticText
    t =    74.71s     Find the "Gamma:" StaticText
    t =    74.95s     Find the "Gamma:" StaticText
    t =    75.03s     Checking existence of `StaticText (Element at index 67)`
    t =    75.10s     Find the StaticText (Element at index 67)
    t =    75.18s     Checking existence of `"s-log3-cine" StaticText`
    t =    75.26s     Find the "s-log3-cine" StaticText
    t =    75.35s     Find the "s-log3-cine" StaticText
    t =    75.51s     Find the "s-log3-cine" StaticText
    t =    75.58s     Checking existence of `StaticText (Element at index 68)`
    t =    75.66s     Find the StaticText (Element at index 68)
    t =    75.84s     Checking existence of `"Color Space:" StaticText`
    t =    75.93s     Find the "Color Space:" StaticText
    t =    76.00s     Find the "Color Space:" StaticText
    t =    76.16s     Find the "Color Space:" StaticText
    t =    76.24s     Checking existence of `StaticText (Element at index 69)`
    t =    76.31s     Find the StaticText (Element at index 69)
    t =    76.39s     Checking existence of `"s-gamut3-cine" StaticText`
    t =    76.47s     Find the "s-gamut3-cine" StaticText
    t =    76.66s     Find the "s-gamut3-cine" StaticText
    t =    76.99s     Find the "s-gamut3-cine" StaticText
    t =    77.07s     Checking existence of `StaticText (Element at index 70)`
    t =    77.15s     Find the StaticText (Element at index 70)
    t =    77.23s     Checking existence of `"Capture FPS:" StaticText`
    t =    77.31s     Find the "Capture FPS:" StaticText
    t =    77.41s     Find the "Capture FPS:" StaticText
    t =    77.55s     Find the "Capture FPS:" StaticText
    t =    77.63s     Checking existence of `StaticText (Element at index 71)`
    t =    77.71s     Find the StaticText (Element at index 71)
    t =    77.79s     Checking existence of `"23.98p" StaticText`
    t =    77.87s     Find the "23.98p" StaticText
    t =    77.95s     Find the "23.98p" StaticText
    t =    78.20s     Find the "23.98p" StaticText
    t =    78.29s     Checking existence of `StaticText (Element at index 72)`
    t =    78.37s     Find the StaticText (Element at index 72)
    t =    78.45s     Checking existence of `"Timecode:" StaticText`
    t =    78.53s     Find the "Timecode:" StaticText
    t =    78.61s     Find the "Timecode:" StaticText
    t =    78.82s     Find the "Timecode:" StaticText
    t =    78.90s     Checking existence of `StaticText (Element at index 73)`
    t =    78.98s     Find the StaticText (Element at index 73)
    t =    79.07s     Checking existence of `"23:46:57:00" StaticText`
    t =    79.15s     Find the "23:46:57:00" StaticText
    t =    79.24s     Find the "23:46:57:00" StaticText
    t =    79.58s     Find the "23:46:57:00" StaticText
    t =    79.67s     Checking existence of `StaticText (Element at index 74)`
    t =    79.75s     Find the StaticText (Element at index 74)
    t =    79.94s     Checking existence of `"0:04" StaticText`
    t =    80.03s     Find the "0:04" StaticText
    t =    80.12s     Find the "0:04" StaticText
    t =    80.37s     Find the "0:04" StaticText
    t =    80.46s     Checking existence of `StaticText (Element at index 75)`
    t =    80.54s     Find the StaticText (Element at index 75)
    t =    80.62s     Checking existence of `"0:03" StaticText`
    t =    80.70s     Find the "0:03" StaticText
    t =    80.78s     Find the "0:03" StaticText
    t =    80.93s     Find the "0:03" StaticText
    t =    81.00s     Checking existence of `StaticText (Element at index 76)`
    t =    81.08s     Find the StaticText (Element at index 76)
    t =    81.17s     Checking existence of `"0:04" StaticText`
    t =    81.26s     Find the "0:04" StaticText
    t =    81.45s     Find the "0:04" StaticText
    t =    81.62s     Find the "0:04" StaticText
    t =    81.70s     Checking existence of `StaticText (Element at index 77)`
    t =    81.79s     Find the StaticText (Element at index 77)
    t =    81.97s     Checking existence of `"0:04" StaticText`
    t =    82.07s     Find the "0:04" StaticText
    t =    82.16s     Find the "0:04" StaticText
    t =    82.52s     Find the "0:04" StaticText
    t =    82.64s     Checking existence of `StaticText (Element at index 78)`
    t =    82.72s     Find the StaticText (Element at index 78)
    t =    82.80s     Checking existence of `"0:03" StaticText`
    t =    82.89s     Find the "0:03" StaticText
    t =    82.97s     Find the "0:03" StaticText
    t =    83.13s     Find the "0:03" StaticText
    t =    83.21s     Checking existence of `StaticText (Element at index 79)`
    t =    83.29s     Find the StaticText (Element at index 79)
    t =    83.37s     Checking existence of `"0:17" StaticText`
    t =    83.45s     Find the "0:17" StaticText
    t =    83.55s     Find the "0:17" StaticText
    t =    83.70s     Find the "0:17" StaticText
    t =    83.77s     Checking existence of `StaticText (Element at index 80)`
    t =    83.86s     Find the StaticText (Element at index 80)
    t =    83.96s     Checking existence of `"0:05" StaticText`
    t =    84.04s     Find the "0:05" StaticText
    t =    84.13s     Find the "0:05" StaticText
    t =    84.29s     Find the "0:05" StaticText
    t =    84.37s     Checking existence of `StaticText (Element at index 81)`
    t =    84.46s     Find the StaticText (Element at index 81)
    t =    84.55s     Checking existence of `"0:09" StaticText`
    t =    84.64s     Find the "0:09" StaticText
    t =    84.83s     Find the "0:09" StaticText
    t =    84.97s     Find the "0:09" StaticText
    t =    85.05s     Checking existence of `StaticText (Element at index 82)`
    t =    85.14s     Find the StaticText (Element at index 82)
    t =    85.32s     Checking existence of `"0:03" StaticText`
    t =    85.42s     Find the "0:03" StaticText
    t =    85.51s     Find the "0:03" StaticText
    t =    85.67s     Find the "0:03" StaticText
    t =    85.75s     Checking existence of `StaticText (Element at index 83)`
    t =    85.84s     Find the StaticText (Element at index 83)
    t =    85.93s     Checking existence of `"0:52" StaticText`
    t =    86.02s     Find the "0:52" StaticText
    t =    86.11s     Find the "0:52" StaticText
    t =    86.27s     Find the "0:52" StaticText
    t =    86.36s     Checking existence of `StaticText (Element at index 84)`
    t =    86.44s     Find the StaticText (Element at index 84)
    t =    86.54s     Checking existence of `"0:09" StaticText`
    t =    86.62s     Find the "0:09" StaticText
    t =    86.71s     Find the "0:09" StaticText
    t =    86.86s     Find the "0:09" StaticText
    t =    86.94s     Checking existence of `StaticText (Element at index 85)`
    t =    87.03s     Find the StaticText (Element at index 85)
    t =    87.12s     Checking existence of `"0:33" StaticText`
    t =    87.21s     Find the "0:33" StaticText
    t =    87.30s     Find the "0:33" StaticText
    t =    87.55s     Find the "0:33" StaticText
    t =    87.64s     Checking existence of `StaticText (Element at index 86)`
    t =    87.72s     Find the StaticText (Element at index 86)
    t =    87.82s     Checking existence of `"0:33" StaticText`
    t =    87.91s     Find the "0:33" StaticText
    t =    88.00s     Find the "0:33" StaticText
    t =    88.37s     Find the "0:33" StaticText
    t =    88.50s     Checking existence of `StaticText (Element at index 87)`
    t =    88.59s     Find the StaticText (Element at index 87)
    t =    88.68s     Checking existence of `"0:32" StaticText`
    t =    88.77s     Find the "0:32" StaticText
    t =    88.85s     Find the "0:32" StaticText
    t =    89.01s     Find the "0:32" StaticText
    t =    89.09s     Checking existence of `StaticText (Element at index 88)`
    t =    89.18s     Find the StaticText (Element at index 88)
    t =    89.37s     Checking existence of `"0:15" StaticText`
    t =    89.47s     Find the "0:15" StaticText
    t =    89.57s     Find the "0:15" StaticText
    t =    89.85s     Find the "0:15" StaticText
    t =    89.95s     Checking existence of `StaticText (Element at index 89)`
    t =    90.04s     Find the StaticText (Element at index 89)
    t =    90.14s     Checking existence of `"0:20" StaticText`
    t =    90.23s     Find the "0:20" StaticText
    t =    90.53s     Find the "0:20" StaticText
    t =    91.53s     Find the "0:20" StaticText
    t =    91.63s     Checking existence of `StaticText (Element at index 90)`
    t =    91.72s     Find the StaticText (Element at index 90)
    t =    91.81s     Checking existence of `"0:39" StaticText`
    t =    91.90s     Find the "0:39" StaticText
    t =    92.00s     Find the "0:39" StaticText
    t =    92.87s     Find the "0:39" StaticText
    t =    92.99s     Checking existence of `StaticText (Element at index 91)`
    t =    93.08s     Find the StaticText (Element at index 91)
    t =    93.18s     Checking existence of `"0:23" StaticText`
    t =    93.27s     Find the "0:23" StaticText
    t =    93.37s     Find the "0:23" StaticText
    t =    93.99s     Find the "0:23" StaticText
    t =    94.10s     Checking existence of `StaticText (Element at index 92)`
    t =    94.19s     Find the StaticText (Element at index 92)
    t =    94.40s     Checking existence of `"0:16" StaticText`
    t =    94.50s     Find the "0:16" StaticText
    t =    94.59s     Find the "0:16" StaticText
    t =    95.42s     Find the "0:16" StaticText
    t =    95.54s     Checking existence of `StaticText (Element at index 93)`
    t =    95.63s     Find the StaticText (Element at index 93)
    t =    95.72s     Checking existence of `"0:26" StaticText`
    t =    95.81s     Find the "0:26" StaticText
    t =    96.01s     Find the "0:26" StaticText
    t =    96.45s     Find the "0:26" StaticText
    t =    96.56s     Checking existence of `StaticText (Element at index 94)`
    t =    96.65s     Find the StaticText (Element at index 94)
    t =    96.76s     Checking existence of `"0:25" StaticText`
    t =    96.85s     Find the "0:25" StaticText
    t =    96.95s     Find the "0:25" StaticText
    t =    97.20s     Find the "0:25" StaticText
    t =    97.32s     Checking existence of `StaticText (Element at index 95)`
    t =    97.41s     Find the StaticText (Element at index 95)
    t =    97.50s     Checking existence of `"0:17" StaticText`
    t =    97.58s     Find the "0:17" StaticText
    t =    97.68s     Find the "0:17" StaticText
    t =    98.14s     Find the "0:17" StaticText
    t =    98.26s     Checking existence of `StaticText (Element at index 96)`
    t =    98.35s     Find the StaticText (Element at index 96)
    t =    98.44s     Checking existence of `"0:19" StaticText`
    t =    98.53s     Find the "0:19" StaticText
    t =    98.63s     Find the "0:19" StaticText
    t =    98.98s     Find the "0:19" StaticText
    t =    99.09s     Checking existence of `StaticText (Element at index 97)`
    t =    99.18s     Find the StaticText (Element at index 97)
    t =    99.28s     Checking existence of `"0:48" StaticText`
    t =    99.37s     Find the "0:48" StaticText
    t =    99.46s     Find the "0:48" StaticText
    t =    99.80s     Find the "0:48" StaticText
    t =    99.93s     Checking existence of `StaticText (Element at index 98)`
    t =   100.02s     Find the StaticText (Element at index 98)
    t =   100.12s     Checking existence of `"0:30" StaticText`
    t =   100.21s     Find the "0:30" StaticText
    t =   100.32s     Find the "0:30" StaticText
    t =   100.63s     Find the "0:30" StaticText
    t =   100.74s     Checking existence of `StaticText (Element at index 99)`
    t =   100.83s     Find the StaticText (Element at index 99)
    t =   100.93s     Checking existence of `"0:50" StaticText`
    t =   101.02s     Find the "0:50" StaticText
    t =   101.11s     Find the "0:50" StaticText
    t =   101.89s     Find the "0:50" StaticText
    t =   102.01s     Checking existence of `StaticText (Element at index 100)`
    t =   102.10s     Find the StaticText (Element at index 100)
    t =   102.20s     Checking existence of `"0:04" StaticText`
    t =   102.29s     Find the "0:04" StaticText
    t =   102.40s     Find the "0:04" StaticText
    t =   102.98s     Find the "0:04" StaticText
    t =   103.11s     Checking existence of `StaticText (Element at index 101)`
    t =   103.19s     Find the StaticText (Element at index 101)
    t =   103.29s     Checking existence of `"0:29" StaticText`
    t =   103.39s     Find the "0:29" StaticText
    t =   103.49s     Find the "0:29" StaticText
    t =   103.92s     Find the "0:29" StaticText
    t =   104.05s     Checking existence of `StaticText (Element at index 102)`
    t =   104.15s     Find the StaticText (Element at index 102)
    t =   104.26s     Checking existence of `"0:28" StaticText`
    t =   104.35s     Find the "0:28" StaticText
    t =   104.46s     Find the "0:28" StaticText
    t =   104.91s     Find the "0:28" StaticText
    t =   105.04s     Get all elements bound by index for: Descendants matching type Button
    t =   105.09s     Checking existence of `Button (Element at index 0)`
    t =   105.14s     Find the Button (Element at index 0)
    t =   105.20s     Checking existence of `"_XCUI:CloseWindow" Button`
    t =   105.24s     Find the "_XCUI:CloseWindow" Button
    t =   105.30s     Find the "_XCUI:CloseWindow" Button
    t =   105.42s     Find the "_XCUI:CloseWindow" Button
    t =   105.52s     Checking existence of `Button (Element at index 1)`
    t =   105.56s     Find the Button (Element at index 1)
    t =   105.61s     Checking existence of `"_XCUI:FullScreenWindow" Button`
    t =   105.66s     Find the "_XCUI:FullScreenWindow" Button
    t =   105.71s     Find the "_XCUI:FullScreenWindow" Button
    t =   105.93s     Find the "_XCUI:FullScreenWindow" Button
    t =   106.04s     Checking existence of `Button (Element at index 2)`
    t =   106.09s     Find the Button (Element at index 2)
    t =   106.14s     Checking existence of `"_XCUI:MinimizeWindow" Button`
    t =   106.19s     Find the "_XCUI:MinimizeWindow" Button
    t =   106.24s     Find the "_XCUI:MinimizeWindow" Button
    t =   106.35s     Find the "_XCUI:MinimizeWindow" Button
    t =   106.47s     Checking existence of `Button (Element at index 3)`
    t =   106.52s     Find the Button (Element at index 3)
    t =   106.57s     Checking existence of `"Source, CLIP" Button`
    t =   106.62s     Find the "Source, CLIP" Button
    t =   106.67s     Find the "Source, CLIP" Button
    t =   107.02s     Find the "Source, CLIP" Button
    t =   107.17s     Find the "Source, CLIP" Button
/Users/romanwilson/projects/videocull/VideoCullingApp/UILayoutTests.swift:77: error: -[VideoCullingAppUITests.UILayoutTests testMainContentViewLayout] : XCTAssertTrue failed - Main Content View - Button[3] should be clickable
    t =   107.68s Tear Down
    t =   107.68s         Terminate com.yourcompany.VideoCullingApp:5858
Test Case '-[VideoCullingAppUITests.UILayoutTests testMainContentViewLayout]' failed (109.050 seconds).
Test Case '-[VideoCullingAppUITests.UILayoutTests testMetadataDisplayLayout]' started.
    t =     0.00s Start Test at 2025-11-17 15:57:38.828
    t =     0.17s Set Up
    t =     0.17s         Open com.yourcompany.VideoCullingApp
    t =     0.17s             Launch com.yourcompany.VideoCullingApp
    t =     0.59s                 Wait for accessibility to load
    t =     0.85s                 Setting up automation session
    t =     0.87s                 Wait for com.yourcompany.VideoCullingApp to idle
Testing Metadata Display layout...
    t =     5.90s     Get number of matches for: Elements matching predicate 'label CONTAINS[c] "Camera" OR label CONTAINS[c] "Lens" OR label CONTAINS[c] "ISO" OR label CONTAINS[c] "Gamma"'
    t =     6.41s Tear Down
    t =     6.42s         Terminate com.yourcompany.VideoCullingApp:5893
Test Case '-[VideoCullingAppUITests.UILayoutTests testMetadataDisplayLayout]' passed (7.699 seconds).
Test Case '-[VideoCullingAppUITests.UILayoutTests testPlayerViewLayout]' started.
    t =     0.00s Start Test at 2025-11-17 15:57:46.528
    t =     0.23s Set Up
    t =     0.24s         Open com.yourcompany.VideoCullingApp
    t =     0.24s             Launch com.yourcompany.VideoCullingApp
    t =     0.54s                 Wait for accessibility to load
    t =     0.82s                 Setting up automation session
    t =     0.83s                 Wait for com.yourcompany.VideoCullingApp to idle
Testing Player View layout...
    t =     5.86s     Get number of matches for: Elements matching predicate 'label CONTAINS[c] "play" OR identifier == "playPauseButton"'
    t =     6.14s     Checking existence of `Button (First Match)`
    t =     6.85s     Find the Button (First Match)
    t =     7.93s     Find the "playPauseButton" Button
    t =    10.35s     Get number of matches for: Descendants matching type Slider
    t =    11.16s     Checking existence of `Slider (Element at index 0)`
    t =    11.30s     Checking existence of `Slider (Element at index 0)`
    t =    12.11s     Find the Slider (Element at index 0)
    t =    12.79s     Find the Slider at {{133.0, 1112.0}, {1949.0, 22.0}}
    t =    13.95s     Find the Slider at {{133.0, 1112.0}, {1949.0, 22.0}}
    t =    14.26s Tear Down
    t =    14.26s         Terminate com.yourcompany.VideoCullingApp:5910
Test Case '-[VideoCullingAppUITests.UILayoutTests testPlayerViewLayout]' passed (15.537 seconds).
Test Case '-[VideoCullingAppUITests.UILayoutTests testPreferencesViewLayout]' started.
    t =     0.00s Start Test at 2025-11-17 15:58:02.066
    t =     0.22s Set Up
    t =     0.22s         Open com.yourcompany.VideoCullingApp
    t =     0.22s             Launch com.yourcompany.VideoCullingApp
    t =     0.52s                 Wait for accessibility to load
    t =     0.76s                 Setting up automation session
    t =     0.78s                 Wait for com.yourcompany.VideoCullingApp to idle
Testing Preferences View layout...
    t =     5.81s     Type ',' key with modifiers '⌘' (0x10)
    t =     5.81s         Wait for com.yourcompany.VideoCullingApp to idle
    t =     5.82s         Find the Target Application 'com.yourcompany.VideoCullingApp'
    t =     8.04s         Check for interrupting elements affecting "Nudge Video Cull" Application
    t =    10.68s         Open com.yourcompany.VideoCullingApp
    t =    10.68s             Activate com.yourcompany.VideoCullingApp
    t =    10.70s                 Wait for com.yourcompany.VideoCullingApp to idle
    t =    11.57s         Synthesize event
    t =    28.53s         Wait for com.yourcompany.VideoCullingApp to idle
    t =    29.54s     Checking existence of `Window (First Match)`
    t =    29.75s Tear Down
    t =    29.75s         Terminate com.yourcompany.VideoCullingApp:5917
Test Case '-[VideoCullingAppUITests.UILayoutTests testPreferencesViewLayout]' passed (31.059 seconds).
Test Case '-[VideoCullingAppUITests.UILayoutTests testProgressViewsLayout]' started.
    t =     0.00s Start Test at 2025-11-17 15:58:33.126
    t =     0.26s Set Up
    t =     0.26s         Open com.yourcompany.VideoCullingApp
    t =     0.26s             Launch com.yourcompany.VideoCullingApp
    t =     0.63s                 Wait for accessibility to load
    t =     0.87s                 Setting up automation session
    t =     0.88s                 Wait for com.yourcompany.VideoCullingApp to idle
Testing Progress Views layout...
    t =     5.92s     Get number of matches for: Descendants matching type ProgressIndicator
    t =     6.33s     Checking existence of `ProgressIndicator (Element at index 0)`
    t =     7.23s     Checking existence of `ProgressIndicator (Element at index 0)`
    t =     8.15s     Find the ProgressIndicator (Element at index 0)
    t =    11.66s     Find the ProgressIndicator at {{1151.5, 1033.0}, {200.0, 18.0}}
    t =    17.17s     Find the ProgressIndicator at {{1151.5, 1033.0}, {200.0, 18.0}}
    t =    18.78s Tear Down
    t =    18.78s         Terminate com.yourcompany.VideoCullingApp:5926
Test Case '-[VideoCullingAppUITests.UILayoutTests testProgressViewsLayout]' passed (20.001 seconds).
Test Case '-[VideoCullingAppUITests.UILayoutTests testStarRatingLayout]' started.
    t =     0.00s Start Test at 2025-11-17 15:58:53.128
    t =     0.24s Set Up
    t =     0.24s         Open com.yourcompany.VideoCullingApp
    t =     0.24s             Launch com.yourcompany.VideoCullingApp
    t =     0.56s                 Wait for accessibility to load
    t =     0.78s                 Setting up automation session
    t =     0.80s                 Wait for com.yourcompany.VideoCullingApp to idle
Testing Star Rating layout...
    t =     5.83s     Get number of matches for: Elements matching predicate 'label CONTAINS[c] "star" OR identifier CONTAINS "star"'
    t =     6.98s Tear Down
    t =     6.99s         Terminate com.yourcompany.VideoCullingApp:5933
Test Case '-[VideoCullingAppUITests.UILayoutTests testStarRatingLayout]' passed (8.221 seconds).
Test Case '-[VideoCullingAppUITests.UILayoutTests testTextFieldsLayout]' started.
    t =     0.00s Start Test at 2025-11-17 15:59:01.349
    t =     0.54s Set Up
    t =     0.54s         Open com.yourcompany.VideoCullingApp
    t =     0.54s             Launch com.yourcompany.VideoCullingApp
    t =     0.84s                 Wait for accessibility to load
    t =     1.07s                 Setting up automation session
    t =     1.07s                 Wait for com.yourcompany.VideoCullingApp to idle
Testing Text Fields layout...
    t =     6.10s     Get number of matches for: Descendants matching type TextField
    t =     6.56s     Checking existence of `TextField (Element at index 0)`
    t =     7.46s     Checking existence of `TextField (Element at index 0)`
    t =     8.40s     Find the TextField (Element at index 0)
    t =    11.96s     Find the "20251116_a18610" TextField
    t =    18.19s     Find the "20251116_a18610" TextField
    t =    19.72s     Find the "20251116_a18610" TextField
    t =    20.17s     Checking existence of `TextField (Element at index 1)`
    t =    20.45s     Checking existence of `TextField (Element at index 1)`
    t =    20.70s     Find the TextField (Element at index 1)
    t =    21.64s     Find the TextField at {{2284.0, 658.0}, {249.0, 24.0}}
    t =    23.28s     Find the TextField at {{2284.0, 658.0}, {249.0, 24.0}}
    t =    24.22s     Find the TextField
    t =    24.64s Tear Down
    t =    24.65s         Terminate com.yourcompany.VideoCullingApp:5937
Test Case '-[VideoCullingAppUITests.UILayoutTests testTextFieldsLayout]' passed (25.960 seconds).
Test Case '-[VideoCullingAppUITests.UILayoutTests testVideoRowLayout]' started.
    t =     0.00s Start Test at 2025-11-17 15:59:27.310
    t =     0.24s Set Up
    t =     0.24s         Open com.yourcompany.VideoCullingApp
    t =     0.24s             Launch com.yourcompany.VideoCullingApp
    t =     0.56s                 Wait for accessibility to load
    t =     0.80s                 Setting up automation session
    t =     0.82s                 Wait for com.yourcompany.VideoCullingApp to idle
Testing Video Row layout...
    t =     5.85s     Get number of matches for: Descendants matching type ScrollView
    t =     6.23s     Get all elements bound by index for: Descendants matching type StaticText
    t =     7.11s     Checking existence of `StaticText (Element at index 0)`
    t =     7.15s     Find the StaticText (Element at index 0)
    t =     9.76s     Checking existence of `"Trim" StaticText`
    t =     9.78s     Find the "Trim" StaticText
    t =    13.38s     Find the "Trim" StaticText
    t =    18.89s     Find the "Trim" StaticText
    t =    19.14s     Checking existence of `StaticText (Element at index 1)`
    t =    19.19s     Find the StaticText (Element at index 1)
    t =    20.07s     Checking existence of `"0:00" StaticText`
    t =    20.13s     Find the "0:00" StaticText
    t =    21.05s     Find the "0:00" StaticText
    t =    22.89s     Find the "0:00" StaticText
    t =    23.10s     Checking existence of `StaticText (Element at index 2)`
    t =    23.17s     Find the StaticText (Element at index 2)
    t =    24.01s     Checking existence of `"0:04" StaticText`
    t =    24.08s     Find the "0:04" StaticText
    t =    24.96s     Find the "0:30" StaticText
    t =    26.60s     Find the "0:25" StaticText
    t =    26.84s     Checking existence of `StaticText (Element at index 3)`
    t =    27.04s     Find the StaticText (Element at index 3)
    t =    27.78s     Checking existence of `"Re-Naming" StaticText`
    t =    27.98s     Find the "Re-Naming" StaticText
    t =    28.91s     Find the "Re-Naming" StaticText
    t =    30.55s     Find the "Re-Naming" StaticText
    t =    30.81s     Checking existence of `StaticText (Element at index 4)`
    t =    30.87s     Find the StaticText (Element at index 4)
    t =    31.77s     Checking existence of `"Color" StaticText`
    t =    31.83s     Find the "Color" StaticText
    t =    34.32s     Find the "Color" StaticText
    t =    40.81s     Find the "Color" StaticText
    t =    41.71s     Checking existence of `StaticText (Element at index 5)`
    t =    42.60s     Find the StaticText (Element at index 5)
    t =    45.48s     Checking existence of `"Rating" StaticText`
    t =    46.35s     Find the "Rating" StaticText
    t =    48.65s     Find the "Rating" StaticText
    t =    49.03s     Find the "Rating" StaticText
    t =    49.05s     Checking existence of `StaticText (Element at index 6)`
    t =    49.06s     Find the StaticText (Element at index 6)
    t =    49.09s     Checking existence of `"Keywords" StaticText`
    t =    49.11s     Find the "Keywords" StaticText
    t =    49.13s     Find the "Keywords" StaticText
    t =    49.21s     Find the "Keywords" StaticText
    t =    49.23s     Checking existence of `StaticText (Element at index 7)`
    t =    49.24s     Find the StaticText (Element at index 7)
    t =    49.37s     Checking existence of `"File Metadata" StaticText`
    t =    49.39s     Find the "File Metadata" StaticText
    t =    49.41s     Find the "File Metadata" StaticText
    t =    49.62s     Find the "File Metadata" StaticText
    t =    49.64s     Checking existence of `StaticText (Element at index 8)`
    t =    49.66s     Find the StaticText (Element at index 8)
    t =    49.69s     Checking existence of `"20251116_a18659.MP4" StaticText`
    t =    49.70s     Find the "20251116_a18659.MP4" StaticText
    t =    49.73s     Find the "20251116_a18659.MP4" StaticText
    t =    49.82s     Find the "20251116_a18659.MP4" StaticText
    t =    49.84s     Checking existence of `StaticText (Element at index 9)`
    t =    49.86s     Find the StaticText (Element at index 9)
    t =    49.98s     Checking existence of `"/Volumes/X10 Pro/CLIP/20251116_a18659.MP4" StaticText`
    t =    50.00s     Find the "/Volumes/X10 Pro/CLIP/20251116_a18659.MP4" StaticText
    t =    50.03s     Find the "/Volumes/X10 Pro/CLIP/20251116_a18659.MP4" StaticText
    t =    50.24s     Find the "/Volumes/X10 Pro/CLIP/20251116_a18659.MP4" StaticText
    t =    50.26s     Checking existence of `StaticText (Element at index 10)`
    t =    50.29s     Find the StaticText (Element at index 10)
    t =    50.31s     Checking existence of `"Duration:" StaticText`
    t =    50.33s     Find the "Duration:" StaticText
    t =    50.57s     Find the "Duration:" StaticText
    t =    50.72s     Find the "Duration:" StaticText
    t =    50.75s     Checking existence of `StaticText (Element at index 11)`
    t =    50.78s     Find the StaticText (Element at index 11)
    t =    50.91s     Checking existence of `"00:00:04" StaticText`
    t =    50.93s     Find the "00:00:04" StaticText
    t =    50.97s     Find the "00:00:04" StaticText
    t =    51.20s     Find the "00:00:04" StaticText
    t =    51.23s     Checking existence of `StaticText (Element at index 12)`
    t =    51.24s     Find the StaticText (Element at index 12)
    t =    51.27s     Checking existence of `"Size:" StaticText`
    t =    51.29s     Find the "Size:" StaticText
    t =    51.32s     Find the "Size:" StaticText
    t =    51.40s     Find the "Size:" StaticText
    t =    51.42s     Checking existence of `StaticText (Element at index 13)`
    t =    51.44s     Find the StaticText (Element at index 13)
    t =    51.46s     Checking existence of `"336.1 MB" StaticText`
    t =    51.48s     Find the "336.1 MB" StaticText
    t =    51.61s     Find the "336.1 MB" StaticText
    t =    51.74s     Find the "336.1 MB" StaticText
    t =    51.76s     Checking existence of `StaticText (Element at index 14)`
    t =    51.78s     Find the StaticText (Element at index 14)
    t =    51.81s     Checking existence of `"Bitrate:" StaticText`
    t =    51.82s     Find the "Bitrate:" StaticText
    t =    51.85s     Find the "Bitrate:" StaticText
    t =    51.95s     Find the "Bitrate:" StaticText
    t =    51.97s     Checking existence of `StaticText (Element at index 15)`
    t =    51.99s     Find the StaticText (Element at index 15)
    t =    52.12s     Checking existence of `"62.8 MB/s" StaticText`
    t =    52.15s     Find the "62.8 MB/s" StaticText
    t =    52.18s     Find the "62.8 MB/s" StaticText
    t =    52.31s     Find the "62.8 MB/s" StaticText
    t =    52.32s     Checking existence of `StaticText (Element at index 16)`
    t =    52.34s     Find the StaticText (Element at index 16)
    t =    52.36s     Checking existence of `"Framerate:" StaticText`
    t =    52.38s     Find the "Framerate:" StaticText
    t =    52.51s     Find the "Framerate:" StaticText
    t =    52.71s     Find the "Framerate:" StaticText
    t =    52.74s     Checking existence of `StaticText (Element at index 17)`
    t =    52.77s     Find the StaticText (Element at index 17)
    t =    52.89s     Checking existence of `"23.98 FPS" StaticText`
    t =    52.93s     Find the "23.98 FPS" StaticText
    t =    52.96s     Find the "23.98 FPS" StaticText
    t =    53.06s     Find the "23.98 FPS" StaticText
    t =    53.08s     Checking existence of `StaticText (Element at index 18)`
    t =    53.11s     Find the StaticText (Element at index 18)
    t =    53.13s     Checking existence of `"Resolution:" StaticText`
    t =    53.16s     Find the "Resolution:" StaticText
    t =    53.18s     Find the "Resolution:" StaticText
    t =    53.27s     Find the "Resolution:" StaticText
    t =    53.29s     Checking existence of `StaticText (Element at index 19)`
    t =    53.31s     Find the StaticText (Element at index 19)
    t =    53.44s     Checking existence of `"7680x4320 (8K)" StaticText`
    t =    53.46s     Find the "7680x4320 (8K)" StaticText
    t =    53.50s     Find the "7680x4320 (8K)" StaticText
    t =    53.70s     Find the "7680x4320 (8K)" StaticText
    t =    53.72s     Checking existence of `StaticText (Element at index 20)`
    t =    53.75s     Find the StaticText (Element at index 20)
    t =    53.79s     Checking existence of `"Video Codec:" StaticText`
    t =    53.81s     Find the "Video Codec:" StaticText
    t =    53.83s     Find the "Video Codec:" StaticText
    t =    53.93s     Find the "Video Codec:" StaticText
    t =    53.95s     Checking existence of `StaticText (Element at index 21)`
    t =    53.98s     Find the StaticText (Element at index 21)
    t =    54.01s     Checking existence of `"H.265/HEVC" StaticText`
    t =    54.02s     Find the "H.265/HEVC" StaticText
    t =    54.26s     Find the "H.265/HEVC" StaticText
    t =    54.50s     Find the "H.265/HEVC" StaticText
    t =    54.55s     Checking existence of `StaticText (Element at index 22)`
    t =    54.57s     Find the StaticText (Element at index 22)
    t =    54.61s     Checking existence of `"Bit Depth:" StaticText`
    t =    54.63s     Find the "Bit Depth:" StaticText
    t =    54.66s     Find the "Bit Depth:" StaticText
    t =    54.75s     Find the "Bit Depth:" StaticText
    t =    54.77s     Checking existence of `StaticText (Element at index 23)`
    t =    54.79s     Find the StaticText (Element at index 23)
    t =    54.81s     Checking existence of `"10-bit" StaticText`
    t =    54.83s     Find the "10-bit" StaticText
    t =    54.86s     Find the "10-bit" StaticText
    t =    54.97s     Find the "10-bit" StaticText
    t =    54.99s     Checking existence of `StaticText (Element at index 24)`
    t =    55.01s     Find the StaticText (Element at index 24)
    t =    55.03s     Checking existence of `"Audio Codec:" StaticText`
    t =    55.05s     Find the "Audio Codec:" StaticText
    t =    55.08s     Find the "Audio Codec:" StaticText
    t =    55.28s     Find the "Audio Codec:" StaticText
    t =    55.32s     Checking existence of `StaticText (Element at index 25)`
    t =    55.35s     Find the StaticText (Element at index 25)
    t =    55.38s     Checking existence of `"PCM" StaticText`
    t =    55.40s     Find the "PCM" StaticText
    t =    55.43s     Find the "PCM" StaticText
    t =    55.63s     Find the "PCM" StaticText
    t =    55.67s     Checking existence of `StaticText (Element at index 26)`
    t =    55.70s     Find the StaticText (Element at index 26)
    t =    55.73s     Checking existence of `"Channels:" StaticText`
    t =    55.75s     Find the "Channels:" StaticText
    t =    55.78s     Find the "Channels:" StaticText
    t =    55.87s     Find the "Channels:" StaticText
    t =    55.89s     Checking existence of `StaticText (Element at index 27)`
    t =    55.91s     Find the StaticText (Element at index 27)
    t =    55.94s     Checking existence of `"Stereo" StaticText`
    t =    55.96s     Find the "Stereo" StaticText
    t =    56.00s     Find the "Stereo" StaticText
    t =    56.10s     Find the "Stereo" StaticText
    t =    56.13s     Checking existence of `StaticText (Element at index 28)`
    t =    56.15s     Find the StaticText (Element at index 28)
    t =    56.18s     Checking existence of `"Sample Rate:" StaticText`
    t =    56.20s     Find the "Sample Rate:" StaticText
    t =    56.34s     Find the "Sample Rate:" StaticText
    t =    56.45s     Find the "Sample Rate:" StaticText
    t =    56.48s     Checking existence of `StaticText (Element at index 29)`
    t =    56.51s     Find the StaticText (Element at index 29)
    t =    56.54s     Checking existence of `"48.0 kHz" StaticText`
    t =    56.56s     Find the "48.0 kHz" StaticText
    t =    56.60s     Find the "48.0 kHz" StaticText
    t =    56.69s     Find the "48.0 kHz" StaticText
    t =    56.71s     Checking existence of `StaticText (Element at index 30)`
    t =    56.73s     Find the StaticText (Element at index 30)
    t =    56.76s     Checking existence of `"Created:" StaticText`
    t =    56.78s     Find the "Created:" StaticText
    t =    56.81s     Find the "Created:" StaticText
    t =    56.90s     Find the "Created:" StaticText
    t =    56.93s     Checking existence of `StaticText (Element at index 31)`
    t =    56.95s     Find the StaticText (Element at index 31)
    t =    57.09s     Checking existence of `"11/16/25, 4:36 PM" StaticText`
    t =    57.12s     Find the "11/16/25, 4:36 PM" StaticText
    t =    57.16s     Find the "11/16/25, 4:36 PM" StaticText
    t =    57.25s     Find the "11/16/25, 4:36 PM" StaticText
    t =    57.27s     Checking existence of `StaticText (Element at index 32)`
    t =    57.29s     Find the StaticText (Element at index 32)
    t =    57.32s     Checking existence of `"Edited:" StaticText`
    t =    57.35s     Find the "Edited:" StaticText
    t =    57.38s     Find the "Edited:" StaticText
    t =    57.48s     Find the "Edited:" StaticText
    t =    57.50s     Checking existence of `StaticText (Element at index 33)`
    t =    57.53s     Find the StaticText (Element at index 33)
    t =    57.56s     Checking existence of `"11/16/25, 4:36 PM" StaticText`
    t =    57.58s     Find the "11/16/25, 4:36 PM" StaticText
    t =    57.62s     Find the "11/16/25, 4:36 PM" StaticText
    t =    57.71s     Find the "11/16/25, 4:36 PM" StaticText
    t =    57.74s     Checking existence of `StaticText (Element at index 34)`
    t =    57.76s     Find the StaticText (Element at index 34)
    t =    57.79s     Checking existence of `"Camera Metadata" StaticText`
    t =    57.81s     Find the "Camera Metadata" StaticText
    t =    57.84s     Find the "Camera Metadata" StaticText
    t =    57.94s     Find the "Camera Metadata" StaticText
    t =    57.96s     Checking existence of `StaticText (Element at index 35)`
    t =    57.98s     Find the StaticText (Element at index 35)
    t =    58.02s     Checking existence of `"XML Sidecar Available" StaticText`
    t =    58.05s     Find the "XML Sidecar Available" StaticText
    t =    58.08s     Find the "XML Sidecar Available" StaticText
    t =    58.30s     Find the "XML Sidecar Available" StaticText
    t =    58.33s     Checking existence of `StaticText (Element at index 36)`
    t =    58.35s     Find the StaticText (Element at index 36)
    t =    58.39s     Checking existence of `"Camera:" StaticText`
    t =    58.41s     Find the "Camera:" StaticText
    t =    58.55s     Find the "Camera:" StaticText
    t =    58.68s     Find the "Camera:" StaticText
    t =    58.71s     Checking existence of `StaticText (Element at index 37)`
    t =    58.74s     Find the StaticText (Element at index 37)
    t =    58.77s     Checking existence of `"Sony ILCE-1M2" StaticText`
    t =    58.80s     Find the "Sony ILCE-1M2" StaticText
    t =    58.83s     Find the "Sony ILCE-1M2" StaticText
    t =    58.93s     Find the "Sony ILCE-1M2" StaticText
    t =    58.95s     Checking existence of `StaticText (Element at index 38)`
    t =    58.99s     Find the StaticText (Element at index 38)
    t =    59.02s     Checking existence of `"Lens:" StaticText`
    t =    59.04s     Find the "Lens:" StaticText
    t =    59.08s     Find the "Lens:" StaticText
    t =    59.17s     Find the "Lens:" StaticText
    t =    59.20s     Checking existence of `StaticText (Element at index 39)`
    t =    59.23s     Find the StaticText (Element at index 39)
    t =    59.28s     Checking existence of `"85mm F1.4 DG DN | Art 020" StaticText`
    t =    59.30s     Find the "85mm F1.4 DG DN | Art 020" StaticText
    t =    59.34s     Find the "85mm F1.4 DG DN | Art 020" StaticText
    t =    59.43s     Find the "85mm F1.4 DG DN | Art 020" StaticText
    t =    59.45s     Checking existence of `StaticText (Element at index 40)`
    t =    59.48s     Find the StaticText (Element at index 40)
    t =    59.51s     Checking existence of `"Gamma:" StaticText`
    t =    59.55s     Find the "Gamma:" StaticText
    t =    59.69s     Find the "Gamma:" StaticText
    t =    59.80s     Find the "Gamma:" StaticText
    t =    59.83s     Checking existence of `StaticText (Element at index 41)`
    t =    59.85s     Find the StaticText (Element at index 41)
    t =    59.89s     Checking existence of `"s-log3-cine" StaticText`
    t =    59.91s     Find the "s-log3-cine" StaticText
    t =    59.94s     Find the "s-log3-cine" StaticText
    t =    60.05s     Find the "s-log3-cine" StaticText
    t =    60.07s     Checking existence of `StaticText (Element at index 42)`
    t =    60.10s     Find the StaticText (Element at index 42)
    t =    60.14s     Checking existence of `"Color Space:" StaticText`
    t =    60.16s     Find the "Color Space:" StaticText
    t =    60.19s     Find the "Color Space:" StaticText
    t =    60.29s     Find the "Color Space:" StaticText
    t =    60.32s     Checking existence of `StaticText (Element at index 43)`
    t =    60.35s     Find the StaticText (Element at index 43)
    t =    60.39s     Checking existence of `"s-gamut3-cine" StaticText`
    t =    60.42s     Find the "s-gamut3-cine" StaticText
    t =    60.46s     Find the "s-gamut3-cine" StaticText
    t =    60.56s     Find the "s-gamut3-cine" StaticText
    t =    60.58s     Checking existence of `StaticText (Element at index 44)`
    t =    60.61s     Find the StaticText (Element at index 44)
    t =    60.75s     Checking existence of `"Capture FPS:" StaticText`
    t =    60.79s     Find the "Capture FPS:" StaticText
    t =    61.03s     Find the "Capture FPS:" StaticText
    t =    61.17s     Find the "Capture FPS:" StaticText
    t =    61.20s     Checking existence of `StaticText (Element at index 45)`
    t =    61.23s     Find the StaticText (Element at index 45)
    t =    61.26s     Checking existence of `"23.98p" StaticText`
    t =    61.28s     Find the "23.98p" StaticText
    t =    61.33s     Find the "23.98p" StaticText
    t =    61.42s     Find the "23.98p" StaticText
    t =    61.45s     Checking existence of `StaticText (Element at index 46)`
    t =    61.48s     Find the StaticText (Element at index 46)
    t =    61.62s     Checking existence of `"Timecode:" StaticText`
    t =    61.66s     Find the "Timecode:" StaticText
    t =    61.80s     Find the "Timecode:" StaticText
    t =    61.91s     Find the "Timecode:" StaticText
    t =    61.93s     Checking existence of `StaticText (Element at index 47)`
    t =    61.96s     Find the StaticText (Element at index 47)
    t =    62.10s     Checking existence of `"23:46:57:00" StaticText`
    t =    62.14s     Find the "23:46:57:00" StaticText
    t =    62.18s     Find the "23:46:57:00" StaticText
    t =    62.40s     Find the "23:46:57:00" StaticText
    t =    62.43s     Get all elements bound by index for: Descendants matching type Button
    t =    62.45s     Checking existence of `Button (Element at index 0)`
    t =    62.46s     Find the Button (Element at index 0)
    t =    62.59s     Checking existence of `Button`
    t =    62.61s     Find the Button
    t =    62.63s     Find the Button at {{2548.0, 1053.5}, {12.0, 146.5}}
    t =    62.92s     Find the Button at {{2548.0, 1053.5}, {12.0, 146.5}}
    t =    62.96s     Find the Button
/Users/romanwilson/projects/videocull/VideoCullingApp/UILayoutTests.swift:77: error: -[VideoCullingAppUITests.UILayoutTests testVideoRowLayout] : XCTAssertTrue failed - Video Rows - Button[0] should be clickable
    t =    63.12s Tear Down
    t =    63.12s         Terminate com.yourcompany.VideoCullingApp:5949
Test Case '-[VideoCullingAppUITests.UILayoutTests testVideoRowLayout]' failed (64.369 seconds).
Test Case '-[VideoCullingAppUITests.UILayoutTests testWelcomeScreenLayout]' started.
    t =     0.00s Start Test at 2025-11-17 16:00:31.679
    t =     0.20s Set Up
    t =     0.20s         Open com.yourcompany.VideoCullingApp
    t =     0.20s             Launch com.yourcompany.VideoCullingApp
    t =     0.52s                 Wait for accessibility to load
    t =     0.75s                 Setting up automation session
    t =     0.76s                 Wait for com.yourcompany.VideoCullingApp to idle
    t =     5.81s     Checking existence of `StaticText (First Match)`
    t =     6.04s Tear Down
    t =     6.04s         Terminate com.yourcompany.VideoCullingApp:5974
Test Case '-[VideoCullingAppUITests.UILayoutTests testWelcomeScreenLayout]' passed (7.356 seconds).
Test Suite 'UILayoutTests' failed at 2025-11-17 16:00:39.035.
	 Executed 11 tests, with 3 failures (0 unexpected) in 616.576 (616.584) seconds
Test Suite 'VideoCullingAppUITests.xctest' failed at 2025-11-17 16:00:39.036.
	 Executed 11 tests, with 3 failures (0 unexpected) in 616.576 (616.585) seconds
Test Suite 'Selected tests' failed at 2025-11-17 16:00:39.036.
	 Executed 11 tests, with 3 failures (0 unexpected) in 616.576 (616.585) seconds
2025-11-17 16:00:58.713 xcodebuild[5721:5303416] [MT] IDETestOperationsObserverDebug: 637.127 elapsed -- Testing started completed.
2025-11-17 16:00:58.713 xcodebuild[5721:5303416] [MT] IDETestOperationsObserverDebug: 0.000 sec, +0.000 sec -- start
2025-11-17 16:00:58.713 xcodebuild[5721:5303416] [MT] IDETestOperationsObserverDebug: 637.127 sec, +637.127 sec -- end

Test session results, code coverage, and logs:
	/Users/romanwilson/Library/Developer/Xcode/DerivedData/VideoCullingApp-gorssjuaelhchegcjoftthvccbjj/Logs/Test/Test-VideoCullingApp-2025.11.17_15-50-19--0500.xcresult

** TEST FAILED **

Testing started
Test suite 'Selected tests' started on 'My Mac - VideoCullingAppUITests-Runner (5738)'
Test suite 'VideoCullingAppUITests.xctest' started on 'My Mac - VideoCullingAppUITests-Runner (5738)'
Test suite 'UILayoutTests' started on 'My Mac - VideoCullingAppUITests-Runner (5738)'
Test case 'UILayoutTests.testComprehensiveLayoutCheck()' failed on 'My Mac - VideoCullingAppUITests-Runner (5738)' (312.901 seconds)
Test case 'UILayoutTests.testGalleryModeLayout()' passed on 'My Mac - VideoCullingAppUITests-Runner (5738)' (14.422 seconds)
Test case 'UILayoutTests.testMainContentViewLayout()' failed on 'My Mac - VideoCullingAppUITests-Runner (5738)' (109.050 seconds)
Test case 'UILayoutTests.testMetadataDisplayLayout()' passed on 'My Mac - VideoCullingAppUITests-Runner (5738)' (7.699 seconds)
Test case 'UILayoutTests.testPlayerViewLayout()' passed on 'My Mac - VideoCullingAppUITests-Runner (5738)' (15.537 seconds)
Test case 'UILayoutTests.testPreferencesViewLayout()' passed on 'My Mac - VideoCullingAppUITests-Runner (5738)' (31.059 seconds)
Test case 'UILayoutTests.testProgressViewsLayout()' passed on 'My Mac - VideoCullingAppUITests-Runner (5738)' (20.001 seconds)
Test case 'UILayoutTests.testStarRatingLayout()' passed on 'My Mac - VideoCullingAppUITests-Runner (5738)' (8.221 seconds)
Test case 'UILayoutTests.testTextFieldsLayout()' passed on 'My Mac - VideoCullingAppUITests-Runner (5738)' (25.960 seconds)
Test case 'UILayoutTests.testVideoRowLayout()' failed on 'My Mac - VideoCullingAppUITests-Runner (5738)' (64.369 seconds)
Test case 'UILayoutTests.testWelcomeScreenLayout()' passed on 'My Mac - VideoCullingAppUITests-Runner (5738)' (7.356 seconds)
