Command line invocation:
    /Applications/Xcode.app/Contents/Developer/usr/bin/xcodebuild test -project VideoCullingApp.xcodeproj -scheme VideoCullingApp -destination platform=macOS "-only-testing:VideoCullingAppUITests/UILayoutTests"

2025-11-17 14:06:01.469 xcodebuild[66050:4986539]  DVTDeviceOperation: Encountered a build number "" that is incompatible with DVTBuildVersion.
2025-11-17 14:06:01.471 xcodebuild[66050:4986480] [MT] DVTDeviceOperation: Encountered a build number "" that is incompatible with DVTBuildVersion.
2025-11-17 14:06:01.589 xcodebuild[66050:4986480] [MT] IDERunDestination: Supported platforms for the buildables in the current scheme is empty.
--- xcodebuild: WARNING: Using the first of multiple matching destinations:
{ platform:macOS, arch:arm64, id:00006031-001229A926E1001C, name:My Mac }
{ platform:macOS, arch:x86_64, id:00006031-001229A926E1001C, name:My Mac }
ComputePackagePrebuildTargetDependencyGraph

Prepare packages

CreateBuildRequest

SendProjectDescription

CreateBuildOperation

ComputeTargetDependencyGraph
note: Building targets in dependency order
note: Target dependency graph (3 targets)
    Target 'VideoCullingAppUITests' in project 'VideoCullingApp'
        ➜ Explicit dependency on target 'VideoCullingApp' in project 'VideoCullingApp'
    Target 'VideoCullingAppTests' in project 'VideoCullingApp'
        ➜ Explicit dependency on target 'VideoCullingApp' in project 'VideoCullingApp'
    Target 'VideoCullingApp' in project 'VideoCullingApp' (no dependencies)

GatherProvisioningInputs

CreateBuildDescription

ExecuteExternalTool /Applications/Xcode.app/Contents/Developer/Toolchains/XcodeDefault.xctoolchain/usr/bin/clang -v -E -dM -isysroot /Applications/Xcode.app/Contents/Developer/Platforms/MacOSX.platform/Developer/SDKs/MacOSX26.1.sdk -x c -c /dev/null

ExecuteExternalTool /Applications/Xcode.app/Contents/Developer/Toolchains/XcodeDefault.xctoolchain/usr/bin/swiftc --version

ExecuteExternalTool /Applications/Xcode.app/Contents/Developer/usr/bin/momc --dry-run --action generate --swift-version 5.0 --sdkroot /Applications/Xcode.app/Contents/Developer/Platforms/MacOSX.platform/Developer/SDKs/MacOSX26.1.sdk --macosx-deployment-target 13.0 --module VideoCullingApp /Users/romanwilson/projects/videocull/VideoCullingApp/VideoCullingApp.xcdatamodeld /Users/romanwilson/Library/Developer/Xcode/DerivedData/VideoCullingApp-gorssjuaelhchegcjoftthvccbjj/Build/Intermediates.noindex/VideoCullingApp.build/Debug/VideoCullingApp.build/DerivedSources/CoreDataGenerated/VideoCullingApp

ExecuteExternalTool /Applications/Xcode.app/Contents/Developer/usr/bin/actool --version --output-format xml1

ExecuteExternalTool /Applications/Xcode.app/Contents/Developer/Toolchains/XcodeDefault.xctoolchain/usr/bin/ld -version_details

Build description signature: 282bc3bc644e36bbc71de192bb29892f
Build description path: /Users/romanwilson/Library/Developer/Xcode/DerivedData/VideoCullingApp-gorssjuaelhchegcjoftthvccbjj/Build/Intermediates.noindex/XCBuildData/282bc3bc644e36bbc71de192bb29892f.xcbuilddata
ClangStatCache /Applications/Xcode.app/Contents/Developer/Toolchains/XcodeDefault.xctoolchain/usr/bin/clang-stat-cache /Applications/Xcode.app/Contents/Developer/Platforms/MacOSX.platform/Developer/SDKs/MacOSX26.1.sdk /Users/romanwilson/Library/Developer/Xcode/DerivedData/SDKStatCaches.noindex/macosx26.1-25B74-3ae1261907bdadc328169391a47051a6.sdkstatcache
    cd /Users/romanwilson/projects/videocull/VideoCullingApp/VideoCullingApp.xcodeproj
    /Applications/Xcode.app/Contents/Developer/Toolchains/XcodeDefault.xctoolchain/usr/bin/clang-stat-cache /Applications/Xcode.app/Contents/Developer/Platforms/MacOSX.platform/Developer/SDKs/MacOSX26.1.sdk -o /Users/romanwilson/Library/Developer/Xcode/DerivedData/SDKStatCaches.noindex/macosx26.1-25B74-3ae1261907bdadc328169391a47051a6.sdkstatcache

WriteAuxiliaryFile /Users/romanwilson/Library/Developer/Xcode/DerivedData/VideoCullingApp-gorssjuaelhchegcjoftthvccbjj/Build/Intermediates.noindex/VideoCullingApp.build/Debug/VideoCullingAppUITests.build/Objects-normal/arm64/VideoCullingAppUITests.SwiftConstValuesFileList (in target 'VideoCullingAppUITests' from project 'VideoCullingApp')
    cd /Users/romanwilson/projects/videocull/VideoCullingApp
    write-file /Users/romanwilson/Library/Developer/Xcode/DerivedData/VideoCullingApp-gorssjuaelhchegcjoftthvccbjj/Build/Intermediates.noindex/VideoCullingApp.build/Debug/VideoCullingAppUITests.build/Objects-normal/arm64/VideoCullingAppUITests.SwiftConstValuesFileList

WriteAuxiliaryFile /Users/romanwilson/Library/Developer/Xcode/DerivedData/VideoCullingApp-gorssjuaelhchegcjoftthvccbjj/Build/Intermediates.noindex/VideoCullingApp.build/Debug/VideoCullingAppUITests.build/Objects-normal/arm64/VideoCullingAppUITests.SwiftFileList (in target 'VideoCullingAppUITests' from project 'VideoCullingApp')
    cd /Users/romanwilson/projects/videocull/VideoCullingApp
    write-file /Users/romanwilson/Library/Developer/Xcode/DerivedData/VideoCullingApp-gorssjuaelhchegcjoftthvccbjj/Build/Intermediates.noindex/VideoCullingApp.build/Debug/VideoCullingAppUITests.build/Objects-normal/arm64/VideoCullingAppUITests.SwiftFileList

WriteAuxiliaryFile /Users/romanwilson/Library/Developer/Xcode/DerivedData/VideoCullingApp-gorssjuaelhchegcjoftthvccbjj/Build/Intermediates.noindex/VideoCullingApp.build/Debug/VideoCullingAppUITests.build/Objects-normal/arm64/VideoCullingAppUITests.LinkFileList (in target 'VideoCullingAppUITests' from project 'VideoCullingApp')
    cd /Users/romanwilson/projects/videocull/VideoCullingApp
    write-file /Users/romanwilson/Library/Developer/Xcode/DerivedData/VideoCullingApp-gorssjuaelhchegcjoftthvccbjj/Build/Intermediates.noindex/VideoCullingApp.build/Debug/VideoCullingAppUITests.build/Objects-normal/arm64/VideoCullingAppUITests.LinkFileList

WriteAuxiliaryFile /Users/romanwilson/Library/Developer/Xcode/DerivedData/VideoCullingApp-gorssjuaelhchegcjoftthvccbjj/Build/Intermediates.noindex/VideoCullingApp.build/Debug/VideoCullingAppUITests.build/Objects-normal/arm64/VideoCullingAppUITests-OutputFileMap.json (in target 'VideoCullingAppUITests' from project 'VideoCullingApp')
    cd /Users/romanwilson/projects/videocull/VideoCullingApp
    write-file /Users/romanwilson/Library/Developer/Xcode/DerivedData/VideoCullingApp-gorssjuaelhchegcjoftthvccbjj/Build/Intermediates.noindex/VideoCullingApp.build/Debug/VideoCullingAppUITests.build/Objects-normal/arm64/VideoCullingAppUITests-OutputFileMap.json

ProcessInfoPlistFile /Users/romanwilson/Library/Developer/Xcode/DerivedData/VideoCullingApp-gorssjuaelhchegcjoftthvccbjj/Build/Products/Debug/VideoCullingApp.app/Contents/Info.plist /Users/romanwilson/projects/videocull/VideoCullingApp/Info.plist (in target 'VideoCullingApp' from project 'VideoCullingApp')
    cd /Users/romanwilson/projects/videocull/VideoCullingApp
    builtin-infoPlistUtility /Users/romanwilson/projects/videocull/VideoCullingApp/Info.plist -producttype com.apple.product-type.application -genpkginfo /Users/romanwilson/Library/Developer/Xcode/DerivedData/VideoCullingApp-gorssjuaelhchegcjoftthvccbjj/Build/Products/Debug/VideoCullingApp.app/Contents/PkgInfo -expandbuildsettings -platform macosx -additionalcontentfile /Users/romanwilson/Library/Developer/Xcode/DerivedData/VideoCullingApp-gorssjuaelhchegcjoftthvccbjj/Build/Intermediates.noindex/VideoCullingApp.build/Debug/VideoCullingApp.build/assetcatalog_generated_info.plist -o /Users/romanwilson/Library/Developer/Xcode/DerivedData/VideoCullingApp-gorssjuaelhchegcjoftthvccbjj/Build/Products/Debug/VideoCullingApp.app/Contents/Info.plist

SwiftDriver VideoCullingAppUITests normal arm64 com.apple.xcode.tools.swift.compiler (in target 'VideoCullingAppUITests' from project 'VideoCullingApp')
    cd /Users/romanwilson/projects/videocull/VideoCullingApp
    builtin-SwiftDriver -- /Applications/Xcode.app/Contents/Developer/Toolchains/XcodeDefault.xctoolchain/usr/bin/swiftc -module-name VideoCullingAppUITests -Onone -enforce-exclusivity\=checked @/Users/romanwilson/Library/Developer/Xcode/DerivedData/VideoCullingApp-gorssjuaelhchegcjoftthvccbjj/Build/Intermediates.noindex/VideoCullingApp.build/Debug/VideoCullingAppUITests.build/Objects-normal/arm64/VideoCullingAppUITests.SwiftFileList -DDEBUG -module-alias Testing\=_Testing_Unavailable -plugin-path /Applications/Xcode.app/Contents/Developer/Toolchains/XcodeDefault.xctoolchain/usr/lib/swift/host/plugins/testing -enable-bare-slash-regex -enable-upcoming-feature DisableOutwardActorInference -enable-upcoming-feature InferSendableFromCaptures -enable-upcoming-feature GlobalActorIsolatedTypesUsability -enable-upcoming-feature MemberImportVisibility -enable-upcoming-feature InferIsolatedConformances -enable-upcoming-feature NonisolatedNonsendingByDefault -enable-experimental-feature DebugDescriptionMacro -sdk /Applications/Xcode.app/Contents/Developer/Platforms/MacOSX.platform/Developer/SDKs/MacOSX26.1.sdk -target arm64-apple-macos15.7 -g -module-cache-path /Users/romanwilson/Library/Developer/Xcode/DerivedData/ModuleCache.noindex -Xfrontend -serialize-debugging-options -profile-coverage-mapping -profile-generate -enable-testing -index-store-path /Users/romanwilson/Library/Developer/Xcode/DerivedData/VideoCullingApp-gorssjuaelhchegcjoftthvccbjj/Index.noindex/DataStore -Xcc -D_LIBCPP_HARDENING_MODE\=_LIBCPP_HARDENING_MODE_DEBUG -swift-version 5 -I /Users/romanwilson/Library/Developer/Xcode/DerivedData/VideoCullingApp-gorssjuaelhchegcjoftthvccbjj/Build/Products/Debug -Isystem /Applications/Xcode.app/Contents/Developer/Platforms/MacOSX.platform/Developer/usr/lib -F /Users/romanwilson/Library/Developer/Xcode/DerivedData/VideoCullingApp-gorssjuaelhchegcjoftthvccbjj/Build/Products/Debug -F /Applications/Xcode.app/Contents/Developer/Platforms/MacOSX.platform/Developer/Library/Frameworks -c -j16 -enable-batch-mode -incremental -Xcc -ivfsstatcache -Xcc /Users/romanwilson/Library/Developer/Xcode/DerivedData/SDKStatCaches.noindex/macosx26.1-25B74-3ae1261907bdadc328169391a47051a6.sdkstatcache -output-file-map /Users/romanwilson/Library/Developer/Xcode/DerivedData/VideoCullingApp-gorssjuaelhchegcjoftthvccbjj/Build/Intermediates.noindex/VideoCullingApp.build/Debug/VideoCullingAppUITests.build/Objects-normal/arm64/VideoCullingAppUITests-OutputFileMap.json -use-frontend-parseable-output -save-temps -no-color-diagnostics -explicit-module-build -module-cache-path /Users/romanwilson/Library/Developer/Xcode/DerivedData/VideoCullingApp-gorssjuaelhchegcjoftthvccbjj/Build/Intermediates.noindex/SwiftExplicitPrecompiledModules -clang-scanner-module-cache-path /Users/romanwilson/Library/Developer/Xcode/DerivedData/ModuleCache.noindex -sdk-module-cache-path /Users/romanwilson/Library/Developer/Xcode/DerivedData/ModuleCache.noindex -serialize-diagnostics -emit-dependencies -emit-module -emit-module-path /Users/romanwilson/Library/Developer/Xcode/DerivedData/VideoCullingApp-gorssjuaelhchegcjoftthvccbjj/Build/Intermediates.noindex/VideoCullingApp.build/Debug/VideoCullingAppUITests.build/Objects-normal/arm64/VideoCullingAppUITests.swiftmodule -validate-clang-modules-once -clang-build-session-file /Users/romanwilson/Library/Developer/Xcode/DerivedData/ModuleCache.noindex/Session.modulevalidation -Xcc -I/Users/romanwilson/Library/Developer/Xcode/DerivedData/VideoCullingApp-gorssjuaelhchegcjoftthvccbjj/Build/Intermediates.noindex/VideoCullingApp.build/Debug/VideoCullingAppUITests.build/swift-overrides.hmap -emit-const-values -Xfrontend -const-gather-protocols-file -Xfrontend /Users/romanwilson/Library/Developer/Xcode/DerivedData/VideoCullingApp-gorssjuaelhchegcjoftthvccbjj/Build/Intermediates.noindex/VideoCullingApp.build/Debug/VideoCullingAppUITests.build/Objects-normal/arm64/VideoCullingAppUITests_const_extract_protocols.json -Xcc -iquote -Xcc /Users/romanwilson/Library/Developer/Xcode/DerivedData/VideoCullingApp-gorssjuaelhchegcjoftthvccbjj/Build/Intermediates.noindex/VideoCullingApp.build/Debug/VideoCullingAppUITests.build/VideoCullingAppUITests-generated-files.hmap -Xcc -I/Users/romanwilson/Library/Developer/Xcode/DerivedData/VideoCullingApp-gorssjuaelhchegcjoftthvccbjj/Build/Intermediates.noindex/VideoCullingApp.build/Debug/VideoCullingAppUITests.build/VideoCullingAppUITests-own-target-headers.hmap -Xcc -I/Users/romanwilson/Library/Developer/Xcode/DerivedData/VideoCullingApp-gorssjuaelhchegcjoftthvccbjj/Build/Intermediates.noindex/VideoCullingApp.build/Debug/VideoCullingAppUITests.build/VideoCullingAppUITests-all-target-headers.hmap -Xcc -iquote -Xcc /Users/romanwilson/Library/Developer/Xcode/DerivedData/VideoCullingApp-gorssjuaelhchegcjoftthvccbjj/Build/Intermediates.noindex/VideoCullingApp.build/Debug/VideoCullingAppUITests.build/VideoCullingAppUITests-project-headers.hmap -Xcc -I/Users/romanwilson/Library/Developer/Xcode/DerivedData/VideoCullingApp-gorssjuaelhchegcjoftthvccbjj/Build/Products/Debug/include -Xcc -I/Users/romanwilson/Library/Developer/Xcode/DerivedData/VideoCullingApp-gorssjuaelhchegcjoftthvccbjj/Build/Intermediates.noindex/VideoCullingApp.build/Debug/VideoCullingAppUITests.build/DerivedSources-normal/arm64 -Xcc -I/Users/romanwilson/Library/Developer/Xcode/DerivedData/VideoCullingApp-gorssjuaelhchegcjoftthvccbjj/Build/Intermediates.noindex/VideoCullingApp.build/Debug/VideoCullingAppUITests.build/DerivedSources/arm64 -Xcc -I/Users/romanwilson/Library/Developer/Xcode/DerivedData/VideoCullingApp-gorssjuaelhchegcjoftthvccbjj/Build/Intermediates.noindex/VideoCullingApp.build/Debug/VideoCullingAppUITests.build/DerivedSources -Xcc -DDEBUG\=1 -emit-objc-header -emit-objc-header-path /Users/romanwilson/Library/Developer/Xcode/DerivedData/VideoCullingApp-gorssjuaelhchegcjoftthvccbjj/Build/Intermediates.noindex/VideoCullingApp.build/Debug/VideoCullingAppUITests.build/Objects-normal/arm64/VideoCullingAppUITests-Swift.h -working-directory /Users/romanwilson/projects/videocull/VideoCullingApp -experimental-emit-module-separately -disable-cmo

ProcessInfoPlistFile /Users/romanwilson/Library/Developer/Xcode/DerivedData/VideoCullingApp-gorssjuaelhchegcjoftthvccbjj/Build/Products/Debug/VideoCullingApp.app/Contents/PlugIns/VideoCullingAppTests.xctest/Contents/Info.plist /Users/romanwilson/Library/Developer/Xcode/DerivedData/VideoCullingApp-gorssjuaelhchegcjoftthvccbjj/Build/Intermediates.noindex/VideoCullingApp.build/Debug/VideoCullingAppTests.build/empty-VideoCullingAppTests.plist (in target 'VideoCullingAppTests' from project 'VideoCullingApp')
    cd /Users/romanwilson/projects/videocull/VideoCullingApp
    builtin-infoPlistUtility /Users/romanwilson/Library/Developer/Xcode/DerivedData/VideoCullingApp-gorssjuaelhchegcjoftthvccbjj/Build/Intermediates.noindex/VideoCullingApp.build/Debug/VideoCullingAppTests.build/empty-VideoCullingAppTests.plist -producttype com.apple.product-type.bundle.unit-test -expandbuildsettings -platform macosx -o /Users/romanwilson/Library/Developer/Xcode/DerivedData/VideoCullingApp-gorssjuaelhchegcjoftthvccbjj/Build/Products/Debug/VideoCullingApp.app/Contents/PlugIns/VideoCullingAppTests.xctest/Contents/Info.plist

ProcessInfoPlistFile /Users/romanwilson/Library/Developer/Xcode/DerivedData/VideoCullingApp-gorssjuaelhchegcjoftthvccbjj/Build/Products/Debug/VideoCullingAppUITests-Runner.app/Contents/PlugIns/VideoCullingAppUITests.xctest/Contents/Info.plist /Users/romanwilson/Library/Developer/Xcode/DerivedData/VideoCullingApp-gorssjuaelhchegcjoftthvccbjj/Build/Intermediates.noindex/VideoCullingApp.build/Debug/VideoCullingAppUITests.build/empty-VideoCullingAppUITests.plist (in target 'VideoCullingAppUITests' from project 'VideoCullingApp')
    cd /Users/romanwilson/projects/videocull/VideoCullingApp
    builtin-infoPlistUtility /Users/romanwilson/Library/Developer/Xcode/DerivedData/VideoCullingApp-gorssjuaelhchegcjoftthvccbjj/Build/Intermediates.noindex/VideoCullingApp.build/Debug/VideoCullingAppUITests.build/empty-VideoCullingAppUITests.plist -producttype com.apple.product-type.bundle.ui-testing -expandbuildsettings -platform macosx -additionalcontentfile /Users/romanwilson/Library/Developer/Xcode/DerivedData/VideoCullingApp-gorssjuaelhchegcjoftthvccbjj/Build/Intermediates.noindex/VideoCullingApp.build/Debug/VideoCullingAppUITests.build/ProductTypeInfoPlistAdditions.plist -o /Users/romanwilson/Library/Developer/Xcode/DerivedData/VideoCullingApp-gorssjuaelhchegcjoftthvccbjj/Build/Products/Debug/VideoCullingAppUITests-Runner.app/Contents/PlugIns/VideoCullingAppUITests.xctest/Contents/Info.plist

SwiftCompile normal arm64 Compiling\ UILayoutTests.swift /Users/romanwilson/projects/videocull/VideoCullingApp/UILayoutTests.swift (in target 'VideoCullingAppUITests' from project 'VideoCullingApp')

SwiftCompile normal arm64 /Users/romanwilson/projects/videocull/VideoCullingApp/UILayoutTests.swift (in target 'VideoCullingAppUITests' from project 'VideoCullingApp')
    cd /Users/romanwilson/projects/videocull/VideoCullingApp
    

SwiftEmitModule normal arm64 Emitting\ module\ for\ VideoCullingAppUITests (in target 'VideoCullingAppUITests' from project 'VideoCullingApp')

EmitSwiftModule normal arm64 (in target 'VideoCullingAppUITests' from project 'VideoCullingApp')
    cd /Users/romanwilson/projects/videocull/VideoCullingApp
    

SwiftCompile normal arm64 Compiling\ VideoCullingAppUITests.swift /Users/romanwilson/projects/videocull/VideoCullingApp/VideoCullingAppUITests.swift (in target 'VideoCullingAppUITests' from project 'VideoCullingApp')

SwiftCompile normal arm64 /Users/romanwilson/projects/videocull/VideoCullingApp/VideoCullingAppUITests.swift (in target 'VideoCullingAppUITests' from project 'VideoCullingApp')
    cd /Users/romanwilson/projects/videocull/VideoCullingApp
    

SwiftDriverJobDiscovery normal arm64 Emitting module for VideoCullingAppUITests (in target 'VideoCullingAppUITests' from project 'VideoCullingApp')

SwiftDriver\ Compilation\ Requirements VideoCullingAppUITests normal arm64 com.apple.xcode.tools.swift.compiler (in target 'VideoCullingAppUITests' from project 'VideoCullingApp')
    cd /Users/romanwilson/projects/videocull/VideoCullingApp
    builtin-Swift-Compilation-Requirements -- /Applications/Xcode.app/Contents/Developer/Toolchains/XcodeDefault.xctoolchain/usr/bin/swiftc -module-name VideoCullingAppUITests -Onone -enforce-exclusivity\=checked @/Users/romanwilson/Library/Developer/Xcode/DerivedData/VideoCullingApp-gorssjuaelhchegcjoftthvccbjj/Build/Intermediates.noindex/VideoCullingApp.build/Debug/VideoCullingAppUITests.build/Objects-normal/arm64/VideoCullingAppUITests.SwiftFileList -DDEBUG -module-alias Testing\=_Testing_Unavailable -plugin-path /Applications/Xcode.app/Contents/Developer/Toolchains/XcodeDefault.xctoolchain/usr/lib/swift/host/plugins/testing -enable-bare-slash-regex -enable-upcoming-feature DisableOutwardActorInference -enable-upcoming-feature InferSendableFromCaptures -enable-upcoming-feature GlobalActorIsolatedTypesUsability -enable-upcoming-feature MemberImportVisibility -enable-upcoming-feature InferIsolatedConformances -enable-upcoming-feature NonisolatedNonsendingByDefault -enable-experimental-feature DebugDescriptionMacro -sdk /Applications/Xcode.app/Contents/Developer/Platforms/MacOSX.platform/Developer/SDKs/MacOSX26.1.sdk -target arm64-apple-macos15.7 -g -module-cache-path /Users/romanwilson/Library/Developer/Xcode/DerivedData/ModuleCache.noindex -Xfrontend -serialize-debugging-options -profile-coverage-mapping -profile-generate -enable-testing -index-store-path /Users/romanwilson/Library/Developer/Xcode/DerivedData/VideoCullingApp-gorssjuaelhchegcjoftthvccbjj/Index.noindex/DataStore -Xcc -D_LIBCPP_HARDENING_MODE\=_LIBCPP_HARDENING_MODE_DEBUG -swift-version 5 -I /Users/romanwilson/Library/Developer/Xcode/DerivedData/VideoCullingApp-gorssjuaelhchegcjoftthvccbjj/Build/Products/Debug -Isystem /Applications/Xcode.app/Contents/Developer/Platforms/MacOSX.platform/Developer/usr/lib -F /Users/romanwilson/Library/Developer/Xcode/DerivedData/VideoCullingApp-gorssjuaelhchegcjoftthvccbjj/Build/Products/Debug -F /Applications/Xcode.app/Contents/Developer/Platforms/MacOSX.platform/Developer/Library/Frameworks -c -j16 -enable-batch-mode -incremental -Xcc -ivfsstatcache -Xcc /Users/romanwilson/Library/Developer/Xcode/DerivedData/SDKStatCaches.noindex/macosx26.1-25B74-3ae1261907bdadc328169391a47051a6.sdkstatcache -output-file-map /Users/romanwilson/Library/Developer/Xcode/DerivedData/VideoCullingApp-gorssjuaelhchegcjoftthvccbjj/Build/Intermediates.noindex/VideoCullingApp.build/Debug/VideoCullingAppUITests.build/Objects-normal/arm64/VideoCullingAppUITests-OutputFileMap.json -use-frontend-parseable-output -save-temps -no-color-diagnostics -explicit-module-build -module-cache-path /Users/romanwilson/Library/Developer/Xcode/DerivedData/VideoCullingApp-gorssjuaelhchegcjoftthvccbjj/Build/Intermediates.noindex/SwiftExplicitPrecompiledModules -clang-scanner-module-cache-path /Users/romanwilson/Library/Developer/Xcode/DerivedData/ModuleCache.noindex -sdk-module-cache-path /Users/romanwilson/Library/Developer/Xcode/DerivedData/ModuleCache.noindex -serialize-diagnostics -emit-dependencies -emit-module -emit-module-path /Users/romanwilson/Library/Developer/Xcode/DerivedData/VideoCullingApp-gorssjuaelhchegcjoftthvccbjj/Build/Intermediates.noindex/VideoCullingApp.build/Debug/VideoCullingAppUITests.build/Objects-normal/arm64/VideoCullingAppUITests.swiftmodule -validate-clang-modules-once -clang-build-session-file /Users/romanwilson/Library/Developer/Xcode/DerivedData/ModuleCache.noindex/Session.modulevalidation -Xcc -I/Users/romanwilson/Library/Developer/Xcode/DerivedData/VideoCullingApp-gorssjuaelhchegcjoftthvccbjj/Build/Intermediates.noindex/VideoCullingApp.build/Debug/VideoCullingAppUITests.build/swift-overrides.hmap -emit-const-values -Xfrontend -const-gather-protocols-file -Xfrontend /Users/romanwilson/Library/Developer/Xcode/DerivedData/VideoCullingApp-gorssjuaelhchegcjoftthvccbjj/Build/Intermediates.noindex/VideoCullingApp.build/Debug/VideoCullingAppUITests.build/Objects-normal/arm64/VideoCullingAppUITests_const_extract_protocols.json -Xcc -iquote -Xcc /Users/romanwilson/Library/Developer/Xcode/DerivedData/VideoCullingApp-gorssjuaelhchegcjoftthvccbjj/Build/Intermediates.noindex/VideoCullingApp.build/Debug/VideoCullingAppUITests.build/VideoCullingAppUITests-generated-files.hmap -Xcc -I/Users/romanwilson/Library/Developer/Xcode/DerivedData/VideoCullingApp-gorssjuaelhchegcjoftthvccbjj/Build/Intermediates.noindex/VideoCullingApp.build/Debug/VideoCullingAppUITests.build/VideoCullingAppUITests-own-target-headers.hmap -Xcc -I/Users/romanwilson/Library/Developer/Xcode/DerivedData/VideoCullingApp-gorssjuaelhchegcjoftthvccbjj/Build/Intermediates.noindex/VideoCullingApp.build/Debug/VideoCullingAppUITests.build/VideoCullingAppUITests-all-target-headers.hmap -Xcc -iquote -Xcc /Users/romanwilson/Library/Developer/Xcode/DerivedData/VideoCullingApp-gorssjuaelhchegcjoftthvccbjj/Build/Intermediates.noindex/VideoCullingApp.build/Debug/VideoCullingAppUITests.build/VideoCullingAppUITests-project-headers.hmap -Xcc -I/Users/romanwilson/Library/Developer/Xcode/DerivedData/VideoCullingApp-gorssjuaelhchegcjoftthvccbjj/Build/Products/Debug/include -Xcc -I/Users/romanwilson/Library/Developer/Xcode/DerivedData/VideoCullingApp-gorssjuaelhchegcjoftthvccbjj/Build/Intermediates.noindex/VideoCullingApp.build/Debug/VideoCullingAppUITests.build/DerivedSources-normal/arm64 -Xcc -I/Users/romanwilson/Library/Developer/Xcode/DerivedData/VideoCullingApp-gorssjuaelhchegcjoftthvccbjj/Build/Intermediates.noindex/VideoCullingApp.build/Debug/VideoCullingAppUITests.build/DerivedSources/arm64 -Xcc -I/Users/romanwilson/Library/Developer/Xcode/DerivedData/VideoCullingApp-gorssjuaelhchegcjoftthvccbjj/Build/Intermediates.noindex/VideoCullingApp.build/Debug/VideoCullingAppUITests.build/DerivedSources -Xcc -DDEBUG\=1 -emit-objc-header -emit-objc-header-path /Users/romanwilson/Library/Developer/Xcode/DerivedData/VideoCullingApp-gorssjuaelhchegcjoftthvccbjj/Build/Intermediates.noindex/VideoCullingApp.build/Debug/VideoCullingAppUITests.build/Objects-normal/arm64/VideoCullingAppUITests-Swift.h -working-directory /Users/romanwilson/projects/videocull/VideoCullingApp -experimental-emit-module-separately -disable-cmo

Copy /Users/romanwilson/Library/Developer/Xcode/DerivedData/VideoCullingApp-gorssjuaelhchegcjoftthvccbjj/Build/Products/Debug/VideoCullingAppUITests.swiftmodule/arm64-apple-macos.swiftmodule /Users/romanwilson/Library/Developer/Xcode/DerivedData/VideoCullingApp-gorssjuaelhchegcjoftthvccbjj/Build/Intermediates.noindex/VideoCullingApp.build/Debug/VideoCullingAppUITests.build/Objects-normal/arm64/VideoCullingAppUITests.swiftmodule (in target 'VideoCullingAppUITests' from project 'VideoCullingApp')
    cd /Users/romanwilson/projects/videocull/VideoCullingApp
    builtin-copy -exclude .DS_Store -exclude CVS -exclude .svn -exclude .git -exclude .hg -resolve-src-symlinks -rename /Users/romanwilson/Library/Developer/Xcode/DerivedData/VideoCullingApp-gorssjuaelhchegcjoftthvccbjj/Build/Intermediates.noindex/VideoCullingApp.build/Debug/VideoCullingAppUITests.build/Objects-normal/arm64/VideoCullingAppUITests.swiftmodule /Users/romanwilson/Library/Developer/Xcode/DerivedData/VideoCullingApp-gorssjuaelhchegcjoftthvccbjj/Build/Products/Debug/VideoCullingAppUITests.swiftmodule/arm64-apple-macos.swiftmodule

Copy /Users/romanwilson/Library/Developer/Xcode/DerivedData/VideoCullingApp-gorssjuaelhchegcjoftthvccbjj/Build/Products/Debug/VideoCullingAppUITests.swiftmodule/arm64-apple-macos.abi.json /Users/romanwilson/Library/Developer/Xcode/DerivedData/VideoCullingApp-gorssjuaelhchegcjoftthvccbjj/Build/Intermediates.noindex/VideoCullingApp.build/Debug/VideoCullingAppUITests.build/Objects-normal/arm64/VideoCullingAppUITests.abi.json (in target 'VideoCullingAppUITests' from project 'VideoCullingApp')
    cd /Users/romanwilson/projects/videocull/VideoCullingApp
    builtin-copy -exclude .DS_Store -exclude CVS -exclude .svn -exclude .git -exclude .hg -resolve-src-symlinks -rename /Users/romanwilson/Library/Developer/Xcode/DerivedData/VideoCullingApp-gorssjuaelhchegcjoftthvccbjj/Build/Intermediates.noindex/VideoCullingApp.build/Debug/VideoCullingAppUITests.build/Objects-normal/arm64/VideoCullingAppUITests.abi.json /Users/romanwilson/Library/Developer/Xcode/DerivedData/VideoCullingApp-gorssjuaelhchegcjoftthvccbjj/Build/Products/Debug/VideoCullingAppUITests.swiftmodule/arm64-apple-macos.abi.json

Copy /Users/romanwilson/Library/Developer/Xcode/DerivedData/VideoCullingApp-gorssjuaelhchegcjoftthvccbjj/Build/Products/Debug/VideoCullingAppUITests.swiftmodule/arm64-apple-macos.swiftdoc /Users/romanwilson/Library/Developer/Xcode/DerivedData/VideoCullingApp-gorssjuaelhchegcjoftthvccbjj/Build/Intermediates.noindex/VideoCullingApp.build/Debug/VideoCullingAppUITests.build/Objects-normal/arm64/VideoCullingAppUITests.swiftdoc (in target 'VideoCullingAppUITests' from project 'VideoCullingApp')
    cd /Users/romanwilson/projects/videocull/VideoCullingApp
    builtin-copy -exclude .DS_Store -exclude CVS -exclude .svn -exclude .git -exclude .hg -resolve-src-symlinks -rename /Users/romanwilson/Library/Developer/Xcode/DerivedData/VideoCullingApp-gorssjuaelhchegcjoftthvccbjj/Build/Intermediates.noindex/VideoCullingApp.build/Debug/VideoCullingAppUITests.build/Objects-normal/arm64/VideoCullingAppUITests.swiftdoc /Users/romanwilson/Library/Developer/Xcode/DerivedData/VideoCullingApp-gorssjuaelhchegcjoftthvccbjj/Build/Products/Debug/VideoCullingAppUITests.swiftmodule/arm64-apple-macos.swiftdoc

Copy /Users/romanwilson/Library/Developer/Xcode/DerivedData/VideoCullingApp-gorssjuaelhchegcjoftthvccbjj/Build/Products/Debug/VideoCullingAppUITests.swiftmodule/Project/arm64-apple-macos.swiftsourceinfo /Users/romanwilson/Library/Developer/Xcode/DerivedData/VideoCullingApp-gorssjuaelhchegcjoftthvccbjj/Build/Intermediates.noindex/VideoCullingApp.build/Debug/VideoCullingAppUITests.build/Objects-normal/arm64/VideoCullingAppUITests.swiftsourceinfo (in target 'VideoCullingAppUITests' from project 'VideoCullingApp')
    cd /Users/romanwilson/projects/videocull/VideoCullingApp
    builtin-copy -exclude .DS_Store -exclude CVS -exclude .svn -exclude .git -exclude .hg -resolve-src-symlinks -rename /Users/romanwilson/Library/Developer/Xcode/DerivedData/VideoCullingApp-gorssjuaelhchegcjoftthvccbjj/Build/Intermediates.noindex/VideoCullingApp.build/Debug/VideoCullingAppUITests.build/Objects-normal/arm64/VideoCullingAppUITests.swiftsourceinfo /Users/romanwilson/Library/Developer/Xcode/DerivedData/VideoCullingApp-gorssjuaelhchegcjoftthvccbjj/Build/Products/Debug/VideoCullingAppUITests.swiftmodule/Project/arm64-apple-macos.swiftsourceinfo

SwiftDriverJobDiscovery normal arm64 Compiling VideoCullingAppUITests.swift (in target 'VideoCullingAppUITests' from project 'VideoCullingApp')

SwiftDriverJobDiscovery normal arm64 Compiling UILayoutTests.swift (in target 'VideoCullingAppUITests' from project 'VideoCullingApp')

SwiftDriver\ Compilation VideoCullingAppUITests normal arm64 com.apple.xcode.tools.swift.compiler (in target 'VideoCullingAppUITests' from project 'VideoCullingApp')
    cd /Users/romanwilson/projects/videocull/VideoCullingApp
    builtin-Swift-Compilation -- /Applications/Xcode.app/Contents/Developer/Toolchains/XcodeDefault.xctoolchain/usr/bin/swiftc -module-name VideoCullingAppUITests -Onone -enforce-exclusivity\=checked @/Users/romanwilson/Library/Developer/Xcode/DerivedData/VideoCullingApp-gorssjuaelhchegcjoftthvccbjj/Build/Intermediates.noindex/VideoCullingApp.build/Debug/VideoCullingAppUITests.build/Objects-normal/arm64/VideoCullingAppUITests.SwiftFileList -DDEBUG -module-alias Testing\=_Testing_Unavailable -plugin-path /Applications/Xcode.app/Contents/Developer/Toolchains/XcodeDefault.xctoolchain/usr/lib/swift/host/plugins/testing -enable-bare-slash-regex -enable-upcoming-feature DisableOutwardActorInference -enable-upcoming-feature InferSendableFromCaptures -enable-upcoming-feature GlobalActorIsolatedTypesUsability -enable-upcoming-feature MemberImportVisibility -enable-upcoming-feature InferIsolatedConformances -enable-upcoming-feature NonisolatedNonsendingByDefault -enable-experimental-feature DebugDescriptionMacro -sdk /Applications/Xcode.app/Contents/Developer/Platforms/MacOSX.platform/Developer/SDKs/MacOSX26.1.sdk -target arm64-apple-macos15.7 -g -module-cache-path /Users/romanwilson/Library/Developer/Xcode/DerivedData/ModuleCache.noindex -Xfrontend -serialize-debugging-options -profile-coverage-mapping -profile-generate -enable-testing -index-store-path /Users/romanwilson/Library/Developer/Xcode/DerivedData/VideoCullingApp-gorssjuaelhchegcjoftthvccbjj/Index.noindex/DataStore -Xcc -D_LIBCPP_HARDENING_MODE\=_LIBCPP_HARDENING_MODE_DEBUG -swift-version 5 -I /Users/romanwilson/Library/Developer/Xcode/DerivedData/VideoCullingApp-gorssjuaelhchegcjoftthvccbjj/Build/Products/Debug -Isystem /Applications/Xcode.app/Contents/Developer/Platforms/MacOSX.platform/Developer/usr/lib -F /Users/romanwilson/Library/Developer/Xcode/DerivedData/VideoCullingApp-gorssjuaelhchegcjoftthvccbjj/Build/Products/Debug -F /Applications/Xcode.app/Contents/Developer/Platforms/MacOSX.platform/Developer/Library/Frameworks -c -j16 -enable-batch-mode -incremental -Xcc -ivfsstatcache -Xcc /Users/romanwilson/Library/Developer/Xcode/DerivedData/SDKStatCaches.noindex/macosx26.1-25B74-3ae1261907bdadc328169391a47051a6.sdkstatcache -output-file-map /Users/romanwilson/Library/Developer/Xcode/DerivedData/VideoCullingApp-gorssjuaelhchegcjoftthvccbjj/Build/Intermediates.noindex/VideoCullingApp.build/Debug/VideoCullingAppUITests.build/Objects-normal/arm64/VideoCullingAppUITests-OutputFileMap.json -use-frontend-parseable-output -save-temps -no-color-diagnostics -explicit-module-build -module-cache-path /Users/romanwilson/Library/Developer/Xcode/DerivedData/VideoCullingApp-gorssjuaelhchegcjoftthvccbjj/Build/Intermediates.noindex/SwiftExplicitPrecompiledModules -clang-scanner-module-cache-path /Users/romanwilson/Library/Developer/Xcode/DerivedData/ModuleCache.noindex -sdk-module-cache-path /Users/romanwilson/Library/Developer/Xcode/DerivedData/ModuleCache.noindex -serialize-diagnostics -emit-dependencies -emit-module -emit-module-path /Users/romanwilson/Library/Developer/Xcode/DerivedData/VideoCullingApp-gorssjuaelhchegcjoftthvccbjj/Build/Intermediates.noindex/VideoCullingApp.build/Debug/VideoCullingAppUITests.build/Objects-normal/arm64/VideoCullingAppUITests.swiftmodule -validate-clang-modules-once -clang-build-session-file /Users/romanwilson/Library/Developer/Xcode/DerivedData/ModuleCache.noindex/Session.modulevalidation -Xcc -I/Users/romanwilson/Library/Developer/Xcode/DerivedData/VideoCullingApp-gorssjuaelhchegcjoftthvccbjj/Build/Intermediates.noindex/VideoCullingApp.build/Debug/VideoCullingAppUITests.build/swift-overrides.hmap -emit-const-values -Xfrontend -const-gather-protocols-file -Xfrontend /Users/romanwilson/Library/Developer/Xcode/DerivedData/VideoCullingApp-gorssjuaelhchegcjoftthvccbjj/Build/Intermediates.noindex/VideoCullingApp.build/Debug/VideoCullingAppUITests.build/Objects-normal/arm64/VideoCullingAppUITests_const_extract_protocols.json -Xcc -iquote -Xcc /Users/romanwilson/Library/Developer/Xcode/DerivedData/VideoCullingApp-gorssjuaelhchegcjoftthvccbjj/Build/Intermediates.noindex/VideoCullingApp.build/Debug/VideoCullingAppUITests.build/VideoCullingAppUITests-generated-files.hmap -Xcc -I/Users/romanwilson/Library/Developer/Xcode/DerivedData/VideoCullingApp-gorssjuaelhchegcjoftthvccbjj/Build/Intermediates.noindex/VideoCullingApp.build/Debug/VideoCullingAppUITests.build/VideoCullingAppUITests-own-target-headers.hmap -Xcc -I/Users/romanwilson/Library/Developer/Xcode/DerivedData/VideoCullingApp-gorssjuaelhchegcjoftthvccbjj/Build/Intermediates.noindex/VideoCullingApp.build/Debug/VideoCullingAppUITests.build/VideoCullingAppUITests-all-target-headers.hmap -Xcc -iquote -Xcc /Users/romanwilson/Library/Developer/Xcode/DerivedData/VideoCullingApp-gorssjuaelhchegcjoftthvccbjj/Build/Intermediates.noindex/VideoCullingApp.build/Debug/VideoCullingAppUITests.build/VideoCullingAppUITests-project-headers.hmap -Xcc -I/Users/romanwilson/Library/Developer/Xcode/DerivedData/VideoCullingApp-gorssjuaelhchegcjoftthvccbjj/Build/Products/Debug/include -Xcc -I/Users/romanwilson/Library/Developer/Xcode/DerivedData/VideoCullingApp-gorssjuaelhchegcjoftthvccbjj/Build/Intermediates.noindex/VideoCullingApp.build/Debug/VideoCullingAppUITests.build/DerivedSources-normal/arm64 -Xcc -I/Users/romanwilson/Library/Developer/Xcode/DerivedData/VideoCullingApp-gorssjuaelhchegcjoftthvccbjj/Build/Intermediates.noindex/VideoCullingApp.build/Debug/VideoCullingAppUITests.build/DerivedSources/arm64 -Xcc -I/Users/romanwilson/Library/Developer/Xcode/DerivedData/VideoCullingApp-gorssjuaelhchegcjoftthvccbjj/Build/Intermediates.noindex/VideoCullingApp.build/Debug/VideoCullingAppUITests.build/DerivedSources -Xcc -DDEBUG\=1 -emit-objc-header -emit-objc-header-path /Users/romanwilson/Library/Developer/Xcode/DerivedData/VideoCullingApp-gorssjuaelhchegcjoftthvccbjj/Build/Intermediates.noindex/VideoCullingApp.build/Debug/VideoCullingAppUITests.build/Objects-normal/arm64/VideoCullingAppUITests-Swift.h -working-directory /Users/romanwilson/projects/videocull/VideoCullingApp -experimental-emit-module-separately -disable-cmo

Ld /Users/romanwilson/Library/Developer/Xcode/DerivedData/VideoCullingApp-gorssjuaelhchegcjoftthvccbjj/Build/Products/Debug/VideoCullingAppUITests-Runner.app/Contents/PlugIns/VideoCullingAppUITests.xctest/Contents/MacOS/VideoCullingAppUITests normal (in target 'VideoCullingAppUITests' from project 'VideoCullingApp')
    cd /Users/romanwilson/projects/videocull/VideoCullingApp
    /Applications/Xcode.app/Contents/Developer/Toolchains/XcodeDefault.xctoolchain/usr/bin/clang -Xlinker -reproducible -target arm64-apple-macos15.7 -bundle -isysroot /Applications/Xcode.app/Contents/Developer/Platforms/MacOSX.platform/Developer/SDKs/MacOSX26.1.sdk -O0 -L/Users/romanwilson/Library/Developer/Xcode/DerivedData/VideoCullingApp-gorssjuaelhchegcjoftthvccbjj/Build/Intermediates.noindex/EagerLinkingTBDs/Debug -L/Users/romanwilson/Library/Developer/Xcode/DerivedData/VideoCullingApp-gorssjuaelhchegcjoftthvccbjj/Build/Products/Debug -L/Applications/Xcode.app/Contents/Developer/Platforms/MacOSX.platform/Developer/usr/lib -F/Users/romanwilson/Library/Developer/Xcode/DerivedData/VideoCullingApp-gorssjuaelhchegcjoftthvccbjj/Build/Intermediates.noindex/EagerLinkingTBDs/Debug -F/Users/romanwilson/Library/Developer/Xcode/DerivedData/VideoCullingApp-gorssjuaelhchegcjoftthvccbjj/Build/Products/Debug -iframework /Applications/Xcode.app/Contents/Developer/Platforms/MacOSX.platform/Developer/Library/Frameworks -filelist /Users/romanwilson/Library/Developer/Xcode/DerivedData/VideoCullingApp-gorssjuaelhchegcjoftthvccbjj/Build/Intermediates.noindex/VideoCullingApp.build/Debug/VideoCullingAppUITests.build/Objects-normal/arm64/VideoCullingAppUITests.LinkFileList -Xlinker -rpath -Xlinker /usr/lib/swift -Xlinker -rpath -Xlinker @loader_path/../Frameworks -Xlinker -object_path_lto -Xlinker /Users/romanwilson/Library/Developer/Xcode/DerivedData/VideoCullingApp-gorssjuaelhchegcjoftthvccbjj/Build/Intermediates.noindex/VideoCullingApp.build/Debug/VideoCullingAppUITests.build/Objects-normal/arm64/VideoCullingAppUITests_lto.o -rdynamic -Xlinker -no_deduplicate -Xlinker -debug_variant -Xlinker -dependency_info -Xlinker /Users/romanwilson/Library/Developer/Xcode/DerivedData/VideoCullingApp-gorssjuaelhchegcjoftthvccbjj/Build/Intermediates.noindex/VideoCullingApp.build/Debug/VideoCullingAppUITests.build/Objects-normal/arm64/VideoCullingAppUITests_dependency_info.dat -fobjc-link-runtime -fprofile-instr-generate -L/Applications/Xcode.app/Contents/Developer/Toolchains/XcodeDefault.xctoolchain/usr/lib/swift/macosx -L/usr/lib/swift -Xlinker -add_ast_path -Xlinker /Users/romanwilson/Library/Developer/Xcode/DerivedData/VideoCullingApp-gorssjuaelhchegcjoftthvccbjj/Build/Intermediates.noindex/VideoCullingApp.build/Debug/VideoCullingAppUITests.build/Objects-normal/arm64/VideoCullingAppUITests.swiftmodule @/Users/romanwilson/Library/Developer/Xcode/DerivedData/VideoCullingApp-gorssjuaelhchegcjoftthvccbjj/Build/Intermediates.noindex/VideoCullingApp.build/Debug/VideoCullingAppUITests.build/Objects-normal/arm64/VideoCullingAppUITests-linker-args.resp -Xlinker -needed_framework -Xlinker XCTest -framework XCTest -Xlinker -needed-lXCTestSwiftSupport -lXCTestSwiftSupport -Xlinker -no_adhoc_codesign -o /Users/romanwilson/Library/Developer/Xcode/DerivedData/VideoCullingApp-gorssjuaelhchegcjoftthvccbjj/Build/Products/Debug/VideoCullingAppUITests-Runner.app/Contents/PlugIns/VideoCullingAppUITests.xctest/Contents/MacOS/VideoCullingAppUITests

CopySwiftLibs /Users/romanwilson/Library/Developer/Xcode/DerivedData/VideoCullingApp-gorssjuaelhchegcjoftthvccbjj/Build/Products/Debug/VideoCullingAppUITests-Runner.app/Contents/PlugIns/VideoCullingAppUITests.xctest (in target 'VideoCullingAppUITests' from project 'VideoCullingApp')
    cd /Users/romanwilson/projects/videocull/VideoCullingApp
    builtin-swiftStdLibTool --copy --verbose --sign 5D50E1DA8DB15D100ECD7DD6AD1CAF0F03C3D96B --scan-executable /Users/romanwilson/Library/Developer/Xcode/DerivedData/VideoCullingApp-gorssjuaelhchegcjoftthvccbjj/Build/Products/Debug/VideoCullingAppUITests-Runner.app/Contents/PlugIns/VideoCullingAppUITests.xctest/Contents/MacOS/VideoCullingAppUITests --scan-folder /Users/romanwilson/Library/Developer/Xcode/DerivedData/VideoCullingApp-gorssjuaelhchegcjoftthvccbjj/Build/Products/Debug/VideoCullingAppUITests-Runner.app/Contents/PlugIns/VideoCullingAppUITests.xctest/Contents/Frameworks --scan-folder /Users/romanwilson/Library/Developer/Xcode/DerivedData/VideoCullingApp-gorssjuaelhchegcjoftthvccbjj/Build/Products/Debug/VideoCullingAppUITests-Runner.app/Contents/PlugIns/VideoCullingAppUITests.xctest/Contents/PlugIns --scan-folder /Users/romanwilson/Library/Developer/Xcode/DerivedData/VideoCullingApp-gorssjuaelhchegcjoftthvccbjj/Build/Products/Debug/VideoCullingAppUITests-Runner.app/Contents/PlugIns/VideoCullingAppUITests.xctest/Contents/Library/SystemExtensions --scan-folder /Users/romanwilson/Library/Developer/Xcode/DerivedData/VideoCullingApp-gorssjuaelhchegcjoftthvccbjj/Build/Products/Debug/VideoCullingAppUITests-Runner.app/Contents/PlugIns/VideoCullingAppUITests.xctest/Contents/Extensions --platform macosx --toolchain /Applications/Xcode.app/Contents/Developer/Toolchains/XcodeDefault.xctoolchain --destination /Users/romanwilson/Library/Developer/Xcode/DerivedData/VideoCullingApp-gorssjuaelhchegcjoftthvccbjj/Build/Products/Debug/VideoCullingAppUITests-Runner.app/Contents/PlugIns/VideoCullingAppUITests.xctest/Contents/Frameworks --strip-bitcode --scan-executable /Applications/Xcode.app/Contents/Developer/Platforms/MacOSX.platform/Developer/usr/lib/libXCTestSwiftSupport.dylib --strip-bitcode-tool /Applications/Xcode.app/Contents/Developer/Toolchains/XcodeDefault.xctoolchain/usr/bin/bitcode_strip --emit-dependency-info /Users/romanwilson/Library/Developer/Xcode/DerivedData/VideoCullingApp-gorssjuaelhchegcjoftthvccbjj/Build/Intermediates.noindex/VideoCullingApp.build/Debug/VideoCullingAppUITests.build/SwiftStdLibToolInputDependencies.dep --filter-for-swift-os --back-deploy-swift-span

ExtractAppIntentsMetadata (in target 'VideoCullingAppUITests' from project 'VideoCullingApp')
    cd /Users/romanwilson/projects/videocull/VideoCullingApp
    /Applications/Xcode.app/Contents/Developer/Toolchains/XcodeDefault.xctoolchain/usr/bin/appintentsmetadataprocessor --toolchain-dir /Applications/Xcode.app/Contents/Developer/Toolchains/XcodeDefault.xctoolchain --module-name VideoCullingAppUITests --sdk-root /Applications/Xcode.app/Contents/Developer/Platforms/MacOSX.platform/Developer/SDKs/MacOSX26.1.sdk --xcode-version 17B100 --platform-family macOS --deployment-target 15.7 --bundle-identifier ai.careernudge.VideoCullingAppUITests --output /Users/romanwilson/Library/Developer/Xcode/DerivedData/VideoCullingApp-gorssjuaelhchegcjoftthvccbjj/Build/Products/Debug/VideoCullingAppUITests-Runner.app/Contents/PlugIns/VideoCullingAppUITests.xctest/Contents/Resources --target-triple arm64-apple-macos15.7 --binary-file /Users/romanwilson/Library/Developer/Xcode/DerivedData/VideoCullingApp-gorssjuaelhchegcjoftthvccbjj/Build/Products/Debug/VideoCullingAppUITests-Runner.app/Contents/PlugIns/VideoCullingAppUITests.xctest/Contents/MacOS/VideoCullingAppUITests --dependency-file /Users/romanwilson/Library/Developer/Xcode/DerivedData/VideoCullingApp-gorssjuaelhchegcjoftthvccbjj/Build/Intermediates.noindex/VideoCullingApp.build/Debug/VideoCullingAppUITests.build/Objects-normal/arm64/VideoCullingAppUITests_dependency_info.dat --stringsdata-file /Users/romanwilson/Library/Developer/Xcode/DerivedData/VideoCullingApp-gorssjuaelhchegcjoftthvccbjj/Build/Intermediates.noindex/VideoCullingApp.build/Debug/VideoCullingAppUITests.build/Objects-normal/arm64/ExtractedAppShortcutsMetadata.stringsdata --source-file-list /Users/romanwilson/Library/Developer/Xcode/DerivedData/VideoCullingApp-gorssjuaelhchegcjoftthvccbjj/Build/Intermediates.noindex/VideoCullingApp.build/Debug/VideoCullingAppUITests.build/Objects-normal/arm64/VideoCullingAppUITests.SwiftFileList --metadata-file-list /Users/romanwilson/Library/Developer/Xcode/DerivedData/VideoCullingApp-gorssjuaelhchegcjoftthvccbjj/Build/Intermediates.noindex/VideoCullingApp.build/Debug/VideoCullingAppUITests.build/VideoCullingAppUITests.DependencyMetadataFileList --static-metadata-file-list /Users/romanwilson/Library/Developer/Xcode/DerivedData/VideoCullingApp-gorssjuaelhchegcjoftthvccbjj/Build/Intermediates.noindex/VideoCullingApp.build/Debug/VideoCullingAppUITests.build/VideoCullingAppUITests.DependencyStaticMetadataFileList --swift-const-vals-list /Users/romanwilson/Library/Developer/Xcode/DerivedData/VideoCullingApp-gorssjuaelhchegcjoftthvccbjj/Build/Intermediates.noindex/VideoCullingApp.build/Debug/VideoCullingAppUITests.build/Objects-normal/arm64/VideoCullingAppUITests.SwiftConstValuesFileList --compile-time-extraction --deployment-aware-processing --validate-assistant-intents --no-app-shortcuts-localization
2025-11-17 14:06:04.678 appintentsmetadataprocessor[66069:4986918] Starting appintentsmetadataprocessor export
2025-11-17 14:06:04.680 appintentsmetadataprocessor[66069:4986918] warning: Metadata extraction skipped. No AppIntents.framework dependency found.

CodeSign /Users/romanwilson/Library/Developer/Xcode/DerivedData/VideoCullingApp-gorssjuaelhchegcjoftthvccbjj/Build/Products/Debug/VideoCullingAppUITests-Runner.app/Contents/PlugIns/VideoCullingAppUITests.xctest (in target 'VideoCullingAppUITests' from project 'VideoCullingApp')
    cd /Users/romanwilson/projects/videocull/VideoCullingApp
    
    Signing Identity:     "Apple Development: Roman Wilson (PTVTR5ZBZF)"
    
    /usr/bin/codesign --force --sign 5D50E1DA8DB15D100ECD7DD6AD1CAF0F03C3D96B --entitlements /Users/romanwilson/Library/Developer/Xcode/DerivedData/VideoCullingApp-gorssjuaelhchegcjoftthvccbjj/Build/Intermediates.noindex/VideoCullingApp.build/Debug/VideoCullingAppUITests.build/VideoCullingAppUITests.xctest.xcent --timestamp\=none --generate-entitlement-der /Users/romanwilson/Library/Developer/Xcode/DerivedData/VideoCullingApp-gorssjuaelhchegcjoftthvccbjj/Build/Products/Debug/VideoCullingAppUITests-Runner.app/Contents/PlugIns/VideoCullingAppUITests.xctest

CodeSign /Users/romanwilson/Library/Developer/Xcode/DerivedData/VideoCullingApp-gorssjuaelhchegcjoftthvccbjj/Build/Products/Debug/VideoCullingAppUITests-Runner.app (in target 'VideoCullingAppUITests' from project 'VideoCullingApp')
    cd /Users/romanwilson/projects/videocull/VideoCullingApp
    
    Signing Identity:     "Apple Development: Roman Wilson (PTVTR5ZBZF)"
    
    /usr/bin/codesign --force --sign 5D50E1DA8DB15D100ECD7DD6AD1CAF0F03C3D96B --entitlements /Users/romanwilson/Library/Developer/Xcode/DerivedData/VideoCullingApp-gorssjuaelhchegcjoftthvccbjj/Build/Intermediates.noindex/VideoCullingApp.build/Debug/VideoCullingAppUITests.build/VideoCullingAppUITests.xctest.xcent --timestamp\=none --generate-entitlement-der /Users/romanwilson/Library/Developer/Xcode/DerivedData/VideoCullingApp-gorssjuaelhchegcjoftthvccbjj/Build/Products/Debug/VideoCullingAppUITests-Runner.app
/Users/romanwilson/Library/Developer/Xcode/DerivedData/VideoCullingApp-gorssjuaelhchegcjoftthvccbjj/Build/Products/Debug/VideoCullingAppUITests-Runner.app: replacing existing signature

warning: Skipping duplicate build file in Copy Bundle Resources build phase: /Users/romanwilson/projects/videocull/VideoCullingApp/DefaultLuts/SLog3_SGamut3Cine 3/4_SGamut3CineSLog3_To_Cine+709.cube (in target 'VideoCullingApp' from project 'VideoCullingApp')
warning: Skipping duplicate build file in Copy Bundle Resources build phase: /Users/romanwilson/projects/videocull/VideoCullingApp/DefaultLuts/AppleLog/AppleLogToRec709-v1.0.cube (in target 'VideoCullingApp' from project 'VideoCullingApp')
warning: Skipping duplicate build file in Copy Bundle Resources build phase: /Users/romanwilson/projects/videocull/VideoCullingApp/DefaultLuts/S-Gamut_Slog2/Look_profile_for_resolve_S-Gamut_Slog2/From_SLog2SGumut_To_SLog2-709_.cube (in target 'VideoCullingApp' from project 'VideoCullingApp')
warning: Skipping duplicate build file in Copy Bundle Resources build phase: /Users/romanwilson/projects/videocull/VideoCullingApp/DefaultLuts/S-Gamut_Slog2/Look_profile_for_resolve_S-Gamut_Slog2/From_SLog2SGumut_To_Cine+709.cube (in target 'VideoCullingApp' from project 'VideoCullingApp')
warning: Skipping duplicate build file in Copy Bundle Resources build phase: /Users/romanwilson/projects/videocull/VideoCullingApp/DefaultLuts/AppleLog/AppleLogToLin-v1.0.cube (in target 'VideoCullingApp' from project 'VideoCullingApp')
warning: Skipping duplicate build file in Copy Bundle Resources build phase: /Users/romanwilson/projects/videocull/VideoCullingApp/DefaultLuts/S-Gamut_Slog2/Look_profile_for_resolve_S-Gamut_Slog2/From_SLog2SGumut_To_LC-709_.cube (in target 'VideoCullingApp' from project 'VideoCullingApp')
warning: Skipping duplicate build file in Copy Bundle Resources build phase: /Users/romanwilson/projects/videocull/VideoCullingApp/DefaultLuts/SLog3_SGamut3Cine 3/2_SGamut3CineSLog3_To_LC-709TypeA.cube (in target 'VideoCullingApp' from project 'VideoCullingApp')
warning: Skipping duplicate build file in Copy Bundle Resources build phase: /Users/romanwilson/projects/videocull/VideoCullingApp/DefaultLuts/SLog3_SGamut3Cine 3/3_SGamut3CineSLog3_To_SLog2-709.cube (in target 'VideoCullingApp' from project 'VideoCullingApp')
warning: Skipping duplicate build file in Copy Bundle Resources build phase: /Users/romanwilson/projects/videocull/VideoCullingApp/DefaultLuts/SLog3_SGamut3Cine 3/1_SGamut3CineSLog3_To_LC-709.cube (in target 'VideoCullingApp' from project 'VideoCullingApp')
warning: Skipping duplicate build file in Copy Bundle Resources build phase: /Users/romanwilson/projects/videocull/VideoCullingApp/DefaultLuts/S-Gamut_Slog2/Look_profile_for_resolve_S-Gamut_Slog2/From_SLog2SGumut_To_LC-709TypeA_.cube (in target 'VideoCullingApp' from project 'VideoCullingApp')
2025-11-17 14:06:05.505369-0500 VideoCullingAppUITests-Runner[66072:4986988] [Default] Running tests...
Test Suite 'Selected tests' started at 2025-11-17 14:06:05.831.
Test Suite 'VideoCullingAppUITests.xctest' started at 2025-11-17 14:06:05.832.
Test Suite 'UILayoutTests' started at 2025-11-17 14:06:05.832.
Test Case '-[VideoCullingAppUITests.UILayoutTests testComprehensiveLayoutCheck]' started.
    t =     0.00s Start Test at 2025-11-17 14:06:05.832
    t =     0.17s Set Up
    t =     0.17s     Open com.yourcompany.VideoCullingApp
    t =     0.17s         Launch com.yourcompany.VideoCullingApp
    t =     0.49s             Wait for accessibility to load
    t =     0.72s             Setting up automation session
    t =     0.72s             Wait for com.yourcompany.VideoCullingApp to idle
Running comprehensive layout check...
    t =     5.74s Checking existence of `Window (First Match)`
    t =     6.59s Get number of matches for: Descendants matching type StaticText
  Found 105 Static Texts
    t =     6.74s Checking existence of `StaticText (Element at index 0)`
    t =     7.61s Find the StaticText (Element at index 0)
    t =     8.52s Checking existence of `StaticText (Element at index 1)`
    t =     8.59s Find the StaticText (Element at index 1)
    t =     9.50s Checking existence of `StaticText (Element at index 2)`
    t =    10.38s Find the StaticText (Element at index 2)
    t =    11.30s Checking existence of `StaticText (Element at index 3)`
    t =    11.36s Find the StaticText (Element at index 3)
    t =    12.27s Checking existence of `StaticText (Element at index 4)`
    t =    13.20s Find the StaticText (Element at index 4)
    t =    14.07s Get number of matches for: Descendants matching type Button
  Found 16 Buttons
    t =    14.14s Checking existence of `Button (Element at index 0)`
    t =    15.03s Find the Button (Element at index 0)
    t =    15.96s Checking existence of `Button (Element at index 1)`
    t =    16.04s Find the Button (Element at index 1)
    t =    16.94s Checking existence of `Button (Element at index 2)`
    t =    17.87s Find the Button (Element at index 2)
    t =    18.68s Checking existence of `Button (Element at index 3)`
    t =    18.75s Find the Button (Element at index 3)
    t =    19.58s Checking existence of `Button (Element at index 4)`
    t =    19.81s Find the Button (Element at index 4)
    t =    20.05s Get number of matches for: Descendants matching type TextField
  Found 2 Text Fields
    t =    20.13s Checking existence of `TextField (Element at index 0)`
    t =    20.35s Find the TextField (Element at index 0)
    t =    20.60s Checking existence of `TextField (Element at index 1)`
    t =    20.67s Find the TextField (Element at index 1)
    t =    20.92s Get number of matches for: Descendants matching type Image
  Found 36 Images
    t =    21.20s Checking existence of `Image (Element at index 0)`
    t =    21.25s Find the Image (Element at index 0)
    t =    21.50s Checking existence of `Image (Element at index 1)`
    t =    21.77s Find the Image (Element at index 1)
    t =    22.02s Checking existence of `Image (Element at index 2)`
    t =    22.09s Find the Image (Element at index 2)
    t =    22.35s Checking existence of `Image (Element at index 3)`
    t =    22.59s Find the Image (Element at index 3)
    t =    22.83s Checking existence of `Image (Element at index 4)`
    t =    22.93s Find the Image (Element at index 4)
    t =    23.17s Get number of matches for: Descendants matching type Slider
  Found 1 Sliders
    t =    23.42s Checking existence of `Slider (Element at index 0)`
    t =    23.48s Find the Slider (Element at index 0)
    t =    23.75s Tear Down
    t =    23.75s     Terminate com.yourcompany.VideoCullingApp:66077
Test Case '-[VideoCullingAppUITests.UILayoutTests testComprehensiveLayoutCheck]' passed (25.040 seconds).
Test Case '-[VideoCullingAppUITests.UILayoutTests testGalleryModeLayout]' started.
    t =     0.00s Start Test at 2025-11-17 14:06:30.874
    t =     0.20s Set Up
    t =     0.20s     Open com.yourcompany.VideoCullingApp
    t =     0.20s         Launch com.yourcompany.VideoCullingApp
    t =     0.49s             Wait for accessibility to load
    t =     0.71s             Setting up automation session
    t =     0.72s             Wait for com.yourcompany.VideoCullingApp to idle
Testing Gallery Mode layout...
    t =     5.73s Checking existence of `"galleryModeButton" Button`
    t =     6.55s Find the "galleryModeButton" Button
    t =    12.93s Click "galleryModeButton" Button
    t =    12.93s     Wait for com.yourcompany.VideoCullingApp to idle
    t =    12.97s     Find the "galleryModeButton" Button
    t =    15.76s     Check for interrupting elements affecting "galleryModeButton" Button
    t =    21.00s     Synthesize event
    t =    22.94s     Wait for com.yourcompany.VideoCullingApp to idle
    t =    25.16s Get all elements bound by index for: Descendants matching type StaticText
    t =    25.47s Checking existence of `StaticText (Element at index 0)`
    t =    25.60s Find the StaticText (Element at index 0)
    t =    26.40s Checking existence of `"Nudge Video Cull" StaticText`
    t =    26.66s Find the "Nudge Video Cull" StaticText
    t =    27.68s Find the "Nudge Video Cull" StaticText
    t =    29.05s Checking existence of `StaticText (Element at index 1)`
    t =    29.32s Find the StaticText (Element at index 1)
    t =    30.13s Checking existence of `"Input Folder:" StaticText`
    t =    30.36s Find the "Input Folder:" StaticText
    t =    31.36s Find the "Input Folder:" StaticText
    t =    32.73s Checking existence of `StaticText (Element at index 2)`
    t =    33.01s Find the StaticText (Element at index 2)
    t =    33.97s Checking existence of `"Output Folder:" StaticText`
    t =    34.30s Find the "Output Folder:" StaticText
    t =    37.96s Find the "Output Folder:" StaticText
    t =    42.78s Checking existence of `StaticText (Element at index 3)`
    t =    43.72s Find the StaticText (Element at index 3)
    t =    46.62s Checking existence of `"CLIP" StaticText`
    t =    47.58s Find the "CLIP" StaticText
    t =    50.75s Find the "CLIP" StaticText
    t =    50.96s Checking existence of `StaticText (Element at index 4)`
    t =    51.00s Find the StaticText (Element at index 4)
    t =    51.09s Checking existence of `"testcullapp" StaticText`
    t =    51.13s Find the "testcullapp" StaticText
    t =    51.31s Find the "testcullapp" StaticText
    t =    51.36s Checking existence of `StaticText (Element at index 5)`
    t =    51.41s Find the StaticText (Element at index 5)
    t =    51.46s Checking existence of `"Sort Order:" StaticText`
    t =    51.50s Find the "Sort Order:" StaticText
    t =    51.54s Find the "Sort Order:" StaticText
    t =    51.69s Checking existence of `StaticText (Element at index 6)`
    t =    51.74s Find the StaticText (Element at index 6)
    t =    51.79s Checking existence of `"Workflow:" StaticText`
    t =    51.84s Find the "Workflow:" StaticText
    t =    51.89s Find the "Workflow:" StaticText
    t =    51.95s Checking existence of `StaticText (Element at index 7)`
    t =    51.99s Find the StaticText (Element at index 7)
    t =    52.14s Checking existence of `"Preview all videos with LUT:" StaticText`
    t =    52.20s Find the "Preview all videos with LUT:" StaticText
    t =    52.46s Find the "Preview all videos with LUT:" StaticText
    t =    52.86s Checking existence of `StaticText (Element at index 8)`
    t =    52.91s Find the StaticText (Element at index 8)
    t =    52.96s Checking existence of `"0:00" StaticText`
    t =    53.00s Find the "0:00" StaticText
    t =    53.05s Find the "0:00" StaticText
    t =    53.11s Checking existence of `StaticText (Element at index 9)`
    t =    53.15s Find the StaticText (Element at index 9)
    t =    53.20s Checking existence of `"0:04" StaticText`
    t =    53.25s Find the "0:04" StaticText
    t =    53.29s Find the "0:04" StaticText
    t =    53.34s Checking existence of `StaticText (Element at index 10)`
    t =    53.38s Find the StaticText (Element at index 10)
    t =    53.44s Checking existence of `"0:00" StaticText`
    t =    53.48s Find the "0:00" StaticText
    t =    53.53s Find the "0:00" StaticText
    t =    53.58s Checking existence of `StaticText (Element at index 11)`
    t =    53.63s Find the StaticText (Element at index 11)
    t =    53.68s Checking existence of `"0:04" StaticText`
    t =    53.72s Find the "0:04" StaticText
    t =    53.77s Find the "0:04" StaticText
    t =    53.82s Checking existence of `StaticText (Element at index 12)`
    t =    53.87s Find the StaticText (Element at index 12)
    t =    53.92s Checking existence of `"Total Clips:" StaticText`
    t =    53.96s Find the "Total Clips:" StaticText
    t =    54.01s Find the "Total Clips:" StaticText
    t =    54.06s Checking existence of `StaticText (Element at index 13)`
    t =    54.10s Find the StaticText (Element at index 13)
    t =    54.15s Checking existence of `"47" StaticText`
    t =    54.20s Find the "47" StaticText
    t =    54.35s Find the "47" StaticText
    t =    54.41s Checking existence of `StaticText (Element at index 14)`
    t =    54.46s Find the StaticText (Element at index 14)
    t =    54.72s Checking existence of `"Total Duration:" StaticText`
    t =    54.79s Find the "Total Duration:" StaticText
    t =    54.85s Find the "Total Duration:" StaticText
    t =    55.01s Checking existence of `StaticText (Element at index 15)`
    t =    55.06s Find the StaticText (Element at index 15)
    t =    55.12s Checking existence of `"15:33 → 15:33" StaticText`
    t =    55.17s Find the "15:33 → 15:33" StaticText
    t =    55.23s Find the "15:33 → 15:33" StaticText
    t =    55.28s Checking existence of `StaticText (Element at index 16)`
    t =    55.32s Find the StaticText (Element at index 16)
    t =    55.48s Checking existence of `"Total File Size:" StaticText`
    t =    55.54s Find the "Total File Size:" StaticText
    t =    55.60s Find the "Total File Size:" StaticText
    t =    55.66s Checking existence of `StaticText (Element at index 17)`
    t =    55.71s Find the StaticText (Element at index 17)
    t =    55.76s Checking existence of `"27.07 GB → 27.07 GB" StaticText`
    t =    55.80s Find the "27.07 GB → 27.07 GB" StaticText
    t =    55.87s Find the "27.07 GB → 27.07 GB" StaticText
    t =    55.93s Checking existence of `StaticText (Element at index 18)`
    t =    55.98s Find the StaticText (Element at index 18)
    t =    56.03s Checking existence of `"Total Space Savings:" StaticText`
    t =    56.07s Find the "Total Space Savings:" StaticText
    t =    56.12s Find the "Total Space Savings:" StaticText
    t =    56.18s Checking existence of `StaticText (Element at index 19)`
    t =    56.23s Find the StaticText (Element at index 19)
    t =    56.29s Checking existence of `"Zero KB" StaticText`
    t =    56.33s Find the "Zero KB" StaticText
    t =    56.49s Find the "Zero KB" StaticText
    t =    56.56s Checking existence of `StaticText (Element at index 20)`
    t =    56.62s Find the StaticText (Element at index 20)
    t =    56.68s Checking existence of `"Trim" StaticText`
    t =    56.72s Find the "Trim" StaticText
    t =    56.78s Find the "Trim" StaticText
    t =    56.84s Checking existence of `StaticText (Element at index 21)`
    t =    56.90s Find the StaticText (Element at index 21)
    t =    56.95s Checking existence of `"0:00" StaticText`
    t =    57.00s Find the "0:00" StaticText
    t =    57.16s Find the "0:00" StaticText
    t =    57.24s Checking existence of `StaticText (Element at index 22)`
    t =    57.30s Find the StaticText (Element at index 22)
    t =    57.35s Checking existence of `"0:04" StaticText`
    t =    57.39s Find the "0:04" StaticText
    t =    57.44s Find the "0:04" StaticText
    t =    57.50s Checking existence of `StaticText (Element at index 23)`
    t =    57.55s Find the StaticText (Element at index 23)
    t =    57.70s Checking existence of `"Re-Naming" StaticText`
    t =    57.76s Find the "Re-Naming" StaticText
    t =    57.82s Find the "Re-Naming" StaticText
    t =    57.88s Checking existence of `StaticText (Element at index 24)`
    t =    57.93s Find the StaticText (Element at index 24)
    t =    57.99s Checking existence of `"Color" StaticText`
    t =    58.04s Find the "Color" StaticText
    t =    58.20s Find the "Color" StaticText
    t =    58.27s Checking existence of `StaticText (Element at index 25)`
    t =    58.32s Find the StaticText (Element at index 25)
    t =    58.37s Checking existence of `"Rating" StaticText`
    t =    58.42s Find the "Rating" StaticText
    t =    58.48s Find the "Rating" StaticText
    t =    58.53s Checking existence of `StaticText (Element at index 26)`
    t =    58.59s Find the StaticText (Element at index 26)
    t =    58.64s Checking existence of `"Keywords" StaticText`
    t =    58.69s Find the "Keywords" StaticText
    t =    58.75s Find the "Keywords" StaticText
    t =    58.81s Checking existence of `StaticText (Element at index 27)`
    t =    58.86s Find the StaticText (Element at index 27)
    t =    59.01s Checking existence of `"File Metadata" StaticText`
    t =    59.08s Find the "File Metadata" StaticText
    t =    59.14s Find the "File Metadata" StaticText
    t =    59.20s Checking existence of `StaticText (Element at index 28)`
    t =    59.25s Find the StaticText (Element at index 28)
    t =    59.31s Checking existence of `"20251116_a18659.MP4" StaticText`
    t =    59.36s Find the "20251116_a18659.MP4" StaticText
    t =    59.41s Find the "20251116_a18659.MP4" StaticText
    t =    59.48s Checking existence of `StaticText (Element at index 29)`
    t =    59.53s Find the StaticText (Element at index 29)
    t =    59.59s Checking existence of `"/Volumes/X10 Pro/CLIP/20251116_a18659.MP4" StaticText`
    t =    59.65s Find the "/Volumes/X10 Pro/CLIP/20251116_a18659.MP4" StaticText
    t =    59.71s Find the "/Volumes/X10 Pro/CLIP/20251116_a18659.MP4" StaticText
    t =    59.78s Checking existence of `StaticText (Element at index 30)`
    t =    59.83s Find the StaticText (Element at index 30)
    t =    59.99s Checking existence of `"Duration:" StaticText`
    t =    60.05s Find the "Duration:" StaticText
    t =    60.11s Find the "Duration:" StaticText
    t =    60.28s Checking existence of `StaticText (Element at index 31)`
    t =    60.35s Find the StaticText (Element at index 31)
    t =    60.41s Checking existence of `"00:00:04" StaticText`
    t =    60.46s Find the "00:00:04" StaticText
    t =    60.52s Find the "00:00:04" StaticText
    t =    60.59s Checking existence of `StaticText (Element at index 32)`
    t =    60.64s Find the StaticText (Element at index 32)
    t =    60.70s Checking existence of `"Size:" StaticText`
    t =    60.76s Find the "Size:" StaticText
    t =    60.91s Find the "Size:" StaticText
    t =    60.99s Checking existence of `StaticText (Element at index 33)`
    t =    61.05s Find the StaticText (Element at index 33)
    t =    61.10s Checking existence of `"336.1 MB" StaticText`
    t =    61.16s Find the "336.1 MB" StaticText
    t =    61.21s Find the "336.1 MB" StaticText
    t =    61.28s Checking existence of `StaticText (Element at index 34)`
    t =    61.33s Find the StaticText (Element at index 34)
    t =    61.38s Checking existence of `"Bitrate:" StaticText`
    t =    61.44s Find the "Bitrate:" StaticText
    t =    61.49s Find the "Bitrate:" StaticText
    t =    61.56s Checking existence of `StaticText (Element at index 35)`
    t =    61.61s Find the StaticText (Element at index 35)
    t =    61.67s Checking existence of `"62.8 MB/s" StaticText`
    t =    61.72s Find the "62.8 MB/s" StaticText
    t =    61.89s Find the "62.8 MB/s" StaticText
    t =    61.97s Checking existence of `StaticText (Element at index 36)`
    t =    62.03s Find the StaticText (Element at index 36)
    t =    62.09s Checking existence of `"Framerate:" StaticText`
    t =    62.14s Find the "Framerate:" StaticText
    t =    62.21s Find the "Framerate:" StaticText
    t =    62.28s Checking existence of `StaticText (Element at index 37)`
    t =    62.36s Find the StaticText (Element at index 37)
    t =    62.42s Checking existence of `"23.98 FPS" StaticText`
    t =    62.47s Find the "23.98 FPS" StaticText
    t =    62.74s Find the "23.98 FPS" StaticText
    t =    62.83s Checking existence of `StaticText (Element at index 38)`
    t =    62.90s Find the StaticText (Element at index 38)
    t =    62.95s Checking existence of `"Resolution:" StaticText`
    t =    63.01s Find the "Resolution:" StaticText
    t =    63.07s Find the "Resolution:" StaticText
    t =    63.13s Checking existence of `StaticText (Element at index 39)`
    t =    63.18s Find the StaticText (Element at index 39)
    t =    63.25s Checking existence of `"7680x4320 (8K)" StaticText`
    t =    63.31s Find the "7680x4320 (8K)" StaticText
    t =    63.37s Find the "7680x4320 (8K)" StaticText
    t =    63.43s Checking existence of `StaticText (Element at index 40)`
    t =    63.49s Find the StaticText (Element at index 40)
    t =    63.55s Checking existence of `"Video Codec:" StaticText`
    t =    63.60s Find the "Video Codec:" StaticText
    t =    63.77s Find the "Video Codec:" StaticText
    t =    63.85s Checking existence of `StaticText (Element at index 41)`
    t =    63.91s Find the StaticText (Element at index 41)
    t =    63.97s Checking existence of `"H.265/HEVC" StaticText`
    t =    64.03s Find the "H.265/HEVC" StaticText
    t =    64.09s Find the "H.265/HEVC" StaticText
    t =    64.16s Checking existence of `StaticText (Element at index 42)`
    t =    64.21s Find the StaticText (Element at index 42)
    t =    64.28s Checking existence of `"Bit Depth:" StaticText`
    t =    64.33s Find the "Bit Depth:" StaticText
    t =    64.40s Find the "Bit Depth:" StaticText
    t =    64.48s Checking existence of `StaticText (Element at index 43)`
    t =    64.53s Find the StaticText (Element at index 43)
    t =    64.60s Checking existence of `"10-bit" StaticText`
    t =    64.66s Find the "10-bit" StaticText
    t =    64.72s Find the "10-bit" StaticText
    t =    64.79s Checking existence of `StaticText (Element at index 44)`
    t =    64.85s Find the StaticText (Element at index 44)
    t =    64.92s Checking existence of `"Audio Codec:" StaticText`
    t =    64.98s Find the "Audio Codec:" StaticText
    t =    65.04s Find the "Audio Codec:" StaticText
    t =    65.11s Checking existence of `StaticText (Element at index 45)`
    t =    65.17s Find the StaticText (Element at index 45)
    t =    65.24s Checking existence of `"PCM" StaticText`
    t =    65.29s Find the "PCM" StaticText
    t =    65.47s Find the "PCM" StaticText
    t =    65.56s Checking existence of `StaticText (Element at index 46)`
    t =    65.62s Find the StaticText (Element at index 46)
    t =    65.68s Checking existence of `"Channels:" StaticText`
    t =    65.74s Find the "Channels:" StaticText
    t =    65.80s Find the "Channels:" StaticText
    t =    65.88s Checking existence of `StaticText (Element at index 47)`
    t =    65.94s Find the StaticText (Element at index 47)
    t =    66.00s Checking existence of `"Stereo" StaticText`
    t =    66.06s Find the "Stereo" StaticText
    t =    66.12s Find the "Stereo" StaticText
    t =    66.30s Checking existence of `StaticText (Element at index 48)`
    t =    66.38s Find the StaticText (Element at index 48)
    t =    66.54s Checking existence of `"Sample Rate:" StaticText`
    t =    66.62s Find the "Sample Rate:" StaticText
    t =    66.69s Find the "Sample Rate:" StaticText
    t =    66.76s Checking existence of `StaticText (Element at index 49)`
    t =    66.82s Find the StaticText (Element at index 49)
    t =    66.88s Checking existence of `"48.0 kHz" StaticText`
    t =    66.95s Find the "48.0 kHz" StaticText
    t =    67.01s Find the "48.0 kHz" StaticText
    t =    67.18s Checking existence of `StaticText (Element at index 50)`
    t =    67.25s Find the StaticText (Element at index 50)
    t =    67.32s Checking existence of `"Created:" StaticText`
    t =    67.38s Find the "Created:" StaticText
    t =    67.46s Find the "Created:" StaticText
    t =    67.53s Checking existence of `StaticText (Element at index 51)`
    t =    67.59s Find the StaticText (Element at index 51)
    t =    67.66s Checking existence of `"11/16/25, 4:36 PM" StaticText`
    t =    67.72s Find the "11/16/25, 4:36 PM" StaticText
    t =    67.79s Find the "11/16/25, 4:36 PM" StaticText
    t =    67.86s Checking existence of `StaticText (Element at index 52)`
    t =    67.92s Find the StaticText (Element at index 52)
    t =    67.99s Checking existence of `"Edited:" StaticText`
    t =    68.06s Find the "Edited:" StaticText
    t =    68.12s Find the "Edited:" StaticText
    t =    68.19s Checking existence of `StaticText (Element at index 53)`
    t =    68.26s Find the StaticText (Element at index 53)
    t =    68.43s Checking existence of `"11/16/25, 4:36 PM" StaticText`
    t =    68.50s Find the "11/16/25, 4:36 PM" StaticText
    t =    68.57s Find the "11/16/25, 4:36 PM" StaticText
    t =    68.64s Checking existence of `StaticText (Element at index 54)`
    t =    68.70s Find the StaticText (Element at index 54)
    t =    68.77s Checking existence of `"Camera Metadata" StaticText`
    t =    68.83s Find the "Camera Metadata" StaticText
    t =    68.90s Find the "Camera Metadata" StaticText
    t =    68.98s Checking existence of `StaticText (Element at index 55)`
    t =    69.04s Find the StaticText (Element at index 55)
    t =    69.11s Checking existence of `"XML Sidecar Available" StaticText`
    t =    69.17s Find the "XML Sidecar Available" StaticText
    t =    69.24s Find the "XML Sidecar Available" StaticText
    t =    69.31s Checking existence of `StaticText (Element at index 56)`
    t =    69.38s Find the StaticText (Element at index 56)
    t =    69.45s Checking existence of `"Camera:" StaticText`
    t =    69.51s Find the "Camera:" StaticText
    t =    69.68s Find the "Camera:" StaticText
    t =    69.77s Checking existence of `StaticText (Element at index 57)`
    t =    69.83s Find the StaticText (Element at index 57)
    t =    70.11s Checking existence of `"Sony ILCE-1M2" StaticText`
    t =    70.21s Find the "Sony ILCE-1M2" StaticText
    t =    70.28s Find the "Sony ILCE-1M2" StaticText
    t =    70.36s Checking existence of `StaticText (Element at index 58)`
    t =    70.42s Find the StaticText (Element at index 58)
    t =    70.49s Checking existence of `"Lens:" StaticText`
    t =    70.56s Find the "Lens:" StaticText
    t =    70.63s Find the "Lens:" StaticText
    t =    70.70s Checking existence of `StaticText (Element at index 59)`
    t =    70.76s Find the StaticText (Element at index 59)
    t =    70.83s Checking existence of `"85mm F1.4 DG DN | Art 020" StaticText`
    t =    70.89s Find the "85mm F1.4 DG DN | Art 020" StaticText
    t =    70.96s Find the "85mm F1.4 DG DN | Art 020" StaticText
    t =    71.04s Checking existence of `StaticText (Element at index 60)`
    t =    71.11s Find the StaticText (Element at index 60)
    t =    71.18s Checking existence of `"Gamma:" StaticText`
    t =    71.24s Find the "Gamma:" StaticText
    t =    71.32s Find the "Gamma:" StaticText
    t =    71.50s Checking existence of `StaticText (Element at index 61)`
    t =    71.59s Find the StaticText (Element at index 61)
    t =    71.66s Checking existence of `"s-log3-cine" StaticText`
    t =    71.72s Find the "s-log3-cine" StaticText
    t =    71.89s Find the "s-log3-cine" StaticText
    t =    71.99s Checking existence of `StaticText (Element at index 62)`
    t =    72.06s Find the StaticText (Element at index 62)
    t =    72.13s Checking existence of `"Color Space:" StaticText`
    t =    72.20s Find the "Color Space:" StaticText
    t =    72.28s Find the "Color Space:" StaticText
    t =    72.36s Checking existence of `StaticText (Element at index 63)`
    t =    72.42s Find the StaticText (Element at index 63)
    t =    72.49s Checking existence of `"s-gamut3-cine" StaticText`
    t =    72.56s Find the "s-gamut3-cine" StaticText
    t =    72.63s Find the "s-gamut3-cine" StaticText
    t =    72.70s Checking existence of `StaticText (Element at index 64)`
    t =    72.77s Find the StaticText (Element at index 64)
    t =    72.84s Checking existence of `"Capture FPS:" StaticText`
    t =    72.91s Find the "Capture FPS:" StaticText
    t =    72.98s Find the "Capture FPS:" StaticText
    t =    73.06s Checking existence of `StaticText (Element at index 65)`
    t =    73.12s Find the StaticText (Element at index 65)
    t =    73.20s Checking existence of `"23.98p" StaticText`
    t =    73.26s Find the "23.98p" StaticText
    t =    73.44s Find the "23.98p" StaticText
    t =    73.65s Checking existence of `StaticText (Element at index 66)`
    t =    73.74s Find the StaticText (Element at index 66)
    t =    73.81s Checking existence of `"Timecode:" StaticText`
    t =    73.88s Find the "Timecode:" StaticText
    t =    73.95s Find the "Timecode:" StaticText
    t =    74.29s Find the "Timecode:" StaticText
    t =    74.37s Checking existence of `StaticText (Element at index 67)`
    t =    74.45s Find the StaticText (Element at index 67)
    t =    74.52s Checking existence of `"23:46:57:00" StaticText`
    t =    74.59s Find the "23:46:57:00" StaticText
    t =    74.66s Find the "23:46:57:00" StaticText
    t =    74.77s Find the "23:46:57:00" StaticText
    t =    74.84s Checking existence of `StaticText (Element at index 68)`
    t =    74.91s Find the StaticText (Element at index 68)
    t =    74.99s Checking existence of `"0:04" StaticText`
    t =    75.06s Find the "0:04" StaticText
    t =    75.13s Find the "0:04" StaticText
    t =    75.21s Checking existence of `StaticText (Element at index 69)`
    t =    75.28s Find the StaticText (Element at index 69)
    t =    75.35s Checking existence of `"0:03" StaticText`
    t =    75.43s Find the "0:03" StaticText
    t =    75.50s Find the "0:03" StaticText
    t =    75.59s Checking existence of `StaticText (Element at index 70)`
    t =    75.66s Find the StaticText (Element at index 70)
    t =    75.74s Checking existence of `"0:04" StaticText`
    t =    75.81s Find the "0:04" StaticText
    t =    75.98s Find the "0:04" StaticText
    t =    76.08s Checking existence of `StaticText (Element at index 71)`
    t =    76.16s Find the StaticText (Element at index 71)
    t =    76.23s Checking existence of `"0:04" StaticText`
    t =    76.30s Find the "0:04" StaticText
    t =    76.38s Find the "0:04" StaticText
    t =    76.46s Checking existence of `StaticText (Element at index 72)`
    t =    76.53s Find the StaticText (Element at index 72)
    t =    76.61s Checking existence of `"0:03" StaticText`
    t =    76.68s Find the "0:03" StaticText
    t =    76.76s Find the "0:03" StaticText
    t =    76.85s Checking existence of `StaticText (Element at index 73)`
    t =    76.93s Find the StaticText (Element at index 73)
    t =    77.10s Checking existence of `"0:17" StaticText`
    t =    77.19s Find the "0:17" StaticText
    t =    77.27s Find the "0:17" StaticText
    t =    77.35s Checking existence of `StaticText (Element at index 74)`
    t =    77.42s Find the StaticText (Element at index 74)
    t =    77.50s Checking existence of `"0:05" StaticText`
    t =    77.58s Find the "0:05" StaticText
    t =    77.76s Find the "0:05" StaticText
    t =    77.86s Checking existence of `StaticText (Element at index 75)`
    t =    77.94s Find the StaticText (Element at index 75)
    t =    78.01s Checking existence of `"0:09" StaticText`
    t =    78.08s Find the "0:09" StaticText
    t =    78.27s Find the "0:09" StaticText
    t =    78.37s Checking existence of `StaticText (Element at index 76)`
    t =    78.45s Find the StaticText (Element at index 76)
    t =    78.53s Checking existence of `"0:03" StaticText`
    t =    78.60s Find the "0:03" StaticText
    t =    78.79s Find the "0:03" StaticText
    t =    78.89s Checking existence of `StaticText (Element at index 77)`
    t =    78.97s Find the StaticText (Element at index 77)
    t =    79.05s Checking existence of `"0:52" StaticText`
    t =    79.13s Find the "0:52" StaticText
    t =    79.21s Find the "0:52" StaticText
    t =    79.29s Checking existence of `StaticText (Element at index 78)`
    t =    79.37s Find the StaticText (Element at index 78)
    t =    79.56s Checking existence of `"0:09" StaticText`
    t =    79.65s Find the "0:09" StaticText
    t =    79.73s Find the "0:09" StaticText
    t =    79.83s Checking existence of `StaticText (Element at index 79)`
    t =    79.90s Find the StaticText (Element at index 79)
    t =    79.98s Checking existence of `"0:33" StaticText`
    t =    80.06s Find the "0:33" StaticText
    t =    80.35s Find the "0:33" StaticText
    t =    80.60s Checking existence of `StaticText (Element at index 80)`
    t =    80.69s Find the StaticText (Element at index 80)
    t =    80.77s Checking existence of `"0:33" StaticText`
    t =    80.85s Find the "0:33" StaticText
    t =    80.92s Find the "0:33" StaticText
    t =    81.59s Find the "0:33" StaticText
    t =    81.69s Checking existence of `StaticText (Element at index 81)`
    t =    81.77s Find the StaticText (Element at index 81)
    t =    81.85s Checking existence of `"0:32" StaticText`
    t =    81.93s Find the "0:32" StaticText
    t =    82.01s Find the "0:32" StaticText
    t =    82.51s Find the "0:32" StaticText
    t =    82.61s Checking existence of `StaticText (Element at index 82)`
    t =    82.69s Find the StaticText (Element at index 82)
    t =    82.77s Checking existence of `"0:15" StaticText`
    t =    82.85s Find the "0:15" StaticText
    t =    82.93s Find the "0:15" StaticText
    t =    83.59s Find the "0:15" StaticText
    t =    83.70s Checking existence of `StaticText (Element at index 83)`
    t =    83.79s Find the StaticText (Element at index 83)
    t =    83.88s Checking existence of `"0:20" StaticText`
    t =    83.95s Find the "0:20" StaticText
    t =    84.03s Find the "0:20" StaticText
    t =    84.75s Find the "0:20" StaticText
    t =    84.85s Checking existence of `StaticText (Element at index 84)`
    t =    84.93s Find the StaticText (Element at index 84)
    t =    85.12s Checking existence of `"0:39" StaticText`
    t =    85.22s Find the "0:39" StaticText
    t =    85.31s Find the "0:39" StaticText
    t =    86.12s Find the "0:39" StaticText
    t =    86.23s Checking existence of `StaticText (Element at index 85)`
    t =    86.31s Find the StaticText (Element at index 85)
    t =    86.39s Checking existence of `"0:23" StaticText`
    t =    86.47s Find the "0:23" StaticText
    t =    86.56s Find the "0:23" StaticText
    t =    87.52s Find the "0:23" StaticText
    t =    87.64s Checking existence of `StaticText (Element at index 86)`
    t =    87.71s Find the StaticText (Element at index 86)
    t =    87.80s Checking existence of `"0:16" StaticText`
    t =    87.88s Find the "0:16" StaticText
    t =    87.96s Find the "0:16" StaticText
    t =    88.60s Find the "0:16" StaticText
    t =    88.70s Checking existence of `StaticText (Element at index 87)`
    t =    88.78s Find the StaticText (Element at index 87)
    t =    88.98s Checking existence of `"0:26" StaticText`
    t =    89.07s Find the "0:26" StaticText
    t =    89.16s Find the "0:26" StaticText
    t =    89.95s Find the "0:26" StaticText
    t =    90.06s Checking existence of `StaticText (Element at index 88)`
    t =    90.14s Find the StaticText (Element at index 88)
    t =    90.22s Checking existence of `"0:25" StaticText`
    t =    90.30s Find the "0:25" StaticText
    t =    90.39s Find the "0:25" StaticText
    t =    90.99s Find the "0:25" StaticText
    t =    91.09s Checking existence of `StaticText (Element at index 89)`
    t =    91.17s Find the StaticText (Element at index 89)
    t =    91.25s Checking existence of `"0:17" StaticText`
    t =    91.33s Find the "0:17" StaticText
    t =    91.42s Find the "0:17" StaticText
    t =    92.18s Find the "0:17" StaticText
    t =    92.29s Checking existence of `StaticText (Element at index 90)`
    t =    92.37s Find the StaticText (Element at index 90)
    t =    92.56s Checking existence of `"0:19" StaticText`
    t =    92.65s Find the "0:19" StaticText
    t =    92.74s Find the "0:19" StaticText
    t =    93.43s Find the "0:19" StaticText
    t =    93.54s Checking existence of `StaticText (Element at index 91)`
    t =    93.63s Find the StaticText (Element at index 91)
    t =    93.71s Checking existence of `"0:48" StaticText`
    t =    93.79s Find the "0:48" StaticText
    t =    93.87s Find the "0:48" StaticText
    t =    94.59s Find the "0:48" StaticText
    t =    94.70s Checking existence of `StaticText (Element at index 92)`
    t =    94.78s Find the StaticText (Element at index 92)
    t =    94.86s Checking existence of `"0:30" StaticText`
    t =    94.94s Find the "0:30" StaticText
    t =    95.02s Find the "0:30" StaticText
    t =    95.48s Find the "0:30" StaticText
    t =    95.58s Checking existence of `StaticText (Element at index 93)`
    t =    95.66s Find the StaticText (Element at index 93)
    t =    95.85s Checking existence of `"0:50" StaticText`
    t =    95.94s Find the "0:50" StaticText
    t =    96.03s Find the "0:50" StaticText
    t =    96.60s Find the "0:50" StaticText
    t =    96.72s Checking existence of `StaticText (Element at index 94)`
    t =    96.80s Find the StaticText (Element at index 94)
    t =    96.88s Checking existence of `"0:04" StaticText`
    t =    96.97s Find the "0:04" StaticText
    t =    97.06s Find the "0:04" StaticText
    t =    98.00s Find the "0:04" StaticText
    t =    98.11s Checking existence of `StaticText (Element at index 95)`
    t =    98.20s Find the StaticText (Element at index 95)
    t =    98.29s Checking existence of `"0:29" StaticText`
    t =    98.37s Find the "0:29" StaticText
    t =    98.46s Find the "0:29" StaticText
    t =    99.21s Find the "0:29" StaticText
    t =    99.33s Checking existence of `StaticText (Element at index 96)`
    t =    99.42s Find the StaticText (Element at index 96)
    t =    99.51s Checking existence of `"0:28" StaticText`
    t =    99.59s Find the "0:28" StaticText
    t =    99.69s Find the "0:28" StaticText
    t =   100.07s Find the "0:28" StaticText
    t =   100.17s Checking existence of `StaticText (Element at index 97)`
    t =   100.26s Find the StaticText (Element at index 97)
    t =   100.35s Checking existence of `"0:15" StaticText`
    t =   100.44s Find the "0:15" StaticText
    t =   100.53s Find the "0:15" StaticText
    t =   100.88s Find the "0:15" StaticText
    t =   101.00s Checking existence of `StaticText (Element at index 98)`
    t =   101.08s Find the StaticText (Element at index 98)
    t =   101.18s Checking existence of `"0:21" StaticText`
    t =   101.26s Find the "0:21" StaticText
    t =   101.35s Find the "0:21" StaticText
    t =   101.74s Find the "0:21" StaticText
    t =   101.85s Checking existence of `StaticText (Element at index 99)`
    t =   101.94s Find the StaticText (Element at index 99)
    t =   102.04s Checking existence of `"0:08" StaticText`
    t =   102.12s Find the "0:08" StaticText
    t =   102.21s Find the "0:08" StaticText
    t =   102.62s Find the "0:08" StaticText
    t =   102.73s Checking existence of `StaticText (Element at index 100)`
    t =   102.82s Find the StaticText (Element at index 100)
    t =   102.91s Checking existence of `"0:05" StaticText`
    t =   102.99s Find the "0:05" StaticText
    t =   103.08s Find the "0:05" StaticText
    t =   103.82s Find the "0:05" StaticText
    t =   103.93s Checking existence of `StaticText (Element at index 101)`
    t =   104.02s Find the StaticText (Element at index 101)
    t =   104.11s Checking existence of `"0:16" StaticText`
    t =   104.20s Find the "0:16" StaticText
    t =   104.30s Find the "0:16" StaticText
    t =   105.00s Find the "0:16" StaticText
    t =   105.12s Checking existence of `StaticText (Element at index 102)`
    t =   105.21s Find the StaticText (Element at index 102)
    t =   105.30s Checking existence of `"0:12" StaticText`
    t =   105.39s Find the "0:12" StaticText
    t =   105.47s Find the "0:12" StaticText
    t =   106.11s Find the "0:12" StaticText
    t =   106.23s Checking existence of `StaticText (Element at index 103)`
    t =   106.31s Find the StaticText (Element at index 103)
    t =   106.50s Checking existence of `"0:12" StaticText`
    t =   106.60s Find the "0:12" StaticText
    t =   106.70s Find the "0:12" StaticText
    t =   107.57s Find the "0:12" StaticText
    t =   107.69s Checking existence of `StaticText (Element at index 104)`
    t =   107.77s Find the StaticText (Element at index 104)
    t =   107.87s Checking existence of `"0:15" StaticText`
    t =   107.96s Find the "0:15" StaticText
    t =   108.05s Find the "0:15" StaticText
    t =   108.44s Find the "0:15" StaticText
    t =   108.55s Checking existence of `StaticText (Element at index 105)`
    t =   108.64s Find the StaticText (Element at index 105)
    t =   108.74s Checking existence of `"0:15" StaticText`
    t =   108.83s Find the "0:15" StaticText
    t =   108.92s Find the "0:15" StaticText
    t =   109.45s Find the "0:15" StaticText
    t =   109.57s Checking existence of `StaticText (Element at index 106)`
    t =   109.66s Find the StaticText (Element at index 106)
    t =   109.76s Checking existence of `"0:08" StaticText`
    t =   109.85s Find the "0:08" StaticText
    t =   109.94s Find the "0:08" StaticText
    t =   110.87s Find the "0:08" StaticText
    t =   110.99s Checking existence of `StaticText (Element at index 107)`
    t =   111.07s Find the StaticText (Element at index 107)
    t =   111.17s Checking existence of `"0:12" StaticText`
    t =   111.26s Find the "0:12" StaticText
    t =   111.36s Find the "0:12" StaticText
    t =   111.99s Find the "0:12" StaticText
    t =   112.11s Checking existence of `StaticText (Element at index 108)`
    t =   112.20s Find the StaticText (Element at index 108)
    t =   112.30s Checking existence of `"0:03" StaticText`
    t =   112.39s Find the "0:03" StaticText
    t =   112.49s Find the "0:03" StaticText
    t =   113.22s Find the "0:03" StaticText
    t =   113.34s Checking existence of `StaticText (Element at index 109)`
    t =   113.43s Find the StaticText (Element at index 109)
    t =   113.53s Checking existence of `"0:01" StaticText`
    t =   113.62s Find the "0:01" StaticText
    t =   113.72s Find the "0:01" StaticText
    t =   114.35s Find the "0:01" StaticText
    t =   114.47s Checking existence of `StaticText (Element at index 110)`
    t =   114.56s Find the StaticText (Element at index 110)
    t =   114.66s Checking existence of `"0:53" StaticText`
    t =   114.75s Find the "0:53" StaticText
    t =   114.85s Find the "0:53" StaticText
    t =   115.76s Find the "0:53" StaticText
    t =   115.88s Checking existence of `StaticText (Element at index 111)`
    t =   115.97s Find the StaticText (Element at index 111)
    t =   116.17s Checking existence of `"0:08" StaticText`
    t =   116.28s Find the "0:08" StaticText
    t =   116.38s Find the "0:08" StaticText
    t =   117.02s Find the "0:08" StaticText
    t =   117.14s Checking existence of `StaticText (Element at index 112)`
    t =   117.23s Find the StaticText (Element at index 112)
    t =   117.33s Checking existence of `"0:36" StaticText`
    t =   117.42s Find the "0:36" StaticText
    t =   117.52s Find the "0:36" StaticText
    t =   118.05s Find the "0:36" StaticText
    t =   118.17s Checking existence of `StaticText (Element at index 113)`
    t =   118.27s Find the StaticText (Element at index 113)
    t =   118.37s Checking existence of `"0:48" StaticText`
    t =   118.47s Find the "0:48" StaticText
    t =   118.57s Find the "0:48" StaticText
    t =   119.57s Find the "0:48" StaticText
    t =   119.70s Checking existence of `StaticText (Element at index 114)`
    t =   119.80s Find the StaticText (Element at index 114)
    t =   119.90s Checking existence of `"0:32" StaticText`
    t =   119.99s Find the "0:32" StaticText
    t =   120.09s Find the "0:32" StaticText
    t =   120.67s Find the "0:32" StaticText
    t =   120.79s Checking existence of `StaticText (Element at index 115)`
    t =   120.88s Find the StaticText (Element at index 115)
    t =   120.99s Checking existence of `"7,680×4,320" StaticText`
    t =   121.08s Find the "7,680×4,320" StaticText
    t =   121.19s Find the "7,680×4,320" StaticText
    t =   121.29s Checking existence of `StaticText (Element at index 116)`
    t =   121.39s Find the StaticText (Element at index 116)
    t =   121.49s Checking existence of `"7,680×4,320" StaticText`
    t =   121.59s Find the "7,680×4,320" StaticText
    t =   121.69s Find the "7,680×4,320" StaticText
    t =   121.79s Checking existence of `StaticText (Element at index 117)`
    t =   121.89s Find the StaticText (Element at index 117)
    t =   121.99s Checking existence of `"7,680×4,320" StaticText`
    t =   122.09s Find the "7,680×4,320" StaticText
    t =   122.19s Find the "7,680×4,320" StaticText
    t =   122.30s Checking existence of `StaticText (Element at index 118)`
    t =   122.39s Find the StaticText (Element at index 118)
    t =   122.49s Checking existence of `"7,680×4,320" StaticText`
    t =   122.59s Find the "7,680×4,320" StaticText
    t =   122.69s Find the "7,680×4,320" StaticText
    t =   122.80s Checking existence of `StaticText (Element at index 119)`
    t =   122.90s Find the StaticText (Element at index 119)
    t =   123.01s Checking existence of `"7,680×4,320" StaticText`
    t =   123.11s Find the "7,680×4,320" StaticText
    t =   123.21s Find the "7,680×4,320" StaticText
    t =   123.33s Checking existence of `StaticText (Element at index 120)`
    t =   123.43s Find the StaticText (Element at index 120)
    t =   123.53s Checking existence of `"7,680×4,320" StaticText`
    t =   123.62s Find the "7,680×4,320" StaticText
    t =   123.73s Find the "7,680×4,320" StaticText
    t =   123.83s Checking existence of `StaticText (Element at index 121)`
    t =   123.94s Find the StaticText (Element at index 121)
    t =   124.14s Checking existence of `"7,680×4,320" StaticText`
    t =   124.26s Find the "7,680×4,320" StaticText
    t =   124.36s Find the "7,680×4,320" StaticText
    t =   124.47s Checking existence of `StaticText (Element at index 122)`
    t =   124.57s Find the StaticText (Element at index 122)
    t =   124.68s Checking existence of `"7,680×4,320" StaticText`
    t =   124.77s Find the "7,680×4,320" StaticText
    t =   124.88s Find the "7,680×4,320" StaticText
    t =   124.99s Checking existence of `StaticText (Element at index 123)`
    t =   125.10s Find the StaticText (Element at index 123)
    t =   125.20s Checking existence of `"7,680×4,320" StaticText`
    t =   125.30s Find the "7,680×4,320" StaticText
    t =   125.41s Find the "7,680×4,320" StaticText
    t =   125.53s Checking existence of `StaticText (Element at index 124)`
    t =   125.63s Find the StaticText (Element at index 124)
    t =   125.73s Checking existence of `"3,840×2,160" StaticText`
    t =   125.83s Find the "3,840×2,160" StaticText
    t =   125.94s Find the "3,840×2,160" StaticText
    t =   126.06s Checking existence of `StaticText (Element at index 125)`
    t =   126.16s Find the StaticText (Element at index 125)
    t =   126.36s Checking existence of `"3,840×2,160" StaticText`
    t =   126.48s Find the "3,840×2,160" StaticText
    t =   126.59s Find the "3,840×2,160" StaticText
    t =   126.70s Checking existence of `StaticText (Element at index 126)`
    t =   126.79s Find the StaticText (Element at index 126)
    t =   126.90s Checking existence of `"3,840×2,160" StaticText`
    t =   127.00s Find the "3,840×2,160" StaticText
    t =   127.20s Find the "3,840×2,160" StaticText
    t =   127.33s Checking existence of `StaticText (Element at index 127)`
    t =   127.43s Find the StaticText (Element at index 127)
    t =   127.53s Checking existence of `"3,840×2,160" StaticText`
    t =   127.64s Find the "3,840×2,160" StaticText
    t =   127.74s Find the "3,840×2,160" StaticText
    t =   128.52s Find the "3,840×2,160" StaticText
    t =   128.64s Checking existence of `StaticText (Element at index 128)`
    t =   128.75s Find the StaticText (Element at index 128)
    t =   128.85s Checking existence of `"3,840×2,160" StaticText`
    t =   128.96s Find the "3,840×2,160" StaticText
    t =   129.06s Find the "3,840×2,160" StaticText
    t =   130.27s Find the "3,840×2,160" StaticText
    t =   130.40s Checking existence of `StaticText (Element at index 129)`
    t =   130.51s Find the StaticText (Element at index 129)
    t =   130.61s Checking existence of `"3,840×2,160" StaticText`
    t =   130.71s Find the "3,840×2,160" StaticText
    t =   130.82s Find the "3,840×2,160" StaticText
    t =   131.32s Find the "3,840×2,160" StaticText
    t =   131.44s Checking existence of `StaticText (Element at index 130)`
    t =   131.54s Find the StaticText (Element at index 130)
    t =   131.65s Checking existence of `"3,840×2,160" StaticText`
    t =   131.75s Find the "3,840×2,160" StaticText
    t =   131.86s Find the "3,840×2,160" StaticText
    t =   132.36s Find the "3,840×2,160" StaticText
    t =   132.49s Checking existence of `StaticText (Element at index 131)`
    t =   132.58s Find the StaticText (Element at index 131)
    t =   132.69s Checking existence of `"3,840×2,160" StaticText`
    t =   132.79s Find the "3,840×2,160" StaticText
    t =   132.89s Find the "3,840×2,160" StaticText
    t =   133.97s Find the "3,840×2,160" StaticText
    t =   134.10s Checking existence of `StaticText (Element at index 132)`
    t =   134.21s Find the StaticText (Element at index 132)
    t =   134.32s Checking existence of `"3,840×2,160" StaticText`
    t =   134.43s Find the "3,840×2,160" StaticText
    t =   134.54s Find the "3,840×2,160" StaticText
    t =   135.63s Find the "3,840×2,160" StaticText
    t =   135.76s Checking existence of `StaticText (Element at index 133)`
    t =   135.87s Find the StaticText (Element at index 133)
    t =   135.98s Checking existence of `"3,840×2,160" StaticText`
    t =   136.09s Find the "3,840×2,160" StaticText
    t =   136.21s Find the "3,840×2,160" StaticText
    t =   136.90s Find the "3,840×2,160" StaticText
    t =   137.04s Checking existence of `StaticText (Element at index 134)`
    t =   137.14s Find the StaticText (Element at index 134)
    t =   137.25s Checking existence of `"3,840×2,160" StaticText`
    t =   137.37s Find the "3,840×2,160" StaticText
    t =   137.48s Find the "3,840×2,160" StaticText
    t =   138.30s Find the "3,840×2,160" StaticText
    t =   138.43s Checking existence of `StaticText (Element at index 135)`
    t =   138.54s Find the StaticText (Element at index 135)
    t =   138.65s Checking existence of `"3,840×2,160" StaticText`
    t =   138.76s Find the "3,840×2,160" StaticText
    t =   138.87s Find the "3,840×2,160" StaticText
    t =   139.65s Find the "3,840×2,160" StaticText
    t =   139.78s Checking existence of `StaticText (Element at index 136)`
    t =   139.90s Find the StaticText (Element at index 136)
    t =   140.01s Checking existence of `"3,840×2,160" StaticText`
    t =   140.12s Find the "3,840×2,160" StaticText
    t =   140.23s Find the "3,840×2,160" StaticText
    t =   141.24s Find the "3,840×2,160" StaticText
    t =   141.38s Checking existence of `StaticText (Element at index 137)`
    t =   141.48s Find the StaticText (Element at index 137)
    t =   141.60s Checking existence of `"3,840×2,160" StaticText`
    t =   141.71s Find the "3,840×2,160" StaticText
    t =   141.83s Find the "3,840×2,160" StaticText
    t =   142.63s Find the "3,840×2,160" StaticText
    t =   142.75s Checking existence of `StaticText (Element at index 138)`
    t =   142.86s Find the StaticText (Element at index 138)
    t =   142.98s Checking existence of `"3,840×2,160" StaticText`
    t =   143.09s Find the "3,840×2,160" StaticText
    t =   143.20s Find the "3,840×2,160" StaticText
    t =   143.87s Find the "3,840×2,160" StaticText
    t =   144.01s Checking existence of `StaticText (Element at index 139)`
    t =   144.12s Find the StaticText (Element at index 139)
    t =   144.23s Checking existence of `"3,840×2,160" StaticText`
    t =   144.35s Find the "3,840×2,160" StaticText
    t =   144.47s Find the "3,840×2,160" StaticText
    t =   145.55s Find the "3,840×2,160" StaticText
    t =   145.69s Checking existence of `StaticText (Element at index 140)`
    t =   145.81s Find the StaticText (Element at index 140)
    t =   145.92s Checking existence of `"3,840×2,160" StaticText`
    t =   146.02s Find the "3,840×2,160" StaticText
    t =   146.24s Find the "3,840×2,160" StaticText
    t =   147.19s Find the "3,840×2,160" StaticText
    t =   147.32s Checking existence of `StaticText (Element at index 141)`
    t =   147.43s Find the StaticText (Element at index 141)
    t =   147.55s Checking existence of `"3,840×2,160" StaticText`
    t =   147.67s Find the "3,840×2,160" StaticText
    t =   147.79s Find the "3,840×2,160" StaticText
    t =   148.27s Find the "3,840×2,160" StaticText
    t =   148.40s Checking existence of `StaticText (Element at index 142)`
    t =   148.51s Find the StaticText (Element at index 142)
    t =   148.63s Checking existence of `"3,840×2,160" StaticText`
    t =   148.74s Find the "3,840×2,160" StaticText
    t =   148.85s Find the "3,840×2,160" StaticText
    t =   149.94s Find the "3,840×2,160" StaticText
    t =   150.08s Checking existence of `StaticText (Element at index 143)`
    t =   150.18s Find the StaticText (Element at index 143)
    t =   150.29s Checking existence of `"3,840×2,160" StaticText`
    t =   150.40s Find the "3,840×2,160" StaticText
    t =   150.52s Find the "3,840×2,160" StaticText
    t =   150.98s Find the "3,840×2,160" StaticText
    t =   151.09s Checking existence of `StaticText (Element at index 144)`
    t =   151.20s Find the StaticText (Element at index 144)
    t =   151.31s Checking existence of `"3,840×2,160" StaticText`
    t =   151.42s Find the "3,840×2,160" StaticText
    t =   151.54s Find the "3,840×2,160" StaticText
    t =   152.60s Find the "3,840×2,160" StaticText
    t =   152.74s Checking existence of `StaticText (Element at index 145)`
    t =   152.86s Find the StaticText (Element at index 145)
    t =   152.98s Checking existence of `"3,840×2,160" StaticText`
    t =   153.09s Find the "3,840×2,160" StaticText
    t =   153.21s Find the "3,840×2,160" StaticText
    t =   153.72s Find the "3,840×2,160" StaticText
    t =   153.84s Checking existence of `StaticText (Element at index 146)`
    t =   153.95s Find the StaticText (Element at index 146)
    t =   154.18s Checking existence of `"3,840×2,160" StaticText`
    t =   154.30s Find the "3,840×2,160" StaticText
    t =   154.53s Find the "3,840×2,160" StaticText
    t =   155.61s Find the "3,840×2,160" StaticText
    t =   155.74s Checking existence of `StaticText (Element at index 147)`
    t =   155.86s Find the StaticText (Element at index 147)
    t =   155.98s Checking existence of `"3,840×2,160" StaticText`
    t =   156.09s Find the "3,840×2,160" StaticText
    t =   156.20s Find the "3,840×2,160" StaticText
    t =   157.35s Find the "3,840×2,160" StaticText
    t =   157.49s Checking existence of `StaticText (Element at index 148)`
    t =   157.60s Find the StaticText (Element at index 148)
    t =   157.72s Checking existence of `"3,840×2,160" StaticText`
    t =   157.83s Find the "3,840×2,160" StaticText
    t =   157.95s Find the "3,840×2,160" StaticText
    t =   158.79s Find the "3,840×2,160" StaticText
    t =   158.94s Checking existence of `StaticText (Element at index 149)`
    t =   159.05s Find the StaticText (Element at index 149)
    t =   159.17s Checking existence of `"3,840×2,160" StaticText`
    t =   159.29s Find the "3,840×2,160" StaticText
    t =   159.41s Find the "3,840×2,160" StaticText
    t =   159.93s Find the "3,840×2,160" StaticText
    t =   160.07s Checking existence of `StaticText (Element at index 150)`
    t =   160.19s Find the StaticText (Element at index 150)
    t =   160.31s Checking existence of `"3,840×2,160" StaticText`
    t =   160.42s Find the "3,840×2,160" StaticText
    t =   160.55s Find the "3,840×2,160" StaticText
    t =   161.42s Find the "3,840×2,160" StaticText
    t =   161.56s Checking existence of `StaticText (Element at index 151)`
    t =   161.68s Find the StaticText (Element at index 151)
    t =   161.80s Checking existence of `"3,840×2,160" StaticText`
    t =   161.91s Find the "3,840×2,160" StaticText
    t =   162.04s Find the "3,840×2,160" StaticText
    t =   163.18s Find the "3,840×2,160" StaticText
    t =   163.32s Checking existence of `StaticText (Element at index 152)`
    t =   163.44s Find the StaticText (Element at index 152)
    t =   163.56s Checking existence of `"3,840×2,160" StaticText`
    t =   163.68s Find the "3,840×2,160" StaticText
    t =   163.80s Find the "3,840×2,160" StaticText
    t =   164.64s Find the "3,840×2,160" StaticText
    t =   164.78s Checking existence of `StaticText (Element at index 153)`
    t =   164.90s Find the StaticText (Element at index 153)
    t =   165.03s Checking existence of `"7,680×4,320" StaticText`
    t =   165.15s Find the "7,680×4,320" StaticText
    t =   165.26s Find the "7,680×4,320" StaticText
    t =   166.39s Find the "7,680×4,320" StaticText
    t =   166.53s Checking existence of `StaticText (Element at index 154)`
    t =   166.66s Find the StaticText (Element at index 154)
    t =   166.88s Checking existence of `"7,680×4,320" StaticText`
    t =   167.02s Find the "7,680×4,320" StaticText
    t =   167.14s Find the "7,680×4,320" StaticText
    t =   167.92s Find the "7,680×4,320" StaticText
    t =   168.06s Checking existence of `StaticText (Element at index 155)`
    t =   168.18s Find the StaticText (Element at index 155)
    t =   168.30s Checking existence of `"7,680×4,320" StaticText`
    t =   168.41s Find the "7,680×4,320" StaticText
    t =   168.54s Find the "7,680×4,320" StaticText
    t =   169.45s Find the "7,680×4,320" StaticText
    t =   169.60s Checking existence of `StaticText (Element at index 156)`
    t =   169.71s Find the StaticText (Element at index 156)
    t =   169.83s Checking existence of `"7,680×4,320" StaticText`
    t =   169.96s Find the "7,680×4,320" StaticText
    t =   170.08s Find the "7,680×4,320" StaticText
    t =   171.07s Find the "7,680×4,320" StaticText
    t =   171.22s Checking existence of `StaticText (Element at index 157)`
    t =   171.34s Find the StaticText (Element at index 157)
    t =   171.46s Checking existence of `"7,680×4,320" StaticText`
    t =   171.58s Find the "7,680×4,320" StaticText
    t =   171.72s Find the "7,680×4,320" StaticText
    t =   172.20s Find the "7,680×4,320" StaticText
    t =   172.34s Checking existence of `StaticText (Element at index 158)`
    t =   172.46s Find the StaticText (Element at index 158)
    t =   172.58s Checking existence of `"7,680×4,320" StaticText`
    t =   172.70s Find the "7,680×4,320" StaticText
    t =   172.83s Find the "7,680×4,320" StaticText
    t =   173.38s Find the "7,680×4,320" StaticText
    t =   173.50s Checking existence of `StaticText (Element at index 159)`
    t =   173.63s Find the StaticText (Element at index 159)
    t =   173.74s Checking existence of `"7,680×4,320" StaticText`
    t =   173.86s Find the "7,680×4,320" StaticText
    t =   173.99s Find the "7,680×4,320" StaticText
    t =   174.68s Find the "7,680×4,320" StaticText
    t =   174.84s Checking existence of `StaticText (Element at index 160)`
    t =   174.97s Find the StaticText (Element at index 160)
    t =   175.10s Checking existence of `"7,680×4,320" StaticText`
    t =   175.22s Find the "7,680×4,320" StaticText
    t =   175.34s Find the "7,680×4,320" StaticText
    t =   176.07s Find the "7,680×4,320" StaticText
    t =   176.22s Checking existence of `StaticText (Element at index 161)`
    t =   176.35s Find the StaticText (Element at index 161)
    t =   176.48s Checking existence of `"7,680×4,320" StaticText`
    t =   176.60s Find the "7,680×4,320" StaticText
    t =   176.74s Find the "7,680×4,320" StaticText
    t =   177.16s Find the "7,680×4,320" StaticText
    t =   177.31s Checking existence of `StaticText (Element at index 162)`
    t =   177.43s Find the StaticText (Element at index 162)
    t =   177.57s Checking existence of `"20251116_a18659.MP4" StaticText`
    t =   177.70s Find the "20251116_a18659.MP4" StaticText
    t =   177.82s Find the "20251116_a18659.MP4" StaticText
    t =   177.95s Checking existence of `StaticText (Element at index 163)`
    t =   178.07s Find the StaticText (Element at index 163)
    t =   178.20s Checking existence of `"20251116_a18658.MP4" StaticText`
    t =   178.33s Find the "20251116_a18658.MP4" StaticText
    t =   178.46s Find the "20251116_a18658.MP4" StaticText
    t =   178.59s Checking existence of `StaticText (Element at index 164)`
    t =   178.72s Find the StaticText (Element at index 164)
    t =   178.84s Checking existence of `"20251116_a18656.MP4" StaticText`
    t =   178.97s Find the "20251116_a18656.MP4" StaticText
    t =   179.13s Find the "20251116_a18656.MP4" StaticText
    t =   179.26s Checking existence of `StaticText (Element at index 165)`
    t =   179.38s Find the StaticText (Element at index 165)
    t =   179.50s Checking existence of `"20251116_a18655.MP4" StaticText`
    t =   179.63s Find the "20251116_a18655.MP4" StaticText
    t =   179.76s Find the "20251116_a18655.MP4" StaticText
    t =   179.90s Checking existence of `StaticText (Element at index 166)`
    t =   180.02s Find the StaticText (Element at index 166)
    t =   180.15s Checking existence of `"20251116_a18654.MP4" StaticText`
    t =   180.28s Find the "20251116_a18654.MP4" StaticText
    t =   180.41s Find the "20251116_a18654.MP4" StaticText
    t =   180.54s Checking existence of `StaticText (Element at index 167)`
    t =   180.67s Find the StaticText (Element at index 167)
    t =   180.80s Checking existence of `"20251116_a18653.MP4" StaticText`
    t =   180.93s Find the "20251116_a18653.MP4" StaticText
    t =   181.16s Find the "20251116_a18653.MP4" StaticText
    t =   181.32s Checking existence of `StaticText (Element at index 168)`
    t =   181.45s Find the StaticText (Element at index 168)
    t =   181.68s Checking existence of `"20251116_a18652.MP4" StaticText`
    t =   181.83s Find the "20251116_a18652.MP4" StaticText
    t =   181.96s Find the "20251116_a18652.MP4" StaticText
    t =   182.11s Checking existence of `StaticText (Element at index 169)`
    t =   182.24s Find the StaticText (Element at index 169)
    t =   182.37s Checking existence of `"20251116_a18651.MP4" StaticText`
    t =   182.50s Find the "20251116_a18651.MP4" StaticText
    t =   182.64s Find the "20251116_a18651.MP4" StaticText
    t =   182.78s Checking existence of `StaticText (Element at index 170)`
    t =   182.90s Find the StaticText (Element at index 170)
    t =   183.13s Checking existence of `"20251116_a18650.MP4" StaticText`
    t =   183.27s Find the "20251116_a18650.MP4" StaticText
    t =   183.51s Find the "20251116_a18650.MP4" StaticText
    t =   183.66s Checking existence of `StaticText (Element at index 171)`
    t =   183.79s Find the StaticText (Element at index 171)
    t =   183.92s Checking existence of `"20251116_a18649.MP4" StaticText`
    t =   184.04s Find the "20251116_a18649.MP4" StaticText
    t =   184.18s Find the "20251116_a18649.MP4" StaticText
    t =   184.31s Checking existence of `StaticText (Element at index 172)`
    t =   184.44s Find the StaticText (Element at index 172)
    t =   184.57s Checking existence of `"20251116_a18648.MP4" StaticText`
    t =   184.70s Find the "20251116_a18648.MP4" StaticText
    t =   184.84s Find the "20251116_a18648.MP4" StaticText
    t =   184.98s Checking existence of `StaticText (Element at index 173)`
    t =   185.12s Find the StaticText (Element at index 173)
    t =   185.36s Checking existence of `"20251116_a18647.MP4" StaticText`
    t =   185.51s Find the "20251116_a18647.MP4" StaticText
    t =   185.64s Find the "20251116_a18647.MP4" StaticText
    t =   185.78s Checking existence of `StaticText (Element at index 174)`
    t =   185.91s Find the StaticText (Element at index 174)
    t =   186.04s Checking existence of `"20251116_a18646.MP4" StaticText`
    t =   186.18s Find the "20251116_a18646.MP4" StaticText
    t =   186.31s Find the "20251116_a18646.MP4" StaticText
    t =   187.45s Find the "20251116_a18646.MP4" StaticText
    t =   187.61s Checking existence of `StaticText (Element at index 175)`
    t =   187.74s Find the StaticText (Element at index 175)
    t =   187.88s Checking existence of `"20251116_a18645.MP4" StaticText`
    t =   188.01s Find the "20251116_a18645.MP4" StaticText
    t =   188.15s Find the "20251116_a18645.MP4" StaticText
    t =   189.12s Find the "20251116_a18645.MP4" StaticText
    t =   189.28s Checking existence of `StaticText (Element at index 176)`
    t =   189.42s Find the StaticText (Element at index 176)
    t =   189.55s Checking existence of `"20251116_a18644.MP4" StaticText`
    t =   189.69s Find the "20251116_a18644.MP4" StaticText
    t =   189.83s Find the "20251116_a18644.MP4" StaticText
    t =   190.25s Find the "20251116_a18644.MP4" StaticText
    t =   190.41s Checking existence of `StaticText (Element at index 177)`
    t =   190.54s Find the StaticText (Element at index 177)
    t =   190.67s Checking existence of `"20251116_a18643.MP4" StaticText`
    t =   190.81s Find the "20251116_a18643.MP4" StaticText
    t =   190.95s Find the "20251116_a18643.MP4" StaticText
    t =   191.35s Find the "20251116_a18643.MP4" StaticText
    t =   191.49s Checking existence of `StaticText (Element at index 178)`
    t =   191.63s Find the StaticText (Element at index 178)
    t =   191.77s Checking existence of `"20251116_a18642.MP4" StaticText`
    t =   191.90s Find the "20251116_a18642.MP4" StaticText
    t =   192.05s Find the "20251116_a18642.MP4" StaticText
    t =   193.22s Find the "20251116_a18642.MP4" StaticText
    t =   193.38s Checking existence of `StaticText (Element at index 179)`
    t =   193.51s Find the StaticText (Element at index 179)
    t =   193.65s Checking existence of `"20251116_a18641.MP4" StaticText`
    t =   193.78s Find the "20251116_a18641.MP4" StaticText
    t =   193.93s Find the "20251116_a18641.MP4" StaticText
    t =   194.67s Find the "20251116_a18641.MP4" StaticText
    t =   194.83s Checking existence of `StaticText (Element at index 180)`
    t =   194.96s Find the StaticText (Element at index 180)
    t =   195.10s Checking existence of `"20251116_a18640.MP4" StaticText`
    t =   195.24s Find the "20251116_a18640.MP4" StaticText
    t =   195.38s Find the "20251116_a18640.MP4" StaticText
    t =   196.72s Find the "20251116_a18640.MP4" StaticText
    t =   196.89s Checking existence of `StaticText (Element at index 181)`
    t =   197.02s Find the StaticText (Element at index 181)
    t =   197.16s Checking existence of `"20251116_a18639.MP4" StaticText`
    t =   197.30s Find the "20251116_a18639.MP4" StaticText
    t =   197.44s Find the "20251116_a18639.MP4" StaticText
    t =   198.23s Find the "20251116_a18639.MP4" StaticText
    t =   198.40s Checking existence of `StaticText (Element at index 182)`
    t =   198.54s Find the StaticText (Element at index 182)
    t =   198.68s Checking existence of `"20251116_a18638.MP4" StaticText`
    t =   198.81s Find the "20251116_a18638.MP4" StaticText
    t =   198.96s Find the "20251116_a18638.MP4" StaticText
    t =   199.38s Find the "20251116_a18638.MP4" StaticText
    t =   199.53s Checking existence of `StaticText (Element at index 183)`
    t =   199.67s Find the StaticText (Element at index 183)
    t =   199.82s Checking existence of `"20251116_a18637.MP4" StaticText`
    t =   199.96s Find the "20251116_a18637.MP4" StaticText
    t =   200.10s Find the "20251116_a18637.MP4" StaticText
    t =   200.85s Find the "20251116_a18637.MP4" StaticText
    t =   201.01s Checking existence of `StaticText (Element at index 184)`
    t =   201.15s Find the StaticText (Element at index 184)
    t =   201.29s Checking existence of `"20251116_a18636.MP4" StaticText`
    t =   201.42s Find the "20251116_a18636.MP4" StaticText
    t =   201.57s Find the "20251116_a18636.MP4" StaticText
    t =   202.11s Find the "20251116_a18636.MP4" StaticText
    t =   202.28s Checking existence of `StaticText (Element at index 185)`
    t =   202.42s Find the StaticText (Element at index 185)
    t =   202.58s Checking existence of `"20251116_a18635.MP4" StaticText`
    t =   202.72s Find the "20251116_a18635.MP4" StaticText
    t =   202.86s Find the "20251116_a18635.MP4" StaticText
    t =   203.30s Find the "20251116_a18635.MP4" StaticText
    t =   203.46s Checking existence of `StaticText (Element at index 186)`
    t =   203.60s Find the StaticText (Element at index 186)
    t =   203.75s Checking existence of `"20251116_a18634.MP4" StaticText`
    t =   203.89s Find the "20251116_a18634.MP4" StaticText
    t =   204.03s Find the "20251116_a18634.MP4" StaticText
    t =   204.91s Find the "20251116_a18634.MP4" StaticText
    t =   205.08s Checking existence of `StaticText (Element at index 187)`
    t =   205.22s Find the StaticText (Element at index 187)
    t =   205.36s Checking existence of `"20251116_a18633.MP4" StaticText`
    t =   205.51s Find the "20251116_a18633.MP4" StaticText
    t =   205.66s Find the "20251116_a18633.MP4" StaticText
    t =   206.08s Find the "20251116_a18633.MP4" StaticText
    t =   206.24s Checking existence of `StaticText (Element at index 188)`
    t =   206.38s Find the StaticText (Element at index 188)
    t =   206.53s Checking existence of `"20251116_a18632.MP4" StaticText`
    t =   206.68s Find the "20251116_a18632.MP4" StaticText
    t =   206.83s Find the "20251116_a18632.MP4" StaticText
    t =   207.85s Find the "20251116_a18632.MP4" StaticText
    t =   208.03s Checking existence of `StaticText (Element at index 189)`
    t =   208.17s Find the StaticText (Element at index 189)
    t =   208.32s Checking existence of `"20251116_a18631.MP4" StaticText`
    t =   208.46s Find the "20251116_a18631.MP4" StaticText
    t =   208.61s Find the "20251116_a18631.MP4" StaticText
    t =   209.62s Find the "20251116_a18631.MP4" StaticText
    t =   209.79s Checking existence of `StaticText (Element at index 190)`
    t =   209.93s Find the StaticText (Element at index 190)
    t =   210.08s Checking existence of `"20251116_a18630.MP4" StaticText`
    t =   210.23s Find the "20251116_a18630.MP4" StaticText
    t =   210.37s Find the "20251116_a18630.MP4" StaticText
    t =   211.16s Find the "20251116_a18630.MP4" StaticText
    t =   211.32s Checking existence of `StaticText (Element at index 191)`
    t =   211.46s Find the StaticText (Element at index 191)
    t =   211.61s Checking existence of `"20251116_a18629.MP4" StaticText`
    t =   211.76s Find the "20251116_a18629.MP4" StaticText
    t =   211.91s Find the "20251116_a18629.MP4" StaticText
    t =   213.22s Find the "20251116_a18629.MP4" StaticText
    t =   213.39s Checking existence of `StaticText (Element at index 192)`
    t =   213.53s Find the StaticText (Element at index 192)
    t =   213.69s Checking existence of `"20251116_a18628.MP4" StaticText`
    t =   213.83s Find the "20251116_a18628.MP4" StaticText
    t =   213.97s Find the "20251116_a18628.MP4" StaticText
    t =   214.65s Find the "20251116_a18628.MP4" StaticText
    t =   214.81s Checking existence of `StaticText (Element at index 193)`
    t =   214.95s Find the StaticText (Element at index 193)
    t =   215.10s Checking existence of `"20251116_a18627.MP4" StaticText`
    t =   215.24s Find the "20251116_a18627.MP4" StaticText
    t =   215.39s Find the "20251116_a18627.MP4" StaticText
    t =   216.25s Find the "20251116_a18627.MP4" StaticText
    t =   216.43s Checking existence of `StaticText (Element at index 194)`
    t =   216.57s Find the StaticText (Element at index 194)
    t =   216.72s Checking existence of `"20251116_a18626.MP4" StaticText`
    t =   216.86s Find the "20251116_a18626.MP4" StaticText
    t =   217.01s Find the "20251116_a18626.MP4" StaticText
    t =   217.82s Find the "20251116_a18626.MP4" StaticText
    t =   217.99s Checking existence of `StaticText (Element at index 195)`
    t =   218.13s Find the StaticText (Element at index 195)
    t =   218.29s Checking existence of `"20251116_a18624.MP4" StaticText`
    t =   218.44s Find the "20251116_a18624.MP4" StaticText
    t =   218.59s Find the "20251116_a18624.MP4" StaticText
    t =   219.22s Find the "20251116_a18624.MP4" StaticText
    t =   219.38s Checking existence of `StaticText (Element at index 196)`
    t =   219.53s Find the StaticText (Element at index 196)
    t =   219.69s Checking existence of `"20251116_a18623.MP4" StaticText`
    t =   219.84s Find the "20251116_a18623.MP4" StaticText
    t =   219.98s Find the "20251116_a18623.MP4" StaticText
    t =   221.31s Find the "20251116_a18623.MP4" StaticText
    t =   221.48s Checking existence of `StaticText (Element at index 197)`
    t =   221.63s Find the StaticText (Element at index 197)
    t =   221.78s Checking existence of `"20251116_a18622.MP4" StaticText`
    t =   221.92s Find the "20251116_a18622.MP4" StaticText
    t =   222.07s Find the "20251116_a18622.MP4" StaticText
    t =   222.48s Find the "20251116_a18622.MP4" StaticText
    t =   222.65s Checking existence of `StaticText (Element at index 198)`
    t =   222.80s Find the StaticText (Element at index 198)
    t =   222.96s Checking existence of `"20251116_a18621.MP4" StaticText`
    t =   223.10s Find the "20251116_a18621.MP4" StaticText
    t =   223.36s Find the "20251116_a18621.MP4" StaticText
    t =   224.57s Find the "20251116_a18621.MP4" StaticText
    t =   224.75s Checking existence of `StaticText (Element at index 199)`
    t =   224.91s Find the StaticText (Element at index 199)
    t =   225.06s Checking existence of `"20251116_a18620.MP4" StaticText`
    t =   225.20s Find the "20251116_a18620.MP4" StaticText
    t =   225.36s Find the "20251116_a18620.MP4" StaticText
    t =   226.40s Find the "20251116_a18620.MP4" StaticText
    t =   226.57s Checking existence of `StaticText (Element at index 200)`
    t =   226.72s Find the StaticText (Element at index 200)
    t =   226.87s Checking existence of `"20251116_a18619.MP4" StaticText`
    t =   227.02s Find the "20251116_a18619.MP4" StaticText
    t =   227.17s Find the "20251116_a18619.MP4" StaticText
    t =   227.85s Find the "20251116_a18619.MP4" StaticText
    t =   228.03s Checking existence of `StaticText (Element at index 201)`
    t =   228.17s Find the StaticText (Element at index 201)
    t =   228.33s Checking existence of `"20251116_a18618.MP4" StaticText`
    t =   228.48s Find the "20251116_a18618.MP4" StaticText
    t =   228.63s Find the "20251116_a18618.MP4" StaticText
    t =   229.13s Find the "20251116_a18618.MP4" StaticText
    t =   229.30s Checking existence of `StaticText (Element at index 202)`
    t =   229.45s Find the StaticText (Element at index 202)
    t =   229.61s Checking existence of `"20251116_a18617.MP4" StaticText`
    t =   229.75s Find the "20251116_a18617.MP4" StaticText
    t =   229.91s Find the "20251116_a18617.MP4" StaticText
    t =   230.39s Find the "20251116_a18617.MP4" StaticText
    t =   230.57s Checking existence of `StaticText (Element at index 203)`
    t =   230.72s Find the StaticText (Element at index 203)
    t =   230.98s Checking existence of `"20251116_a18616.MP4" StaticText`
    t =   231.13s Find the "20251116_a18616.MP4" StaticText
    t =   231.30s Find the "20251116_a18616.MP4" StaticText
    t =   232.42s Find the "20251116_a18616.MP4" StaticText
    t =   232.60s Checking existence of `StaticText (Element at index 204)`
    t =   232.76s Find the StaticText (Element at index 204)
    t =   232.91s Checking existence of `"20251116_a18615.MP4" StaticText`
    t =   233.06s Find the "20251116_a18615.MP4" StaticText
    t =   233.22s Find the "20251116_a18615.MP4" StaticText
    t =   234.57s Find the "20251116_a18615.MP4" StaticText
    t =   234.76s Checking existence of `StaticText (Element at index 205)`
    t =   234.91s Find the StaticText (Element at index 205)
    t =   235.06s Checking existence of `"20251116_a18614.MP4" StaticText`
    t =   235.22s Find the "20251116_a18614.MP4" StaticText
    t =   235.38s Find the "20251116_a18614.MP4" StaticText
    t =   235.87s Find the "20251116_a18614.MP4" StaticText
    t =   236.04s Checking existence of `StaticText (Element at index 206)`
    t =   236.20s Find the StaticText (Element at index 206)
    t =   236.35s Checking existence of `"20251116_a18613.MP4" StaticText`
    t =   236.50s Find the "20251116_a18613.MP4" StaticText
    t =   236.65s Find the "20251116_a18613.MP4" StaticText
    t =   237.12s Find the "20251116_a18613.MP4" StaticText
    t =   237.30s Checking existence of `StaticText (Element at index 207)`
    t =   237.46s Find the StaticText (Element at index 207)
    t =   237.72s Checking existence of `"20251116_a18612.MP4" StaticText`
    t =   237.89s Find the "20251116_a18612.MP4" StaticText
    t =   238.05s Find the "20251116_a18612.MP4" StaticText
    t =   239.12s Find the "20251116_a18612.MP4" StaticText
    t =   239.31s Checking existence of `StaticText (Element at index 208)`
    t =   239.46s Find the StaticText (Element at index 208)
    t =   239.62s Checking existence of `"20251116_a18610.MP4" StaticText`
    t =   239.78s Find the "20251116_a18610.MP4" StaticText
    t =   239.94s Find the "20251116_a18610.MP4" StaticText
    t =   241.02s Find the "20251116_a18610.MP4" StaticText
    t =   241.21s Checking existence of `StaticText (Element at index 209)`
    t =   241.25s Checking existence of `StaticText (Element at index 210)`
    t =   241.30s Checking existence of `StaticText (Element at index 211)`
    t =   241.34s Checking existence of `StaticText (Element at index 212)`
    t =   241.38s Checking existence of `StaticText (Element at index 213)`
    t =   241.42s Checking existence of `StaticText (Element at index 214)`
    t =   241.46s Checking existence of `StaticText (Element at index 215)`
    t =   241.50s Checking existence of `StaticText (Element at index 216)`
    t =   241.54s Checking existence of `StaticText (Element at index 217)`
    t =   241.58s Checking existence of `StaticText (Element at index 218)`
    t =   241.62s Get all elements bound by index for: Descendants matching type Button
    t =   241.67s Checking existence of `Button (Element at index 0)`
    t =   241.71s Find the Button (Element at index 0)
    t =   241.75s Checking existence of `"_XCUI:CloseWindow" Button`
    t =   241.79s Find the "_XCUI:CloseWindow" Button
    t =   241.84s Find the "_XCUI:CloseWindow" Button
    t =   241.90s Find the "_XCUI:CloseWindow" Button
    t =   241.95s Checking existence of `Button (Element at index 1)`
    t =   241.99s Find the Button (Element at index 1)
    t =   242.03s Checking existence of `"_XCUI:FullScreenWindow" Button`
    t =   242.07s Find the "_XCUI:FullScreenWindow" Button
    t =   242.12s Find the "_XCUI:FullScreenWindow" Button
    t =   242.18s Find the "_XCUI:FullScreenWindow" Button
    t =   242.23s Checking existence of `Button (Element at index 2)`
    t =   242.27s Find the Button (Element at index 2)
    t =   242.31s Checking existence of `"_XCUI:MinimizeWindow" Button`
    t =   242.35s Find the "_XCUI:MinimizeWindow" Button
    t =   242.40s Find the "_XCUI:MinimizeWindow" Button
    t =   242.57s Find the "_XCUI:MinimizeWindow" Button
    t =   242.64s Checking existence of `Button (Element at index 3)`
    t =   242.68s Find the Button (Element at index 3)
    t =   242.84s Checking existence of `"Select" Button`
    t =   242.89s Find the "Select" Button
    t =   242.94s Find the "Select" Button
    t =   243.00s Find the "Select" Button
    t =   243.05s Checking existence of `Button (Element at index 4)`
    t =   243.09s Find the Button (Element at index 4)
    t =   243.13s Checking existence of `"xmark.circle.fill" Button`
    t =   243.18s Find the "xmark.circle.fill" Button
    t =   243.22s Find the "xmark.circle.fill" Button
    t =   243.38s Find the "xmark.circle.fill" Button
    t =   243.46s Checking existence of `Button (Element at index 5)`
    t =   243.51s Find the Button (Element at index 5)
    t =   243.66s Checking existence of `"Select" Button`
    t =   243.72s Find the "Select" Button
    t =   243.77s Find the "Select" Button
    t =   243.83s Find the "Select" Button
    t =   243.88s Checking existence of `Button (Element at index 6)`
    t =   243.92s Find the Button (Element at index 6)
    t =   244.07s Checking existence of `"Preferences" Button`
    t =   244.13s Find the "Preferences" Button
    t =   244.18s Find the "Preferences" Button
    t =   244.23s Find the "Preferences" Button
    t =   244.29s Checking existence of `Button (Element at index 7)`
    t =   244.33s Find the Button (Element at index 7)
    t =   244.38s Checking existence of `"Close Current Folder/Project" Button`
    t =   244.42s Find the "Close Current Folder/Project" Button
    t =   244.46s Find the "Close Current Folder/Project" Button
    t =   244.52s Find the "Close Current Folder/Project" Button
    t =   244.57s Checking existence of `Button (Element at index 8)`
    t =   244.61s Find the Button (Element at index 8)
    t =   244.76s Checking existence of `"Process and Import Videos" Button`
    t =   244.81s Find the "Process and Import Videos" Button
    t =   244.86s Find the "Process and Import Videos" Button
    t =   244.91s Find the "Process and Import Videos" Button
    t =   244.97s Checking existence of `Button (Element at index 9)`
    t =   245.02s Find the Button (Element at index 9)
    t =   245.07s Checking existence of `"galleryModeButton" Button`
    t =   245.12s Find the "galleryModeButton" Button
    t =   245.16s Find the "galleryModeButton" Button
    t =   245.21s Find the "galleryModeButton" Button
    t =   245.26s Checking existence of `Button (Element at index 10)`
    t =   245.31s Find the Button (Element at index 10)
    t =   245.35s Checking existence of `"playPauseButton" Button`
    t =   245.40s Find the "playPauseButton" Button
    t =   245.44s Find the "playPauseButton" Button
    t =   245.60s Find the "playPauseButton" Button
    t =   245.77s Checking existence of `Button (Element at index 11)`
    t =   245.83s Find the Button (Element at index 11)
    t =   245.88s Checking existence of `Button`
    t =   245.92s Find the Button
    t =   245.97s Find the Button at {{2548.0, 1105.0}, {12.0, 95.0}}
    t =   248.37s Find the Button at {{2548.0, 1105.0}, {12.0, 95.0}}
    t =   248.44s Find the Button
/Users/romanwilson/projects/videocull/VideoCullingApp/UILayoutTests.swift:77: error: -[VideoCullingAppUITests.UILayoutTests testGalleryModeLayout] : XCTAssertTrue failed - Gallery Mode - Button[11] should be clickable
    t =   250.35s Tear Down
    t =   250.35s     Terminate com.yourcompany.VideoCullingApp:66304
Test Case '-[VideoCullingAppUITests.UILayoutTests testGalleryModeLayout]' failed (251.882 seconds).
Test Case '-[VideoCullingAppUITests.UILayoutTests testMainContentViewLayout]' started.
    t =     0.00s Start Test at 2025-11-17 14:10:42.755
    t =     0.13s Set Up
    t =     0.13s     Open com.yourcompany.VideoCullingApp
    t =     0.13s         Launch com.yourcompany.VideoCullingApp
    t =     0.90s             Wait for accessibility to load
    t =     1.13s             Setting up automation session
    t =     1.13s             Wait for com.yourcompany.VideoCullingApp to idle
Testing Main Content View layout...
    t =     6.15s Checking existence of `Window (First Match)`
    t =     6.45s Get all elements bound by index for: Descendants matching type StaticText
    t =     6.58s Checking existence of `StaticText (Element at index 0)`
    t =     6.87s Find the StaticText (Element at index 0)
    t =     8.68s Checking existence of `"Nudge Video Cull" StaticText`
    t =     8.99s Find the "Nudge Video Cull" StaticText
    t =    11.22s Find the "Nudge Video Cull" StaticText
    t =    13.25s Checking existence of `StaticText (Element at index 1)`
    t =    13.40s Find the StaticText (Element at index 1)
    t =    14.05s Checking existence of `"Input Folder:" StaticText`
    t =    14.09s Find the "Input Folder:" StaticText
    t =    14.73s Find the "Input Folder:" StaticText
    t =    15.71s Checking existence of `StaticText (Element at index 2)`
    t =    15.90s Find the StaticText (Element at index 2)
    t =    16.39s Checking existence of `"Output Folder:" StaticText`
    t =    16.58s Find the "Output Folder:" StaticText
    t =    17.25s Find the "Output Folder:" StaticText
    t =    18.07s Checking existence of `StaticText (Element at index 3)`
    t =    18.26s Find the StaticText (Element at index 3)
    t =    18.75s Checking existence of `"CLIP" StaticText`
    t =    18.94s Find the "CLIP" StaticText
    t =    19.63s Find the "CLIP" StaticText
    t =    20.47s Checking existence of `StaticText (Element at index 4)`
    t =    20.66s Find the StaticText (Element at index 4)
    t =    21.16s Checking existence of `"testcullapp" StaticText`
    t =    21.35s Find the "testcullapp" StaticText
    t =    22.00s Find the "testcullapp" StaticText
    t =    23.19s Checking existence of `StaticText (Element at index 5)`
    t =    23.94s Find the StaticText (Element at index 5)
    t =    25.41s Checking existence of `"Sort Order:" StaticText`
    t =    26.21s Find the "Sort Order:" StaticText
    t =    28.41s Find the "Sort Order:" StaticText
    t =    31.01s Checking existence of `StaticText (Element at index 6)`
    t =    32.24s Find the StaticText (Element at index 6)
    t =    33.19s Checking existence of `"Workflow:" StaticText`
    t =    33.23s Find the "Workflow:" StaticText
    t =    33.30s Find the "Workflow:" StaticText
    t =    33.38s Checking existence of `StaticText (Element at index 7)`
    t =    33.42s Find the StaticText (Element at index 7)
    t =    33.48s Checking existence of `"Preview all videos with LUT:" StaticText`
    t =    33.52s Find the "Preview all videos with LUT:" StaticText
    t =    33.57s Find the "Preview all videos with LUT:" StaticText
    t =    33.63s Checking existence of `StaticText (Element at index 8)`
    t =    33.67s Find the StaticText (Element at index 8)
    t =    33.71s Checking existence of `"0:00" StaticText`
    t =    33.75s Find the "0:00" StaticText
    t =    33.90s Find the "0:00" StaticText
    t =    33.97s Checking existence of `StaticText (Element at index 9)`
    t =    34.02s Find the StaticText (Element at index 9)
    t =    34.06s Checking existence of `"0:04" StaticText`
    t =    34.10s Find the "0:04" StaticText
    t =    34.26s Find the "0:04" StaticText
    t =    34.33s Checking existence of `StaticText (Element at index 10)`
    t =    34.38s Find the StaticText (Element at index 10)
    t =    34.43s Checking existence of `"0:00" StaticText`
    t =    34.47s Find the "0:00" StaticText
    t =    34.53s Find the "0:00" StaticText
    t =    34.58s Checking existence of `StaticText (Element at index 11)`
    t =    34.62s Find the StaticText (Element at index 11)
    t =    34.68s Checking existence of `"0:04" StaticText`
    t =    34.72s Find the "0:04" StaticText
    t =    35.18s Find the "0:04" StaticText
    t =    35.25s Checking existence of `StaticText (Element at index 12)`
    t =    35.30s Find the StaticText (Element at index 12)
    t =    35.35s Checking existence of `"Total Clips:" StaticText`
    t =    35.40s Find the "Total Clips:" StaticText
    t =    35.45s Find the "Total Clips:" StaticText
    t =    35.50s Checking existence of `StaticText (Element at index 13)`
    t =    35.54s Find the StaticText (Element at index 13)
    t =    35.59s Checking existence of `"47" StaticText`
    t =    35.64s Find the "47" StaticText
    t =    35.69s Find the "47" StaticText
    t =    35.85s Checking existence of `StaticText (Element at index 14)`
    t =    35.90s Find the StaticText (Element at index 14)
    t =    35.96s Checking existence of `"Total Duration:" StaticText`
    t =    36.01s Find the "Total Duration:" StaticText
    t =    36.06s Find the "Total Duration:" StaticText
    t =    36.12s Checking existence of `StaticText (Element at index 15)`
    t =    36.17s Find the StaticText (Element at index 15)
    t =    36.33s Checking existence of `"15:33 → 15:33" StaticText`
    t =    36.39s Find the "15:33 → 15:33" StaticText
    t =    36.44s Find the "15:33 → 15:33" StaticText
    t =    36.50s Checking existence of `StaticText (Element at index 16)`
    t =    36.55s Find the StaticText (Element at index 16)
    t =    36.60s Checking existence of `"Total File Size:" StaticText`
    t =    36.64s Find the "Total File Size:" StaticText
    t =    36.69s Find the "Total File Size:" StaticText
    t =    36.75s Checking existence of `StaticText (Element at index 17)`
    t =    36.79s Find the StaticText (Element at index 17)
    t =    36.84s Checking existence of `"27.07 GB → 27.07 GB" StaticText`
    t =    36.89s Find the "27.07 GB → 27.07 GB" StaticText
    t =    37.05s Find the "27.07 GB → 27.07 GB" StaticText
    t =    37.12s Checking existence of `StaticText (Element at index 18)`
    t =    37.17s Find the StaticText (Element at index 18)
    t =    37.22s Checking existence of `"Total Space Savings:" StaticText`
    t =    37.27s Find the "Total Space Savings:" StaticText
    t =    37.32s Find the "Total Space Savings:" StaticText
    t =    37.38s Checking existence of `StaticText (Element at index 19)`
    t =    37.42s Find the StaticText (Element at index 19)
    t =    37.47s Checking existence of `"Zero KB" StaticText`
    t =    37.52s Find the "Zero KB" StaticText
    t =    37.58s Find the "Zero KB" StaticText
    t =    37.63s Checking existence of `StaticText (Element at index 20)`
    t =    37.68s Find the StaticText (Element at index 20)
    t =    37.73s Checking existence of `"Trim" StaticText`
    t =    37.78s Find the "Trim" StaticText
    t =    37.83s Find the "Trim" StaticText
    t =    37.89s Checking existence of `StaticText (Element at index 21)`
    t =    37.94s Find the StaticText (Element at index 21)
    t =    38.00s Checking existence of `"0:00" StaticText`
    t =    38.05s Find the "0:00" StaticText
    t =    38.10s Find the "0:00" StaticText
    t =    38.16s Checking existence of `StaticText (Element at index 22)`
    t =    38.21s Find the StaticText (Element at index 22)
    t =    38.37s Checking existence of `"0:04" StaticText`
    t =    38.44s Find the "0:04" StaticText
    t =    38.49s Find the "0:04" StaticText
    t =    38.55s Checking existence of `StaticText (Element at index 23)`
    t =    38.59s Find the StaticText (Element at index 23)
    t =    38.64s Checking existence of `"Re-Naming" StaticText`
    t =    38.69s Find the "Re-Naming" StaticText
    t =    38.74s Find the "Re-Naming" StaticText
    t =    38.80s Checking existence of `StaticText (Element at index 24)`
    t =    38.85s Find the StaticText (Element at index 24)
    t =    38.90s Checking existence of `"Color" StaticText`
    t =    38.94s Find the "Color" StaticText
    t =    38.99s Find the "Color" StaticText
    t =    39.05s Checking existence of `StaticText (Element at index 25)`
    t =    39.10s Find the StaticText (Element at index 25)
    t =    39.16s Checking existence of `"Rating" StaticText`
    t =    39.20s Find the "Rating" StaticText
    t =    39.26s Find the "Rating" StaticText
    t =    39.43s Checking existence of `StaticText (Element at index 26)`
    t =    39.49s Find the StaticText (Element at index 26)
    t =    39.55s Checking existence of `"Keywords" StaticText`
    t =    39.60s Find the "Keywords" StaticText
    t =    39.86s Find the "Keywords" StaticText
    t =    39.95s Checking existence of `StaticText (Element at index 27)`
    t =    40.00s Find the StaticText (Element at index 27)
    t =    40.06s Checking existence of `"File Metadata" StaticText`
    t =    40.11s Find the "File Metadata" StaticText
    t =    40.17s Find the "File Metadata" StaticText
    t =    40.23s Checking existence of `StaticText (Element at index 28)`
    t =    40.28s Find the StaticText (Element at index 28)
    t =    40.33s Checking existence of `"20251116_a18659.MP4" StaticText`
    t =    40.38s Find the "20251116_a18659.MP4" StaticText
    t =    40.44s Find the "20251116_a18659.MP4" StaticText
    t =    40.50s Checking existence of `StaticText (Element at index 29)`
    t =    40.54s Find the StaticText (Element at index 29)
    t =    40.60s Checking existence of `"/Volumes/X10 Pro/CLIP/20251116_a18659.MP4" StaticText`
    t =    40.67s Find the "/Volumes/X10 Pro/CLIP/20251116_a18659.MP4" StaticText
    t =    40.72s Find the "/Volumes/X10 Pro/CLIP/20251116_a18659.MP4" StaticText
    t =    40.78s Checking existence of `StaticText (Element at index 30)`
    t =    40.83s Find the StaticText (Element at index 30)
    t =    40.89s Checking existence of `"Duration:" StaticText`
    t =    40.94s Find the "Duration:" StaticText
    t =    41.00s Find the "Duration:" StaticText
    t =    41.16s Checking existence of `StaticText (Element at index 31)`
    t =    41.23s Find the StaticText (Element at index 31)
    t =    41.30s Checking existence of `"00:00:04" StaticText`
    t =    41.35s Find the "00:00:04" StaticText
    t =    41.41s Find the "00:00:04" StaticText
    t =    41.48s Checking existence of `StaticText (Element at index 32)`
    t =    41.53s Find the StaticText (Element at index 32)
    t =    41.60s Checking existence of `"Size:" StaticText`
    t =    41.65s Find the "Size:" StaticText
    t =    41.71s Find the "Size:" StaticText
    t =    41.77s Checking existence of `StaticText (Element at index 33)`
    t =    41.83s Find the StaticText (Element at index 33)
    t =    41.89s Checking existence of `"336.1 MB" StaticText`
    t =    41.94s Find the "336.1 MB" StaticText
    t =    42.01s Find the "336.1 MB" StaticText
    t =    42.07s Checking existence of `StaticText (Element at index 34)`
    t =    42.12s Find the StaticText (Element at index 34)
    t =    42.18s Checking existence of `"Bitrate:" StaticText`
    t =    42.23s Find the "Bitrate:" StaticText
    t =    42.30s Find the "Bitrate:" StaticText
    t =    42.37s Checking existence of `StaticText (Element at index 35)`
    t =    42.43s Find the StaticText (Element at index 35)
    t =    42.51s Checking existence of `"62.8 MB/s" StaticText`
    t =    42.57s Find the "62.8 MB/s" StaticText
    t =    42.64s Find the "62.8 MB/s" StaticText
    t =    42.70s Checking existence of `StaticText (Element at index 36)`
    t =    42.75s Find the StaticText (Element at index 36)
    t =    42.82s Checking existence of `"Framerate:" StaticText`
    t =    42.87s Find the "Framerate:" StaticText
    t =    43.04s Find the "Framerate:" StaticText
    t =    43.12s Checking existence of `StaticText (Element at index 37)`
    t =    43.18s Find the StaticText (Element at index 37)
    t =    43.26s Checking existence of `"23.98 FPS" StaticText`
    t =    43.31s Find the "23.98 FPS" StaticText
    t =    43.38s Find the "23.98 FPS" StaticText
    t =    43.44s Checking existence of `StaticText (Element at index 38)`
    t =    43.50s Find the StaticText (Element at index 38)
    t =    43.56s Checking existence of `"Resolution:" StaticText`
    t =    43.61s Find the "Resolution:" StaticText
    t =    43.67s Find the "Resolution:" StaticText
    t =    43.75s Checking existence of `StaticText (Element at index 39)`
    t =    43.80s Find the StaticText (Element at index 39)
    t =    43.87s Checking existence of `"7680x4320 (8K)" StaticText`
    t =    43.93s Find the "7680x4320 (8K)" StaticText
    t =    43.99s Find the "7680x4320 (8K)" StaticText
    t =    44.05s Checking existence of `StaticText (Element at index 40)`
    t =    44.11s Find the StaticText (Element at index 40)
    t =    44.17s Checking existence of `"Video Codec:" StaticText`
    t =    44.23s Find the "Video Codec:" StaticText
    t =    44.30s Find the "Video Codec:" StaticText
    t =    44.37s Checking existence of `StaticText (Element at index 41)`
    t =    44.43s Find the StaticText (Element at index 41)
    t =    44.51s Checking existence of `"H.265/HEVC" StaticText`
    t =    44.57s Find the "H.265/HEVC" StaticText
    t =    44.63s Find the "H.265/HEVC" StaticText
    t =    44.69s Checking existence of `StaticText (Element at index 42)`
    t =    44.75s Find the StaticText (Element at index 42)
    t =    44.81s Checking existence of `"Bit Depth:" StaticText`
    t =    44.86s Find the "Bit Depth:" StaticText
    t =    44.93s Find the "Bit Depth:" StaticText
    t =    44.99s Checking existence of `StaticText (Element at index 43)`
    t =    45.06s Find the StaticText (Element at index 43)
    t =    45.12s Checking existence of `"10-bit" StaticText`
    t =    45.18s Find the "10-bit" StaticText
    t =    45.25s Find the "10-bit" StaticText
    t =    45.32s Checking existence of `StaticText (Element at index 44)`
    t =    45.37s Find the StaticText (Element at index 44)
    t =    45.44s Checking existence of `"Audio Codec:" StaticText`
    t =    45.50s Find the "Audio Codec:" StaticText
    t =    45.56s Find the "Audio Codec:" StaticText
    t =    45.62s Checking existence of `StaticText (Element at index 45)`
    t =    45.68s Find the StaticText (Element at index 45)
    t =    45.73s Checking existence of `"PCM" StaticText`
    t =    45.79s Find the "PCM" StaticText
    t =    45.85s Find the "PCM" StaticText
    t =    45.91s Checking existence of `StaticText (Element at index 46)`
    t =    45.96s Find the StaticText (Element at index 46)
    t =    46.02s Checking existence of `"Channels:" StaticText`
    t =    46.08s Find the "Channels:" StaticText
    t =    46.15s Find the "Channels:" StaticText
    t =    46.21s Checking existence of `StaticText (Element at index 47)`
    t =    46.27s Find the StaticText (Element at index 47)
    t =    46.33s Checking existence of `"Stereo" StaticText`
    t =    46.38s Find the "Stereo" StaticText
    t =    46.45s Find the "Stereo" StaticText
    t =    46.51s Checking existence of `StaticText (Element at index 48)`
    t =    46.57s Find the StaticText (Element at index 48)
    t =    46.73s Checking existence of `"Sample Rate:" StaticText`
    t =    46.80s Find the "Sample Rate:" StaticText
    t =    46.87s Find the "Sample Rate:" StaticText
    t =    46.94s Checking existence of `StaticText (Element at index 49)`
    t =    47.00s Find the StaticText (Element at index 49)
    t =    47.07s Checking existence of `"48.0 kHz" StaticText`
    t =    47.13s Find the "48.0 kHz" StaticText
    t =    47.19s Find the "48.0 kHz" StaticText
    t =    47.25s Checking existence of `StaticText (Element at index 50)`
    t =    47.32s Find the StaticText (Element at index 50)
    t =    47.38s Checking existence of `"Created:" StaticText`
    t =    47.44s Find the "Created:" StaticText
    t =    47.50s Find the "Created:" StaticText
    t =    47.58s Checking existence of `StaticText (Element at index 51)`
    t =    47.64s Find the StaticText (Element at index 51)
    t =    47.81s Checking existence of `"11/16/25, 4:36 PM" StaticText`
    t =    47.88s Find the "11/16/25, 4:36 PM" StaticText
    t =    47.95s Find the "11/16/25, 4:36 PM" StaticText
    t =    48.03s Checking existence of `StaticText (Element at index 52)`
    t =    48.09s Find the StaticText (Element at index 52)
    t =    48.16s Checking existence of `"Edited:" StaticText`
    t =    48.22s Find the "Edited:" StaticText
    t =    48.29s Find the "Edited:" StaticText
    t =    48.37s Checking existence of `StaticText (Element at index 53)`
    t =    48.43s Find the StaticText (Element at index 53)
    t =    48.60s Checking existence of `"11/16/25, 4:36 PM" StaticText`
    t =    48.67s Find the "11/16/25, 4:36 PM" StaticText
    t =    48.75s Find the "11/16/25, 4:36 PM" StaticText
    t =    48.82s Checking existence of `StaticText (Element at index 54)`
    t =    48.88s Find the StaticText (Element at index 54)
    t =    48.95s Checking existence of `"Camera Metadata" StaticText`
    t =    49.01s Find the "Camera Metadata" StaticText
    t =    49.08s Find the "Camera Metadata" StaticText
    t =    49.14s Checking existence of `StaticText (Element at index 55)`
    t =    49.20s Find the StaticText (Element at index 55)
    t =    49.38s Checking existence of `"XML Sidecar Available" StaticText`
    t =    49.45s Find the "XML Sidecar Available" StaticText
    t =    49.53s Find the "XML Sidecar Available" StaticText
    t =    49.60s Checking existence of `StaticText (Element at index 56)`
    t =    49.67s Find the StaticText (Element at index 56)
    t =    49.74s Checking existence of `"Camera:" StaticText`
    t =    49.80s Find the "Camera:" StaticText
    t =    49.88s Find the "Camera:" StaticText
    t =    49.95s Checking existence of `StaticText (Element at index 57)`
    t =    50.01s Find the StaticText (Element at index 57)
    t =    50.08s Checking existence of `"Sony ILCE-1M2" StaticText`
    t =    50.14s Find the "Sony ILCE-1M2" StaticText
    t =    50.21s Find the "Sony ILCE-1M2" StaticText
    t =    50.28s Checking existence of `StaticText (Element at index 58)`
    t =    50.35s Find the StaticText (Element at index 58)
    t =    50.42s Checking existence of `"Lens:" StaticText`
    t =    50.48s Find the "Lens:" StaticText
    t =    50.55s Find the "Lens:" StaticText
    t =    50.63s Checking existence of `StaticText (Element at index 59)`
    t =    50.69s Find the StaticText (Element at index 59)
    t =    50.86s Checking existence of `"85mm F1.4 DG DN | Art 020" StaticText`
    t =    50.94s Find the "85mm F1.4 DG DN | Art 020" StaticText
    t =    51.01s Find the "85mm F1.4 DG DN | Art 020" StaticText
    t =    51.08s Checking existence of `StaticText (Element at index 60)`
    t =    51.15s Find the StaticText (Element at index 60)
    t =    51.21s Checking existence of `"Gamma:" StaticText`
    t =    51.27s Find the "Gamma:" StaticText
    t =    51.34s Find the "Gamma:" StaticText
    t =    51.41s Checking existence of `StaticText (Element at index 61)`
    t =    51.48s Find the StaticText (Element at index 61)
    t =    51.64s Checking existence of `"s-log3-cine" StaticText`
    t =    51.73s Find the "s-log3-cine" StaticText
    t =    51.79s Find the "s-log3-cine" StaticText
    t =    51.87s Checking existence of `StaticText (Element at index 62)`
    t =    51.94s Find the StaticText (Element at index 62)
    t =    52.12s Checking existence of `"Color Space:" StaticText`
    t =    52.19s Find the "Color Space:" StaticText
    t =    52.26s Find the "Color Space:" StaticText
    t =    52.33s Checking existence of `StaticText (Element at index 63)`
    t =    52.39s Find the StaticText (Element at index 63)
    t =    52.46s Checking existence of `"s-gamut3-cine" StaticText`
    t =    52.52s Find the "s-gamut3-cine" StaticText
    t =    52.60s Find the "s-gamut3-cine" StaticText
    t =    52.68s Checking existence of `StaticText (Element at index 64)`
    t =    52.74s Find the StaticText (Element at index 64)
    t =    52.82s Checking existence of `"Capture FPS:" StaticText`
    t =    52.89s Find the "Capture FPS:" StaticText
    t =    52.96s Find the "Capture FPS:" StaticText
    t =    53.04s Checking existence of `StaticText (Element at index 65)`
    t =    53.10s Find the StaticText (Element at index 65)
    t =    53.18s Checking existence of `"23.98p" StaticText`
    t =    53.24s Find the "23.98p" StaticText
    t =    53.32s Find the "23.98p" StaticText
    t =    53.40s Checking existence of `StaticText (Element at index 66)`
    t =    53.47s Find the StaticText (Element at index 66)
    t =    53.55s Checking existence of `"Timecode:" StaticText`
    t =    53.61s Find the "Timecode:" StaticText
    t =    53.68s Find the "Timecode:" StaticText
    t =    53.89s Find the "Timecode:" StaticText
    t =    53.97s Checking existence of `StaticText (Element at index 67)`
    t =    54.04s Find the StaticText (Element at index 67)
    t =    54.11s Checking existence of `"23:46:57:00" StaticText`
    t =    54.18s Find the "23:46:57:00" StaticText
    t =    54.25s Find the "23:46:57:00" StaticText
    t =    54.46s Find the "23:46:57:00" StaticText
    t =    54.55s Checking existence of `StaticText (Element at index 68)`
    t =    54.62s Find the StaticText (Element at index 68)
    t =    54.70s Checking existence of `"0:04" StaticText`
    t =    54.77s Find the "0:04" StaticText
    t =    54.84s Find the "0:04" StaticText
    t =    54.91s Checking existence of `StaticText (Element at index 69)`
    t =    54.98s Find the StaticText (Element at index 69)
    t =    55.06s Checking existence of `"0:03" StaticText`
    t =    55.12s Find the "0:03" StaticText
    t =    55.19s Find the "0:03" StaticText
    t =    55.28s Checking existence of `StaticText (Element at index 70)`
    t =    55.34s Find the StaticText (Element at index 70)
    t =    55.42s Checking existence of `"0:04" StaticText`
    t =    55.48s Find the "0:04" StaticText
    t =    55.55s Find the "0:04" StaticText
    t =    55.63s Checking existence of `StaticText (Element at index 71)`
    t =    55.69s Find the StaticText (Element at index 71)
    t =    55.77s Checking existence of `"0:04" StaticText`
    t =    55.84s Find the "0:04" StaticText
    t =    56.01s Find the "0:04" StaticText
    t =    56.11s Checking existence of `StaticText (Element at index 72)`
    t =    56.18s Find the StaticText (Element at index 72)
    t =    56.25s Checking existence of `"0:03" StaticText`
    t =    56.33s Find the "0:03" StaticText
    t =    56.41s Find the "0:03" StaticText
    t =    56.49s Checking existence of `StaticText (Element at index 73)`
    t =    56.56s Find the StaticText (Element at index 73)
    t =    56.64s Checking existence of `"0:17" StaticText`
    t =    56.71s Find the "0:17" StaticText
    t =    56.79s Find the "0:17" StaticText
    t =    56.86s Checking existence of `StaticText (Element at index 74)`
    t =    56.93s Find the StaticText (Element at index 74)
    t =    57.00s Checking existence of `"0:05" StaticText`
    t =    57.08s Find the "0:05" StaticText
    t =    57.16s Find the "0:05" StaticText
    t =    57.24s Checking existence of `StaticText (Element at index 75)`
    t =    57.31s Find the StaticText (Element at index 75)
    t =    57.39s Checking existence of `"0:09" StaticText`
    t =    57.46s Find the "0:09" StaticText
    t =    57.64s Find the "0:09" StaticText
    t =    57.85s Checking existence of `StaticText (Element at index 76)`
    t =    57.94s Find the StaticText (Element at index 76)
    t =    58.02s Checking existence of `"0:03" StaticText`
    t =    58.09s Find the "0:03" StaticText
    t =    58.27s Find the "0:03" StaticText
    t =    58.37s Checking existence of `StaticText (Element at index 77)`
    t =    58.45s Find the StaticText (Element at index 77)
    t =    58.63s Checking existence of `"0:52" StaticText`
    t =    58.72s Find the "0:52" StaticText
    t =    58.81s Find the "0:52" StaticText
    t =    58.90s Checking existence of `StaticText (Element at index 78)`
    t =    58.97s Find the StaticText (Element at index 78)
    t =    59.15s Checking existence of `"0:09" StaticText`
    t =    59.24s Find the "0:09" StaticText
    t =    59.32s Find the "0:09" StaticText
    t =    59.40s Checking existence of `StaticText (Element at index 79)`
    t =    59.48s Find the StaticText (Element at index 79)
    t =    59.56s Checking existence of `"0:33" StaticText`
    t =    59.63s Find the "0:33" StaticText
    t =    59.71s Find the "0:33" StaticText
    t =    59.81s Checking existence of `StaticText (Element at index 80)`
    t =    59.89s Find the StaticText (Element at index 80)
    t =    59.97s Checking existence of `"0:33" StaticText`
    t =    60.04s Find the "0:33" StaticText
    t =    60.12s Find the "0:33" StaticText
    t =    60.47s Find the "0:33" StaticText
    t =    60.56s Checking existence of `StaticText (Element at index 81)`
    t =    60.64s Find the StaticText (Element at index 81)
    t =    60.72s Checking existence of `"0:32" StaticText`
    t =    60.80s Find the "0:32" StaticText
    t =    60.98s Find the "0:32" StaticText
    t =    61.38s Find the "0:32" StaticText
    t =    61.47s Checking existence of `StaticText (Element at index 82)`
    t =    61.55s Find the StaticText (Element at index 82)
    t =    61.74s Checking existence of `"0:15" StaticText`
    t =    61.83s Find the "0:15" StaticText
    t =    61.91s Find the "0:15" StaticText
    t =    62.22s Find the "0:15" StaticText
    t =    62.32s Checking existence of `StaticText (Element at index 83)`
    t =    62.39s Find the StaticText (Element at index 83)
    t =    62.58s Checking existence of `"0:20" StaticText`
    t =    62.67s Find the "0:20" StaticText
    t =    62.75s Find the "0:20" StaticText
    t =    63.16s Find the "0:20" StaticText
    t =    63.26s Checking existence of `StaticText (Element at index 84)`
    t =    63.34s Find the StaticText (Element at index 84)
    t =    63.42s Checking existence of `"0:39" StaticText`
    t =    63.48s Find the "0:39" StaticText
    t =    63.57s Find the "0:39" StaticText
    t =    64.05s Find the "0:39" StaticText
    t =    64.15s Checking existence of `StaticText (Element at index 85)`
    t =    64.23s Find the StaticText (Element at index 85)
    t =    64.31s Checking existence of `"0:23" StaticText`
    t =    64.38s Find the "0:23" StaticText
    t =    64.46s Find the "0:23" StaticText
    t =    64.77s Find the "0:23" StaticText
    t =    64.87s Checking existence of `StaticText (Element at index 86)`
    t =    64.95s Find the StaticText (Element at index 86)
    t =    65.02s Checking existence of `"0:16" StaticText`
    t =    65.10s Find the "0:16" StaticText
    t =    65.28s Find the "0:16" StaticText
    t =    65.70s Find the "0:16" StaticText
    t =    65.80s Checking existence of `StaticText (Element at index 87)`
    t =    65.88s Find the StaticText (Element at index 87)
    t =    65.96s Checking existence of `"0:26" StaticText`
    t =    66.04s Find the "0:26" StaticText
    t =    66.13s Find the "0:26" StaticText
    t =    66.57s Find the "0:26" StaticText
    t =    66.67s Checking existence of `StaticText (Element at index 88)`
    t =    66.75s Find the StaticText (Element at index 88)
    t =    66.83s Checking existence of `"0:25" StaticText`
    t =    66.90s Find the "0:25" StaticText
    t =    66.98s Find the "0:25" StaticText
    t =    67.60s Find the "0:25" StaticText
    t =    67.70s Checking existence of `StaticText (Element at index 89)`
    t =    67.78s Find the StaticText (Element at index 89)
    t =    67.86s Checking existence of `"0:17" StaticText`
    t =    67.93s Find the "0:17" StaticText
    t =    68.02s Find the "0:17" StaticText
    t =    68.40s Find the "0:17" StaticText
    t =    68.50s Checking existence of `StaticText (Element at index 90)`
    t =    68.58s Find the StaticText (Element at index 90)
    t =    68.77s Checking existence of `"0:19" StaticText`
    t =    68.87s Find the "0:19" StaticText
    t =    68.95s Find the "0:19" StaticText
    t =    69.30s Find the "0:19" StaticText
    t =    69.38s Checking existence of `StaticText (Element at index 91)`
    t =    69.47s Find the StaticText (Element at index 91)
    t =    69.55s Checking existence of `"0:48" StaticText`
    t =    69.64s Find the "0:48" StaticText
    t =    69.73s Find the "0:48" StaticText
    t =    70.27s Find the "0:48" StaticText
    t =    70.37s Checking existence of `StaticText (Element at index 92)`
    t =    70.46s Find the StaticText (Element at index 92)
    t =    70.55s Checking existence of `"0:30" StaticText`
    t =    70.64s Find the "0:30" StaticText
    t =    70.83s Find the "0:30" StaticText
    t =    71.23s Find the "0:30" StaticText
    t =    71.35s Checking existence of `StaticText (Element at index 93)`
    t =    71.44s Find the StaticText (Element at index 93)
    t =    71.52s Checking existence of `"0:50" StaticText`
    t =    71.61s Find the "0:50" StaticText
    t =    71.69s Find the "0:50" StaticText
    t =    72.06s Find the "0:50" StaticText
    t =    72.17s Checking existence of `StaticText (Element at index 94)`
    t =    72.25s Find the StaticText (Element at index 94)
    t =    72.35s Checking existence of `"0:04" StaticText`
    t =    72.43s Find the "0:04" StaticText
    t =    72.53s Find the "0:04" StaticText
    t =    73.20s Find the "0:04" StaticText
    t =    73.32s Checking existence of `StaticText (Element at index 95)`
    t =    73.40s Find the StaticText (Element at index 95)
    t =    73.50s Checking existence of `"0:29" StaticText`
    t =    73.58s Find the "0:29" StaticText
    t =    73.67s Find the "0:29" StaticText
    t =    74.42s Find the "0:29" StaticText
    t =    74.53s Checking existence of `StaticText (Element at index 96)`
    t =    74.62s Find the StaticText (Element at index 96)
    t =    74.70s Checking existence of `"0:28" StaticText`
    t =    74.79s Find the "0:28" StaticText
    t =    74.88s Find the "0:28" StaticText
    t =    75.31s Find the "0:28" StaticText
    t =    75.41s Checking existence of `StaticText (Element at index 97)`
    t =    75.50s Find the StaticText (Element at index 97)
    t =    75.59s Checking existence of `"0:15" StaticText`
    t =    75.67s Find the "0:15" StaticText
    t =    75.77s Find the "0:15" StaticText
    t =    76.07s Find the "0:15" StaticText
    t =    76.18s Checking existence of `StaticText (Element at index 98)`
    t =    76.26s Find the StaticText (Element at index 98)
    t =    76.35s Checking existence of `"0:21" StaticText`
    t =    76.43s Find the "0:21" StaticText
    t =    76.52s Find the "0:21" StaticText
    t =    76.79s Find the "0:21" StaticText
    t =    76.89s Checking existence of `StaticText (Element at index 99)`
    t =    76.97s Find the StaticText (Element at index 99)
    t =    77.06s Checking existence of `"0:08" StaticText`
    t =    77.15s Find the "0:08" StaticText
    t =    77.36s Find the "0:08" StaticText
    t =    78.04s Find the "0:08" StaticText
    t =    78.16s Checking existence of `StaticText (Element at index 100)`
    t =    78.25s Find the StaticText (Element at index 100)
    t =    78.34s Checking existence of `"0:05" StaticText`
    t =    78.43s Find the "0:05" StaticText
    t =    78.52s Find the "0:05" StaticText
    t =    79.17s Find the "0:05" StaticText
    t =    79.29s Checking existence of `StaticText (Element at index 101)`
    t =    79.39s Find the StaticText (Element at index 101)
    t =    79.48s Checking existence of `"0:16" StaticText`
    t =    79.58s Find the "0:16" StaticText
    t =    79.67s Find the "0:16" StaticText
    t =    80.09s Find the "0:16" StaticText
    t =    80.21s Checking existence of `StaticText (Element at index 102)`
    t =    80.30s Find the StaticText (Element at index 102)
    t =    80.39s Checking existence of `"0:12" StaticText`
    t =    80.48s Find the "0:12" StaticText
    t =    80.56s Find the "0:12" StaticText
    t =    80.92s Find the "0:12" StaticText
    t =    81.02s Checking existence of `StaticText (Element at index 103)`
    t =    81.12s Find the StaticText (Element at index 103)
    t =    81.20s Checking existence of `"0:12" StaticText`
    t =    81.29s Find the "0:12" StaticText
    t =    81.39s Find the "0:12" StaticText
    t =    81.80s Find the "0:12" StaticText
    t =    81.92s Checking existence of `StaticText (Element at index 104)`
    t =    82.02s Find the StaticText (Element at index 104)
    t =    82.11s Checking existence of `"0:15" StaticText`
    t =    82.19s Find the "0:15" StaticText
    t =    82.29s Find the "0:15" StaticText
    t =    82.72s Find the "0:15" StaticText
    t =    82.85s Checking existence of `StaticText (Element at index 105)`
    t =    82.94s Find the StaticText (Element at index 105)
    t =    83.04s Checking existence of `"0:15" StaticText`
    t =    83.13s Find the "0:15" StaticText
    t =    83.22s Find the "0:15" StaticText
    t =    83.62s Find the "0:15" StaticText
    t =    83.74s Checking existence of `StaticText (Element at index 106)`
    t =    83.83s Find the StaticText (Element at index 106)
    t =    83.92s Checking existence of `"0:08" StaticText`
    t =    84.01s Find the "0:08" StaticText
    t =    84.11s Find the "0:08" StaticText
    t =    84.77s Find the "0:08" StaticText
    t =    84.87s Checking existence of `StaticText (Element at index 107)`
    t =    84.96s Find the StaticText (Element at index 107)
    t =    85.06s Checking existence of `"0:12" StaticText`
    t =    85.15s Find the "0:12" StaticText
    t =    85.24s Find the "0:12" StaticText
    t =    85.59s Find the "0:12" StaticText
    t =    85.70s Checking existence of `StaticText (Element at index 108)`
    t =    85.79s Find the StaticText (Element at index 108)
    t =    85.88s Checking existence of `"0:03" StaticText`
    t =    85.98s Find the "0:03" StaticText
    t =    86.07s Find the "0:03" StaticText
    t =    86.62s Find the "0:03" StaticText
    t =    86.73s Checking existence of `StaticText (Element at index 109)`
    t =    86.84s Find the StaticText (Element at index 109)
    t =    86.94s Checking existence of `"0:01" StaticText`
    t =    87.03s Find the "0:01" StaticText
    t =    87.14s Find the "0:01" StaticText
    t =    87.60s Find the "0:01" StaticText
    t =    87.72s Checking existence of `StaticText (Element at index 110)`
    t =    87.81s Find the StaticText (Element at index 110)
    t =    87.90s Checking existence of `"0:53" StaticText`
    t =    87.99s Find the "0:53" StaticText
    t =    88.08s Find the "0:53" StaticText
    t =    88.37s Find the "0:53" StaticText
    t =    88.49s Get all elements bound by index for: Descendants matching type Button
    t =    88.54s Checking existence of `Button (Element at index 0)`
    t =    88.58s Find the Button (Element at index 0)
    t =    88.73s Checking existence of `"_XCUI:CloseWindow" Button`
    t =    88.77s Find the "_XCUI:CloseWindow" Button
    t =    88.82s Find the "_XCUI:CloseWindow" Button
    t =    89.08s Find the "_XCUI:CloseWindow" Button
    t =    89.26s Checking existence of `Button (Element at index 1)`
    t =    89.33s Find the Button (Element at index 1)
    t =    89.37s Checking existence of `"_XCUI:FullScreenWindow" Button`
    t =    89.41s Find the "_XCUI:FullScreenWindow" Button
    t =    89.46s Find the "_XCUI:FullScreenWindow" Button
    t =    89.50s Find the "_XCUI:FullScreenWindow" Button
    t =    89.55s Checking existence of `Button (Element at index 2)`
    t =    89.60s Find the Button (Element at index 2)
    t =    89.64s Checking existence of `"_XCUI:MinimizeWindow" Button`
    t =    89.68s Find the "_XCUI:MinimizeWindow" Button
    t =    89.72s Find the "_XCUI:MinimizeWindow" Button
    t =    89.77s Find the "_XCUI:MinimizeWindow" Button
    t =    89.82s Checking existence of `Button (Element at index 3)`
    t =    89.86s Find the Button (Element at index 3)
    t =    89.90s Checking existence of `"Select" Button`
    t =    89.94s Find the "Select" Button
    t =    89.98s Find the "Select" Button
    t =    90.03s Find the "Select" Button
    t =    90.19s Checking existence of `Button (Element at index 4)`
    t =    90.23s Find the Button (Element at index 4)
    t =    90.29s Checking existence of `"xmark.circle.fill" Button`
    t =    90.34s Find the "xmark.circle.fill" Button
    t =    90.39s Find the "xmark.circle.fill" Button
    t =    90.45s Find the "xmark.circle.fill" Button
    t =    90.50s Checking existence of `Button (Element at index 5)`
    t =    90.54s Find the Button (Element at index 5)
    t =    90.58s Checking existence of `"Select" Button`
    t =    90.63s Find the "Select" Button
    t =    90.68s Find the "Select" Button
    t =    90.74s Find the "Select" Button
    t =    90.79s Checking existence of `Button (Element at index 6)`
    t =    90.83s Find the Button (Element at index 6)
    t =    90.88s Checking existence of `"Preferences" Button`
    t =    90.93s Find the "Preferences" Button
    t =    90.98s Find the "Preferences" Button
    t =    91.03s Find the "Preferences" Button
    t =    91.08s Checking existence of `Button (Element at index 7)`
    t =    91.12s Find the Button (Element at index 7)
    t =    91.27s Checking existence of `"Close Current Folder/Project" Button`
    t =    91.33s Find the "Close Current Folder/Project" Button
    t =    91.49s Find the "Close Current Folder/Project" Button
    t =    91.67s Find the "Close Current Folder/Project" Button
    t =    91.75s Checking existence of `Button (Element at index 8)`
    t =    91.80s Find the Button (Element at index 8)
    t =    91.95s Checking existence of `"Process and Import Videos" Button`
    t =    92.02s Find the "Process and Import Videos" Button
    t =    92.08s Find the "Process and Import Videos" Button
    t =    92.13s Find the "Process and Import Videos" Button
    t =    92.19s Checking existence of `Button (Element at index 9)`
    t =    92.24s Find the Button (Element at index 9)
    t =    92.30s Checking existence of `"galleryModeButton" Button`
    t =    92.34s Find the "galleryModeButton" Button
    t =    92.39s Find the "galleryModeButton" Button
    t =    92.44s Find the "galleryModeButton" Button
    t =    92.49s Checking existence of `Button (Element at index 10)`
    t =    92.54s Find the Button (Element at index 10)
    t =    92.59s Checking existence of `"playPauseButton" Button`
    t =    92.63s Find the "playPauseButton" Button
    t =    92.79s Find the "playPauseButton" Button
    t =    92.86s Find the "playPauseButton" Button
    t =    92.92s Checking existence of `Button (Element at index 11)`
    t =    92.97s Find the Button (Element at index 11)
    t =    93.02s Checking existence of `Button`
    t =    93.06s Find the Button
    t =    93.11s Find the Button at {{2548.0, 1105.0}, {12.0, 95.0}}
    t =    95.03s Find the Button at {{2548.0, 1105.0}, {12.0, 95.0}}
    t =    95.10s Find the Button
/Users/romanwilson/projects/videocull/VideoCullingApp/UILayoutTests.swift:77: error: -[VideoCullingAppUITests.UILayoutTests testMainContentViewLayout] : XCTAssertTrue failed - Main Content View - Button[11] should be clickable
    t =    97.36s Tear Down
    t =    97.36s     Terminate com.yourcompany.VideoCullingApp:67919
Test Case '-[VideoCullingAppUITests.UILayoutTests testMainContentViewLayout]' failed (98.784 seconds).
Test Case '-[VideoCullingAppUITests.UILayoutTests testMetadataDisplayLayout]' started.
    t =     0.00s Start Test at 2025-11-17 14:12:21.540
    t =     0.14s Set Up
    t =     0.14s     Open com.yourcompany.VideoCullingApp
    t =     0.14s         Launch com.yourcompany.VideoCullingApp
    t =     0.67s             Wait for accessibility to load
    t =     0.98s             Setting up automation session
    t =     1.00s             Wait for com.yourcompany.VideoCullingApp to idle
Testing Metadata Display layout...
    t =     6.01s Get number of matches for: Elements matching predicate 'label CONTAINS[c] "Camera" OR label CONTAINS[c] "Lens" OR label CONTAINS[c] "ISO" OR label CONTAINS[c] "Gamma"'
    t =     6.87s Tear Down
    t =     6.87s     Terminate com.yourcompany.VideoCullingApp:69302
Test Case '-[VideoCullingAppUITests.UILayoutTests testMetadataDisplayLayout]' passed (8.179 seconds).
Test Case '-[VideoCullingAppUITests.UILayoutTests testPlayerViewLayout]' started.
    t =     0.00s Start Test at 2025-11-17 14:12:29.719
    t =     0.18s Set Up
    t =     0.18s     Open com.yourcompany.VideoCullingApp
    t =     0.18s         Launch com.yourcompany.VideoCullingApp
    t =     0.48s             Wait for accessibility to load
    t =     0.68s             Setting up automation session
    t =     0.69s             Wait for com.yourcompany.VideoCullingApp to idle
Testing Player View layout...
    t =     5.70s Get number of matches for: Elements matching predicate 'label CONTAINS[c] "play" OR identifier == "playPauseButton"'
    t =     6.67s Checking existence of `Button (First Match)`
    t =     7.54s Find the Button (First Match)
    t =     9.43s Find the "playPauseButton" Button
    t =    14.00s Get number of matches for: Descendants matching type Slider
    t =    14.97s Checking existence of `Slider (Element at index 0)`
    t =    15.93s Checking existence of `Slider (Element at index 0)`
    t =    16.90s Find the Slider (Element at index 0)
    t =    19.95s Find the Slider at {{643.0, 1112.0}, {1439.0, 22.0}}
    t =    23.32s Tear Down
    t =    23.32s     Terminate com.yourcompany.VideoCullingApp:69425
Test Case '-[VideoCullingAppUITests.UILayoutTests testPlayerViewLayout]' passed (24.609 seconds).
Test Case '-[VideoCullingAppUITests.UILayoutTests testPreferencesViewLayout]' started.
    t =     0.00s Start Test at 2025-11-17 14:12:54.329
    t =     0.18s Set Up
    t =     0.18s     Open com.yourcompany.VideoCullingApp
    t =     0.18s         Launch com.yourcompany.VideoCullingApp
    t =     0.47s             Wait for accessibility to load
    t =     0.69s             Setting up automation session
    t =     0.70s             Wait for com.yourcompany.VideoCullingApp to idle
Testing Preferences View layout...
    t =     5.71s Type ',' key with modifiers '⌘' (0x10)
    t =     5.71s     Wait for com.yourcompany.VideoCullingApp to idle
    t =     6.02s     Find the Target Application 'com.yourcompany.VideoCullingApp'
    t =     7.56s     Check for interrupting elements affecting "Nudge Video Cull" Application
    t =     7.56s     Synthesize event
    t =     9.88s     Wait for com.yourcompany.VideoCullingApp to idle
    t =    11.67s Checking existence of `Window (First Match)`
    t =    11.79s Tear Down
    t =    11.79s     Terminate com.yourcompany.VideoCullingApp:69732
Test Case '-[VideoCullingAppUITests.UILayoutTests testPreferencesViewLayout]' passed (13.084 seconds).
Test Case '-[VideoCullingAppUITests.UILayoutTests testProgressViewsLayout]' started.
    t =     0.00s Start Test at 2025-11-17 14:13:07.413
    t =     0.20s Set Up
    t =     0.20s     Open com.yourcompany.VideoCullingApp
    t =     0.21s         Launch com.yourcompany.VideoCullingApp
    t =     0.50s             Wait for accessibility to load
    t =     0.74s             Setting up automation session
    t =     0.75s             Wait for com.yourcompany.VideoCullingApp to idle
Testing Progress Views layout...
    t =     5.76s Get number of matches for: Descendants matching type ProgressIndicator
    t =     6.65s Checking existence of `ProgressIndicator (Element at index 0)`
    t =     7.59s Checking existence of `ProgressIndicator (Element at index 0)`
    t =     8.53s Find the ProgressIndicator (Element at index 0)
    t =    12.21s Find the ProgressIndicator at {{1259.0, 600.5}, {552.0, 18.0}}
    t =    17.82s Tear Down
    t =    17.82s     Terminate com.yourcompany.VideoCullingApp:69951
Test Case '-[VideoCullingAppUITests.UILayoutTests testProgressViewsLayout]' passed (19.135 seconds).
Test Case '-[VideoCullingAppUITests.UILayoutTests testStarRatingLayout]' started.
    t =     0.00s Start Test at 2025-11-17 14:13:26.549
    t =     0.20s Set Up
    t =     0.20s     Open com.yourcompany.VideoCullingApp
    t =     0.21s         Launch com.yourcompany.VideoCullingApp
    t =     0.54s             Wait for accessibility to load
    t =     0.77s             Setting up automation session
    t =     0.78s             Wait for com.yourcompany.VideoCullingApp to idle
Testing Star Rating layout...
    t =     5.80s Get number of matches for: Elements matching predicate 'label CONTAINS[c] "star" OR identifier CONTAINS "star"'
    t =     6.26s Tear Down
    t =     6.26s     Terminate com.yourcompany.VideoCullingApp:70173
Test Case '-[VideoCullingAppUITests.UILayoutTests testStarRatingLayout]' passed (7.599 seconds).
Test Case '-[VideoCullingAppUITests.UILayoutTests testTextFieldsLayout]' started.
    t =     0.00s Start Test at 2025-11-17 14:13:34.149
    t =     0.21s Set Up
    t =     0.21s     Open com.yourcompany.VideoCullingApp
    t =     0.21s         Launch com.yourcompany.VideoCullingApp
    t =     0.54s             Wait for accessibility to load
    t =     0.76s             Setting up automation session
    t =     0.77s             Wait for com.yourcompany.VideoCullingApp to idle
Testing Text Fields layout...
    t =     5.77s Get number of matches for: Descendants matching type TextField
    t =     6.25s Checking existence of `TextField (Element at index 0)`
    t =     6.60s Checking existence of `TextField (Element at index 0)`
    t =     7.39s Find the TextField (Element at index 0)
    t =     9.58s Find the "20251116_a18610" TextField
    t =    13.13s Find the "20251116_a18610" TextField
    t =    13.47s Checking existence of `TextField (Element at index 1)`
    t =    13.66s Checking existence of `TextField (Element at index 1)`
    t =    13.87s Find the TextField (Element at index 1)
    t =    14.69s Find the TextField at {{2284.0, 586.0}, {249.0, 24.0}}
    t =    16.18s Find the TextField at {{2284.0, 586.0}, {249.0, 24.0}}
    t =    16.52s Tear Down
    t =    16.52s     Terminate com.yourcompany.VideoCullingApp:70235
Test Case '-[VideoCullingAppUITests.UILayoutTests testTextFieldsLayout]' passed (17.817 seconds).
Test Case '-[VideoCullingAppUITests.UILayoutTests testVideoRowLayout]' started.
    t =     0.00s Start Test at 2025-11-17 14:13:51.967
    t =     0.21s Set Up
    t =     0.21s     Open com.yourcompany.VideoCullingApp
    t =     0.21s         Launch com.yourcompany.VideoCullingApp
    t =     0.50s             Wait for accessibility to load
    t =     0.72s             Setting up automation session
    t =     0.73s             Wait for com.yourcompany.VideoCullingApp to idle
Testing Video Row layout...
    t =     5.74s Get number of matches for: Descendants matching type ScrollView
    t =     6.12s Get all elements bound by index for: Descendants matching type StaticText
    t =     6.47s Checking existence of `StaticText (Element at index 0)`
    t =     7.18s Find the StaticText (Element at index 0)
    t =     8.60s Checking existence of `"Trim" StaticText`
    t =     8.63s Find the "Trim" StaticText
    t =    10.83s Find the "Trim" StaticText
    t =    13.10s Checking existence of `StaticText (Element at index 1)`
    t =    13.21s Find the StaticText (Element at index 1)
    t =    13.74s Checking existence of `"0:00" StaticText`
    t =    13.87s Find the "0:00" StaticText
    t =    14.55s Find the "0:00" StaticText
    t =    15.53s Checking existence of `StaticText (Element at index 2)`
    t =    15.69s Find the StaticText (Element at index 2)
    t =    16.19s Checking existence of `"0:04" StaticText`
    t =    16.35s Find the "0:04" StaticText
    t =    16.96s Find the "0:48" StaticText
    t =    17.99s Checking existence of `StaticText (Element at index 3)`
    t =    18.13s Find the StaticText (Element at index 3)
    t =    18.64s Checking existence of `"Re-Naming" StaticText`
    t =    18.76s Find the "Re-Naming" StaticText
    t =    19.43s Find the "Re-Naming" StaticText
    t =    20.40s Checking existence of `StaticText (Element at index 4)`
    t =    20.57s Find the StaticText (Element at index 4)
    t =    21.09s Checking existence of `"Color" StaticText`
    t =    21.27s Find the "Color" StaticText
    t =    22.12s Find the "Color" StaticText
    t =    25.48s Checking existence of `StaticText (Element at index 5)`
    t =    25.80s Find the StaticText (Element at index 5)
    t =    27.70s Checking existence of `"Rating" StaticText`
    t =    28.00s Find the "Rating" StaticText
    t =    30.21s Find the "Rating" StaticText
    t =    32.33s Checking existence of `StaticText (Element at index 6)`
    t =    32.37s Find the StaticText (Element at index 6)
    t =    32.42s Checking existence of `"Keywords" StaticText`
    t =    32.44s Find the "Keywords" StaticText
    t =    32.49s Find the "Keywords" StaticText
    t =    32.56s Checking existence of `StaticText (Element at index 7)`
    t =    32.59s Find the StaticText (Element at index 7)
    t =    32.63s Checking existence of `"File Metadata" StaticText`
    t =    32.65s Find the "File Metadata" StaticText
    t =    32.67s Find the "File Metadata" StaticText
    t =    32.69s Checking existence of `StaticText (Element at index 8)`
    t =    32.71s Find the StaticText (Element at index 8)
    t =    32.84s Checking existence of `"20251116_a18659.MP4" StaticText`
    t =    32.86s Find the "20251116_a18659.MP4" StaticText
    t =    32.89s Find the "20251116_a18659.MP4" StaticText
    t =    32.92s Checking existence of `StaticText (Element at index 9)`
    t =    32.94s Find the StaticText (Element at index 9)
    t =    32.96s Checking existence of `"/Volumes/X10 Pro/CLIP/20251116_a18659.MP4" StaticText`
    t =    32.98s Find the "/Volumes/X10 Pro/CLIP/20251116_a18659.MP4" StaticText
    t =    33.00s Find the "/Volumes/X10 Pro/CLIP/20251116_a18659.MP4" StaticText
    t =    33.03s Checking existence of `StaticText (Element at index 10)`
    t =    33.05s Find the StaticText (Element at index 10)
    t =    33.06s Checking existence of `"Duration:" StaticText`
    t =    33.08s Find the "Duration:" StaticText
    t =    33.10s Find the "Duration:" StaticText
    t =    33.12s Checking existence of `StaticText (Element at index 11)`
    t =    33.14s Find the StaticText (Element at index 11)
    t =    33.26s Checking existence of `"00:00:04" StaticText`
    t =    33.29s Find the "00:00:04" StaticText
    t =    33.32s Find the "00:00:04" StaticText
    t =    33.35s Checking existence of `StaticText (Element at index 12)`
    t =    33.37s Find the StaticText (Element at index 12)
    t =    33.39s Checking existence of `"Size:" StaticText`
    t =    33.41s Find the "Size:" StaticText
    t =    33.43s Find the "Size:" StaticText
    t =    33.46s Checking existence of `StaticText (Element at index 13)`
    t =    33.47s Find the StaticText (Element at index 13)
    t =    33.49s Checking existence of `"336.1 MB" StaticText`
    t =    33.50s Find the "336.1 MB" StaticText
    t =    33.63s Find the "336.1 MB" StaticText
    t =    33.77s Checking existence of `StaticText (Element at index 14)`
    t =    33.80s Find the StaticText (Element at index 14)
    t =    33.83s Checking existence of `"Bitrate:" StaticText`
    t =    33.85s Find the "Bitrate:" StaticText
    t =    34.19s Find the "Bitrate:" StaticText
    t =    34.22s Checking existence of `StaticText (Element at index 15)`
    t =    34.24s Find the StaticText (Element at index 15)
    t =    34.26s Checking existence of `"62.8 MB/s" StaticText`
    t =    34.28s Find the "62.8 MB/s" StaticText
    t =    34.30s Find the "62.8 MB/s" StaticText
    t =    34.32s Checking existence of `StaticText (Element at index 16)`
    t =    34.34s Find the StaticText (Element at index 16)
    t =    34.36s Checking existence of `"Framerate:" StaticText`
    t =    34.38s Find the "Framerate:" StaticText
    t =    34.40s Find the "Framerate:" StaticText
    t =    34.42s Checking existence of `StaticText (Element at index 17)`
    t =    34.44s Find the StaticText (Element at index 17)
    t =    34.45s Checking existence of `"23.98 FPS" StaticText`
    t =    34.47s Find the "23.98 FPS" StaticText
    t =    34.49s Find the "23.98 FPS" StaticText
    t =    34.51s Checking existence of `StaticText (Element at index 18)`
    t =    34.53s Find the StaticText (Element at index 18)
    t =    34.55s Checking existence of `"Resolution:" StaticText`
    t =    34.57s Find the "Resolution:" StaticText
    t =    34.69s Find the "Resolution:" StaticText
    t =    34.74s Checking existence of `StaticText (Element at index 19)`
    t =    34.76s Find the StaticText (Element at index 19)
    t =    34.79s Checking existence of `"7680x4320 (8K)" StaticText`
    t =    34.81s Find the "7680x4320 (8K)" StaticText
    t =    34.83s Find the "7680x4320 (8K)" StaticText
    t =    34.86s Checking existence of `StaticText (Element at index 20)`
    t =    34.87s Find the StaticText (Element at index 20)
    t =    34.90s Checking existence of `"Video Codec:" StaticText`
    t =    34.92s Find the "Video Codec:" StaticText
    t =    34.94s Find the "Video Codec:" StaticText
    t =    34.97s Checking existence of `StaticText (Element at index 21)`
    t =    34.99s Find the StaticText (Element at index 21)
    t =    35.01s Checking existence of `"H.265/HEVC" StaticText`
    t =    35.03s Find the "H.265/HEVC" StaticText
    t =    35.05s Find the "H.265/HEVC" StaticText
    t =    35.07s Checking existence of `StaticText (Element at index 22)`
    t =    35.09s Find the StaticText (Element at index 22)
    t =    35.11s Checking existence of `"Bit Depth:" StaticText`
    t =    35.13s Find the "Bit Depth:" StaticText
    t =    35.15s Find the "Bit Depth:" StaticText
    t =    35.18s Checking existence of `StaticText (Element at index 23)`
    t =    35.20s Find the StaticText (Element at index 23)
    t =    35.22s Checking existence of `"10-bit" StaticText`
    t =    35.24s Find the "10-bit" StaticText
    t =    35.26s Find the "10-bit" StaticText
    t =    35.29s Checking existence of `StaticText (Element at index 24)`
    t =    35.31s Find the StaticText (Element at index 24)
    t =    35.33s Checking existence of `"Audio Codec:" StaticText`
    t =    35.35s Find the "Audio Codec:" StaticText
    t =    35.47s Find the "Audio Codec:" StaticText
    t =    35.52s Checking existence of `StaticText (Element at index 25)`
    t =    35.54s Find the StaticText (Element at index 25)
    t =    35.68s Checking existence of `"PCM" StaticText`
    t =    35.71s Find the "PCM" StaticText
    t =    35.74s Find the "PCM" StaticText
    t =    35.78s Checking existence of `StaticText (Element at index 26)`
    t =    35.80s Find the StaticText (Element at index 26)
    t =    35.83s Checking existence of `"Channels:" StaticText`
    t =    35.85s Find the "Channels:" StaticText
    t =    35.87s Find the "Channels:" StaticText
    t =    36.01s Checking existence of `StaticText (Element at index 27)`
    t =    36.03s Find the StaticText (Element at index 27)
    t =    36.06s Checking existence of `"Stereo" StaticText`
    t =    36.09s Find the "Stereo" StaticText
    t =    36.22s Find the "Stereo" StaticText
    t =    36.26s Checking existence of `StaticText (Element at index 28)`
    t =    36.28s Find the StaticText (Element at index 28)
    t =    36.41s Checking existence of `"Sample Rate:" StaticText`
    t =    36.44s Find the "Sample Rate:" StaticText
    t =    36.48s Find the "Sample Rate:" StaticText
    t =    36.52s Checking existence of `StaticText (Element at index 29)`
    t =    36.54s Find the StaticText (Element at index 29)
    t =    36.56s Checking existence of `"48.0 kHz" StaticText`
    t =    36.58s Find the "48.0 kHz" StaticText
    t =    36.61s Find the "48.0 kHz" StaticText
    t =    36.64s Checking existence of `StaticText (Element at index 30)`
    t =    36.66s Find the StaticText (Element at index 30)
    t =    36.69s Checking existence of `"Created:" StaticText`
    t =    36.70s Find the "Created:" StaticText
    t =    36.84s Find the "Created:" StaticText
    t =    36.87s Checking existence of `StaticText (Element at index 31)`
    t =    36.90s Find the StaticText (Element at index 31)
    t =    37.04s Checking existence of `"11/16/25, 4:36 PM" StaticText`
    t =    37.07s Find the "11/16/25, 4:36 PM" StaticText
    t =    37.10s Find the "11/16/25, 4:36 PM" StaticText
    t =    37.14s Checking existence of `StaticText (Element at index 32)`
    t =    37.16s Find the StaticText (Element at index 32)
    t =    37.19s Checking existence of `"Edited:" StaticText`
    t =    37.22s Find the "Edited:" StaticText
    t =    37.24s Find the "Edited:" StaticText
    t =    37.27s Checking existence of `StaticText (Element at index 33)`
    t =    37.29s Find the StaticText (Element at index 33)
    t =    37.41s Checking existence of `"11/16/25, 4:36 PM" StaticText`
    t =    37.44s Find the "11/16/25, 4:36 PM" StaticText
    t =    37.48s Find the "11/16/25, 4:36 PM" StaticText
    t =    37.51s Checking existence of `StaticText (Element at index 34)`
    t =    37.53s Find the StaticText (Element at index 34)
    t =    37.56s Checking existence of `"Camera Metadata" StaticText`
    t =    37.58s Find the "Camera Metadata" StaticText
    t =    37.61s Find the "Camera Metadata" StaticText
    t =    37.64s Checking existence of `StaticText (Element at index 35)`
    t =    37.66s Find the StaticText (Element at index 35)
    t =    37.68s Checking existence of `"XML Sidecar Available" StaticText`
    t =    37.70s Find the "XML Sidecar Available" StaticText
    t =    37.73s Find the "XML Sidecar Available" StaticText
    t =    37.76s Checking existence of `StaticText (Element at index 36)`
    t =    37.78s Find the StaticText (Element at index 36)
    t =    37.80s Checking existence of `"Camera:" StaticText`
    t =    37.82s Find the "Camera:" StaticText
    t =    37.85s Find the "Camera:" StaticText
    t =    37.88s Checking existence of `StaticText (Element at index 37)`
    t =    37.90s Find the StaticText (Element at index 37)
    t =    37.93s Checking existence of `"Sony ILCE-1M2" StaticText`
    t =    37.95s Find the "Sony ILCE-1M2" StaticText
    t =    37.98s Find the "Sony ILCE-1M2" StaticText
    t =    38.02s Checking existence of `StaticText (Element at index 38)`
    t =    38.04s Find the StaticText (Element at index 38)
    t =    38.06s Checking existence of `"Lens:" StaticText`
    t =    38.08s Find the "Lens:" StaticText
    t =    38.11s Find the "Lens:" StaticText
    t =    38.25s Checking existence of `StaticText (Element at index 39)`
    t =    38.28s Find the StaticText (Element at index 39)
    t =    38.42s Checking existence of `"85mm F1.4 DG DN | Art 020" StaticText`
    t =    38.46s Find the "85mm F1.4 DG DN | Art 020" StaticText
    t =    38.50s Find the "85mm F1.4 DG DN | Art 020" StaticText
    t =    38.54s Checking existence of `StaticText (Element at index 40)`
    t =    38.56s Find the StaticText (Element at index 40)
    t =    38.59s Checking existence of `"Gamma:" StaticText`
    t =    38.61s Find the "Gamma:" StaticText
    t =    38.64s Find the "Gamma:" StaticText
    t =    38.67s Checking existence of `StaticText (Element at index 41)`
    t =    38.69s Find the StaticText (Element at index 41)
    t =    38.83s Checking existence of `"s-log3-cine" StaticText`
    t =    38.86s Find the "s-log3-cine" StaticText
    t =    39.00s Find the "s-log3-cine" StaticText
    t =    39.05s Checking existence of `StaticText (Element at index 42)`
    t =    39.08s Find the StaticText (Element at index 42)
    t =    39.11s Checking existence of `"Color Space:" StaticText`
    t =    39.14s Find the "Color Space:" StaticText
    t =    39.27s Find the "Color Space:" StaticText
    t =    39.32s Checking existence of `StaticText (Element at index 43)`
    t =    39.35s Find the StaticText (Element at index 43)
    t =    39.38s Checking existence of `"s-gamut3-cine" StaticText`
    t =    39.41s Find the "s-gamut3-cine" StaticText
    t =    39.44s Find the "s-gamut3-cine" StaticText
    t =    39.47s Checking existence of `StaticText (Element at index 44)`
    t =    39.49s Find the StaticText (Element at index 44)
    t =    39.52s Checking existence of `"Capture FPS:" StaticText`
    t =    39.55s Find the "Capture FPS:" StaticText
    t =    39.57s Find the "Capture FPS:" StaticText
    t =    39.61s Checking existence of `StaticText (Element at index 45)`
    t =    39.63s Find the StaticText (Element at index 45)
    t =    39.66s Checking existence of `"23.98p" StaticText`
    t =    39.68s Find the "23.98p" StaticText
    t =    39.71s Find the "23.98p" StaticText
    t =    39.87s Checking existence of `StaticText (Element at index 46)`
    t =    39.90s Find the StaticText (Element at index 46)
    t =    39.94s Checking existence of `"Timecode:" StaticText`
    t =    39.96s Find the "Timecode:" StaticText
    t =    39.99s Find the "Timecode:" StaticText
    t =    40.06s Find the "Timecode:" StaticText
    t =    40.09s Checking existence of `StaticText (Element at index 47)`
    t =    40.11s Find the StaticText (Element at index 47)
    t =    40.14s Checking existence of `"23:46:57:00" StaticText`
    t =    40.17s Find the "23:46:57:00" StaticText
    t =    40.30s Find the "23:46:57:00" StaticText
    t =    40.39s Find the "23:46:57:00" StaticText
    t =    40.42s Get all elements bound by index for: Descendants matching type Button
    t =    40.43s Checking existence of `Button (Element at index 0)`
    t =    40.45s Find the Button (Element at index 0)
    t =    40.57s Checking existence of `Button`
    t =    40.59s Find the Button
    t =    40.62s Find the Button at {{2548.0, 1105.0}, {12.0, 95.0}}
    t =    42.75s Find the Button at {{2548.0, 1105.0}, {12.0, 95.0}}
    t =    42.88s Find the Button
/Users/romanwilson/projects/videocull/VideoCullingApp/UILayoutTests.swift:77: error: -[VideoCullingAppUITests.UILayoutTests testVideoRowLayout] : XCTAssertTrue failed - Video Rows - Button[0] should be clickable
    t =    45.11s Tear Down
    t =    45.11s     Terminate com.yourcompany.VideoCullingApp:70577
Test Case '-[VideoCullingAppUITests.UILayoutTests testVideoRowLayout]' failed (46.447 seconds).
Test Case '-[VideoCullingAppUITests.UILayoutTests testWelcomeScreenLayout]' started.
    t =     0.00s Start Test at 2025-11-17 14:14:38.414
    t =     0.14s Set Up
    t =     0.14s     Open com.yourcompany.VideoCullingApp
    t =     0.14s         Launch com.yourcompany.VideoCullingApp
    t =     0.43s             Wait for accessibility to load
    t =     0.65s             Setting up automation session
    t =     0.66s             Wait for com.yourcompany.VideoCullingApp to idle
    t =     5.68s Checking existence of `StaticText (First Match)`
    t =     6.01s Tear Down
    t =     6.01s     Terminate com.yourcompany.VideoCullingApp:71044
Test Case '-[VideoCullingAppUITests.UILayoutTests testWelcomeScreenLayout]' passed (7.320 seconds).
Test Suite 'UILayoutTests' failed at 2025-11-17 14:14:45.735.
	 Executed 11 tests, with 3 failures (0 unexpected) in 519.896 (519.903) seconds
Test Suite 'VideoCullingAppUITests.xctest' failed at 2025-11-17 14:14:45.736.
	 Executed 11 tests, with 3 failures (0 unexpected) in 519.896 (519.904) seconds
Test Suite 'Selected tests' failed at 2025-11-17 14:14:45.737.
	 Executed 11 tests, with 3 failures (0 unexpected) in 519.896 (519.905) seconds
2025-11-17 14:14:59.174 xcodebuild[66050:4986480] [MT] IDETestOperationsObserverDebug: 534.366 elapsed -- Testing started completed.
2025-11-17 14:14:59.174 xcodebuild[66050:4986480] [MT] IDETestOperationsObserverDebug: 0.000 sec, +0.000 sec -- start
2025-11-17 14:14:59.174 xcodebuild[66050:4986480] [MT] IDETestOperationsObserverDebug: 534.366 sec, +534.366 sec -- end

Test session results, code coverage, and logs:
	/Users/romanwilson/Library/Developer/Xcode/DerivedData/VideoCullingApp-gorssjuaelhchegcjoftthvccbjj/Logs/Test/Test-VideoCullingApp-2025.11.17_14-06-01--0500.xcresult

** TEST FAILED **

Testing started
Test suite 'Selected tests' started on 'My Mac - VideoCullingAppUITests-Runner (66072)'
Test suite 'VideoCullingAppUITests.xctest' started on 'My Mac - VideoCullingAppUITests-Runner (66072)'
Test suite 'UILayoutTests' started on 'My Mac - VideoCullingAppUITests-Runner (66072)'
Test case 'UILayoutTests.testComprehensiveLayoutCheck()' passed on 'My Mac - VideoCullingAppUITests-Runner (66072)' (25.040 seconds)
Test case 'UILayoutTests.testGalleryModeLayout()' failed on 'My Mac - VideoCullingAppUITests-Runner (66072)' (251.882 seconds)
Test case 'UILayoutTests.testMainContentViewLayout()' failed on 'My Mac - VideoCullingAppUITests-Runner (66072)' (98.784 seconds)
Test case 'UILayoutTests.testMetadataDisplayLayout()' passed on 'My Mac - VideoCullingAppUITests-Runner (66072)' (8.179 seconds)
Test case 'UILayoutTests.testPlayerViewLayout()' passed on 'My Mac - VideoCullingAppUITests-Runner (66072)' (24.609 seconds)
Test case 'UILayoutTests.testPreferencesViewLayout()' passed on 'My Mac - VideoCullingAppUITests-Runner (66072)' (13.084 seconds)
Test case 'UILayoutTests.testProgressViewsLayout()' passed on 'My Mac - VideoCullingAppUITests-Runner (66072)' (19.135 seconds)
Test case 'UILayoutTests.testStarRatingLayout()' passed on 'My Mac - VideoCullingAppUITests-Runner (66072)' (7.599 seconds)
Test case 'UILayoutTests.testTextFieldsLayout()' passed on 'My Mac - VideoCullingAppUITests-Runner (66072)' (17.817 seconds)
Test case 'UILayoutTests.testVideoRowLayout()' failed on 'My Mac - VideoCullingAppUITests-Runner (66072)' (46.447 seconds)
Test case 'UILayoutTests.testWelcomeScreenLayout()' passed on 'My Mac - VideoCullingAppUITests-Runner (66072)' (7.320 seconds)
